2025-10-30 04:16:08 [INFO]: Redis connected successfully
2025-10-30 04:16:08 [INFO]: PostgreSQL connected successfully
2025-10-30 04:16:08 [INFO]: Redis connected successfully
2025-10-30 04:16:08 [INFO]: Server running on port 4000 in production mode
2025-10-30 04:16:08 [INFO]: API available at: http://localhost:4000/api
2025-10-30 04:16:11 [INFO]: ::1 - - [30/Oct/2025:04:16:11 +0000] "GET /health HTTP/1.1" 200 120 "-" "-"
2025-10-30 04:16:41 [INFO]: ::1 - - [30/Oct/2025:04:16:41 +0000] "GET /health HTTP/1.1" 200 121 "-" "-"
2025-10-30 04:17:04 [ERROR]: Authentication error: Invalid or expired token
Error: Invalid or expired token
    at verifyAccessToken (/app/src/utils/token.js:37:11)
    at authenticate (/app/src/middleware/auth.js:23:21)
    at Layer.handle [as handle_request] (/app/node_modules/express/lib/router/layer.js:95:5)
    at next (/app/node_modules/express/lib/router/route.js:149:13)
    at Route.dispatch (/app/node_modules/express/lib/router/route.js:119:3)
    at Layer.handle [as handle_request] (/app/node_modules/express/lib/router/layer.js:95:5)
    at /app/node_modules/express/lib/router/index.js:284:15
    at Function.process_params (/app/node_modules/express/lib/router/index.js:346:12)
    at next (/app/node_modules/express/lib/router/index.js:280:10)
    at Function.handle (/app/node_modules/express/lib/router/index.js:175:3)
2025-10-30 04:17:04 [INFO]: ::ffff:172.18.0.1 - - [30/Oct/2025:04:17:04 +0000] "GET /api/auth/me HTTP/1.1" 401 54 "http://localhost:4001/" "Mozilla/5.0 (Windows NT 10.0; Win64; x64) AppleWebKit/537.36 (KHTML, like Gecko) Chrome/141.0.0.0 Safari/537.36"
2025-10-30 04:17:07 [INFO]: User logged in: admin@kpn.com
2025-10-30 04:17:07 [INFO]: ::ffff:172.18.0.1 - - [30/Oct/2025:04:17:07 +0000] "POST /api/auth/login HTTP/1.1" 200 437 "http://localhost:4001/" "Mozilla/5.0 (Windows NT 10.0; Win64; x64) AppleWebKit/537.36 (KHTML, like Gecko) Chrome/141.0.0.0 Safari/537.36"
2025-10-30 04:17:11 [INFO]: ::1 - - [30/Oct/2025:04:17:11 +0000] "GET /health HTTP/1.1" 200 121 "-" "-"
2025-10-30 04:17:41 [INFO]: ::1 - - [30/Oct/2025:04:17:41 +0000] "GET /health HTTP/1.1" 200 121 "-" "-"
2025-10-30 04:18:12 [INFO]: ::1 - - [30/Oct/2025:04:18:12 +0000] "GET /health HTTP/1.1" 200 122 "-" "-"
2025-10-30 04:18:42 [INFO]: ::1 - - [30/Oct/2025:04:18:42 +0000] "GET /health HTTP/1.1" 200 122 "-" "-"
2025-10-30 04:19:12 [INFO]: ::1 - - [30/Oct/2025:04:19:12 +0000] "GET /health HTTP/1.1" 200 122 "-" "-"
2025-10-30 04:19:42 [INFO]: ::1 - - [30/Oct/2025:04:19:42 +0000] "GET /health HTTP/1.1" 200 122 "-" "-"
2025-10-30 04:20:12 [INFO]: ::1 - - [30/Oct/2025:04:20:12 +0000] "GET /health HTTP/1.1" 200 122 "-" "-"
2025-10-30 04:20:42 [INFO]: ::1 - - [30/Oct/2025:04:20:42 +0000] "GET /health HTTP/1.1" 200 122 "-" "-"
2025-10-30 04:21:12 [INFO]: ::1 - - [30/Oct/2025:04:21:12 +0000] "GET /health HTTP/1.1" 200 121 "-" "-"
2025-10-30 04:21:42 [INFO]: ::1 - - [30/Oct/2025:04:21:42 +0000] "GET /health HTTP/1.1" 200 122 "-" "-"
2025-10-30 04:22:12 [INFO]: ::1 - - [30/Oct/2025:04:22:12 +0000] "GET /health HTTP/1.1" 200 122 "-" "-"
2025-10-30 04:22:43 [INFO]: ::1 - - [30/Oct/2025:04:22:43 +0000] "GET /health HTTP/1.1" 200 121 "-" "-"
2025-10-30 04:23:13 [INFO]: ::1 - - [30/Oct/2025:04:23:13 +0000] "GET /health HTTP/1.1" 200 122 "-" "-"
2025-10-30 04:23:43 [INFO]: ::1 - - [30/Oct/2025:04:23:43 +0000] "GET /health HTTP/1.1" 200 122 "-" "-"
2025-10-30 04:24:13 [INFO]: ::1 - - [30/Oct/2025:04:24:13 +0000] "GET /health HTTP/1.1" 200 122 "-" "-"
2025-10-30 04:24:43 [INFO]: ::1 - - [30/Oct/2025:04:24:43 +0000] "GET /health HTTP/1.1" 200 122 "-" "-"
2025-10-30 04:25:13 [INFO]: ::1 - - [30/Oct/2025:04:25:13 +0000] "GET /health HTTP/1.1" 200 122 "-" "-"
2025-10-30 04:25:43 [INFO]: ::1 - - [30/Oct/2025:04:25:43 +0000] "GET /health HTTP/1.1" 200 122 "-" "-"
2025-10-30 04:26:13 [INFO]: ::1 - - [30/Oct/2025:04:26:13 +0000] "GET /health HTTP/1.1" 200 122 "-" "-"
2025-10-30 04:26:44 [INFO]: ::1 - - [30/Oct/2025:04:26:44 +0000] "GET /health HTTP/1.1" 200 122 "-" "-"
2025-10-30 04:27:14 [INFO]: ::1 - - [30/Oct/2025:04:27:14 +0000] "GET /health HTTP/1.1" 200 122 "-" "-"
2025-10-30 04:27:44 [INFO]: ::1 - - [30/Oct/2025:04:27:44 +0000] "GET /health HTTP/1.1" 200 121 "-" "-"
2025-10-30 04:28:14 [INFO]: ::1 - - [30/Oct/2025:04:28:14 +0000] "GET /health HTTP/1.1" 200 119 "-" "-"
2025-10-30 04:28:44 [INFO]: ::1 - - [30/Oct/2025:04:28:44 +0000] "GET /health HTTP/1.1" 200 122 "-" "-"
2025-10-30 04:29:14 [INFO]: ::1 - - [30/Oct/2025:04:29:14 +0000] "GET /health HTTP/1.1" 200 122 "-" "-"
2025-10-30 04:29:44 [INFO]: ::1 - - [30/Oct/2025:04:29:44 +0000] "GET /health HTTP/1.1" 200 122 "-" "-"
2025-10-30 04:30:14 [INFO]: ::1 - - [30/Oct/2025:04:30:14 +0000] "GET /health HTTP/1.1" 200 122 "-" "-"
2025-10-30 04:30:44 [INFO]: ::1 - - [30/Oct/2025:04:30:44 +0000] "GET /health HTTP/1.1" 200 122 "-" "-"
2025-10-30 04:31:14 [INFO]: ::1 - - [30/Oct/2025:04:31:14 +0000] "GET /health HTTP/1.1" 200 122 "-" "-"
2025-10-30 04:31:45 [INFO]: ::1 - - [30/Oct/2025:04:31:45 +0000] "GET /health HTTP/1.1" 200 122 "-" "-"
2025-10-30 04:32:15 [INFO]: ::1 - - [30/Oct/2025:04:32:15 +0000] "GET /health HTTP/1.1" 200 122 "-" "-"
2025-10-30 04:32:45 [INFO]: ::1 - - [30/Oct/2025:04:32:45 +0000] "GET /health HTTP/1.1" 200 122 "-" "-"
2025-10-30 04:33:15 [INFO]: ::1 - - [30/Oct/2025:04:33:15 +0000] "GET /health HTTP/1.1" 200 123 "-" "-"
2025-10-30 04:33:45 [INFO]: ::1 - - [30/Oct/2025:04:33:45 +0000] "GET /health HTTP/1.1" 200 123 "-" "-"
2025-10-30 04:34:15 [INFO]: ::1 - - [30/Oct/2025:04:34:15 +0000] "GET /health HTTP/1.1" 200 123 "-" "-"
2025-10-30 04:34:45 [INFO]: ::1 - - [30/Oct/2025:04:34:45 +0000] "GET /health HTTP/1.1" 200 123 "-" "-"
2025-10-30 04:35:16 [INFO]: ::1 - - [30/Oct/2025:04:35:16 +0000] "GET /health HTTP/1.1" 200 122 "-" "-"
2025-10-30 04:35:46 [INFO]: ::1 - - [30/Oct/2025:04:35:46 +0000] "GET /health HTTP/1.1" 200 123 "-" "-"
2025-10-30 04:36:16 [INFO]: ::1 - - [30/Oct/2025:04:36:16 +0000] "GET /health HTTP/1.1" 200 123 "-" "-"
2025-10-30 04:36:46 [INFO]: ::1 - - [30/Oct/2025:04:36:46 +0000] "GET /health HTTP/1.1" 200 123 "-" "-"
2025-10-30 04:37:16 [INFO]: ::1 - - [30/Oct/2025:04:37:16 +0000] "GET /health HTTP/1.1" 200 123 "-" "-"
2025-10-30 04:37:46 [INFO]: ::1 - - [30/Oct/2025:04:37:46 +0000] "GET /health HTTP/1.1" 200 123 "-" "-"
2025-10-30 04:38:16 [INFO]: ::1 - - [30/Oct/2025:04:38:16 +0000] "GET /health HTTP/1.1" 200 123 "-" "-"
2025-10-30 04:38:46 [INFO]: ::1 - - [30/Oct/2025:04:38:46 +0000] "GET /health HTTP/1.1" 200 123 "-" "-"
2025-10-30 04:39:16 [INFO]: ::1 - - [30/Oct/2025:04:39:16 +0000] "GET /health HTTP/1.1" 200 123 "-" "-"
2025-10-30 04:39:47 [INFO]: ::1 - - [30/Oct/2025:04:39:47 +0000] "GET /health HTTP/1.1" 200 123 "-" "-"
2025-10-30 04:40:17 [INFO]: ::1 - - [30/Oct/2025:04:40:17 +0000] "GET /health HTTP/1.1" 200 123 "-" "-"
2025-10-30 04:40:47 [INFO]: ::1 - - [30/Oct/2025:04:40:47 +0000] "GET /health HTTP/1.1" 200 122 "-" "-"
2025-10-30 04:41:17 [INFO]: ::1 - - [30/Oct/2025:04:41:17 +0000] "GET /health HTTP/1.1" 200 123 "-" "-"
2025-10-30 04:41:47 [INFO]: ::1 - - [30/Oct/2025:04:41:47 +0000] "GET /health HTTP/1.1" 200 123 "-" "-"
2025-10-30 04:42:17 [INFO]: ::1 - - [30/Oct/2025:04:42:17 +0000] "GET /health HTTP/1.1" 200 123 "-" "-"
2025-10-30 04:42:47 [INFO]: ::1 - - [30/Oct/2025:04:42:47 +0000] "GET /health HTTP/1.1" 200 123 "-" "-"
2025-10-30 04:43:17 [INFO]: ::1 - - [30/Oct/2025:04:43:17 +0000] "GET /health HTTP/1.1" 200 123 "-" "-"
2025-10-30 04:43:47 [INFO]: ::1 - - [30/Oct/2025:04:43:47 +0000] "GET /health HTTP/1.1" 200 123 "-" "-"
2025-10-30 04:44:17 [INFO]: ::1 - - [30/Oct/2025:04:44:17 +0000] "GET /health HTTP/1.1" 200 123 "-" "-"
2025-10-30 04:44:48 [INFO]: ::1 - - [30/Oct/2025:04:44:48 +0000] "GET /health HTTP/1.1" 200 123 "-" "-"
2025-10-30 04:45:18 [INFO]: ::1 - - [30/Oct/2025:04:45:18 +0000] "GET /health HTTP/1.1" 200 123 "-" "-"
2025-10-30 04:45:48 [INFO]: ::1 - - [30/Oct/2025:04:45:48 +0000] "GET /health HTTP/1.1" 200 122 "-" "-"
2025-10-30 04:46:18 [INFO]: ::1 - - [30/Oct/2025:04:46:18 +0000] "GET /health HTTP/1.1" 200 123 "-" "-"
2025-10-30 04:46:48 [INFO]: ::1 - - [30/Oct/2025:04:46:48 +0000] "GET /health HTTP/1.1" 200 123 "-" "-"
2025-10-30 04:47:18 [INFO]: ::1 - - [30/Oct/2025:04:47:18 +0000] "GET /health HTTP/1.1" 200 123 "-" "-"
2025-10-30 04:47:48 [INFO]: ::1 - - [30/Oct/2025:04:47:48 +0000] "GET /health HTTP/1.1" 200 123 "-" "-"
2025-10-30 04:48:18 [INFO]: ::1 - - [30/Oct/2025:04:48:18 +0000] "GET /health HTTP/1.1" 200 123 "-" "-"
2025-10-30 04:48:48 [INFO]: ::1 - - [30/Oct/2025:04:48:48 +0000] "GET /health HTTP/1.1" 200 123 "-" "-"
2025-10-30 04:49:18 [INFO]: ::1 - - [30/Oct/2025:04:49:18 +0000] "GET /health HTTP/1.1" 200 122 "-" "-"
2025-10-30 04:49:49 [INFO]: ::1 - - [30/Oct/2025:04:49:49 +0000] "GET /health HTTP/1.1" 200 122 "-" "-"
2025-10-30 04:50:19 [INFO]: ::1 - - [30/Oct/2025:04:50:19 +0000] "GET /health HTTP/1.1" 200 123 "-" "-"
2025-10-30 04:50:49 [INFO]: ::1 - - [30/Oct/2025:04:50:49 +0000] "GET /health HTTP/1.1" 200 123 "-" "-"
2025-10-30 04:51:19 [INFO]: ::1 - - [30/Oct/2025:04:51:19 +0000] "GET /health HTTP/1.1" 200 123 "-" "-"
2025-10-30 04:51:49 [INFO]: ::1 - - [30/Oct/2025:04:51:49 +0000] "GET /health HTTP/1.1" 200 123 "-" "-"
2025-10-30 04:52:19 [INFO]: ::1 - - [30/Oct/2025:04:52:19 +0000] "GET /health HTTP/1.1" 200 123 "-" "-"
2025-10-30 04:52:49 [INFO]: ::1 - - [30/Oct/2025:04:52:49 +0000] "GET /health HTTP/1.1" 200 122 "-" "-"
2025-10-30 04:53:19 [INFO]: ::1 - - [30/Oct/2025:04:53:19 +0000] "GET /health HTTP/1.1" 200 123 "-" "-"
2025-10-30 04:53:49 [INFO]: ::1 - - [30/Oct/2025:04:53:49 +0000] "GET /health HTTP/1.1" 200 123 "-" "-"
2025-10-30 04:54:20 [INFO]: ::1 - - [30/Oct/2025:04:54:20 +0000] "GET /health HTTP/1.1" 200 123 "-" "-"
2025-10-30 04:54:50 [INFO]: ::1 - - [30/Oct/2025:04:54:50 +0000] "GET /health HTTP/1.1" 200 123 "-" "-"
2025-10-30 04:55:20 [INFO]: ::1 - - [30/Oct/2025:04:55:20 +0000] "GET /health HTTP/1.1" 200 123 "-" "-"
2025-10-30 04:55:50 [INFO]: ::1 - - [30/Oct/2025:04:55:50 +0000] "GET /health HTTP/1.1" 200 123 "-" "-"
2025-10-30 04:56:20 [INFO]: ::1 - - [30/Oct/2025:04:56:20 +0000] "GET /health HTTP/1.1" 200 122 "-" "-"
2025-10-30 04:56:50 [INFO]: ::1 - - [30/Oct/2025:04:56:50 +0000] "GET /health HTTP/1.1" 200 123 "-" "-"
2025-10-30 04:57:20 [INFO]: ::1 - - [30/Oct/2025:04:57:20 +0000] "GET /health HTTP/1.1" 200 123 "-" "-"
2025-10-30 04:57:50 [INFO]: ::1 - - [30/Oct/2025:04:57:50 +0000] "GET /health HTTP/1.1" 200 123 "-" "-"
2025-10-30 04:58:20 [INFO]: ::1 - - [30/Oct/2025:04:58:20 +0000] "GET /health HTTP/1.1" 200 123 "-" "-"
2025-10-30 04:58:50 [INFO]: ::1 - - [30/Oct/2025:04:58:50 +0000] "GET /health HTTP/1.1" 200 123 "-" "-"
2025-10-30 04:59:21 [INFO]: ::1 - - [30/Oct/2025:04:59:21 +0000] "GET /health HTTP/1.1" 200 123 "-" "-"
2025-10-30 04:59:51 [INFO]: ::1 - - [30/Oct/2025:04:59:51 +0000] "GET /health HTTP/1.1" 200 123 "-" "-"
2025-10-30 05:00:21 [INFO]: ::1 - - [30/Oct/2025:05:00:21 +0000] "GET /health HTTP/1.1" 200 123 "-" "-"
2025-10-30 05:00:51 [INFO]: ::1 - - [30/Oct/2025:05:00:51 +0000] "GET /health HTTP/1.1" 200 123 "-" "-"
2025-10-30 05:01:11 [ERROR]: Authentication error: Invalid or expired token
Error: Invalid or expired token
    at verifyAccessToken (/app/src/utils/token.js:37:11)
    at authenticate (/app/src/middleware/auth.js:23:21)
    at Layer.handle [as handle_request] (/app/node_modules/express/lib/router/layer.js:95:5)
    at next (/app/node_modules/express/lib/router/route.js:149:13)
    at Route.dispatch (/app/node_modules/express/lib/router/route.js:119:3)
    at Layer.handle [as handle_request] (/app/node_modules/express/lib/router/layer.js:95:5)
    at /app/node_modules/express/lib/router/index.js:284:15
    at Function.process_params (/app/node_modules/express/lib/router/index.js:346:12)
    at next (/app/node_modules/express/lib/router/index.js:280:10)
    at Function.handle (/app/node_modules/express/lib/router/index.js:175:3)
2025-10-30 05:01:11 [INFO]: ::ffff:172.18.0.1 - - [30/Oct/2025:05:01:11 +0000] "GET /api/auth/me HTTP/1.1" 401 54 "http://localhost:4001/" "Mozilla/5.0 (Windows NT 10.0; Win64; x64) AppleWebKit/537.36 (KHTML, like Gecko) Chrome/141.0.0.0 Safari/537.36"
2025-10-30 05:01:13 [INFO]: User logged in: admin@kpn.com
2025-10-30 05:01:13 [INFO]: ::ffff:172.18.0.1 - - [30/Oct/2025:05:01:13 +0000] "POST /api/auth/login HTTP/1.1" 200 437 "http://localhost:4001/" "Mozilla/5.0 (Windows NT 10.0; Win64; x64) AppleWebKit/537.36 (KHTML, like Gecko) Chrome/141.0.0.0 Safari/537.36"
2025-10-30 05:01:21 [INFO]: ::1 - - [30/Oct/2025:05:01:21 +0000] "GET /health HTTP/1.1" 200 123 "-" "-"
2025-10-30 05:01:51 [INFO]: ::1 - - [30/Oct/2025:05:01:51 +0000] "GET /health HTTP/1.1" 200 123 "-" "-"
2025-10-30 05:02:21 [INFO]: ::1 - - [30/Oct/2025:05:02:21 +0000] "GET /health HTTP/1.1" 200 123 "-" "-"
2025-10-30 05:02:51 [INFO]: ::1 - - [30/Oct/2025:05:02:51 +0000] "GET /health HTTP/1.1" 200 123 "-" "-"
2025-10-30 05:03:21 [INFO]: ::1 - - [30/Oct/2025:05:03:21 +0000] "GET /health HTTP/1.1" 200 123 "-" "-"
2025-10-30 05:03:52 [INFO]: ::1 - - [30/Oct/2025:05:03:52 +0000] "GET /health HTTP/1.1" 200 123 "-" "-"
2025-10-30 05:04:22 [INFO]: ::1 - - [30/Oct/2025:05:04:22 +0000] "GET /health HTTP/1.1" 200 123 "-" "-"
2025-10-30 05:04:52 [INFO]: ::1 - - [30/Oct/2025:05:04:52 +0000] "GET /health HTTP/1.1" 200 122 "-" "-"
2025-10-30 05:05:22 [INFO]: ::1 - - [30/Oct/2025:05:05:22 +0000] "GET /health HTTP/1.1" 200 123 "-" "-"
2025-10-30 05:05:52 [INFO]: ::1 - - [30/Oct/2025:05:05:52 +0000] "GET /health HTTP/1.1" 200 123 "-" "-"
2025-10-30 05:06:22 [INFO]: ::1 - - [30/Oct/2025:05:06:22 +0000] "GET /health HTTP/1.1" 200 123 "-" "-"
2025-10-30 05:06:52 [INFO]: ::1 - - [30/Oct/2025:05:06:52 +0000] "GET /health HTTP/1.1" 200 123 "-" "-"
2025-10-30 05:07:22 [INFO]: ::1 - - [30/Oct/2025:05:07:22 +0000] "GET /health HTTP/1.1" 200 123 "-" "-"
2025-10-30 05:07:52 [INFO]: ::1 - - [30/Oct/2025:05:07:52 +0000] "GET /health HTTP/1.1" 200 123 "-" "-"
2025-10-30 05:08:22 [INFO]: ::1 - - [30/Oct/2025:05:08:22 +0000] "GET /health HTTP/1.1" 200 123 "-" "-"
2025-10-30 05:08:52 [INFO]: ::1 - - [30/Oct/2025:05:08:52 +0000] "GET /health HTTP/1.1" 200 123 "-" "-"
2025-10-30 05:09:23 [INFO]: ::1 - - [30/Oct/2025:05:09:23 +0000] "GET /health HTTP/1.1" 200 123 "-" "-"
2025-10-30 05:09:53 [INFO]: ::1 - - [30/Oct/2025:05:09:53 +0000] "GET /health HTTP/1.1" 200 123 "-" "-"
2025-10-30 05:10:23 [INFO]: ::1 - - [30/Oct/2025:05:10:23 +0000] "GET /health HTTP/1.1" 200 123 "-" "-"
2025-10-30 05:10:53 [INFO]: ::1 - - [30/Oct/2025:05:10:53 +0000] "GET /health HTTP/1.1" 200 123 "-" "-"
2025-10-30 05:11:23 [INFO]: ::1 - - [30/Oct/2025:05:11:23 +0000] "GET /health HTTP/1.1" 200 123 "-" "-"
2025-10-30 05:11:53 [INFO]: ::1 - - [30/Oct/2025:05:11:53 +0000] "GET /health HTTP/1.1" 200 123 "-" "-"
2025-10-30 05:12:23 [INFO]: ::1 - - [30/Oct/2025:05:12:23 +0000] "GET /health HTTP/1.1" 200 123 "-" "-"
2025-10-30 05:12:53 [INFO]: ::1 - - [30/Oct/2025:05:12:53 +0000] "GET /health HTTP/1.1" 200 123 "-" "-"
2025-10-30 05:13:23 [INFO]: ::1 - - [30/Oct/2025:05:13:23 +0000] "GET /health HTTP/1.1" 200 123 "-" "-"
2025-10-30 05:13:53 [INFO]: ::1 - - [30/Oct/2025:05:13:53 +0000] "GET /health HTTP/1.1" 200 123 "-" "-"
2025-10-30 05:14:24 [INFO]: ::1 - - [30/Oct/2025:05:14:24 +0000] "GET /health HTTP/1.1" 200 123 "-" "-"
2025-10-30 05:14:54 [INFO]: ::1 - - [30/Oct/2025:05:14:54 +0000] "GET /health HTTP/1.1" 200 123 "-" "-"
2025-10-30 05:15:24 [INFO]: ::1 - - [30/Oct/2025:05:15:24 +0000] "GET /health HTTP/1.1" 200 123 "-" "-"
2025-10-30 05:15:55 [INFO]: ::1 - - [30/Oct/2025:05:15:55 +0000] "GET /health HTTP/1.1" 200 123 "-" "-"
2025-10-30 05:16:25 [INFO]: ::1 - - [30/Oct/2025:05:16:25 +0000] "GET /health HTTP/1.1" 200 123 "-" "-"
2025-10-30 05:54:35 [INFO]: ::1 - - [30/Oct/2025:05:54:35 +0000] "GET /health HTTP/1.1" 200 123 "-" "-"
2025-10-30 05:55:05 [INFO]: ::1 - - [30/Oct/2025:05:55:05 +0000] "GET /health HTTP/1.1" 200 123 "-" "-"
2025-10-30 05:55:35 [INFO]: ::1 - - [30/Oct/2025:05:55:35 +0000] "GET /health HTTP/1.1" 200 123 "-" "-"
2025-10-30 05:56:05 [INFO]: ::1 - - [30/Oct/2025:05:56:05 +0000] "GET /health HTTP/1.1" 200 123 "-" "-"
2025-10-30 05:56:35 [INFO]: ::1 - - [30/Oct/2025:05:56:35 +0000] "GET /health HTTP/1.1" 200 123 "-" "-"
2025-10-30 05:57:06 [INFO]: ::1 - - [30/Oct/2025:05:57:06 +0000] "GET /health HTTP/1.1" 200 123 "-" "-"
2025-10-30 05:57:36 [INFO]: ::1 - - [30/Oct/2025:05:57:36 +0000] "GET /health HTTP/1.1" 200 123 "-" "-"
2025-10-30 05:58:06 [INFO]: ::1 - - [30/Oct/2025:05:58:06 +0000] "GET /health HTTP/1.1" 200 123 "-" "-"
2025-10-30 05:58:36 [INFO]: ::1 - - [30/Oct/2025:05:58:36 +0000] "GET /health HTTP/1.1" 200 123 "-" "-"
2025-10-30 05:59:06 [INFO]: ::1 - - [30/Oct/2025:05:59:06 +0000] "GET /health HTTP/1.1" 200 123 "-" "-"
2025-10-30 05:59:36 [INFO]: ::1 - - [30/Oct/2025:05:59:36 +0000] "GET /health HTTP/1.1" 200 123 "-" "-"
2025-10-30 06:00:06 [INFO]: ::1 - - [30/Oct/2025:06:00:06 +0000] "GET /health HTTP/1.1" 200 123 "-" "-"
2025-10-30 06:00:36 [INFO]: ::1 - - [30/Oct/2025:06:00:36 +0000] "GET /health HTTP/1.1" 200 123 "-" "-"
2025-10-30 06:01:06 [INFO]: ::1 - - [30/Oct/2025:06:01:06 +0000] "GET /health HTTP/1.1" 200 122 "-" "-"
2025-10-30 06:01:37 [INFO]: ::1 - - [30/Oct/2025:06:01:37 +0000] "GET /health HTTP/1.1" 200 123 "-" "-"
2025-10-30 06:02:07 [INFO]: ::1 - - [30/Oct/2025:06:02:07 +0000] "GET /health HTTP/1.1" 200 123 "-" "-"
2025-10-30 06:02:37 [INFO]: ::1 - - [30/Oct/2025:06:02:37 +0000] "GET /health HTTP/1.1" 200 123 "-" "-"
2025-10-30 06:03:07 [INFO]: ::1 - - [30/Oct/2025:06:03:07 +0000] "GET /health HTTP/1.1" 200 123 "-" "-"
2025-10-30 06:03:37 [INFO]: ::1 - - [30/Oct/2025:06:03:37 +0000] "GET /health HTTP/1.1" 200 122 "-" "-"
2025-10-30 06:04:07 [INFO]: ::1 - - [30/Oct/2025:06:04:07 +0000] "GET /health HTTP/1.1" 200 122 "-" "-"
2025-10-30 06:04:37 [INFO]: ::1 - - [30/Oct/2025:06:04:37 +0000] "GET /health HTTP/1.1" 200 123 "-" "-"
2025-10-30 06:05:07 [INFO]: ::1 - - [30/Oct/2025:06:05:07 +0000] "GET /health HTTP/1.1" 200 123 "-" "-"
2025-10-30 06:05:37 [INFO]: ::1 - - [30/Oct/2025:06:05:37 +0000] "GET /health HTTP/1.1" 200 123 "-" "-"
2025-10-30 06:06:07 [INFO]: ::1 - - [30/Oct/2025:06:06:07 +0000] "GET /health HTTP/1.1" 200 123 "-" "-"
2025-10-30 06:06:37 [INFO]: ::1 - - [30/Oct/2025:06:06:37 +0000] "GET /health HTTP/1.1" 200 123 "-" "-"
2025-10-30 06:07:08 [INFO]: ::1 - - [30/Oct/2025:06:07:08 +0000] "GET /health HTTP/1.1" 200 123 "-" "-"
2025-10-30 06:07:38 [INFO]: ::1 - - [30/Oct/2025:06:07:38 +0000] "GET /health HTTP/1.1" 200 123 "-" "-"
2025-10-30 06:08:08 [INFO]: ::1 - - [30/Oct/2025:06:08:08 +0000] "GET /health HTTP/1.1" 200 123 "-" "-"
2025-10-30 06:08:38 [INFO]: ::1 - - [30/Oct/2025:06:08:38 +0000] "GET /health HTTP/1.1" 200 123 "-" "-"
2025-10-30 06:09:08 [INFO]: ::1 - - [30/Oct/2025:06:09:08 +0000] "GET /health HTTP/1.1" 200 123 "-" "-"
2025-10-30 06:09:38 [INFO]: ::1 - - [30/Oct/2025:06:09:38 +0000] "GET /health HTTP/1.1" 200 121 "-" "-"
2025-10-30 06:10:08 [INFO]: ::1 - - [30/Oct/2025:06:10:08 +0000] "GET /health HTTP/1.1" 200 123 "-" "-"
2025-10-30 06:33:27 [INFO]: ::1 - - [30/Oct/2025:06:33:27 +0000] "GET /health HTTP/1.1" 200 122 "-" "-"
2025-10-30 06:33:57 [INFO]: ::1 - - [30/Oct/2025:06:33:57 +0000] "GET /health HTTP/1.1" 200 123 "-" "-"
2025-10-30 06:34:27 [INFO]: ::1 - - [30/Oct/2025:06:34:27 +0000] "GET /health HTTP/1.1" 200 123 "-" "-"
2025-10-30 06:34:57 [INFO]: ::1 - - [30/Oct/2025:06:34:57 +0000] "GET /health HTTP/1.1" 200 121 "-" "-"
2025-10-30 06:35:27 [INFO]: ::1 - - [30/Oct/2025:06:35:27 +0000] "GET /health HTTP/1.1" 200 123 "-" "-"
2025-10-30 06:35:57 [INFO]: ::1 - - [30/Oct/2025:06:35:57 +0000] "GET /health HTTP/1.1" 200 123 "-" "-"
2025-10-30 06:36:27 [INFO]: ::1 - - [30/Oct/2025:06:36:27 +0000] "GET /health HTTP/1.1" 200 123 "-" "-"
2025-10-30 06:36:57 [INFO]: ::1 - - [30/Oct/2025:06:36:57 +0000] "GET /health HTTP/1.1" 200 123 "-" "-"
2025-10-30 06:37:27 [INFO]: ::1 - - [30/Oct/2025:06:37:27 +0000] "GET /health HTTP/1.1" 200 123 "-" "-"
2025-10-30 06:37:58 [INFO]: ::1 - - [30/Oct/2025:06:37:58 +0000] "GET /health HTTP/1.1" 200 123 "-" "-"
2025-10-30 06:38:28 [INFO]: ::1 - - [30/Oct/2025:06:38:28 +0000] "GET /health HTTP/1.1" 200 123 "-" "-"
2025-10-30 06:38:58 [INFO]: ::1 - - [30/Oct/2025:06:38:58 +0000] "GET /health HTTP/1.1" 200 123 "-" "-"
2025-10-30 06:39:28 [INFO]: ::1 - - [30/Oct/2025:06:39:28 +0000] "GET /health HTTP/1.1" 200 123 "-" "-"
2025-10-30 06:39:58 [INFO]: ::1 - - [30/Oct/2025:06:39:58 +0000] "GET /health HTTP/1.1" 200 123 "-" "-"
2025-10-30 06:40:28 [INFO]: ::1 - - [30/Oct/2025:06:40:28 +0000] "GET /health HTTP/1.1" 200 123 "-" "-"
2025-10-30 06:40:58 [INFO]: ::1 - - [30/Oct/2025:06:40:58 +0000] "GET /health HTTP/1.1" 200 123 "-" "-"
2025-10-30 06:41:28 [INFO]: ::1 - - [30/Oct/2025:06:41:28 +0000] "GET /health HTTP/1.1" 200 123 "-" "-"
2025-10-30 06:41:58 [INFO]: ::1 - - [30/Oct/2025:06:41:58 +0000] "GET /health HTTP/1.1" 200 123 "-" "-"
2025-10-30 06:42:28 [INFO]: ::1 - - [30/Oct/2025:06:42:28 +0000] "GET /health HTTP/1.1" 200 123 "-" "-"
2025-10-30 06:42:59 [INFO]: ::1 - - [30/Oct/2025:06:42:59 +0000] "GET /health HTTP/1.1" 200 123 "-" "-"
2025-10-30 06:43:29 [INFO]: ::1 - - [30/Oct/2025:06:43:29 +0000] "GET /health HTTP/1.1" 200 123 "-" "-"
2025-10-30 06:43:59 [INFO]: ::1 - - [30/Oct/2025:06:43:59 +0000] "GET /health HTTP/1.1" 200 123 "-" "-"
2025-10-30 06:44:29 [INFO]: ::1 - - [30/Oct/2025:06:44:29 +0000] "GET /health HTTP/1.1" 200 123 "-" "-"
2025-10-30 06:44:59 [INFO]: ::1 - - [30/Oct/2025:06:44:59 +0000] "GET /health HTTP/1.1" 200 123 "-" "-"
2025-10-30 06:45:29 [INFO]: ::1 - - [30/Oct/2025:06:45:29 +0000] "GET /health HTTP/1.1" 200 123 "-" "-"
2025-10-30 06:45:59 [INFO]: ::1 - - [30/Oct/2025:06:45:59 +0000] "GET /health HTTP/1.1" 200 123 "-" "-"
2025-10-30 06:46:29 [INFO]: ::1 - - [30/Oct/2025:06:46:29 +0000] "GET /health HTTP/1.1" 200 123 "-" "-"
2025-10-30 06:46:59 [INFO]: ::1 - - [30/Oct/2025:06:46:59 +0000] "GET /health HTTP/1.1" 200 123 "-" "-"
2025-10-30 06:49:50 [INFO]: Redis connected successfully
2025-10-30 06:49:50 [INFO]: PostgreSQL connected successfully
2025-10-30 06:49:50 [INFO]: Redis connected successfully
2025-10-30 06:49:50 [INFO]: Server running on port 4000 in production mode
2025-10-30 06:49:50 [INFO]: API available at: http://localhost:4000/api
2025-10-30 06:49:52 [INFO]: ::1 - - [30/Oct/2025:06:49:52 +0000] "GET /health HTTP/1.1" 200 120 "-" "-"
2025-10-30 06:50:22 [INFO]: ::1 - - [30/Oct/2025:06:50:22 +0000] "GET /health HTTP/1.1" 200 121 "-" "-"
2025-10-30 06:50:53 [INFO]: ::1 - - [30/Oct/2025:06:50:53 +0000] "GET /health HTTP/1.1" 200 121 "-" "-"
2025-10-30 06:51:23 [INFO]: ::1 - - [30/Oct/2025:06:51:23 +0000] "GET /health HTTP/1.1" 200 121 "-" "-"
2025-10-30 06:51:53 [INFO]: ::1 - - [30/Oct/2025:06:51:53 +0000] "GET /health HTTP/1.1" 200 122 "-" "-"
2025-10-30 06:52:23 [INFO]: ::1 - - [30/Oct/2025:06:52:23 +0000] "GET /health HTTP/1.1" 200 122 "-" "-"
2025-10-30 06:52:53 [INFO]: ::1 - - [30/Oct/2025:06:52:53 +0000] "GET /health HTTP/1.1" 200 122 "-" "-"
2025-10-30 06:53:23 [INFO]: ::1 - - [30/Oct/2025:06:53:23 +0000] "GET /health HTTP/1.1" 200 122 "-" "-"
2025-10-30 06:53:53 [INFO]: ::1 - - [30/Oct/2025:06:53:53 +0000] "GET /health HTTP/1.1" 200 122 "-" "-"
2025-10-30 06:54:23 [INFO]: ::1 - - [30/Oct/2025:06:54:23 +0000] "GET /health HTTP/1.1" 200 121 "-" "-"
2025-10-30 06:54:53 [INFO]: ::1 - - [30/Oct/2025:06:54:53 +0000] "GET /health HTTP/1.1" 200 122 "-" "-"
2025-10-30 06:55:23 [INFO]: ::1 - - [30/Oct/2025:06:55:23 +0000] "GET /health HTTP/1.1" 200 122 "-" "-"
2025-10-30 06:55:54 [INFO]: ::1 - - [30/Oct/2025:06:55:54 +0000] "GET /health HTTP/1.1" 200 122 "-" "-"
2025-10-30 06:56:24 [INFO]: ::1 - - [30/Oct/2025:06:56:24 +0000] "GET /health HTTP/1.1" 200 121 "-" "-"
2025-10-30 06:56:54 [INFO]: ::1 - - [30/Oct/2025:06:56:54 +0000] "GET /health HTTP/1.1" 200 121 "-" "-"
2025-10-30 06:57:24 [INFO]: ::1 - - [30/Oct/2025:06:57:24 +0000] "GET /health HTTP/1.1" 200 122 "-" "-"
2025-10-30 06:57:54 [INFO]: ::1 - - [30/Oct/2025:06:57:54 +0000] "GET /health HTTP/1.1" 200 122 "-" "-"
2025-10-30 06:58:24 [INFO]: ::1 - - [30/Oct/2025:06:58:24 +0000] "GET /health HTTP/1.1" 200 121 "-" "-"
2025-10-30 06:58:54 [INFO]: ::1 - - [30/Oct/2025:06:58:54 +0000] "GET /health HTTP/1.1" 200 122 "-" "-"
2025-10-30 06:59:24 [INFO]: ::1 - - [30/Oct/2025:06:59:24 +0000] "GET /health HTTP/1.1" 200 122 "-" "-"
2025-10-30 06:59:54 [INFO]: ::1 - - [30/Oct/2025:06:59:54 +0000] "GET /health HTTP/1.1" 200 122 "-" "-"
2025-10-30 07:00:25 [INFO]: ::1 - - [30/Oct/2025:07:00:25 +0000] "GET /health HTTP/1.1" 200 122 "-" "-"
2025-10-30 07:00:55 [INFO]: ::1 - - [30/Oct/2025:07:00:55 +0000] "GET /health HTTP/1.1" 200 122 "-" "-"
2025-10-30 07:01:25 [INFO]: ::1 - - [30/Oct/2025:07:01:25 +0000] "GET /health HTTP/1.1" 200 122 "-" "-"
2025-10-30 07:01:55 [INFO]: ::1 - - [30/Oct/2025:07:01:55 +0000] "GET /health HTTP/1.1" 200 122 "-" "-"
2025-10-30 07:02:25 [INFO]: ::1 - - [30/Oct/2025:07:02:25 +0000] "GET /health HTTP/1.1" 200 122 "-" "-"
2025-10-30 07:02:55 [INFO]: ::1 - - [30/Oct/2025:07:02:55 +0000] "GET /health HTTP/1.1" 200 122 "-" "-"
2025-10-30 07:03:25 [INFO]: ::1 - - [30/Oct/2025:07:03:25 +0000] "GET /health HTTP/1.1" 200 122 "-" "-"
2025-10-30 07:03:55 [INFO]: ::1 - - [30/Oct/2025:07:03:55 +0000] "GET /health HTTP/1.1" 200 122 "-" "-"
2025-10-30 07:04:25 [INFO]: ::1 - - [30/Oct/2025:07:04:25 +0000] "GET /health HTTP/1.1" 200 122 "-" "-"
2025-10-30 07:04:56 [INFO]: ::1 - - [30/Oct/2025:07:04:56 +0000] "GET /health HTTP/1.1" 200 122 "-" "-"
2025-10-30 07:05:26 [INFO]: ::1 - - [30/Oct/2025:07:05:26 +0000] "GET /health HTTP/1.1" 200 121 "-" "-"
2025-10-30 07:05:56 [INFO]: ::1 - - [30/Oct/2025:07:05:56 +0000] "GET /health HTTP/1.1" 200 122 "-" "-"
2025-10-30 07:06:26 [INFO]: ::1 - - [30/Oct/2025:07:06:26 +0000] "GET /health HTTP/1.1" 200 122 "-" "-"
2025-10-30 07:06:56 [INFO]: ::1 - - [30/Oct/2025:07:06:56 +0000] "GET /health HTTP/1.1" 200 122 "-" "-"
2025-10-30 07:07:26 [INFO]: ::1 - - [30/Oct/2025:07:07:26 +0000] "GET /health HTTP/1.1" 200 123 "-" "-"
2025-10-30 07:07:56 [INFO]: ::1 - - [30/Oct/2025:07:07:56 +0000] "GET /health HTTP/1.1" 200 123 "-" "-"
2025-10-30 07:08:26 [INFO]: ::1 - - [30/Oct/2025:07:08:26 +0000] "GET /health HTTP/1.1" 200 123 "-" "-"
2025-10-30 07:08:56 [INFO]: ::1 - - [30/Oct/2025:07:08:56 +0000] "GET /health HTTP/1.1" 200 123 "-" "-"
2025-10-30 07:09:26 [INFO]: ::1 - - [30/Oct/2025:07:09:26 +0000] "GET /health HTTP/1.1" 200 123 "-" "-"
2025-10-30 07:09:57 [INFO]: ::1 - - [30/Oct/2025:07:09:57 +0000] "GET /health HTTP/1.1" 200 123 "-" "-"
2025-10-30 07:10:27 [INFO]: ::1 - - [30/Oct/2025:07:10:27 +0000] "GET /health HTTP/1.1" 200 123 "-" "-"
2025-10-30 07:10:57 [INFO]: ::1 - - [30/Oct/2025:07:10:57 +0000] "GET /health HTTP/1.1" 200 123 "-" "-"
2025-10-30 07:11:27 [INFO]: ::1 - - [30/Oct/2025:07:11:27 +0000] "GET /health HTTP/1.1" 200 122 "-" "-"
2025-10-30 07:11:57 [INFO]: ::1 - - [30/Oct/2025:07:11:57 +0000] "GET /health HTTP/1.1" 200 123 "-" "-"
2025-10-30 07:12:27 [INFO]: ::1 - - [30/Oct/2025:07:12:27 +0000] "GET /health HTTP/1.1" 200 123 "-" "-"
2025-10-30 07:12:57 [INFO]: ::1 - - [30/Oct/2025:07:12:57 +0000] "GET /health HTTP/1.1" 200 123 "-" "-"
2025-10-30 07:13:27 [INFO]: ::1 - - [30/Oct/2025:07:13:27 +0000] "GET /health HTTP/1.1" 200 123 "-" "-"
2025-10-30 07:13:57 [INFO]: ::1 - - [30/Oct/2025:07:13:57 +0000] "GET /health HTTP/1.1" 200 123 "-" "-"
2025-10-30 07:14:28 [INFO]: ::1 - - [30/Oct/2025:07:14:28 +0000] "GET /health HTTP/1.1" 200 123 "-" "-"
2025-10-30 07:14:58 [INFO]: ::1 - - [30/Oct/2025:07:14:58 +0000] "GET /health HTTP/1.1" 200 123 "-" "-"
2025-10-30 07:15:28 [INFO]: ::1 - - [30/Oct/2025:07:15:28 +0000] "GET /health HTTP/1.1" 200 123 "-" "-"
2025-10-30 07:15:58 [INFO]: ::1 - - [30/Oct/2025:07:15:58 +0000] "GET /health HTTP/1.1" 200 123 "-" "-"
2025-10-30 07:16:28 [INFO]: ::1 - - [30/Oct/2025:07:16:28 +0000] "GET /health HTTP/1.1" 200 123 "-" "-"
2025-10-30 07:16:58 [INFO]: ::1 - - [30/Oct/2025:07:16:58 +0000] "GET /health HTTP/1.1" 200 123 "-" "-"
2025-10-30 07:17:28 [INFO]: ::1 - - [30/Oct/2025:07:17:28 +0000] "GET /health HTTP/1.1" 200 123 "-" "-"
2025-10-30 07:17:58 [INFO]: ::1 - - [30/Oct/2025:07:17:58 +0000] "GET /health HTTP/1.1" 200 122 "-" "-"
2025-10-30 07:18:28 [INFO]: ::1 - - [30/Oct/2025:07:18:28 +0000] "GET /health HTTP/1.1" 200 123 "-" "-"
2025-10-30 07:18:59 [INFO]: ::1 - - [30/Oct/2025:07:18:59 +0000] "GET /health HTTP/1.1" 200 123 "-" "-"
2025-10-30 07:19:29 [INFO]: ::1 - - [30/Oct/2025:07:19:29 +0000] "GET /health HTTP/1.1" 200 122 "-" "-"
2025-10-30 07:19:59 [INFO]: ::1 - - [30/Oct/2025:07:19:59 +0000] "GET /health HTTP/1.1" 200 123 "-" "-"
2025-10-30 07:20:29 [INFO]: ::1 - - [30/Oct/2025:07:20:29 +0000] "GET /health HTTP/1.1" 200 123 "-" "-"
2025-10-30 07:20:59 [INFO]: ::1 - - [30/Oct/2025:07:20:59 +0000] "GET /health HTTP/1.1" 200 123 "-" "-"
2025-10-30 07:21:29 [INFO]: ::1 - - [30/Oct/2025:07:21:29 +0000] "GET /health HTTP/1.1" 200 123 "-" "-"
2025-10-30 07:21:59 [INFO]: ::1 - - [30/Oct/2025:07:21:59 +0000] "GET /health HTTP/1.1" 200 123 "-" "-"
2025-10-30 07:22:29 [INFO]: ::1 - - [30/Oct/2025:07:22:29 +0000] "GET /health HTTP/1.1" 200 123 "-" "-"
2025-10-30 07:22:59 [INFO]: ::1 - - [30/Oct/2025:07:22:59 +0000] "GET /health HTTP/1.1" 200 123 "-" "-"
2025-10-30 07:23:29 [INFO]: ::1 - - [30/Oct/2025:07:23:29 +0000] "GET /health HTTP/1.1" 200 123 "-" "-"
2025-10-30 07:24:00 [INFO]: ::1 - - [30/Oct/2025:07:24:00 +0000] "GET /health HTTP/1.1" 200 123 "-" "-"
2025-10-30 07:24:30 [INFO]: ::1 - - [30/Oct/2025:07:24:30 +0000] "GET /health HTTP/1.1" 200 123 "-" "-"
2025-10-30 07:25:00 [INFO]: ::1 - - [30/Oct/2025:07:25:00 +0000] "GET /health HTTP/1.1" 200 123 "-" "-"
2025-10-30 07:25:30 [INFO]: ::1 - - [30/Oct/2025:07:25:30 +0000] "GET /health HTTP/1.1" 200 123 "-" "-"
2025-10-30 07:26:00 [INFO]: ::1 - - [30/Oct/2025:07:26:00 +0000] "GET /health HTTP/1.1" 200 123 "-" "-"
2025-10-30 07:26:30 [INFO]: ::1 - - [30/Oct/2025:07:26:30 +0000] "GET /health HTTP/1.1" 200 123 "-" "-"
2025-10-30 07:27:00 [INFO]: ::1 - - [30/Oct/2025:07:27:00 +0000] "GET /health HTTP/1.1" 200 123 "-" "-"
2025-10-30 07:27:30 [INFO]: ::1 - - [30/Oct/2025:07:27:30 +0000] "GET /health HTTP/1.1" 200 123 "-" "-"
2025-10-30 07:28:00 [INFO]: ::1 - - [30/Oct/2025:07:28:00 +0000] "GET /health HTTP/1.1" 200 122 "-" "-"
2025-10-30 07:28:30 [INFO]: ::1 - - [30/Oct/2025:07:28:30 +0000] "GET /health HTTP/1.1" 200 123 "-" "-"
2025-10-30 07:29:01 [INFO]: ::1 - - [30/Oct/2025:07:29:01 +0000] "GET /health HTTP/1.1" 200 123 "-" "-"
2025-10-30 07:29:31 [INFO]: ::1 - - [30/Oct/2025:07:29:31 +0000] "GET /health HTTP/1.1" 200 122 "-" "-"
2025-10-30 07:30:01 [INFO]: ::1 - - [30/Oct/2025:07:30:01 +0000] "GET /health HTTP/1.1" 200 123 "-" "-"
2025-10-30 07:30:31 [INFO]: ::1 - - [30/Oct/2025:07:30:31 +0000] "GET /health HTTP/1.1" 200 123 "-" "-"
2025-10-30 07:31:01 [INFO]: ::1 - - [30/Oct/2025:07:31:01 +0000] "GET /health HTTP/1.1" 200 123 "-" "-"
2025-10-30 07:31:31 [INFO]: ::1 - - [30/Oct/2025:07:31:31 +0000] "GET /health HTTP/1.1" 200 123 "-" "-"
2025-10-30 07:32:01 [INFO]: ::1 - - [30/Oct/2025:07:32:01 +0000] "GET /health HTTP/1.1" 200 123 "-" "-"
2025-10-30 07:32:31 [INFO]: ::1 - - [30/Oct/2025:07:32:31 +0000] "GET /health HTTP/1.1" 200 123 "-" "-"
2025-10-30 07:33:01 [INFO]: ::1 - - [30/Oct/2025:07:33:01 +0000] "GET /health HTTP/1.1" 200 123 "-" "-"
2025-10-30 07:33:32 [INFO]: ::1 - - [30/Oct/2025:07:33:32 +0000] "GET /health HTTP/1.1" 200 123 "-" "-"
2025-10-30 07:34:02 [INFO]: ::1 - - [30/Oct/2025:07:34:02 +0000] "GET /health HTTP/1.1" 200 123 "-" "-"
2025-10-30 07:34:32 [INFO]: ::1 - - [30/Oct/2025:07:34:32 +0000] "GET /health HTTP/1.1" 200 123 "-" "-"
2025-10-30 07:35:02 [INFO]: ::1 - - [30/Oct/2025:07:35:02 +0000] "GET /health HTTP/1.1" 200 123 "-" "-"
2025-10-30 07:35:32 [INFO]: ::1 - - [30/Oct/2025:07:35:32 +0000] "GET /health HTTP/1.1" 200 123 "-" "-"
2025-10-30 07:36:02 [INFO]: ::1 - - [30/Oct/2025:07:36:02 +0000] "GET /health HTTP/1.1" 200 123 "-" "-"
2025-10-30 07:36:32 [INFO]: ::1 - - [30/Oct/2025:07:36:32 +0000] "GET /health HTTP/1.1" 200 123 "-" "-"
2025-10-30 07:37:02 [INFO]: ::1 - - [30/Oct/2025:07:37:02 +0000] "GET /health HTTP/1.1" 200 123 "-" "-"
2025-10-30 07:37:32 [INFO]: ::1 - - [30/Oct/2025:07:37:32 +0000] "GET /health HTTP/1.1" 200 123 "-" "-"
2025-10-30 07:38:02 [INFO]: ::1 - - [30/Oct/2025:07:38:02 +0000] "GET /health HTTP/1.1" 200 123 "-" "-"
2025-10-30 07:38:33 [INFO]: ::1 - - [30/Oct/2025:07:38:33 +0000] "GET /health HTTP/1.1" 200 123 "-" "-"
2025-10-30 07:39:03 [INFO]: ::1 - - [30/Oct/2025:07:39:03 +0000] "GET /health HTTP/1.1" 200 122 "-" "-"
2025-10-30 07:39:33 [INFO]: ::1 - - [30/Oct/2025:07:39:33 +0000] "GET /health HTTP/1.1" 200 122 "-" "-"
2025-10-30 07:40:03 [INFO]: ::1 - - [30/Oct/2025:07:40:03 +0000] "GET /health HTTP/1.1" 200 123 "-" "-"
2025-10-30 07:40:33 [INFO]: ::1 - - [30/Oct/2025:07:40:33 +0000] "GET /health HTTP/1.1" 200 123 "-" "-"
2025-10-30 07:41:03 [INFO]: ::1 - - [30/Oct/2025:07:41:03 +0000] "GET /health HTTP/1.1" 200 123 "-" "-"
2025-10-30 07:41:33 [INFO]: ::1 - - [30/Oct/2025:07:41:33 +0000] "GET /health HTTP/1.1" 200 123 "-" "-"
2025-10-30 07:42:03 [INFO]: ::1 - - [30/Oct/2025:07:42:03 +0000] "GET /health HTTP/1.1" 200 123 "-" "-"
2025-10-30 07:42:33 [INFO]: ::1 - - [30/Oct/2025:07:42:33 +0000] "GET /health HTTP/1.1" 200 123 "-" "-"
2025-10-30 07:43:04 [INFO]: ::1 - - [30/Oct/2025:07:43:04 +0000] "GET /health HTTP/1.1" 200 123 "-" "-"
2025-10-30 07:43:34 [INFO]: ::1 - - [30/Oct/2025:07:43:34 +0000] "GET /health HTTP/1.1" 200 123 "-" "-"
2025-10-30 07:44:04 [INFO]: ::1 - - [30/Oct/2025:07:44:04 +0000] "GET /health HTTP/1.1" 200 123 "-" "-"
2025-10-30 07:44:34 [INFO]: ::1 - - [30/Oct/2025:07:44:34 +0000] "GET /health HTTP/1.1" 200 123 "-" "-"
2025-10-30 07:45:04 [INFO]: ::1 - - [30/Oct/2025:07:45:04 +0000] "GET /health HTTP/1.1" 200 123 "-" "-"
2025-10-30 07:45:34 [INFO]: ::1 - - [30/Oct/2025:07:45:34 +0000] "GET /health HTTP/1.1" 200 123 "-" "-"
2025-10-30 07:46:04 [INFO]: ::1 - - [30/Oct/2025:07:46:04 +0000] "GET /health HTTP/1.1" 200 123 "-" "-"
2025-10-30 07:46:34 [INFO]: ::1 - - [30/Oct/2025:07:46:34 +0000] "GET /health HTTP/1.1" 200 123 "-" "-"
2025-10-30 07:47:04 [INFO]: ::1 - - [30/Oct/2025:07:47:04 +0000] "GET /health HTTP/1.1" 200 123 "-" "-"
2025-10-30 07:47:35 [INFO]: ::1 - - [30/Oct/2025:07:47:35 +0000] "GET /health HTTP/1.1" 200 123 "-" "-"
2025-10-30 07:48:05 [INFO]: ::1 - - [30/Oct/2025:07:48:05 +0000] "GET /health HTTP/1.1" 200 123 "-" "-"
2025-10-30 07:48:35 [INFO]: ::1 - - [30/Oct/2025:07:48:35 +0000] "GET /health HTTP/1.1" 200 123 "-" "-"
2025-10-30 07:49:05 [INFO]: ::1 - - [30/Oct/2025:07:49:05 +0000] "GET /health HTTP/1.1" 200 123 "-" "-"
2025-10-30 07:49:35 [INFO]: ::1 - - [30/Oct/2025:07:49:35 +0000] "GET /health HTTP/1.1" 200 123 "-" "-"
2025-10-30 07:50:05 [INFO]: ::1 - - [30/Oct/2025:07:50:05 +0000] "GET /health HTTP/1.1" 200 123 "-" "-"
2025-10-30 07:50:35 [INFO]: ::1 - - [30/Oct/2025:07:50:35 +0000] "GET /health HTTP/1.1" 200 123 "-" "-"
2025-10-30 07:51:05 [INFO]: ::1 - - [30/Oct/2025:07:51:05 +0000] "GET /health HTTP/1.1" 200 123 "-" "-"
2025-10-30 07:51:35 [INFO]: ::1 - - [30/Oct/2025:07:51:35 +0000] "GET /health HTTP/1.1" 200 123 "-" "-"
2025-10-30 07:52:06 [INFO]: ::1 - - [30/Oct/2025:07:52:06 +0000] "GET /health HTTP/1.1" 200 123 "-" "-"
2025-10-30 07:52:36 [INFO]: ::1 - - [30/Oct/2025:07:52:36 +0000] "GET /health HTTP/1.1" 200 123 "-" "-"
2025-10-30 07:53:06 [INFO]: ::1 - - [30/Oct/2025:07:53:06 +0000] "GET /health HTTP/1.1" 200 123 "-" "-"
2025-10-30 07:53:36 [INFO]: ::1 - - [30/Oct/2025:07:53:36 +0000] "GET /health HTTP/1.1" 200 123 "-" "-"
2025-10-30 07:54:06 [INFO]: ::1 - - [30/Oct/2025:07:54:06 +0000] "GET /health HTTP/1.1" 200 123 "-" "-"
2025-10-30 07:54:36 [INFO]: ::1 - - [30/Oct/2025:07:54:36 +0000] "GET /health HTTP/1.1" 200 123 "-" "-"
2025-10-30 07:55:06 [INFO]: ::1 - - [30/Oct/2025:07:55:06 +0000] "GET /health HTTP/1.1" 200 123 "-" "-"
2025-10-30 07:55:36 [INFO]: ::1 - - [30/Oct/2025:07:55:36 +0000] "GET /health HTTP/1.1" 200 123 "-" "-"
2025-10-30 07:56:06 [INFO]: ::1 - - [30/Oct/2025:07:56:06 +0000] "GET /health HTTP/1.1" 200 123 "-" "-"
2025-10-30 07:56:37 [INFO]: ::1 - - [30/Oct/2025:07:56:37 +0000] "GET /health HTTP/1.1" 200 123 "-" "-"
2025-10-30 07:57:07 [INFO]: ::1 - - [30/Oct/2025:07:57:07 +0000] "GET /health HTTP/1.1" 200 123 "-" "-"
2025-10-30 07:57:37 [INFO]: ::1 - - [30/Oct/2025:07:57:37 +0000] "GET /health HTTP/1.1" 200 123 "-" "-"
2025-10-30 07:58:07 [INFO]: ::1 - - [30/Oct/2025:07:58:07 +0000] "GET /health HTTP/1.1" 200 123 "-" "-"
2025-10-30 07:58:37 [INFO]: ::1 - - [30/Oct/2025:07:58:37 +0000] "GET /health HTTP/1.1" 200 123 "-" "-"
2025-10-30 07:59:07 [INFO]: ::1 - - [30/Oct/2025:07:59:07 +0000] "GET /health HTTP/1.1" 200 123 "-" "-"
2025-10-30 07:59:37 [INFO]: ::1 - - [30/Oct/2025:07:59:37 +0000] "GET /health HTTP/1.1" 200 123 "-" "-"
2025-10-30 08:00:07 [INFO]: ::1 - - [30/Oct/2025:08:00:07 +0000] "GET /health HTTP/1.1" 200 123 "-" "-"
2025-10-30 08:00:37 [INFO]: ::1 - - [30/Oct/2025:08:00:37 +0000] "GET /health HTTP/1.1" 200 122 "-" "-"
2025-10-30 08:01:07 [INFO]: ::1 - - [30/Oct/2025:08:01:07 +0000] "GET /health HTTP/1.1" 200 123 "-" "-"
2025-10-30 08:01:38 [INFO]: ::1 - - [30/Oct/2025:08:01:38 +0000] "GET /health HTTP/1.1" 200 123 "-" "-"
2025-10-30 08:02:08 [INFO]: ::1 - - [30/Oct/2025:08:02:08 +0000] "GET /health HTTP/1.1" 200 123 "-" "-"
2025-10-30 08:02:38 [INFO]: ::1 - - [30/Oct/2025:08:02:38 +0000] "GET /health HTTP/1.1" 200 123 "-" "-"
2025-10-30 08:03:08 [INFO]: ::1 - - [30/Oct/2025:08:03:08 +0000] "GET /health HTTP/1.1" 200 123 "-" "-"
2025-10-30 08:03:38 [INFO]: ::1 - - [30/Oct/2025:08:03:38 +0000] "GET /health HTTP/1.1" 200 123 "-" "-"
2025-10-30 08:04:08 [INFO]: ::1 - - [30/Oct/2025:08:04:08 +0000] "GET /health HTTP/1.1" 200 123 "-" "-"
2025-10-30 08:04:38 [INFO]: ::1 - - [30/Oct/2025:08:04:38 +0000] "GET /health HTTP/1.1" 200 123 "-" "-"
2025-10-30 08:05:08 [INFO]: ::1 - - [30/Oct/2025:08:05:08 +0000] "GET /health HTTP/1.1" 200 123 "-" "-"
2025-10-30 08:05:38 [INFO]: ::1 - - [30/Oct/2025:08:05:38 +0000] "GET /health HTTP/1.1" 200 123 "-" "-"
2025-10-30 08:06:08 [INFO]: ::1 - - [30/Oct/2025:08:06:08 +0000] "GET /health HTTP/1.1" 200 123 "-" "-"
2025-10-30 08:06:38 [INFO]: ::1 - - [30/Oct/2025:08:06:38 +0000] "GET /health HTTP/1.1" 200 123 "-" "-"
2025-10-30 08:07:09 [INFO]: ::1 - - [30/Oct/2025:08:07:09 +0000] "GET /health HTTP/1.1" 200 123 "-" "-"
2025-10-30 08:07:39 [INFO]: ::1 - - [30/Oct/2025:08:07:39 +0000] "GET /health HTTP/1.1" 200 122 "-" "-"
2025-10-30 08:08:09 [INFO]: ::1 - - [30/Oct/2025:08:08:09 +0000] "GET /health HTTP/1.1" 200 122 "-" "-"
2025-10-30 08:08:39 [INFO]: ::1 - - [30/Oct/2025:08:08:39 +0000] "GET /health HTTP/1.1" 200 121 "-" "-"
2025-10-30 08:09:09 [INFO]: ::1 - - [30/Oct/2025:08:09:09 +0000] "GET /health HTTP/1.1" 200 123 "-" "-"
2025-10-30 08:09:39 [INFO]: ::1 - - [30/Oct/2025:08:09:39 +0000] "GET /health HTTP/1.1" 200 123 "-" "-"
2025-10-30 08:10:09 [INFO]: ::1 - - [30/Oct/2025:08:10:09 +0000] "GET /health HTTP/1.1" 200 122 "-" "-"
2025-10-30 08:10:39 [INFO]: ::1 - - [30/Oct/2025:08:10:39 +0000] "GET /health HTTP/1.1" 200 123 "-" "-"
2025-10-30 08:11:09 [INFO]: ::1 - - [30/Oct/2025:08:11:09 +0000] "GET /health HTTP/1.1" 200 123 "-" "-"
2025-10-30 08:11:39 [INFO]: ::1 - - [30/Oct/2025:08:11:39 +0000] "GET /health HTTP/1.1" 200 123 "-" "-"
2025-10-30 08:12:09 [INFO]: ::1 - - [30/Oct/2025:08:12:09 +0000] "GET /health HTTP/1.1" 200 123 "-" "-"
2025-10-30 08:12:40 [INFO]: ::1 - - [30/Oct/2025:08:12:40 +0000] "GET /health HTTP/1.1" 200 123 "-" "-"
2025-10-30 08:13:10 [INFO]: ::1 - - [30/Oct/2025:08:13:10 +0000] "GET /health HTTP/1.1" 200 123 "-" "-"
2025-10-30 08:13:40 [INFO]: ::1 - - [30/Oct/2025:08:13:40 +0000] "GET /health HTTP/1.1" 200 123 "-" "-"
2025-10-30 08:14:10 [INFO]: ::1 - - [30/Oct/2025:08:14:10 +0000] "GET /health HTTP/1.1" 200 123 "-" "-"
2025-10-30 08:14:40 [INFO]: ::1 - - [30/Oct/2025:08:14:40 +0000] "GET /health HTTP/1.1" 200 123 "-" "-"
2025-10-30 08:15:10 [INFO]: ::1 - - [30/Oct/2025:08:15:10 +0000] "GET /health HTTP/1.1" 200 123 "-" "-"
2025-10-30 08:15:40 [INFO]: ::1 - - [30/Oct/2025:08:15:40 +0000] "GET /health HTTP/1.1" 200 123 "-" "-"
2025-10-30 08:16:10 [INFO]: ::1 - - [30/Oct/2025:08:16:10 +0000] "GET /health HTTP/1.1" 200 123 "-" "-"
2025-10-30 08:16:40 [INFO]: ::1 - - [30/Oct/2025:08:16:40 +0000] "GET /health HTTP/1.1" 200 123 "-" "-"
2025-10-30 08:17:11 [INFO]: ::1 - - [30/Oct/2025:08:17:11 +0000] "GET /health HTTP/1.1" 200 123 "-" "-"
2025-10-30 08:17:41 [INFO]: ::1 - - [30/Oct/2025:08:17:41 +0000] "GET /health HTTP/1.1" 200 123 "-" "-"
2025-10-30 08:18:11 [INFO]: ::1 - - [30/Oct/2025:08:18:11 +0000] "GET /health HTTP/1.1" 200 123 "-" "-"
2025-10-30 08:18:41 [INFO]: ::1 - - [30/Oct/2025:08:18:41 +0000] "GET /health HTTP/1.1" 200 121 "-" "-"
2025-10-30 08:19:11 [INFO]: ::1 - - [30/Oct/2025:08:19:11 +0000] "GET /health HTTP/1.1" 200 122 "-" "-"
2025-10-30 08:19:41 [INFO]: ::1 - - [30/Oct/2025:08:19:41 +0000] "GET /health HTTP/1.1" 200 123 "-" "-"
2025-10-30 08:20:11 [INFO]: ::1 - - [30/Oct/2025:08:20:11 +0000] "GET /health HTTP/1.1" 200 122 "-" "-"
2025-10-30 08:20:41 [INFO]: ::1 - - [30/Oct/2025:08:20:41 +0000] "GET /health HTTP/1.1" 200 122 "-" "-"
2025-10-30 08:21:11 [INFO]: ::1 - - [30/Oct/2025:08:21:11 +0000] "GET /health HTTP/1.1" 200 122 "-" "-"
2025-10-30 08:21:41 [INFO]: ::1 - - [30/Oct/2025:08:21:41 +0000] "GET /health HTTP/1.1" 200 122 "-" "-"
2025-10-30 08:22:12 [INFO]: ::1 - - [30/Oct/2025:08:22:12 +0000] "GET /health HTTP/1.1" 200 123 "-" "-"
2025-10-30 08:22:42 [INFO]: ::1 - - [30/Oct/2025:08:22:42 +0000] "GET /health HTTP/1.1" 200 123 "-" "-"
2025-10-30 08:23:12 [INFO]: ::1 - - [30/Oct/2025:08:23:12 +0000] "GET /health HTTP/1.1" 200 123 "-" "-"
2025-10-30 08:23:42 [INFO]: ::1 - - [30/Oct/2025:08:23:42 +0000] "GET /health HTTP/1.1" 200 123 "-" "-"
2025-10-30 08:24:12 [INFO]: ::1 - - [30/Oct/2025:08:24:12 +0000] "GET /health HTTP/1.1" 200 123 "-" "-"
2025-10-30 08:24:42 [INFO]: ::1 - - [30/Oct/2025:08:24:42 +0000] "GET /health HTTP/1.1" 200 123 "-" "-"
2025-10-30 08:25:12 [INFO]: ::1 - - [30/Oct/2025:08:25:12 +0000] "GET /health HTTP/1.1" 200 123 "-" "-"
2025-10-30 08:25:42 [INFO]: ::1 - - [30/Oct/2025:08:25:42 +0000] "GET /health HTTP/1.1" 200 123 "-" "-"
2025-10-30 08:26:12 [INFO]: ::1 - - [30/Oct/2025:08:26:12 +0000] "GET /health HTTP/1.1" 200 122 "-" "-"
2025-10-30 08:26:43 [INFO]: ::1 - - [30/Oct/2025:08:26:43 +0000] "GET /health HTTP/1.1" 200 123 "-" "-"
2025-10-30 08:27:13 [INFO]: ::1 - - [30/Oct/2025:08:27:13 +0000] "GET /health HTTP/1.1" 200 123 "-" "-"
2025-10-30 08:27:43 [INFO]: ::1 - - [30/Oct/2025:08:27:43 +0000] "GET /health HTTP/1.1" 200 123 "-" "-"
2025-10-30 08:28:13 [INFO]: ::1 - - [30/Oct/2025:08:28:13 +0000] "GET /health HTTP/1.1" 200 123 "-" "-"
2025-10-30 08:28:43 [INFO]: ::1 - - [30/Oct/2025:08:28:43 +0000] "GET /health HTTP/1.1" 200 123 "-" "-"
2025-10-30 08:29:13 [INFO]: ::1 - - [30/Oct/2025:08:29:13 +0000] "GET /health HTTP/1.1" 200 123 "-" "-"
2025-10-30 08:29:43 [INFO]: ::1 - - [30/Oct/2025:08:29:43 +0000] "GET /health HTTP/1.1" 200 123 "-" "-"
2025-10-30 08:30:13 [INFO]: ::1 - - [30/Oct/2025:08:30:13 +0000] "GET /health HTTP/1.1" 200 123 "-" "-"
2025-10-30 08:30:43 [INFO]: ::1 - - [30/Oct/2025:08:30:43 +0000] "GET /health HTTP/1.1" 200 123 "-" "-"
2025-10-30 08:31:14 [INFO]: ::1 - - [30/Oct/2025:08:31:14 +0000] "GET /health HTTP/1.1" 200 123 "-" "-"
2025-10-30 08:31:44 [INFO]: ::1 - - [30/Oct/2025:08:31:44 +0000] "GET /health HTTP/1.1" 200 123 "-" "-"
2025-10-30 08:32:14 [INFO]: ::1 - - [30/Oct/2025:08:32:14 +0000] "GET /health HTTP/1.1" 200 123 "-" "-"
2025-10-30 08:32:44 [INFO]: ::1 - - [30/Oct/2025:08:32:44 +0000] "GET /health HTTP/1.1" 200 123 "-" "-"
2025-10-30 08:33:14 [INFO]: ::1 - - [30/Oct/2025:08:33:14 +0000] "GET /health HTTP/1.1" 200 123 "-" "-"
2025-10-30 08:33:44 [INFO]: ::1 - - [30/Oct/2025:08:33:44 +0000] "GET /health HTTP/1.1" 200 123 "-" "-"
2025-10-30 08:34:14 [INFO]: ::1 - - [30/Oct/2025:08:34:14 +0000] "GET /health HTTP/1.1" 200 123 "-" "-"
2025-10-30 08:34:44 [INFO]: ::1 - - [30/Oct/2025:08:34:44 +0000] "GET /health HTTP/1.1" 200 123 "-" "-"
2025-10-30 08:35:14 [INFO]: ::1 - - [30/Oct/2025:08:35:14 +0000] "GET /health HTTP/1.1" 200 123 "-" "-"
2025-10-30 08:35:45 [INFO]: ::1 - - [30/Oct/2025:08:35:45 +0000] "GET /health HTTP/1.1" 200 123 "-" "-"
2025-10-30 08:36:15 [INFO]: ::1 - - [30/Oct/2025:08:36:15 +0000] "GET /health HTTP/1.1" 200 122 "-" "-"
2025-10-30 08:36:45 [INFO]: ::1 - - [30/Oct/2025:08:36:45 +0000] "GET /health HTTP/1.1" 200 122 "-" "-"
2025-10-30 08:37:15 [INFO]: ::1 - - [30/Oct/2025:08:37:15 +0000] "GET /health HTTP/1.1" 200 123 "-" "-"
2025-10-30 08:37:45 [INFO]: ::1 - - [30/Oct/2025:08:37:45 +0000] "GET /health HTTP/1.1" 200 123 "-" "-"
2025-10-30 08:38:15 [INFO]: ::1 - - [30/Oct/2025:08:38:15 +0000] "GET /health HTTP/1.1" 200 123 "-" "-"
2025-10-30 08:38:45 [INFO]: ::1 - - [30/Oct/2025:08:38:45 +0000] "GET /health HTTP/1.1" 200 123 "-" "-"
2025-10-30 08:39:15 [INFO]: ::1 - - [30/Oct/2025:08:39:15 +0000] "GET /health HTTP/1.1" 200 123 "-" "-"
2025-10-30 08:39:45 [INFO]: ::1 - - [30/Oct/2025:08:39:45 +0000] "GET /health HTTP/1.1" 200 123 "-" "-"
2025-10-30 08:40:15 [INFO]: ::1 - - [30/Oct/2025:08:40:15 +0000] "GET /health HTTP/1.1" 200 123 "-" "-"
2025-10-30 08:40:46 [INFO]: ::1 - - [30/Oct/2025:08:40:46 +0000] "GET /health HTTP/1.1" 200 123 "-" "-"
2025-10-30 08:41:16 [INFO]: ::1 - - [30/Oct/2025:08:41:16 +0000] "GET /health HTTP/1.1" 200 123 "-" "-"
2025-10-30 08:41:46 [INFO]: ::1 - - [30/Oct/2025:08:41:46 +0000] "GET /health HTTP/1.1" 200 123 "-" "-"
2025-10-30 08:42:16 [INFO]: ::1 - - [30/Oct/2025:08:42:16 +0000] "GET /health HTTP/1.1" 200 123 "-" "-"
2025-10-30 08:42:46 [INFO]: ::1 - - [30/Oct/2025:08:42:46 +0000] "GET /health HTTP/1.1" 200 123 "-" "-"
2025-10-30 08:43:16 [INFO]: ::1 - - [30/Oct/2025:08:43:16 +0000] "GET /health HTTP/1.1" 200 123 "-" "-"
2025-10-30 08:43:46 [INFO]: ::1 - - [30/Oct/2025:08:43:46 +0000] "GET /health HTTP/1.1" 200 123 "-" "-"
2025-10-30 08:44:16 [INFO]: ::1 - - [30/Oct/2025:08:44:16 +0000] "GET /health HTTP/1.1" 200 123 "-" "-"
2025-10-30 08:44:47 [INFO]: ::1 - - [30/Oct/2025:08:44:47 +0000] "GET /health HTTP/1.1" 200 121 "-" "-"
2025-10-30 08:45:17 [INFO]: ::1 - - [30/Oct/2025:08:45:17 +0000] "GET /health HTTP/1.1" 200 123 "-" "-"
2025-10-30 08:45:47 [INFO]: ::1 - - [30/Oct/2025:08:45:47 +0000] "GET /health HTTP/1.1" 200 123 "-" "-"
2025-10-30 08:46:17 [INFO]: ::1 - - [30/Oct/2025:08:46:17 +0000] "GET /health HTTP/1.1" 200 123 "-" "-"
2025-10-30 08:46:47 [INFO]: ::1 - - [30/Oct/2025:08:46:47 +0000] "GET /health HTTP/1.1" 200 123 "-" "-"
2025-10-30 08:47:17 [INFO]: ::1 - - [30/Oct/2025:08:47:17 +0000] "GET /health HTTP/1.1" 200 123 "-" "-"
2025-10-30 08:47:47 [INFO]: ::1 - - [30/Oct/2025:08:47:47 +0000] "GET /health HTTP/1.1" 200 123 "-" "-"
2025-10-30 08:48:17 [INFO]: ::1 - - [30/Oct/2025:08:48:17 +0000] "GET /health HTTP/1.1" 200 123 "-" "-"
2025-10-30 08:48:48 [INFO]: ::1 - - [30/Oct/2025:08:48:48 +0000] "GET /health HTTP/1.1" 200 123 "-" "-"
2025-10-30 08:49:18 [INFO]: ::1 - - [30/Oct/2025:08:49:18 +0000] "GET /health HTTP/1.1" 200 123 "-" "-"
2025-10-30 08:49:48 [INFO]: ::1 - - [30/Oct/2025:08:49:48 +0000] "GET /health HTTP/1.1" 200 123 "-" "-"
2025-10-30 08:50:18 [INFO]: ::1 - - [30/Oct/2025:08:50:18 +0000] "GET /health HTTP/1.1" 200 123 "-" "-"
2025-10-30 08:50:48 [INFO]: ::1 - - [30/Oct/2025:08:50:48 +0000] "GET /health HTTP/1.1" 200 123 "-" "-"
2025-10-30 08:51:18 [INFO]: ::1 - - [30/Oct/2025:08:51:18 +0000] "GET /health HTTP/1.1" 200 123 "-" "-"
2025-10-30 08:51:48 [INFO]: ::1 - - [30/Oct/2025:08:51:48 +0000] "GET /health HTTP/1.1" 200 123 "-" "-"
2025-10-30 08:52:18 [INFO]: ::1 - - [30/Oct/2025:08:52:18 +0000] "GET /health HTTP/1.1" 200 123 "-" "-"
2025-10-30 08:52:48 [INFO]: ::1 - - [30/Oct/2025:08:52:48 +0000] "GET /health HTTP/1.1" 200 123 "-" "-"
2025-10-30 08:53:18 [INFO]: ::1 - - [30/Oct/2025:08:53:18 +0000] "GET /health HTTP/1.1" 200 123 "-" "-"
2025-10-30 08:53:49 [INFO]: ::1 - - [30/Oct/2025:08:53:49 +0000] "GET /health HTTP/1.1" 200 123 "-" "-"
2025-10-30 08:54:19 [INFO]: ::1 - - [30/Oct/2025:08:54:19 +0000] "GET /health HTTP/1.1" 200 123 "-" "-"
2025-10-30 08:54:49 [INFO]: ::1 - - [30/Oct/2025:08:54:49 +0000] "GET /health HTTP/1.1" 200 123 "-" "-"
2025-10-30 08:55:19 [INFO]: ::1 - - [30/Oct/2025:08:55:19 +0000] "GET /health HTTP/1.1" 200 123 "-" "-"
2025-10-30 08:55:49 [INFO]: ::1 - - [30/Oct/2025:08:55:49 +0000] "GET /health HTTP/1.1" 200 123 "-" "-"
2025-10-30 08:56:19 [INFO]: ::1 - - [30/Oct/2025:08:56:19 +0000] "GET /health HTTP/1.1" 200 123 "-" "-"
2025-10-30 08:56:49 [INFO]: ::1 - - [30/Oct/2025:08:56:49 +0000] "GET /health HTTP/1.1" 200 123 "-" "-"
2025-10-30 08:57:19 [INFO]: ::1 - - [30/Oct/2025:08:57:19 +0000] "GET /health HTTP/1.1" 200 123 "-" "-"
2025-10-30 08:57:50 [INFO]: ::1 - - [30/Oct/2025:08:57:50 +0000] "GET /health HTTP/1.1" 200 123 "-" "-"
2025-10-30 08:58:20 [INFO]: ::1 - - [30/Oct/2025:08:58:20 +0000] "GET /health HTTP/1.1" 200 123 "-" "-"
2025-10-30 08:58:50 [INFO]: ::1 - - [30/Oct/2025:08:58:50 +0000] "GET /health HTTP/1.1" 200 123 "-" "-"
2025-10-30 08:59:20 [INFO]: ::1 - - [30/Oct/2025:08:59:20 +0000] "GET /health HTTP/1.1" 200 123 "-" "-"
2025-10-30 08:59:50 [INFO]: ::1 - - [30/Oct/2025:08:59:50 +0000] "GET /health HTTP/1.1" 200 123 "-" "-"
2025-10-30 09:00:20 [INFO]: ::1 - - [30/Oct/2025:09:00:20 +0000] "GET /health HTTP/1.1" 200 122 "-" "-"
2025-10-30 09:00:50 [INFO]: ::1 - - [30/Oct/2025:09:00:50 +0000] "GET /health HTTP/1.1" 200 123 "-" "-"
2025-10-30 09:01:20 [INFO]: ::1 - - [30/Oct/2025:09:01:20 +0000] "GET /health HTTP/1.1" 200 123 "-" "-"
2025-10-30 09:01:50 [INFO]: ::1 - - [30/Oct/2025:09:01:50 +0000] "GET /health HTTP/1.1" 200 123 "-" "-"
2025-10-30 09:02:20 [INFO]: ::1 - - [30/Oct/2025:09:02:20 +0000] "GET /health HTTP/1.1" 200 123 "-" "-"
2025-10-30 09:02:51 [INFO]: ::1 - - [30/Oct/2025:09:02:51 +0000] "GET /health HTTP/1.1" 200 123 "-" "-"
2025-10-30 09:03:21 [INFO]: ::1 - - [30/Oct/2025:09:03:21 +0000] "GET /health HTTP/1.1" 200 123 "-" "-"
2025-10-30 09:03:51 [INFO]: ::1 - - [30/Oct/2025:09:03:51 +0000] "GET /health HTTP/1.1" 200 123 "-" "-"
2025-10-30 09:04:21 [INFO]: ::1 - - [30/Oct/2025:09:04:21 +0000] "GET /health HTTP/1.1" 200 123 "-" "-"
2025-10-30 09:04:51 [INFO]: ::1 - - [30/Oct/2025:09:04:51 +0000] "GET /health HTTP/1.1" 200 123 "-" "-"
2025-10-30 09:05:21 [INFO]: ::1 - - [30/Oct/2025:09:05:21 +0000] "GET /health HTTP/1.1" 200 123 "-" "-"
2025-10-30 09:05:51 [INFO]: ::1 - - [30/Oct/2025:09:05:51 +0000] "GET /health HTTP/1.1" 200 123 "-" "-"
2025-10-30 09:06:21 [INFO]: ::1 - - [30/Oct/2025:09:06:21 +0000] "GET /health HTTP/1.1" 200 123 "-" "-"
2025-10-30 09:06:52 [INFO]: ::1 - - [30/Oct/2025:09:06:52 +0000] "GET /health HTTP/1.1" 200 123 "-" "-"
2025-10-30 09:07:22 [INFO]: ::1 - - [30/Oct/2025:09:07:22 +0000] "GET /health HTTP/1.1" 200 123 "-" "-"
2025-10-30 09:07:52 [INFO]: ::1 - - [30/Oct/2025:09:07:52 +0000] "GET /health HTTP/1.1" 200 123 "-" "-"
2025-10-30 09:08:22 [INFO]: ::1 - - [30/Oct/2025:09:08:22 +0000] "GET /health HTTP/1.1" 200 123 "-" "-"
2025-10-30 09:08:52 [INFO]: ::1 - - [30/Oct/2025:09:08:52 +0000] "GET /health HTTP/1.1" 200 123 "-" "-"
2025-10-30 09:09:22 [INFO]: ::1 - - [30/Oct/2025:09:09:22 +0000] "GET /health HTTP/1.1" 200 123 "-" "-"
2025-10-30 09:09:52 [INFO]: ::1 - - [30/Oct/2025:09:09:52 +0000] "GET /health HTTP/1.1" 200 122 "-" "-"
2025-10-30 09:10:22 [INFO]: ::1 - - [30/Oct/2025:09:10:22 +0000] "GET /health HTTP/1.1" 200 123 "-" "-"
2025-10-30 09:10:52 [INFO]: ::1 - - [30/Oct/2025:09:10:52 +0000] "GET /health HTTP/1.1" 200 123 "-" "-"
2025-10-30 09:11:22 [INFO]: ::1 - - [30/Oct/2025:09:11:22 +0000] "GET /health HTTP/1.1" 200 123 "-" "-"
2025-10-30 09:11:53 [INFO]: ::1 - - [30/Oct/2025:09:11:53 +0000] "GET /health HTTP/1.1" 200 123 "-" "-"
2025-10-30 09:12:23 [INFO]: ::1 - - [30/Oct/2025:09:12:23 +0000] "GET /health HTTP/1.1" 200 123 "-" "-"
2025-10-30 09:12:53 [INFO]: ::1 - - [30/Oct/2025:09:12:53 +0000] "GET /health HTTP/1.1" 200 123 "-" "-"
2025-10-30 09:13:23 [INFO]: ::1 - - [30/Oct/2025:09:13:23 +0000] "GET /health HTTP/1.1" 200 123 "-" "-"
2025-10-30 09:13:53 [INFO]: ::1 - - [30/Oct/2025:09:13:53 +0000] "GET /health HTTP/1.1" 200 123 "-" "-"
2025-10-30 09:14:23 [INFO]: ::1 - - [30/Oct/2025:09:14:23 +0000] "GET /health HTTP/1.1" 200 123 "-" "-"
2025-10-30 09:14:53 [INFO]: ::1 - - [30/Oct/2025:09:14:53 +0000] "GET /health HTTP/1.1" 200 123 "-" "-"
2025-10-30 09:15:23 [INFO]: ::1 - - [30/Oct/2025:09:15:23 +0000] "GET /health HTTP/1.1" 200 122 "-" "-"
2025-10-30 09:15:53 [INFO]: ::1 - - [30/Oct/2025:09:15:53 +0000] "GET /health HTTP/1.1" 200 123 "-" "-"
2025-10-30 09:16:23 [INFO]: ::1 - - [30/Oct/2025:09:16:23 +0000] "GET /health HTTP/1.1" 200 123 "-" "-"
2025-10-30 09:16:54 [INFO]: ::1 - - [30/Oct/2025:09:16:54 +0000] "GET /health HTTP/1.1" 200 123 "-" "-"
2025-10-30 09:17:24 [INFO]: ::1 - - [30/Oct/2025:09:17:24 +0000] "GET /health HTTP/1.1" 200 122 "-" "-"
2025-10-30 09:17:54 [INFO]: ::1 - - [30/Oct/2025:09:17:54 +0000] "GET /health HTTP/1.1" 200 123 "-" "-"
2025-10-30 09:18:24 [INFO]: ::1 - - [30/Oct/2025:09:18:24 +0000] "GET /health HTTP/1.1" 200 123 "-" "-"
2025-10-30 09:18:54 [INFO]: ::1 - - [30/Oct/2025:09:18:54 +0000] "GET /health HTTP/1.1" 200 123 "-" "-"
2025-10-30 09:19:24 [INFO]: ::1 - - [30/Oct/2025:09:19:24 +0000] "GET /health HTTP/1.1" 200 123 "-" "-"
2025-10-30 09:19:54 [INFO]: ::1 - - [30/Oct/2025:09:19:54 +0000] "GET /health HTTP/1.1" 200 123 "-" "-"
2025-10-30 09:20:24 [INFO]: ::1 - - [30/Oct/2025:09:20:24 +0000] "GET /health HTTP/1.1" 200 123 "-" "-"
2025-10-30 09:20:54 [INFO]: ::1 - - [30/Oct/2025:09:20:54 +0000] "GET /health HTTP/1.1" 200 123 "-" "-"
2025-10-30 09:21:24 [INFO]: ::1 - - [30/Oct/2025:09:21:24 +0000] "GET /health HTTP/1.1" 200 123 "-" "-"
2025-10-30 09:21:55 [INFO]: ::1 - - [30/Oct/2025:09:21:55 +0000] "GET /health HTTP/1.1" 200 123 "-" "-"
2025-10-30 09:22:25 [INFO]: ::1 - - [30/Oct/2025:09:22:25 +0000] "GET /health HTTP/1.1" 200 123 "-" "-"
2025-10-30 09:22:55 [INFO]: ::1 - - [30/Oct/2025:09:22:55 +0000] "GET /health HTTP/1.1" 200 123 "-" "-"
2025-10-30 09:23:25 [INFO]: ::1 - - [30/Oct/2025:09:23:25 +0000] "GET /health HTTP/1.1" 200 123 "-" "-"
2025-10-30 09:23:55 [INFO]: ::1 - - [30/Oct/2025:09:23:55 +0000] "GET /health HTTP/1.1" 200 123 "-" "-"
2025-10-30 09:24:25 [INFO]: ::1 - - [30/Oct/2025:09:24:25 +0000] "GET /health HTTP/1.1" 200 123 "-" "-"
2025-10-30 09:24:55 [INFO]: ::1 - - [30/Oct/2025:09:24:55 +0000] "GET /health HTTP/1.1" 200 123 "-" "-"
2025-10-30 09:25:25 [INFO]: ::1 - - [30/Oct/2025:09:25:25 +0000] "GET /health HTTP/1.1" 200 123 "-" "-"
2025-10-30 09:25:55 [INFO]: ::1 - - [30/Oct/2025:09:25:55 +0000] "GET /health HTTP/1.1" 200 123 "-" "-"
2025-10-30 09:26:25 [INFO]: ::1 - - [30/Oct/2025:09:26:25 +0000] "GET /health HTTP/1.1" 200 123 "-" "-"
2025-10-30 09:26:56 [INFO]: ::1 - - [30/Oct/2025:09:26:56 +0000] "GET /health HTTP/1.1" 200 122 "-" "-"
2025-10-30 09:27:26 [INFO]: ::1 - - [30/Oct/2025:09:27:26 +0000] "GET /health HTTP/1.1" 200 122 "-" "-"
2025-10-30 09:27:56 [INFO]: ::1 - - [30/Oct/2025:09:27:56 +0000] "GET /health HTTP/1.1" 200 123 "-" "-"
2025-10-30 09:28:26 [INFO]: ::1 - - [30/Oct/2025:09:28:26 +0000] "GET /health HTTP/1.1" 200 123 "-" "-"
2025-10-30 09:28:56 [INFO]: ::1 - - [30/Oct/2025:09:28:56 +0000] "GET /health HTTP/1.1" 200 123 "-" "-"
2025-10-30 09:29:26 [INFO]: ::1 - - [30/Oct/2025:09:29:26 +0000] "GET /health HTTP/1.1" 200 123 "-" "-"
2025-10-30 09:29:56 [INFO]: ::1 - - [30/Oct/2025:09:29:56 +0000] "GET /health HTTP/1.1" 200 123 "-" "-"
2025-10-30 09:30:26 [INFO]: ::1 - - [30/Oct/2025:09:30:26 +0000] "GET /health HTTP/1.1" 200 123 "-" "-"
2025-10-30 09:30:56 [INFO]: ::1 - - [30/Oct/2025:09:30:56 +0000] "GET /health HTTP/1.1" 200 123 "-" "-"
2025-10-30 09:31:27 [INFO]: ::1 - - [30/Oct/2025:09:31:27 +0000] "GET /health HTTP/1.1" 200 123 "-" "-"
2025-10-30 09:31:57 [INFO]: ::1 - - [30/Oct/2025:09:31:57 +0000] "GET /health HTTP/1.1" 200 123 "-" "-"
2025-10-30 09:32:27 [INFO]: ::1 - - [30/Oct/2025:09:32:27 +0000] "GET /health HTTP/1.1" 200 123 "-" "-"
2025-10-30 09:32:57 [INFO]: ::1 - - [30/Oct/2025:09:32:57 +0000] "GET /health HTTP/1.1" 200 123 "-" "-"
2025-10-30 09:33:27 [INFO]: ::1 - - [30/Oct/2025:09:33:27 +0000] "GET /health HTTP/1.1" 200 123 "-" "-"
2025-10-30 09:33:57 [INFO]: ::1 - - [30/Oct/2025:09:33:57 +0000] "GET /health HTTP/1.1" 200 123 "-" "-"
2025-10-30 09:34:27 [INFO]: ::1 - - [30/Oct/2025:09:34:27 +0000] "GET /health HTTP/1.1" 200 123 "-" "-"
2025-10-30 09:34:57 [INFO]: ::1 - - [30/Oct/2025:09:34:57 +0000] "GET /health HTTP/1.1" 200 123 "-" "-"
2025-10-30 09:35:27 [INFO]: ::1 - - [30/Oct/2025:09:35:27 +0000] "GET /health HTTP/1.1" 200 123 "-" "-"
2025-10-30 09:35:57 [INFO]: ::1 - - [30/Oct/2025:09:35:57 +0000] "GET /health HTTP/1.1" 200 123 "-" "-"
2025-10-30 09:36:28 [INFO]: ::1 - - [30/Oct/2025:09:36:28 +0000] "GET /health HTTP/1.1" 200 124 "-" "-"
2025-10-30 09:36:58 [INFO]: ::1 - - [30/Oct/2025:09:36:58 +0000] "GET /health HTTP/1.1" 200 124 "-" "-"
2025-10-30 09:37:28 [INFO]: ::1 - - [30/Oct/2025:09:37:28 +0000] "GET /health HTTP/1.1" 200 124 "-" "-"
2025-10-30 09:37:58 [INFO]: ::1 - - [30/Oct/2025:09:37:58 +0000] "GET /health HTTP/1.1" 200 124 "-" "-"
2025-10-30 09:38:28 [INFO]: ::1 - - [30/Oct/2025:09:38:28 +0000] "GET /health HTTP/1.1" 200 124 "-" "-"
2025-10-30 09:38:58 [INFO]: ::1 - - [30/Oct/2025:09:38:58 +0000] "GET /health HTTP/1.1" 200 124 "-" "-"
2025-10-30 09:39:28 [INFO]: ::1 - - [30/Oct/2025:09:39:28 +0000] "GET /health HTTP/1.1" 200 123 "-" "-"
2025-10-30 09:39:58 [INFO]: ::1 - - [30/Oct/2025:09:39:58 +0000] "GET /health HTTP/1.1" 200 124 "-" "-"
2025-10-30 09:40:28 [INFO]: ::1 - - [30/Oct/2025:09:40:28 +0000] "GET /health HTTP/1.1" 200 124 "-" "-"
2025-10-30 09:40:58 [INFO]: ::1 - - [30/Oct/2025:09:40:58 +0000] "GET /health HTTP/1.1" 200 124 "-" "-"
2025-10-30 09:41:29 [INFO]: ::1 - - [30/Oct/2025:09:41:29 +0000] "GET /health HTTP/1.1" 200 124 "-" "-"
2025-10-30 09:41:59 [INFO]: ::1 - - [30/Oct/2025:09:41:59 +0000] "GET /health HTTP/1.1" 200 124 "-" "-"
2025-10-30 09:42:29 [INFO]: ::1 - - [30/Oct/2025:09:42:29 +0000] "GET /health HTTP/1.1" 200 124 "-" "-"
2025-10-30 09:42:59 [INFO]: ::1 - - [30/Oct/2025:09:42:59 +0000] "GET /health HTTP/1.1" 200 124 "-" "-"
2025-10-30 09:43:29 [INFO]: ::1 - - [30/Oct/2025:09:43:29 +0000] "GET /health HTTP/1.1" 200 124 "-" "-"
2025-10-30 09:43:59 [INFO]: ::1 - - [30/Oct/2025:09:43:59 +0000] "GET /health HTTP/1.1" 200 123 "-" "-"
2025-10-30 09:44:29 [INFO]: ::1 - - [30/Oct/2025:09:44:29 +0000] "GET /health HTTP/1.1" 200 123 "-" "-"
2025-10-30 09:44:59 [INFO]: ::1 - - [30/Oct/2025:09:44:59 +0000] "GET /health HTTP/1.1" 200 124 "-" "-"
2025-10-30 09:45:29 [INFO]: ::1 - - [30/Oct/2025:09:45:29 +0000] "GET /health HTTP/1.1" 200 124 "-" "-"
2025-10-30 09:45:59 [INFO]: ::1 - - [30/Oct/2025:09:45:59 +0000] "GET /health HTTP/1.1" 200 123 "-" "-"
2025-10-30 09:46:30 [INFO]: ::1 - - [30/Oct/2025:09:46:30 +0000] "GET /health HTTP/1.1" 200 124 "-" "-"
2025-10-30 09:47:00 [INFO]: ::1 - - [30/Oct/2025:09:47:00 +0000] "GET /health HTTP/1.1" 200 124 "-" "-"
2025-10-30 09:47:30 [INFO]: ::1 - - [30/Oct/2025:09:47:30 +0000] "GET /health HTTP/1.1" 200 124 "-" "-"
2025-10-30 09:48:00 [INFO]: ::1 - - [30/Oct/2025:09:48:00 +0000] "GET /health HTTP/1.1" 200 124 "-" "-"
2025-10-30 09:48:30 [INFO]: ::1 - - [30/Oct/2025:09:48:30 +0000] "GET /health HTTP/1.1" 200 124 "-" "-"
2025-10-30 09:49:00 [INFO]: ::1 - - [30/Oct/2025:09:49:00 +0000] "GET /health HTTP/1.1" 200 124 "-" "-"
2025-10-30 09:49:30 [INFO]: ::1 - - [30/Oct/2025:09:49:30 +0000] "GET /health HTTP/1.1" 200 124 "-" "-"
2025-10-30 09:50:00 [INFO]: ::1 - - [30/Oct/2025:09:50:00 +0000] "GET /health HTTP/1.1" 200 124 "-" "-"
2025-10-30 09:50:30 [INFO]: ::1 - - [30/Oct/2025:09:50:30 +0000] "GET /health HTTP/1.1" 200 124 "-" "-"
2025-10-30 09:51:01 [INFO]: ::1 - - [30/Oct/2025:09:51:01 +0000] "GET /health HTTP/1.1" 200 124 "-" "-"
2025-10-30 09:51:31 [INFO]: ::1 - - [30/Oct/2025:09:51:31 +0000] "GET /health HTTP/1.1" 200 124 "-" "-"
2025-10-30 09:52:01 [INFO]: ::1 - - [30/Oct/2025:09:52:01 +0000] "GET /health HTTP/1.1" 200 124 "-" "-"
2025-10-30 09:52:31 [INFO]: ::1 - - [30/Oct/2025:09:52:31 +0000] "GET /health HTTP/1.1" 200 124 "-" "-"
2025-10-30 09:53:01 [INFO]: ::1 - - [30/Oct/2025:09:53:01 +0000] "GET /health HTTP/1.1" 200 124 "-" "-"
2025-10-30 09:53:31 [INFO]: ::1 - - [30/Oct/2025:09:53:31 +0000] "GET /health HTTP/1.1" 200 123 "-" "-"
2025-10-30 09:54:01 [INFO]: ::1 - - [30/Oct/2025:09:54:01 +0000] "GET /health HTTP/1.1" 200 124 "-" "-"
2025-10-30 09:54:31 [INFO]: ::1 - - [30/Oct/2025:09:54:31 +0000] "GET /health HTTP/1.1" 200 124 "-" "-"
2025-10-30 09:55:02 [INFO]: ::1 - - [30/Oct/2025:09:55:02 +0000] "GET /health HTTP/1.1" 200 124 "-" "-"
2025-10-30 09:55:32 [INFO]: ::1 - - [30/Oct/2025:09:55:32 +0000] "GET /health HTTP/1.1" 200 123 "-" "-"
2025-10-30 09:56:02 [INFO]: ::1 - - [30/Oct/2025:09:56:02 +0000] "GET /health HTTP/1.1" 200 124 "-" "-"
2025-10-30 09:56:32 [INFO]: ::1 - - [30/Oct/2025:09:56:32 +0000] "GET /health HTTP/1.1" 200 124 "-" "-"
2025-10-30 09:57:02 [INFO]: ::1 - - [30/Oct/2025:09:57:02 +0000] "GET /health HTTP/1.1" 200 124 "-" "-"
2025-10-30 09:57:32 [INFO]: ::1 - - [30/Oct/2025:09:57:32 +0000] "GET /health HTTP/1.1" 200 124 "-" "-"
2025-10-30 09:58:02 [INFO]: ::1 - - [30/Oct/2025:09:58:02 +0000] "GET /health HTTP/1.1" 200 123 "-" "-"
2025-10-30 09:58:32 [INFO]: ::1 - - [30/Oct/2025:09:58:32 +0000] "GET /health HTTP/1.1" 200 124 "-" "-"
2025-10-30 09:59:02 [INFO]: ::1 - - [30/Oct/2025:09:59:02 +0000] "GET /health HTTP/1.1" 200 124 "-" "-"
2025-10-30 09:59:33 [INFO]: ::1 - - [30/Oct/2025:09:59:33 +0000] "GET /health HTTP/1.1" 200 124 "-" "-"
2025-10-30 10:00:03 [INFO]: ::1 - - [30/Oct/2025:10:00:03 +0000] "GET /health HTTP/1.1" 200 124 "-" "-"
2025-10-30 10:00:33 [INFO]: ::1 - - [30/Oct/2025:10:00:33 +0000] "GET /health HTTP/1.1" 200 124 "-" "-"
2025-10-30 10:01:03 [INFO]: ::1 - - [30/Oct/2025:10:01:03 +0000] "GET /health HTTP/1.1" 200 123 "-" "-"
2025-10-30 10:01:33 [INFO]: ::1 - - [30/Oct/2025:10:01:33 +0000] "GET /health HTTP/1.1" 200 124 "-" "-"
2025-10-30 10:02:03 [INFO]: ::1 - - [30/Oct/2025:10:02:03 +0000] "GET /health HTTP/1.1" 200 123 "-" "-"
2025-10-30 10:02:33 [INFO]: ::1 - - [30/Oct/2025:10:02:33 +0000] "GET /health HTTP/1.1" 200 124 "-" "-"
2025-10-30 10:03:03 [INFO]: ::1 - - [30/Oct/2025:10:03:03 +0000] "GET /health HTTP/1.1" 200 124 "-" "-"
2025-10-30 10:03:33 [INFO]: ::1 - - [30/Oct/2025:10:03:33 +0000] "GET /health HTTP/1.1" 200 124 "-" "-"
2025-10-30 10:04:03 [INFO]: ::1 - - [30/Oct/2025:10:04:03 +0000] "GET /health HTTP/1.1" 200 124 "-" "-"
2025-10-30 10:04:34 [INFO]: ::1 - - [30/Oct/2025:10:04:34 +0000] "GET /health HTTP/1.1" 200 124 "-" "-"
2025-10-30 10:05:04 [INFO]: ::1 - - [30/Oct/2025:10:05:04 +0000] "GET /health HTTP/1.1" 200 124 "-" "-"
2025-10-30 10:05:34 [INFO]: ::1 - - [30/Oct/2025:10:05:34 +0000] "GET /health HTTP/1.1" 200 124 "-" "-"
2025-10-30 10:06:04 [INFO]: ::1 - - [30/Oct/2025:10:06:04 +0000] "GET /health HTTP/1.1" 200 124 "-" "-"
2025-10-30 10:06:34 [INFO]: ::1 - - [30/Oct/2025:10:06:34 +0000] "GET /health HTTP/1.1" 200 124 "-" "-"
2025-10-30 10:07:04 [INFO]: ::1 - - [30/Oct/2025:10:07:04 +0000] "GET /health HTTP/1.1" 200 124 "-" "-"
2025-10-30 10:07:34 [INFO]: ::1 - - [30/Oct/2025:10:07:34 +0000] "GET /health HTTP/1.1" 200 124 "-" "-"
2025-10-30 10:08:04 [INFO]: ::1 - - [30/Oct/2025:10:08:04 +0000] "GET /health HTTP/1.1" 200 124 "-" "-"
2025-10-30 10:08:34 [INFO]: ::1 - - [30/Oct/2025:10:08:34 +0000] "GET /health HTTP/1.1" 200 124 "-" "-"
2025-10-30 10:09:05 [INFO]: ::1 - - [30/Oct/2025:10:09:05 +0000] "GET /health HTTP/1.1" 200 124 "-" "-"
2025-10-30 10:09:35 [INFO]: ::1 - - [30/Oct/2025:10:09:35 +0000] "GET /health HTTP/1.1" 200 124 "-" "-"
2025-10-30 10:10:05 [INFO]: ::1 - - [30/Oct/2025:10:10:05 +0000] "GET /health HTTP/1.1" 200 123 "-" "-"
2025-10-30 10:10:35 [INFO]: ::1 - - [30/Oct/2025:10:10:35 +0000] "GET /health HTTP/1.1" 200 124 "-" "-"
2025-10-30 10:11:05 [INFO]: ::1 - - [30/Oct/2025:10:11:05 +0000] "GET /health HTTP/1.1" 200 124 "-" "-"
2025-10-30 10:11:35 [INFO]: ::1 - - [30/Oct/2025:10:11:35 +0000] "GET /health HTTP/1.1" 200 123 "-" "-"
2025-10-30 10:12:05 [INFO]: ::1 - - [30/Oct/2025:10:12:05 +0000] "GET /health HTTP/1.1" 200 124 "-" "-"
2025-10-30 10:12:35 [INFO]: ::1 - - [30/Oct/2025:10:12:35 +0000] "GET /health HTTP/1.1" 200 124 "-" "-"
2025-10-30 10:13:05 [INFO]: ::1 - - [30/Oct/2025:10:13:05 +0000] "GET /health HTTP/1.1" 200 123 "-" "-"
2025-10-30 10:13:35 [INFO]: ::1 - - [30/Oct/2025:10:13:35 +0000] "GET /health HTTP/1.1" 200 124 "-" "-"
2025-10-30 10:14:06 [INFO]: ::1 - - [30/Oct/2025:10:14:06 +0000] "GET /health HTTP/1.1" 200 124 "-" "-"
2025-10-30 10:14:36 [INFO]: ::1 - - [30/Oct/2025:10:14:36 +0000] "GET /health HTTP/1.1" 200 124 "-" "-"
2025-10-30 10:15:06 [INFO]: ::1 - - [30/Oct/2025:10:15:06 +0000] "GET /health HTTP/1.1" 200 124 "-" "-"
2025-10-30 10:16:22 [INFO]: ::1 - - [30/Oct/2025:10:16:22 +0000] "GET /health HTTP/1.1" 200 124 "-" "-"
2025-10-30 10:16:52 [INFO]: ::1 - - [30/Oct/2025:10:16:52 +0000] "GET /health HTTP/1.1" 200 124 "-" "-"
2025-10-30 10:17:22 [INFO]: ::1 - - [30/Oct/2025:10:17:22 +0000] "GET /health HTTP/1.1" 200 124 "-" "-"
