2025-11-04 06:30:05 [INFO]: Redis connected successfully
2025-11-04 06:30:05 [INFO]: PostgreSQL connected successfully
2025-11-04 06:30:05 [INFO]: Redis connected successfully
2025-11-04 06:30:05 [INFO]: Server running on port 4000 in production mode
2025-11-04 06:30:05 [INFO]: API available at: http://localhost:4000/api
2025-11-04 06:30:08 [INFO]: ::1 - - [04/Nov/2025:06:30:08 +0000] "GET /health HTTP/1.1" 200 120 "-" "-"
2025-11-04 06:30:39 [INFO]: ::1 - - [04/Nov/2025:06:30:39 +0000] "GET /health HTTP/1.1" 200 121 "-" "-"
2025-11-04 06:31:09 [INFO]: ::1 - - [04/Nov/2025:06:31:09 +0000] "GET /health HTTP/1.1" 200 121 "-" "-"
2025-11-04 06:31:39 [INFO]: ::1 - - [04/Nov/2025:06:31:39 +0000] "GET /health HTTP/1.1" 200 121 "-" "-"
2025-11-04 06:32:09 [INFO]: ::1 - - [04/Nov/2025:06:32:09 +0000] "GET /health HTTP/1.1" 200 122 "-" "-"
2025-11-04 06:32:39 [INFO]: ::1 - - [04/Nov/2025:06:32:39 +0000] "GET /health HTTP/1.1" 200 122 "-" "-"
2025-11-04 06:33:09 [INFO]: ::1 - - [04/Nov/2025:06:33:09 +0000] "GET /health HTTP/1.1" 200 122 "-" "-"
2025-11-04 06:33:39 [INFO]: ::1 - - [04/Nov/2025:06:33:39 +0000] "GET /health HTTP/1.1" 200 122 "-" "-"
2025-11-04 06:34:09 [INFO]: ::1 - - [04/Nov/2025:06:34:09 +0000] "GET /health HTTP/1.1" 200 122 "-" "-"
2025-11-04 06:34:39 [INFO]: ::1 - - [04/Nov/2025:06:34:39 +0000] "GET /health HTTP/1.1" 200 122 "-" "-"
2025-11-04 06:35:09 [INFO]: ::1 - - [04/Nov/2025:06:35:09 +0000] "GET /health HTTP/1.1" 200 122 "-" "-"
2025-11-04 06:35:40 [INFO]: ::1 - - [04/Nov/2025:06:35:40 +0000] "GET /health HTTP/1.1" 200 122 "-" "-"
2025-11-04 06:36:10 [INFO]: ::1 - - [04/Nov/2025:06:36:10 +0000] "GET /health HTTP/1.1" 200 122 "-" "-"
2025-11-04 06:36:40 [INFO]: ::1 - - [04/Nov/2025:06:36:40 +0000] "GET /health HTTP/1.1" 200 122 "-" "-"
2025-11-04 06:37:10 [INFO]: ::1 - - [04/Nov/2025:06:37:10 +0000] "GET /health HTTP/1.1" 200 122 "-" "-"
2025-11-04 06:37:40 [INFO]: ::1 - - [04/Nov/2025:06:37:40 +0000] "GET /health HTTP/1.1" 200 122 "-" "-"
2025-11-04 06:38:10 [INFO]: ::1 - - [04/Nov/2025:06:38:10 +0000] "GET /health HTTP/1.1" 200 122 "-" "-"
2025-11-04 06:38:40 [INFO]: ::1 - - [04/Nov/2025:06:38:40 +0000] "GET /health HTTP/1.1" 200 121 "-" "-"
2025-11-04 06:39:10 [INFO]: ::1 - - [04/Nov/2025:06:39:10 +0000] "GET /health HTTP/1.1" 200 122 "-" "-"
2025-11-04 06:39:40 [INFO]: ::1 - - [04/Nov/2025:06:39:40 +0000] "GET /health HTTP/1.1" 200 122 "-" "-"
2025-11-04 06:40:11 [INFO]: ::1 - - [04/Nov/2025:06:40:11 +0000] "GET /health HTTP/1.1" 200 122 "-" "-"
2025-11-04 06:40:41 [INFO]: ::1 - - [04/Nov/2025:06:40:41 +0000] "GET /health HTTP/1.1" 200 122 "-" "-"
2025-11-04 06:41:11 [INFO]: ::1 - - [04/Nov/2025:06:41:11 +0000] "GET /health HTTP/1.1" 200 122 "-" "-"
2025-11-04 06:41:41 [INFO]: ::1 - - [04/Nov/2025:06:41:41 +0000] "GET /health HTTP/1.1" 200 121 "-" "-"
2025-11-04 06:42:11 [INFO]: ::1 - - [04/Nov/2025:06:42:11 +0000] "GET /health HTTP/1.1" 200 122 "-" "-"
2025-11-04 06:42:41 [INFO]: ::1 - - [04/Nov/2025:06:42:41 +0000] "GET /health HTTP/1.1" 200 122 "-" "-"
2025-11-04 06:43:11 [INFO]: ::1 - - [04/Nov/2025:06:43:11 +0000] "GET /health HTTP/1.1" 200 122 "-" "-"
2025-11-04 06:43:41 [INFO]: ::1 - - [04/Nov/2025:06:43:41 +0000] "GET /health HTTP/1.1" 200 122 "-" "-"
2025-11-04 06:44:11 [INFO]: ::1 - - [04/Nov/2025:06:44:11 +0000] "GET /health HTTP/1.1" 200 120 "-" "-"
2025-11-04 06:44:41 [INFO]: ::1 - - [04/Nov/2025:06:44:41 +0000] "GET /health HTTP/1.1" 200 122 "-" "-"
2025-11-04 06:45:12 [INFO]: ::1 - - [04/Nov/2025:06:45:12 +0000] "GET /health HTTP/1.1" 200 122 "-" "-"
2025-11-04 06:45:42 [INFO]: ::1 - - [04/Nov/2025:06:45:42 +0000] "GET /health HTTP/1.1" 200 122 "-" "-"
2025-11-04 06:46:12 [INFO]: ::1 - - [04/Nov/2025:06:46:12 +0000] "GET /health HTTP/1.1" 200 122 "-" "-"
2025-11-04 06:46:42 [INFO]: ::1 - - [04/Nov/2025:06:46:42 +0000] "GET /health HTTP/1.1" 200 122 "-" "-"
2025-11-04 06:47:12 [INFO]: ::1 - - [04/Nov/2025:06:47:12 +0000] "GET /health HTTP/1.1" 200 123 "-" "-"
2025-11-04 06:47:42 [INFO]: ::1 - - [04/Nov/2025:06:47:42 +0000] "GET /health HTTP/1.1" 200 123 "-" "-"
2025-11-04 06:48:12 [INFO]: ::1 - - [04/Nov/2025:06:48:12 +0000] "GET /health HTTP/1.1" 200 123 "-" "-"
2025-11-04 06:48:42 [INFO]: ::1 - - [04/Nov/2025:06:48:42 +0000] "GET /health HTTP/1.1" 200 123 "-" "-"
2025-11-04 06:48:44 [INFO]: SIGTERM received. Starting graceful shutdown...
2025-11-04 06:48:44 [INFO]: HTTP server closed
2025-11-04 06:48:44 [INFO]: Database disconnected
2025-11-04 06:48:45 [INFO]: Redis connected successfully
2025-11-04 06:48:45 [INFO]: PostgreSQL connected successfully
2025-11-04 06:48:45 [INFO]: Redis connected successfully
2025-11-04 06:48:45 [INFO]: Server running on port 4000 in production mode
2025-11-04 06:48:45 [INFO]: API available at: http://localhost:4000/api
2025-11-04 06:48:47 [WARN]: Redis connection closed
2025-11-04 06:48:47 [ERROR]: Redis connection error: connect ECONNREFUSED 172.18.0.2:6379
Error: connect ECONNREFUSED 172.18.0.2:6379
    at TCPConnectWrap.afterConnect [as oncomplete] (node:net:1637:16)
2025-11-04 06:48:47 [WARN]: Redis connection closed
2025-11-04 06:48:48 [INFO]: Redis connected successfully
2025-11-04 06:48:50 [INFO]: ::1 - - [04/Nov/2025:06:48:50 +0000] "GET /health HTTP/1.1" 200 120 "-" "-"
2025-11-04 06:48:51 [ERROR]: Prisma Error: Error in PostgreSQL connection: Error { kind: Db, cause: Some(DbError { severity: "FATAL", parsed_severity: Some(Fatal), code: SqlState(E57P01), message: "terminating connection due to administrator command", detail: None, hint: None, position: None, where_: None, schema: None, table: None, column: None, datatype: None, constraint: None, file: Some("postgres.c"), line: Some(3211), routine: Some("ProcessInterrupts") }) }
2025-11-04 06:49:20 [INFO]: ::1 - - [04/Nov/2025:06:49:20 +0000] "GET /health HTTP/1.1" 200 121 "-" "-"
2025-11-04 06:49:50 [INFO]: ::1 - - [04/Nov/2025:06:49:50 +0000] "GET /health HTTP/1.1" 200 121 "-" "-"
2025-11-04 06:49:57 [ERROR]: Authentication error: Invalid or expired token
Error: Invalid or expired token
    at verifyAccessToken (/app/src/utils/token.js:37:11)
    at authenticate (/app/src/middleware/auth.js:23:21)
    at Layer.handle [as handle_request] (/app/node_modules/express/lib/router/layer.js:95:5)
    at next (/app/node_modules/express/lib/router/route.js:149:13)
    at Route.dispatch (/app/node_modules/express/lib/router/route.js:119:3)
    at Layer.handle [as handle_request] (/app/node_modules/express/lib/router/layer.js:95:5)
    at /app/node_modules/express/lib/router/index.js:284:15
    at Function.process_params (/app/node_modules/express/lib/router/index.js:346:12)
    at next (/app/node_modules/express/lib/router/index.js:280:10)
    at Function.handle (/app/node_modules/express/lib/router/index.js:175:3)
2025-11-04 06:49:57 [INFO]: ::ffff:172.18.0.1 - - [04/Nov/2025:06:49:57 +0000] "GET /api/auth/me HTTP/1.1" 401 54 "http://localhost:4001/" "Mozilla/5.0 (Windows NT 10.0; Win64; x64) AppleWebKit/537.36 (KHTML, like Gecko) Chrome/141.0.0.0 Safari/537.36"
2025-11-04 06:50:00 [INFO]: User logged in: admin@kpn.com
2025-11-04 06:50:00 [INFO]: ::ffff:172.18.0.1 - - [04/Nov/2025:06:50:00 +0000] "POST /api/auth/login HTTP/1.1" 200 437 "http://localhost:4001/" "Mozilla/5.0 (Windows NT 10.0; Win64; x64) AppleWebKit/537.36 (KHTML, like Gecko) Chrome/141.0.0.0 Safari/537.36"
2025-11-04 06:50:20 [INFO]: ::1 - - [04/Nov/2025:06:50:20 +0000] "GET /health HTTP/1.1" 200 121 "-" "-"
2025-11-04 06:50:50 [INFO]: ::1 - - [04/Nov/2025:06:50:50 +0000] "GET /health HTTP/1.1" 200 122 "-" "-"
2025-11-04 06:51:20 [INFO]: ::1 - - [04/Nov/2025:06:51:20 +0000] "GET /health HTTP/1.1" 200 122 "-" "-"
2025-11-04 06:51:50 [INFO]: ::1 - - [04/Nov/2025:06:51:50 +0000] "GET /health HTTP/1.1" 200 122 "-" "-"
2025-11-04 06:52:20 [INFO]: ::1 - - [04/Nov/2025:06:52:20 +0000] "GET /health HTTP/1.1" 200 122 "-" "-"
2025-11-04 06:52:50 [INFO]: ::1 - - [04/Nov/2025:06:52:50 +0000] "GET /health HTTP/1.1" 200 122 "-" "-"
2025-11-04 06:53:21 [INFO]: ::1 - - [04/Nov/2025:06:53:21 +0000] "GET /health HTTP/1.1" 200 121 "-" "-"
2025-11-04 06:53:51 [INFO]: ::1 - - [04/Nov/2025:06:53:51 +0000] "GET /health HTTP/1.1" 200 122 "-" "-"
2025-11-04 06:54:21 [INFO]: ::1 - - [04/Nov/2025:06:54:21 +0000] "GET /health HTTP/1.1" 200 122 "-" "-"
2025-11-04 06:54:51 [INFO]: ::1 - - [04/Nov/2025:06:54:51 +0000] "GET /health HTTP/1.1" 200 122 "-" "-"
2025-11-04 06:55:21 [INFO]: ::1 - - [04/Nov/2025:06:55:21 +0000] "GET /health HTTP/1.1" 200 122 "-" "-"
2025-11-04 06:55:51 [INFO]: ::1 - - [04/Nov/2025:06:55:51 +0000] "GET /health HTTP/1.1" 200 122 "-" "-"
2025-11-04 06:56:21 [INFO]: ::1 - - [04/Nov/2025:06:56:21 +0000] "GET /health HTTP/1.1" 200 122 "-" "-"
2025-11-04 06:56:51 [INFO]: ::1 - - [04/Nov/2025:06:56:51 +0000] "GET /health HTTP/1.1" 200 122 "-" "-"
2025-11-04 06:57:21 [INFO]: ::1 - - [04/Nov/2025:06:57:21 +0000] "GET /health HTTP/1.1" 200 122 "-" "-"
2025-11-04 06:57:51 [INFO]: ::1 - - [04/Nov/2025:06:57:51 +0000] "GET /health HTTP/1.1" 200 122 "-" "-"
2025-11-04 06:58:22 [INFO]: ::1 - - [04/Nov/2025:06:58:22 +0000] "GET /health HTTP/1.1" 200 122 "-" "-"
2025-11-04 06:58:52 [INFO]: ::1 - - [04/Nov/2025:06:58:52 +0000] "GET /health HTTP/1.1" 200 122 "-" "-"
2025-11-04 06:59:22 [INFO]: ::1 - - [04/Nov/2025:06:59:22 +0000] "GET /health HTTP/1.1" 200 122 "-" "-"
2025-11-04 06:59:52 [INFO]: ::1 - - [04/Nov/2025:06:59:52 +0000] "GET /health HTTP/1.1" 200 122 "-" "-"
2025-11-04 07:00:22 [INFO]: ::1 - - [04/Nov/2025:07:00:22 +0000] "GET /health HTTP/1.1" 200 122 "-" "-"
2025-11-04 07:00:52 [INFO]: ::1 - - [04/Nov/2025:07:00:52 +0000] "GET /health HTTP/1.1" 200 122 "-" "-"
2025-11-04 07:01:22 [INFO]: ::1 - - [04/Nov/2025:07:01:22 +0000] "GET /health HTTP/1.1" 200 122 "-" "-"
2025-11-04 07:01:52 [INFO]: ::1 - - [04/Nov/2025:07:01:52 +0000] "GET /health HTTP/1.1" 200 122 "-" "-"
2025-11-04 07:02:22 [INFO]: ::1 - - [04/Nov/2025:07:02:22 +0000] "GET /health HTTP/1.1" 200 122 "-" "-"
2025-11-04 07:02:52 [INFO]: ::1 - - [04/Nov/2025:07:02:52 +0000] "GET /health HTTP/1.1" 200 122 "-" "-"
2025-11-04 07:03:22 [INFO]: ::1 - - [04/Nov/2025:07:03:22 +0000] "GET /health HTTP/1.1" 200 122 "-" "-"
2025-11-04 07:03:53 [INFO]: ::1 - - [04/Nov/2025:07:03:53 +0000] "GET /health HTTP/1.1" 200 122 "-" "-"
2025-11-04 07:04:23 [INFO]: ::1 - - [04/Nov/2025:07:04:23 +0000] "GET /health HTTP/1.1" 200 122 "-" "-"
2025-11-04 07:04:53 [INFO]: ::1 - - [04/Nov/2025:07:04:53 +0000] "GET /health HTTP/1.1" 200 122 "-" "-"
2025-11-04 07:05:23 [INFO]: ::1 - - [04/Nov/2025:07:05:23 +0000] "GET /health HTTP/1.1" 200 122 "-" "-"
2025-11-04 07:05:53 [INFO]: ::1 - - [04/Nov/2025:07:05:53 +0000] "GET /health HTTP/1.1" 200 123 "-" "-"
2025-11-04 07:06:23 [INFO]: ::1 - - [04/Nov/2025:07:06:23 +0000] "GET /health HTTP/1.1" 200 123 "-" "-"
2025-11-04 07:06:53 [INFO]: ::1 - - [04/Nov/2025:07:06:53 +0000] "GET /health HTTP/1.1" 200 123 "-" "-"
2025-11-04 07:07:23 [INFO]: ::1 - - [04/Nov/2025:07:07:23 +0000] "GET /health HTTP/1.1" 200 123 "-" "-"
2025-11-04 07:07:53 [INFO]: ::1 - - [04/Nov/2025:07:07:53 +0000] "GET /health HTTP/1.1" 200 123 "-" "-"
2025-11-04 07:08:23 [INFO]: ::1 - - [04/Nov/2025:07:08:23 +0000] "GET /health HTTP/1.1" 200 123 "-" "-"
2025-11-04 07:08:53 [INFO]: ::1 - - [04/Nov/2025:07:08:53 +0000] "GET /health HTTP/1.1" 200 123 "-" "-"
2025-11-04 07:09:24 [INFO]: ::1 - - [04/Nov/2025:07:09:24 +0000] "GET /health HTTP/1.1" 200 123 "-" "-"
2025-11-04 07:09:54 [INFO]: ::1 - - [04/Nov/2025:07:09:54 +0000] "GET /health HTTP/1.1" 200 123 "-" "-"
2025-11-04 07:10:24 [INFO]: ::1 - - [04/Nov/2025:07:10:24 +0000] "GET /health HTTP/1.1" 200 122 "-" "-"
2025-11-04 07:10:54 [INFO]: ::1 - - [04/Nov/2025:07:10:54 +0000] "GET /health HTTP/1.1" 200 123 "-" "-"
2025-11-04 07:11:24 [INFO]: ::1 - - [04/Nov/2025:07:11:24 +0000] "GET /health HTTP/1.1" 200 123 "-" "-"
2025-11-04 07:11:54 [INFO]: ::1 - - [04/Nov/2025:07:11:54 +0000] "GET /health HTTP/1.1" 200 123 "-" "-"
2025-11-04 07:12:24 [INFO]: ::1 - - [04/Nov/2025:07:12:24 +0000] "GET /health HTTP/1.1" 200 123 "-" "-"
2025-11-04 07:12:54 [INFO]: ::1 - - [04/Nov/2025:07:12:54 +0000] "GET /health HTTP/1.1" 200 122 "-" "-"
2025-11-04 07:13:24 [INFO]: ::1 - - [04/Nov/2025:07:13:24 +0000] "GET /health HTTP/1.1" 200 123 "-" "-"
2025-11-04 07:13:54 [INFO]: ::1 - - [04/Nov/2025:07:13:54 +0000] "GET /health HTTP/1.1" 200 123 "-" "-"
2025-11-04 07:14:25 [INFO]: ::1 - - [04/Nov/2025:07:14:25 +0000] "GET /health HTTP/1.1" 200 123 "-" "-"
2025-11-04 07:14:55 [INFO]: ::1 - - [04/Nov/2025:07:14:55 +0000] "GET /health HTTP/1.1" 200 123 "-" "-"
2025-11-04 07:15:25 [INFO]: ::1 - - [04/Nov/2025:07:15:25 +0000] "GET /health HTTP/1.1" 200 123 "-" "-"
2025-11-04 07:15:55 [INFO]: ::1 - - [04/Nov/2025:07:15:55 +0000] "GET /health HTTP/1.1" 200 123 "-" "-"
2025-11-04 07:16:25 [INFO]: ::1 - - [04/Nov/2025:07:16:25 +0000] "GET /health HTTP/1.1" 200 123 "-" "-"
2025-11-04 07:16:55 [INFO]: ::1 - - [04/Nov/2025:07:16:55 +0000] "GET /health HTTP/1.1" 200 123 "-" "-"
2025-11-04 07:17:25 [INFO]: ::1 - - [04/Nov/2025:07:17:25 +0000] "GET /health HTTP/1.1" 200 123 "-" "-"
2025-11-04 07:17:55 [INFO]: ::1 - - [04/Nov/2025:07:17:55 +0000] "GET /health HTTP/1.1" 200 123 "-" "-"
2025-11-04 07:18:25 [INFO]: ::1 - - [04/Nov/2025:07:18:25 +0000] "GET /health HTTP/1.1" 200 123 "-" "-"
2025-11-04 07:18:55 [INFO]: ::1 - - [04/Nov/2025:07:18:55 +0000] "GET /health HTTP/1.1" 200 121 "-" "-"
2025-11-04 07:19:26 [INFO]: ::1 - - [04/Nov/2025:07:19:26 +0000] "GET /health HTTP/1.1" 200 123 "-" "-"
2025-11-04 07:19:56 [INFO]: ::1 - - [04/Nov/2025:07:19:56 +0000] "GET /health HTTP/1.1" 200 123 "-" "-"
2025-11-04 07:20:26 [INFO]: ::1 - - [04/Nov/2025:07:20:26 +0000] "GET /health HTTP/1.1" 200 123 "-" "-"
2025-11-04 07:20:56 [INFO]: ::1 - - [04/Nov/2025:07:20:56 +0000] "GET /health HTTP/1.1" 200 123 "-" "-"
2025-11-04 07:21:26 [INFO]: ::1 - - [04/Nov/2025:07:21:26 +0000] "GET /health HTTP/1.1" 200 123 "-" "-"
2025-11-04 07:21:56 [INFO]: ::1 - - [04/Nov/2025:07:21:56 +0000] "GET /health HTTP/1.1" 200 123 "-" "-"
2025-11-04 07:22:26 [INFO]: ::1 - - [04/Nov/2025:07:22:26 +0000] "GET /health HTTP/1.1" 200 123 "-" "-"
2025-11-04 07:22:56 [INFO]: ::1 - - [04/Nov/2025:07:22:56 +0000] "GET /health HTTP/1.1" 200 123 "-" "-"
2025-11-04 07:23:26 [INFO]: ::1 - - [04/Nov/2025:07:23:26 +0000] "GET /health HTTP/1.1" 200 123 "-" "-"
2025-11-04 07:23:56 [INFO]: ::1 - - [04/Nov/2025:07:23:56 +0000] "GET /health HTTP/1.1" 200 123 "-" "-"
2025-11-04 07:24:27 [INFO]: ::1 - - [04/Nov/2025:07:24:27 +0000] "GET /health HTTP/1.1" 200 122 "-" "-"
2025-11-04 07:24:57 [INFO]: ::1 - - [04/Nov/2025:07:24:57 +0000] "GET /health HTTP/1.1" 200 122 "-" "-"
2025-11-04 07:25:27 [INFO]: ::1 - - [04/Nov/2025:07:25:27 +0000] "GET /health HTTP/1.1" 200 123 "-" "-"
2025-11-04 07:25:57 [INFO]: ::1 - - [04/Nov/2025:07:25:57 +0000] "GET /health HTTP/1.1" 200 123 "-" "-"
2025-11-04 07:26:27 [INFO]: ::1 - - [04/Nov/2025:07:26:27 +0000] "GET /health HTTP/1.1" 200 123 "-" "-"
2025-11-04 07:26:57 [INFO]: ::1 - - [04/Nov/2025:07:26:57 +0000] "GET /health HTTP/1.1" 200 123 "-" "-"
2025-11-04 07:27:27 [INFO]: ::1 - - [04/Nov/2025:07:27:27 +0000] "GET /health HTTP/1.1" 200 123 "-" "-"
2025-11-04 07:27:57 [INFO]: ::1 - - [04/Nov/2025:07:27:57 +0000] "GET /health HTTP/1.1" 200 123 "-" "-"
2025-11-04 07:28:27 [INFO]: ::1 - - [04/Nov/2025:07:28:27 +0000] "GET /health HTTP/1.1" 200 123 "-" "-"
2025-11-04 07:28:57 [INFO]: ::1 - - [04/Nov/2025:07:28:57 +0000] "GET /health HTTP/1.1" 200 123 "-" "-"
2025-11-04 07:29:28 [INFO]: ::1 - - [04/Nov/2025:07:29:28 +0000] "GET /health HTTP/1.1" 200 123 "-" "-"
2025-11-04 07:29:58 [INFO]: ::1 - - [04/Nov/2025:07:29:58 +0000] "GET /health HTTP/1.1" 200 123 "-" "-"
2025-11-04 07:30:28 [INFO]: ::1 - - [04/Nov/2025:07:30:28 +0000] "GET /health HTTP/1.1" 200 121 "-" "-"
2025-11-04 07:30:58 [INFO]: ::1 - - [04/Nov/2025:07:30:58 +0000] "GET /health HTTP/1.1" 200 123 "-" "-"
2025-11-04 07:31:28 [INFO]: ::1 - - [04/Nov/2025:07:31:28 +0000] "GET /health HTTP/1.1" 200 123 "-" "-"
2025-11-04 07:31:58 [INFO]: ::1 - - [04/Nov/2025:07:31:58 +0000] "GET /health HTTP/1.1" 200 123 "-" "-"
2025-11-04 07:32:28 [INFO]: ::1 - - [04/Nov/2025:07:32:28 +0000] "GET /health HTTP/1.1" 200 123 "-" "-"
2025-11-04 07:32:58 [INFO]: ::1 - - [04/Nov/2025:07:32:58 +0000] "GET /health HTTP/1.1" 200 123 "-" "-"
2025-11-04 07:33:29 [INFO]: ::1 - - [04/Nov/2025:07:33:29 +0000] "GET /health HTTP/1.1" 200 123 "-" "-"
2025-11-04 07:33:59 [INFO]: ::1 - - [04/Nov/2025:07:33:59 +0000] "GET /health HTTP/1.1" 200 123 "-" "-"
2025-11-04 07:34:29 [INFO]: ::1 - - [04/Nov/2025:07:34:29 +0000] "GET /health HTTP/1.1" 200 123 "-" "-"
2025-11-04 07:34:59 [INFO]: ::1 - - [04/Nov/2025:07:34:59 +0000] "GET /health HTTP/1.1" 200 123 "-" "-"
2025-11-04 07:35:29 [INFO]: ::1 - - [04/Nov/2025:07:35:29 +0000] "GET /health HTTP/1.1" 200 123 "-" "-"
2025-11-04 07:35:59 [INFO]: ::1 - - [04/Nov/2025:07:35:59 +0000] "GET /health HTTP/1.1" 200 123 "-" "-"
2025-11-04 07:36:29 [INFO]: ::1 - - [04/Nov/2025:07:36:29 +0000] "GET /health HTTP/1.1" 200 123 "-" "-"
2025-11-04 07:37:00 [INFO]: ::1 - - [04/Nov/2025:07:37:00 +0000] "GET /health HTTP/1.1" 200 122 "-" "-"
2025-11-04 07:37:30 [INFO]: ::1 - - [04/Nov/2025:07:37:30 +0000] "GET /health HTTP/1.1" 200 123 "-" "-"
2025-11-04 07:38:00 [INFO]: ::1 - - [04/Nov/2025:07:38:00 +0000] "GET /health HTTP/1.1" 200 123 "-" "-"
2025-11-04 07:38:30 [INFO]: ::1 - - [04/Nov/2025:07:38:30 +0000] "GET /health HTTP/1.1" 200 123 "-" "-"
2025-11-04 07:39:00 [INFO]: ::1 - - [04/Nov/2025:07:39:00 +0000] "GET /health HTTP/1.1" 200 123 "-" "-"
2025-11-04 07:39:30 [INFO]: ::1 - - [04/Nov/2025:07:39:30 +0000] "GET /health HTTP/1.1" 200 123 "-" "-"
2025-11-04 07:40:00 [INFO]: ::1 - - [04/Nov/2025:07:40:00 +0000] "GET /health HTTP/1.1" 200 123 "-" "-"
2025-11-04 07:40:30 [INFO]: ::1 - - [04/Nov/2025:07:40:30 +0000] "GET /health HTTP/1.1" 200 122 "-" "-"
2025-11-04 07:41:01 [INFO]: ::1 - - [04/Nov/2025:07:41:01 +0000] "GET /health HTTP/1.1" 200 123 "-" "-"
2025-11-04 07:41:31 [INFO]: ::1 - - [04/Nov/2025:07:41:31 +0000] "GET /health HTTP/1.1" 200 123 "-" "-"
2025-11-04 07:42:01 [INFO]: ::1 - - [04/Nov/2025:07:42:01 +0000] "GET /health HTTP/1.1" 200 123 "-" "-"
2025-11-04 07:42:31 [INFO]: ::1 - - [04/Nov/2025:07:42:31 +0000] "GET /health HTTP/1.1" 200 123 "-" "-"
2025-11-04 07:43:01 [INFO]: ::1 - - [04/Nov/2025:07:43:01 +0000] "GET /health HTTP/1.1" 200 123 "-" "-"
2025-11-04 07:43:31 [INFO]: ::1 - - [04/Nov/2025:07:43:31 +0000] "GET /health HTTP/1.1" 200 123 "-" "-"
2025-11-04 07:44:01 [INFO]: ::1 - - [04/Nov/2025:07:44:01 +0000] "GET /health HTTP/1.1" 200 123 "-" "-"
2025-11-04 07:44:31 [INFO]: ::1 - - [04/Nov/2025:07:44:31 +0000] "GET /health HTTP/1.1" 200 123 "-" "-"
2025-11-04 07:45:01 [INFO]: ::1 - - [04/Nov/2025:07:45:01 +0000] "GET /health HTTP/1.1" 200 123 "-" "-"
2025-11-04 07:45:32 [INFO]: ::1 - - [04/Nov/2025:07:45:32 +0000] "GET /health HTTP/1.1" 200 123 "-" "-"
2025-11-04 07:46:02 [INFO]: ::1 - - [04/Nov/2025:07:46:02 +0000] "GET /health HTTP/1.1" 200 123 "-" "-"
2025-11-04 07:46:32 [INFO]: ::1 - - [04/Nov/2025:07:46:32 +0000] "GET /health HTTP/1.1" 200 123 "-" "-"
2025-11-04 07:46:39 [ERROR]: Authentication error: Invalid or expired token
Error: Invalid or expired token
    at verifyAccessToken (/app/src/utils/token.js:37:11)
    at authenticate (/app/src/middleware/auth.js:23:21)
    at Layer.handle [as handle_request] (/app/node_modules/express/lib/router/layer.js:95:5)
    at next (/app/node_modules/express/lib/router/route.js:149:13)
    at Route.dispatch (/app/node_modules/express/lib/router/route.js:119:3)
    at Layer.handle [as handle_request] (/app/node_modules/express/lib/router/layer.js:95:5)
    at /app/node_modules/express/lib/router/index.js:284:15
    at Function.process_params (/app/node_modules/express/lib/router/index.js:346:12)
    at next (/app/node_modules/express/lib/router/index.js:280:10)
    at Function.handle (/app/node_modules/express/lib/router/index.js:175:3)
2025-11-04 07:46:39 [INFO]: ::ffff:172.18.0.1 - - [04/Nov/2025:07:46:39 +0000] "GET /api/auth/me HTTP/1.1" 401 54 "http://localhost:4001/" "Mozilla/5.0 (Windows NT 10.0; Win64; x64) AppleWebKit/537.36 (KHTML, like Gecko) Chrome/141.0.0.0 Safari/537.36"
2025-11-04 07:46:40 [INFO]: User logged in: admin@kpn.com
2025-11-04 07:46:40 [INFO]: ::ffff:172.18.0.1 - - [04/Nov/2025:07:46:40 +0000] "POST /api/auth/login HTTP/1.1" 200 437 "http://localhost:4001/" "Mozilla/5.0 (Windows NT 10.0; Win64; x64) AppleWebKit/537.36 (KHTML, like Gecko) Chrome/141.0.0.0 Safari/537.36"
2025-11-04 07:46:58 [INFO]: ::ffff:172.18.0.1 - - [04/Nov/2025:07:46:58 +0000] "GET /api/auth/me HTTP/1.1" 304 - "http://localhost:4001/" "Mozilla/5.0 (Windows NT 10.0; Win64; x64) AppleWebKit/537.36 (KHTML, like Gecko) Chrome/141.0.0.0 Safari/537.36"
2025-11-04 07:47:02 [INFO]: ::1 - - [04/Nov/2025:07:47:02 +0000] "GET /health HTTP/1.1" 200 123 "-" "-"
2025-11-04 07:47:32 [INFO]: ::1 - - [04/Nov/2025:07:47:32 +0000] "GET /health HTTP/1.1" 200 123 "-" "-"
2025-11-04 07:48:02 [INFO]: ::1 - - [04/Nov/2025:07:48:02 +0000] "GET /health HTTP/1.1" 200 123 "-" "-"
2025-11-04 07:48:32 [INFO]: ::1 - - [04/Nov/2025:07:48:32 +0000] "GET /health HTTP/1.1" 200 123 "-" "-"
2025-11-04 07:49:02 [INFO]: ::1 - - [04/Nov/2025:07:49:02 +0000] "GET /health HTTP/1.1" 200 123 "-" "-"
2025-11-04 07:49:32 [INFO]: ::1 - - [04/Nov/2025:07:49:32 +0000] "GET /health HTTP/1.1" 200 123 "-" "-"
2025-11-04 07:50:02 [INFO]: ::1 - - [04/Nov/2025:07:50:02 +0000] "GET /health HTTP/1.1" 200 123 "-" "-"
2025-11-04 07:50:33 [INFO]: ::1 - - [04/Nov/2025:07:50:33 +0000] "GET /health HTTP/1.1" 200 123 "-" "-"
2025-11-04 07:51:03 [INFO]: ::1 - - [04/Nov/2025:07:51:03 +0000] "GET /health HTTP/1.1" 200 123 "-" "-"
2025-11-04 07:51:33 [INFO]: ::1 - - [04/Nov/2025:07:51:33 +0000] "GET /health HTTP/1.1" 200 123 "-" "-"
2025-11-04 07:52:03 [INFO]: ::1 - - [04/Nov/2025:07:52:03 +0000] "GET /health HTTP/1.1" 200 123 "-" "-"
2025-11-04 07:52:33 [INFO]: ::1 - - [04/Nov/2025:07:52:33 +0000] "GET /health HTTP/1.1" 200 123 "-" "-"
2025-11-04 07:53:03 [INFO]: ::1 - - [04/Nov/2025:07:53:03 +0000] "GET /health HTTP/1.1" 200 123 "-" "-"
2025-11-04 07:53:33 [INFO]: ::1 - - [04/Nov/2025:07:53:33 +0000] "GET /health HTTP/1.1" 200 123 "-" "-"
2025-11-04 07:54:03 [INFO]: ::1 - - [04/Nov/2025:07:54:03 +0000] "GET /health HTTP/1.1" 200 123 "-" "-"
2025-11-04 07:54:33 [INFO]: ::1 - - [04/Nov/2025:07:54:33 +0000] "GET /health HTTP/1.1" 200 122 "-" "-"
2025-11-04 07:55:03 [INFO]: ::1 - - [04/Nov/2025:07:55:03 +0000] "GET /health HTTP/1.1" 200 123 "-" "-"
2025-11-04 07:55:04 [INFO]: ::ffff:172.18.0.1 - - [04/Nov/2025:07:55:04 +0000] "GET /api/auth/me HTTP/1.1" 304 - "http://localhost:4001/" "Mozilla/5.0 (Windows NT 10.0; Win64; x64) AppleWebKit/537.36 (KHTML, like Gecko) Chrome/141.0.0.0 Safari/537.36"
2025-11-04 07:55:06 [INFO]: User logged in: admin@kpn.com
2025-11-04 07:55:06 [INFO]: ::ffff:172.18.0.1 - - [04/Nov/2025:07:55:06 +0000] "POST /api/auth/login HTTP/1.1" 200 437 "http://localhost:4001/" "Mozilla/5.0 (Windows NT 10.0; Win64; x64) AppleWebKit/537.36 (KHTML, like Gecko) Chrome/141.0.0.0 Safari/537.36"
2025-11-04 07:55:18 [INFO]: ::ffff:172.18.0.1 - - [04/Nov/2025:07:55:18 +0000] "GET /api/auth/me HTTP/1.1" 304 - "http://localhost:4001/" "Mozilla/5.0 (Windows NT 10.0; Win64; x64) AppleWebKit/537.36 (KHTML, like Gecko) Chrome/141.0.0.0 Safari/537.36"
2025-11-04 07:55:34 [INFO]: ::1 - - [04/Nov/2025:07:55:34 +0000] "GET /health HTTP/1.1" 200 123 "-" "-"
2025-11-04 07:56:04 [INFO]: ::1 - - [04/Nov/2025:07:56:04 +0000] "GET /health HTTP/1.1" 200 123 "-" "-"
2025-11-04 07:56:34 [INFO]: ::1 - - [04/Nov/2025:07:56:34 +0000] "GET /health HTTP/1.1" 200 123 "-" "-"
2025-11-04 07:57:04 [INFO]: ::1 - - [04/Nov/2025:07:57:04 +0000] "GET /health HTTP/1.1" 200 123 "-" "-"
2025-11-04 07:57:34 [INFO]: ::1 - - [04/Nov/2025:07:57:34 +0000] "GET /health HTTP/1.1" 200 123 "-" "-"
2025-11-04 07:58:04 [INFO]: ::1 - - [04/Nov/2025:07:58:04 +0000] "GET /health HTTP/1.1" 200 123 "-" "-"
2025-11-04 07:58:34 [INFO]: ::1 - - [04/Nov/2025:07:58:34 +0000] "GET /health HTTP/1.1" 200 122 "-" "-"
2025-11-04 07:59:04 [INFO]: ::1 - - [04/Nov/2025:07:59:04 +0000] "GET /health HTTP/1.1" 200 123 "-" "-"
2025-11-04 07:59:34 [INFO]: ::1 - - [04/Nov/2025:07:59:34 +0000] "GET /health HTTP/1.1" 200 123 "-" "-"
2025-11-04 08:00:05 [INFO]: ::1 - - [04/Nov/2025:08:00:05 +0000] "GET /health HTTP/1.1" 200 123 "-" "-"
2025-11-04 08:02:28 [INFO]: ::1 - - [04/Nov/2025:08:02:28 +0000] "GET /health HTTP/1.1" 200 123 "-" "-"
2025-11-04 08:02:58 [INFO]: ::1 - - [04/Nov/2025:08:02:58 +0000] "GET /health HTTP/1.1" 200 122 "-" "-"
2025-11-04 08:03:28 [INFO]: ::1 - - [04/Nov/2025:08:03:28 +0000] "GET /health HTTP/1.1" 200 123 "-" "-"
2025-11-04 08:03:58 [INFO]: ::1 - - [04/Nov/2025:08:03:58 +0000] "GET /health HTTP/1.1" 200 123 "-" "-"
2025-11-04 08:04:29 [INFO]: ::1 - - [04/Nov/2025:08:04:29 +0000] "GET /health HTTP/1.1" 200 122 "-" "-"
2025-11-04 08:04:59 [INFO]: ::1 - - [04/Nov/2025:08:04:59 +0000] "GET /health HTTP/1.1" 200 123 "-" "-"
2025-11-04 08:05:29 [INFO]: ::1 - - [04/Nov/2025:08:05:29 +0000] "GET /health HTTP/1.1" 200 123 "-" "-"
2025-11-04 08:05:59 [INFO]: ::1 - - [04/Nov/2025:08:05:59 +0000] "GET /health HTTP/1.1" 200 123 "-" "-"
2025-11-04 08:06:29 [INFO]: ::1 - - [04/Nov/2025:08:06:29 +0000] "GET /health HTTP/1.1" 200 123 "-" "-"
2025-11-04 08:07:00 [INFO]: ::1 - - [04/Nov/2025:08:07:00 +0000] "GET /health HTTP/1.1" 200 123 "-" "-"
2025-11-04 08:07:30 [INFO]: ::1 - - [04/Nov/2025:08:07:30 +0000] "GET /health HTTP/1.1" 200 122 "-" "-"
2025-11-04 08:08:00 [INFO]: ::1 - - [04/Nov/2025:08:08:00 +0000] "GET /health HTTP/1.1" 200 123 "-" "-"
2025-11-04 08:08:30 [INFO]: ::1 - - [04/Nov/2025:08:08:30 +0000] "GET /health HTTP/1.1" 200 122 "-" "-"
2025-11-04 08:09:01 [INFO]: ::1 - - [04/Nov/2025:08:09:01 +0000] "GET /health HTTP/1.1" 200 123 "-" "-"
2025-11-04 08:09:31 [INFO]: ::1 - - [04/Nov/2025:08:09:31 +0000] "GET /health HTTP/1.1" 200 123 "-" "-"
2025-11-04 08:10:01 [INFO]: ::1 - - [04/Nov/2025:08:10:01 +0000] "GET /health HTTP/1.1" 200 123 "-" "-"
2025-11-04 08:10:31 [INFO]: ::1 - - [04/Nov/2025:08:10:31 +0000] "GET /health HTTP/1.1" 200 123 "-" "-"
2025-11-04 08:11:01 [INFO]: ::1 - - [04/Nov/2025:08:11:01 +0000] "GET /health HTTP/1.1" 200 123 "-" "-"
2025-11-04 08:11:32 [INFO]: ::1 - - [04/Nov/2025:08:11:32 +0000] "GET /health HTTP/1.1" 200 123 "-" "-"
2025-11-04 08:12:02 [INFO]: ::1 - - [04/Nov/2025:08:12:02 +0000] "GET /health HTTP/1.1" 200 123 "-" "-"
2025-11-04 08:12:32 [INFO]: ::1 - - [04/Nov/2025:08:12:32 +0000] "GET /health HTTP/1.1" 200 123 "-" "-"
2025-11-04 08:13:02 [INFO]: ::1 - - [04/Nov/2025:08:13:02 +0000] "GET /health HTTP/1.1" 200 123 "-" "-"
2025-11-04 08:13:32 [INFO]: ::1 - - [04/Nov/2025:08:13:32 +0000] "GET /health HTTP/1.1" 200 123 "-" "-"
2025-11-04 08:14:02 [INFO]: ::1 - - [04/Nov/2025:08:14:02 +0000] "GET /health HTTP/1.1" 200 123 "-" "-"
2025-11-04 08:14:33 [INFO]: ::1 - - [04/Nov/2025:08:14:33 +0000] "GET /health HTTP/1.1" 200 123 "-" "-"
2025-11-04 08:15:03 [INFO]: ::1 - - [04/Nov/2025:08:15:03 +0000] "GET /health HTTP/1.1" 200 123 "-" "-"
2025-11-04 08:15:33 [INFO]: ::1 - - [04/Nov/2025:08:15:33 +0000] "GET /health HTTP/1.1" 200 123 "-" "-"
2025-11-04 08:16:03 [INFO]: ::1 - - [04/Nov/2025:08:16:03 +0000] "GET /health HTTP/1.1" 200 123 "-" "-"
2025-11-04 08:16:34 [INFO]: ::1 - - [04/Nov/2025:08:16:34 +0000] "GET /health HTTP/1.1" 200 123 "-" "-"
2025-11-04 08:17:04 [INFO]: ::1 - - [04/Nov/2025:08:17:04 +0000] "GET /health HTTP/1.1" 200 123 "-" "-"
2025-11-04 08:17:34 [INFO]: ::1 - - [04/Nov/2025:08:17:34 +0000] "GET /health HTTP/1.1" 200 123 "-" "-"
2025-11-04 08:17:35 [INFO]: User logged in: admin@kpn.com
2025-11-04 08:17:35 [INFO]: ::ffff:172.18.0.1 - - [04/Nov/2025:08:17:35 +0000] "POST /api/auth/login HTTP/1.1" 200 437 "http://localhost:4001/" "Mozilla/5.0 (Windows NT 10.0; Win64; x64) AppleWebKit/537.36 (KHTML, like Gecko) Chrome/141.0.0.0 Safari/537.36"
2025-11-04 08:18:04 [INFO]: ::1 - - [04/Nov/2025:08:18:04 +0000] "GET /health HTTP/1.1" 200 123 "-" "-"
2025-11-04 08:18:34 [INFO]: ::1 - - [04/Nov/2025:08:18:34 +0000] "GET /health HTTP/1.1" 200 123 "-" "-"
2025-11-04 08:19:04 [INFO]: ::1 - - [04/Nov/2025:08:19:04 +0000] "GET /health HTTP/1.1" 200 123 "-" "-"
2025-11-04 08:19:35 [INFO]: ::1 - - [04/Nov/2025:08:19:35 +0000] "GET /health HTTP/1.1" 200 123 "-" "-"
2025-11-04 08:20:05 [INFO]: ::1 - - [04/Nov/2025:08:20:05 +0000] "GET /health HTTP/1.1" 200 123 "-" "-"
2025-11-04 08:20:35 [INFO]: ::1 - - [04/Nov/2025:08:20:35 +0000] "GET /health HTTP/1.1" 200 123 "-" "-"
2025-11-04 08:21:05 [INFO]: ::1 - - [04/Nov/2025:08:21:05 +0000] "GET /health HTTP/1.1" 200 123 "-" "-"
2025-11-04 08:21:35 [INFO]: ::1 - - [04/Nov/2025:08:21:35 +0000] "GET /health HTTP/1.1" 200 122 "-" "-"
2025-11-04 08:22:05 [INFO]: ::1 - - [04/Nov/2025:08:22:05 +0000] "GET /health HTTP/1.1" 200 123 "-" "-"
2025-11-04 08:22:36 [INFO]: ::1 - - [04/Nov/2025:08:22:36 +0000] "GET /health HTTP/1.1" 200 123 "-" "-"
2025-11-04 08:23:06 [INFO]: ::1 - - [04/Nov/2025:08:23:06 +0000] "GET /health HTTP/1.1" 200 123 "-" "-"
2025-11-04 08:23:36 [INFO]: ::1 - - [04/Nov/2025:08:23:36 +0000] "GET /health HTTP/1.1" 200 123 "-" "-"
2025-11-04 08:25:15 [INFO]: ::1 - - [04/Nov/2025:08:25:15 +0000] "GET /health HTTP/1.1" 200 123 "-" "-"
2025-11-04 08:29:14 [INFO]: ::1 - - [04/Nov/2025:08:29:14 +0000] "GET /health HTTP/1.1" 200 123 "-" "-"
2025-11-04 08:29:44 [INFO]: ::1 - - [04/Nov/2025:08:29:44 +0000] "GET /health HTTP/1.1" 200 123 "-" "-"
2025-11-04 08:30:14 [INFO]: ::1 - - [04/Nov/2025:08:30:14 +0000] "GET /health HTTP/1.1" 200 123 "-" "-"
2025-11-04 08:30:45 [INFO]: ::1 - - [04/Nov/2025:08:30:45 +0000] "GET /health HTTP/1.1" 200 123 "-" "-"
2025-11-04 08:31:15 [INFO]: ::1 - - [04/Nov/2025:08:31:15 +0000] "GET /health HTTP/1.1" 200 123 "-" "-"
2025-11-04 08:31:45 [INFO]: ::1 - - [04/Nov/2025:08:31:45 +0000] "GET /health HTTP/1.1" 200 123 "-" "-"
2025-11-04 08:32:15 [INFO]: ::1 - - [04/Nov/2025:08:32:15 +0000] "GET /health HTTP/1.1" 200 123 "-" "-"
2025-11-04 08:32:45 [INFO]: ::1 - - [04/Nov/2025:08:32:45 +0000] "GET /health HTTP/1.1" 200 123 "-" "-"
2025-11-04 08:33:15 [INFO]: ::1 - - [04/Nov/2025:08:33:15 +0000] "GET /health HTTP/1.1" 200 123 "-" "-"
2025-11-04 08:33:45 [INFO]: ::1 - - [04/Nov/2025:08:33:45 +0000] "GET /health HTTP/1.1" 200 123 "-" "-"
2025-11-04 08:34:15 [INFO]: ::1 - - [04/Nov/2025:08:34:15 +0000] "GET /health HTTP/1.1" 200 123 "-" "-"
2025-11-04 08:34:46 [INFO]: ::1 - - [04/Nov/2025:08:34:46 +0000] "GET /health HTTP/1.1" 200 122 "-" "-"
2025-11-04 08:35:16 [INFO]: ::1 - - [04/Nov/2025:08:35:16 +0000] "GET /health HTTP/1.1" 200 123 "-" "-"
2025-11-04 08:35:46 [INFO]: ::1 - - [04/Nov/2025:08:35:46 +0000] "GET /health HTTP/1.1" 200 123 "-" "-"
2025-11-04 08:36:16 [INFO]: ::1 - - [04/Nov/2025:08:36:16 +0000] "GET /health HTTP/1.1" 200 123 "-" "-"
2025-11-04 08:36:46 [INFO]: ::1 - - [04/Nov/2025:08:36:46 +0000] "GET /health HTTP/1.1" 200 123 "-" "-"
2025-11-04 08:37:16 [INFO]: ::1 - - [04/Nov/2025:08:37:16 +0000] "GET /health HTTP/1.1" 200 123 "-" "-"
2025-11-04 08:37:46 [INFO]: ::1 - - [04/Nov/2025:08:37:46 +0000] "GET /health HTTP/1.1" 200 123 "-" "-"
2025-11-04 08:38:16 [INFO]: ::1 - - [04/Nov/2025:08:38:16 +0000] "GET /health HTTP/1.1" 200 123 "-" "-"
2025-11-04 08:38:47 [INFO]: ::1 - - [04/Nov/2025:08:38:47 +0000] "GET /health HTTP/1.1" 200 123 "-" "-"
2025-11-04 08:39:17 [INFO]: ::1 - - [04/Nov/2025:08:39:17 +0000] "GET /health HTTP/1.1" 200 123 "-" "-"
2025-11-04 08:39:47 [INFO]: ::1 - - [04/Nov/2025:08:39:47 +0000] "GET /health HTTP/1.1" 200 122 "-" "-"
2025-11-04 08:40:17 [INFO]: ::1 - - [04/Nov/2025:08:40:17 +0000] "GET /health HTTP/1.1" 200 123 "-" "-"
2025-11-04 08:40:47 [INFO]: ::1 - - [04/Nov/2025:08:40:47 +0000] "GET /health HTTP/1.1" 200 123 "-" "-"
2025-11-04 08:41:17 [INFO]: ::1 - - [04/Nov/2025:08:41:17 +0000] "GET /health HTTP/1.1" 200 123 "-" "-"
2025-11-04 08:41:47 [INFO]: ::1 - - [04/Nov/2025:08:41:47 +0000] "GET /health HTTP/1.1" 200 123 "-" "-"
2025-11-04 08:42:18 [INFO]: ::1 - - [04/Nov/2025:08:42:18 +0000] "GET /health HTTP/1.1" 200 123 "-" "-"
2025-11-04 08:42:48 [INFO]: ::1 - - [04/Nov/2025:08:42:48 +0000] "GET /health HTTP/1.1" 200 123 "-" "-"
2025-11-04 08:43:18 [INFO]: ::1 - - [04/Nov/2025:08:43:18 +0000] "GET /health HTTP/1.1" 200 123 "-" "-"
2025-11-04 08:43:48 [INFO]: ::1 - - [04/Nov/2025:08:43:48 +0000] "GET /health HTTP/1.1" 200 123 "-" "-"
2025-11-04 08:43:51 [INFO]: User logged in: admin@kpn.com
2025-11-04 08:43:51 [INFO]: ::ffff:172.18.0.1 - - [04/Nov/2025:08:43:51 +0000] "POST /api/auth/login HTTP/1.1" 200 437 "http://localhost:4001/" "Mozilla/5.0 (Windows NT 10.0; Win64; x64) AppleWebKit/537.36 (KHTML, like Gecko) Chrome/141.0.0.0 Safari/537.36"
2025-11-04 08:44:18 [INFO]: ::1 - - [04/Nov/2025:08:44:18 +0000] "GET /health HTTP/1.1" 200 123 "-" "-"
2025-11-04 08:44:48 [INFO]: ::1 - - [04/Nov/2025:08:44:48 +0000] "GET /health HTTP/1.1" 200 123 "-" "-"
2025-11-04 08:45:18 [INFO]: ::1 - - [04/Nov/2025:08:45:18 +0000] "GET /health HTTP/1.1" 200 122 "-" "-"
2025-11-04 08:45:49 [INFO]: ::1 - - [04/Nov/2025:08:45:49 +0000] "GET /health HTTP/1.1" 200 123 "-" "-"
2025-11-04 08:46:19 [INFO]: ::1 - - [04/Nov/2025:08:46:19 +0000] "GET /health HTTP/1.1" 200 123 "-" "-"
2025-11-04 08:46:49 [INFO]: ::1 - - [04/Nov/2025:08:46:49 +0000] "GET /health HTTP/1.1" 200 123 "-" "-"
2025-11-04 08:47:19 [INFO]: ::1 - - [04/Nov/2025:08:47:19 +0000] "GET /health HTTP/1.1" 200 122 "-" "-"
2025-11-04 08:47:49 [INFO]: ::1 - - [04/Nov/2025:08:47:49 +0000] "GET /health HTTP/1.1" 200 123 "-" "-"
2025-11-04 08:48:19 [INFO]: ::1 - - [04/Nov/2025:08:48:19 +0000] "GET /health HTTP/1.1" 200 122 "-" "-"
2025-11-04 08:48:49 [INFO]: ::1 - - [04/Nov/2025:08:48:49 +0000] "GET /health HTTP/1.1" 200 123 "-" "-"
2025-11-04 08:49:20 [INFO]: ::1 - - [04/Nov/2025:08:49:20 +0000] "GET /health HTTP/1.1" 200 123 "-" "-"
2025-11-04 08:49:50 [INFO]: ::1 - - [04/Nov/2025:08:49:50 +0000] "GET /health HTTP/1.1" 200 123 "-" "-"
2025-11-04 08:50:20 [INFO]: ::1 - - [04/Nov/2025:08:50:20 +0000] "GET /health HTTP/1.1" 200 123 "-" "-"
2025-11-04 08:50:50 [INFO]: ::1 - - [04/Nov/2025:08:50:50 +0000] "GET /health HTTP/1.1" 200 123 "-" "-"
2025-11-04 08:51:20 [INFO]: ::1 - - [04/Nov/2025:08:51:20 +0000] "GET /health HTTP/1.1" 200 122 "-" "-"
2025-11-04 08:51:50 [INFO]: ::1 - - [04/Nov/2025:08:51:50 +0000] "GET /health HTTP/1.1" 200 123 "-" "-"
2025-11-04 08:52:20 [INFO]: ::1 - - [04/Nov/2025:08:52:20 +0000] "GET /health HTTP/1.1" 200 123 "-" "-"
2025-11-04 08:52:51 [INFO]: ::1 - - [04/Nov/2025:08:52:51 +0000] "GET /health HTTP/1.1" 200 123 "-" "-"
2025-11-04 08:53:21 [INFO]: ::1 - - [04/Nov/2025:08:53:21 +0000] "GET /health HTTP/1.1" 200 123 "-" "-"
2025-11-04 08:53:51 [INFO]: ::1 - - [04/Nov/2025:08:53:51 +0000] "GET /health HTTP/1.1" 200 123 "-" "-"
2025-11-04 08:54:21 [INFO]: ::1 - - [04/Nov/2025:08:54:21 +0000] "GET /health HTTP/1.1" 200 123 "-" "-"
2025-11-04 08:54:51 [INFO]: ::1 - - [04/Nov/2025:08:54:51 +0000] "GET /health HTTP/1.1" 200 123 "-" "-"
2025-11-04 08:55:21 [INFO]: ::1 - - [04/Nov/2025:08:55:21 +0000] "GET /health HTTP/1.1" 200 123 "-" "-"
2025-11-04 08:55:51 [INFO]: ::1 - - [04/Nov/2025:08:55:51 +0000] "GET /health HTTP/1.1" 200 123 "-" "-"
2025-11-04 08:56:22 [INFO]: ::1 - - [04/Nov/2025:08:56:22 +0000] "GET /health HTTP/1.1" 200 123 "-" "-"
2025-11-04 08:56:52 [INFO]: ::1 - - [04/Nov/2025:08:56:52 +0000] "GET /health HTTP/1.1" 200 123 "-" "-"
2025-11-04 08:57:22 [INFO]: ::1 - - [04/Nov/2025:08:57:22 +0000] "GET /health HTTP/1.1" 200 123 "-" "-"
2025-11-04 08:57:52 [INFO]: ::1 - - [04/Nov/2025:08:57:52 +0000] "GET /health HTTP/1.1" 200 123 "-" "-"
2025-11-04 08:58:22 [INFO]: ::1 - - [04/Nov/2025:08:58:22 +0000] "GET /health HTTP/1.1" 200 123 "-" "-"
2025-11-04 08:58:52 [INFO]: ::1 - - [04/Nov/2025:08:58:52 +0000] "GET /health HTTP/1.1" 200 123 "-" "-"
2025-11-04 08:59:22 [INFO]: ::1 - - [04/Nov/2025:08:59:22 +0000] "GET /health HTTP/1.1" 200 123 "-" "-"
2025-11-04 08:59:52 [INFO]: ::1 - - [04/Nov/2025:08:59:52 +0000] "GET /health HTTP/1.1" 200 123 "-" "-"
2025-11-04 09:00:23 [INFO]: ::1 - - [04/Nov/2025:09:00:23 +0000] "GET /health HTTP/1.1" 200 123 "-" "-"
2025-11-04 09:00:53 [INFO]: ::1 - - [04/Nov/2025:09:00:53 +0000] "GET /health HTTP/1.1" 200 123 "-" "-"
2025-11-04 09:01:23 [INFO]: ::1 - - [04/Nov/2025:09:01:23 +0000] "GET /health HTTP/1.1" 200 123 "-" "-"
2025-11-04 09:01:53 [INFO]: ::1 - - [04/Nov/2025:09:01:53 +0000] "GET /health HTTP/1.1" 200 123 "-" "-"
2025-11-04 09:02:23 [INFO]: ::1 - - [04/Nov/2025:09:02:23 +0000] "GET /health HTTP/1.1" 200 123 "-" "-"
2025-11-04 09:02:53 [INFO]: ::1 - - [04/Nov/2025:09:02:53 +0000] "GET /health HTTP/1.1" 200 123 "-" "-"
2025-11-04 09:03:23 [INFO]: ::1 - - [04/Nov/2025:09:03:23 +0000] "GET /health HTTP/1.1" 200 123 "-" "-"
2025-11-04 09:03:53 [INFO]: ::1 - - [04/Nov/2025:09:03:53 +0000] "GET /health HTTP/1.1" 200 122 "-" "-"
2025-11-04 09:04:23 [INFO]: ::1 - - [04/Nov/2025:09:04:23 +0000] "GET /health HTTP/1.1" 200 123 "-" "-"
2025-11-04 09:04:54 [INFO]: ::1 - - [04/Nov/2025:09:04:54 +0000] "GET /health HTTP/1.1" 200 123 "-" "-"
2025-11-04 09:05:24 [INFO]: ::1 - - [04/Nov/2025:09:05:24 +0000] "GET /health HTTP/1.1" 200 123 "-" "-"
2025-11-04 09:05:54 [INFO]: ::1 - - [04/Nov/2025:09:05:54 +0000] "GET /health HTTP/1.1" 200 123 "-" "-"
2025-11-04 09:06:24 [INFO]: ::1 - - [04/Nov/2025:09:06:24 +0000] "GET /health HTTP/1.1" 200 123 "-" "-"
2025-11-04 09:06:54 [INFO]: ::1 - - [04/Nov/2025:09:06:54 +0000] "GET /health HTTP/1.1" 200 123 "-" "-"
2025-11-04 09:07:24 [INFO]: ::1 - - [04/Nov/2025:09:07:24 +0000] "GET /health HTTP/1.1" 200 123 "-" "-"
2025-11-04 09:07:52 [ERROR]: Authentication error: Invalid or expired token
Error: Invalid or expired token
    at verifyAccessToken (/app/src/utils/token.js:37:11)
    at authenticate (/app/src/middleware/auth.js:23:21)
    at Layer.handle [as handle_request] (/app/node_modules/express/lib/router/layer.js:95:5)
    at next (/app/node_modules/express/lib/router/route.js:149:13)
    at Route.dispatch (/app/node_modules/express/lib/router/route.js:119:3)
    at Layer.handle [as handle_request] (/app/node_modules/express/lib/router/layer.js:95:5)
    at /app/node_modules/express/lib/router/index.js:284:15
    at Function.process_params (/app/node_modules/express/lib/router/index.js:346:12)
    at next (/app/node_modules/express/lib/router/index.js:280:10)
    at Function.handle (/app/node_modules/express/lib/router/index.js:175:3)
2025-11-04 09:07:52 [INFO]: ::ffff:172.18.0.1 - - [04/Nov/2025:09:07:52 +0000] "GET /api/auth/me HTTP/1.1" 401 54 "http://localhost:4001/" "Mozilla/5.0 (Windows NT 10.0; Win64; x64) AppleWebKit/537.36 (KHTML, like Gecko) Chrome/141.0.0.0 Safari/537.36"
2025-11-04 09:07:54 [INFO]: User logged in: admin@kpn.com
2025-11-04 09:07:54 [INFO]: ::ffff:172.18.0.1 - - [04/Nov/2025:09:07:54 +0000] "POST /api/auth/login HTTP/1.1" 200 437 "http://localhost:4001/" "Mozilla/5.0 (Windows NT 10.0; Win64; x64) AppleWebKit/537.36 (KHTML, like Gecko) Chrome/141.0.0.0 Safari/537.36"
2025-11-04 09:07:54 [INFO]: ::1 - - [04/Nov/2025:09:07:54 +0000] "GET /health HTTP/1.1" 200 123 "-" "-"
2025-11-04 09:08:24 [INFO]: ::1 - - [04/Nov/2025:09:08:24 +0000] "GET /health HTTP/1.1" 200 123 "-" "-"
2025-11-04 09:08:55 [INFO]: ::1 - - [04/Nov/2025:09:08:55 +0000] "GET /health HTTP/1.1" 200 123 "-" "-"
2025-11-04 09:09:25 [INFO]: ::1 - - [04/Nov/2025:09:09:25 +0000] "GET /health HTTP/1.1" 200 123 "-" "-"
2025-11-04 09:09:55 [INFO]: ::1 - - [04/Nov/2025:09:09:55 +0000] "GET /health HTTP/1.1" 200 123 "-" "-"
2025-11-04 09:10:25 [INFO]: ::1 - - [04/Nov/2025:09:10:25 +0000] "GET /health HTTP/1.1" 200 123 "-" "-"
2025-11-04 09:10:55 [INFO]: ::1 - - [04/Nov/2025:09:10:55 +0000] "GET /health HTTP/1.1" 200 123 "-" "-"
2025-11-04 09:11:25 [INFO]: ::1 - - [04/Nov/2025:09:11:25 +0000] "GET /health HTTP/1.1" 200 123 "-" "-"
2025-11-04 09:11:55 [INFO]: ::1 - - [04/Nov/2025:09:11:55 +0000] "GET /health HTTP/1.1" 200 123 "-" "-"
2025-11-04 09:12:25 [INFO]: ::1 - - [04/Nov/2025:09:12:25 +0000] "GET /health HTTP/1.1" 200 122 "-" "-"
2025-11-04 09:12:56 [INFO]: ::1 - - [04/Nov/2025:09:12:56 +0000] "GET /health HTTP/1.1" 200 123 "-" "-"
2025-11-04 09:13:26 [INFO]: ::1 - - [04/Nov/2025:09:13:26 +0000] "GET /health HTTP/1.1" 200 123 "-" "-"
2025-11-04 09:13:56 [INFO]: ::1 - - [04/Nov/2025:09:13:56 +0000] "GET /health HTTP/1.1" 200 123 "-" "-"
2025-11-04 09:14:26 [INFO]: ::1 - - [04/Nov/2025:09:14:26 +0000] "GET /health HTTP/1.1" 200 123 "-" "-"
2025-11-04 09:14:56 [INFO]: ::1 - - [04/Nov/2025:09:14:56 +0000] "GET /health HTTP/1.1" 200 123 "-" "-"
2025-11-04 09:15:26 [INFO]: ::1 - - [04/Nov/2025:09:15:26 +0000] "GET /health HTTP/1.1" 200 123 "-" "-"
2025-11-04 09:15:56 [INFO]: ::1 - - [04/Nov/2025:09:15:56 +0000] "GET /health HTTP/1.1" 200 123 "-" "-"
2025-11-04 09:16:26 [INFO]: ::1 - - [04/Nov/2025:09:16:26 +0000] "GET /health HTTP/1.1" 200 122 "-" "-"
2025-11-04 09:16:56 [INFO]: ::1 - - [04/Nov/2025:09:16:56 +0000] "GET /health HTTP/1.1" 200 122 "-" "-"
2025-11-04 09:17:27 [INFO]: ::1 - - [04/Nov/2025:09:17:27 +0000] "GET /health HTTP/1.1" 200 123 "-" "-"
2025-11-04 09:17:29 [INFO]: ::ffff:172.18.0.1 - - [04/Nov/2025:09:17:29 +0000] "GET /api/auth/me HTTP/1.1" 304 - "http://localhost:4001/" "Mozilla/5.0 (Windows NT 10.0; Win64; x64) AppleWebKit/537.36 (KHTML, like Gecko) Chrome/141.0.0.0 Safari/537.36"
2025-11-04 09:17:31 [INFO]: User logged in: admin@kpn.com
2025-11-04 09:17:31 [INFO]: ::ffff:172.18.0.1 - - [04/Nov/2025:09:17:31 +0000] "POST /api/auth/login HTTP/1.1" 200 437 "http://localhost:4001/" "Mozilla/5.0 (Windows NT 10.0; Win64; x64) AppleWebKit/537.36 (KHTML, like Gecko) Chrome/141.0.0.0 Safari/537.36"
2025-11-04 09:17:57 [INFO]: ::1 - - [04/Nov/2025:09:17:57 +0000] "GET /health HTTP/1.1" 200 123 "-" "-"
2025-11-04 09:18:27 [INFO]: ::1 - - [04/Nov/2025:09:18:27 +0000] "GET /health HTTP/1.1" 200 123 "-" "-"
2025-11-04 09:18:57 [INFO]: ::1 - - [04/Nov/2025:09:18:57 +0000] "GET /health HTTP/1.1" 200 123 "-" "-"
2025-11-04 09:19:27 [INFO]: ::1 - - [04/Nov/2025:09:19:27 +0000] "GET /health HTTP/1.1" 200 123 "-" "-"
2025-11-04 09:19:57 [INFO]: ::1 - - [04/Nov/2025:09:19:57 +0000] "GET /health HTTP/1.1" 200 123 "-" "-"
2025-11-04 09:20:27 [INFO]: ::1 - - [04/Nov/2025:09:20:27 +0000] "GET /health HTTP/1.1" 200 123 "-" "-"
2025-11-04 09:20:57 [INFO]: ::1 - - [04/Nov/2025:09:20:57 +0000] "GET /health HTTP/1.1" 200 123 "-" "-"
2025-11-04 09:21:28 [INFO]: ::1 - - [04/Nov/2025:09:21:28 +0000] "GET /health HTTP/1.1" 200 123 "-" "-"
2025-11-04 09:21:58 [INFO]: ::1 - - [04/Nov/2025:09:21:58 +0000] "GET /health HTTP/1.1" 200 123 "-" "-"
2025-11-04 09:22:28 [INFO]: ::1 - - [04/Nov/2025:09:22:28 +0000] "GET /health HTTP/1.1" 200 122 "-" "-"
2025-11-04 09:22:58 [INFO]: ::1 - - [04/Nov/2025:09:22:58 +0000] "GET /health HTTP/1.1" 200 123 "-" "-"
2025-11-04 09:23:28 [INFO]: ::1 - - [04/Nov/2025:09:23:28 +0000] "GET /health HTTP/1.1" 200 123 "-" "-"
2025-11-04 09:23:58 [INFO]: ::1 - - [04/Nov/2025:09:23:58 +0000] "GET /health HTTP/1.1" 200 123 "-" "-"
2025-11-04 09:24:28 [INFO]: ::1 - - [04/Nov/2025:09:24:28 +0000] "GET /health HTTP/1.1" 200 123 "-" "-"
2025-11-04 09:24:58 [INFO]: ::1 - - [04/Nov/2025:09:24:58 +0000] "GET /health HTTP/1.1" 200 123 "-" "-"
2025-11-04 09:25:28 [INFO]: ::1 - - [04/Nov/2025:09:25:28 +0000] "GET /health HTTP/1.1" 200 123 "-" "-"
2025-11-04 09:25:59 [INFO]: ::1 - - [04/Nov/2025:09:25:59 +0000] "GET /health HTTP/1.1" 200 123 "-" "-"
2025-11-04 09:26:29 [INFO]: ::1 - - [04/Nov/2025:09:26:29 +0000] "GET /health HTTP/1.1" 200 123 "-" "-"
2025-11-04 09:26:59 [INFO]: ::1 - - [04/Nov/2025:09:26:59 +0000] "GET /health HTTP/1.1" 200 123 "-" "-"
2025-11-04 09:27:29 [INFO]: ::1 - - [04/Nov/2025:09:27:29 +0000] "GET /health HTTP/1.1" 200 123 "-" "-"
2025-11-04 09:27:59 [INFO]: ::1 - - [04/Nov/2025:09:27:59 +0000] "GET /health HTTP/1.1" 200 123 "-" "-"
2025-11-04 09:28:29 [INFO]: ::1 - - [04/Nov/2025:09:28:29 +0000] "GET /health HTTP/1.1" 200 123 "-" "-"
2025-11-04 09:28:59 [INFO]: ::1 - - [04/Nov/2025:09:28:59 +0000] "GET /health HTTP/1.1" 200 123 "-" "-"
2025-11-04 09:29:29 [INFO]: ::1 - - [04/Nov/2025:09:29:29 +0000] "GET /health HTTP/1.1" 200 122 "-" "-"
2025-11-04 09:29:59 [INFO]: ::1 - - [04/Nov/2025:09:29:59 +0000] "GET /health HTTP/1.1" 200 123 "-" "-"
2025-11-04 09:30:30 [INFO]: ::1 - - [04/Nov/2025:09:30:30 +0000] "GET /health HTTP/1.1" 200 123 "-" "-"
2025-11-04 09:31:00 [INFO]: ::1 - - [04/Nov/2025:09:31:00 +0000] "GET /health HTTP/1.1" 200 123 "-" "-"
2025-11-04 09:31:30 [INFO]: ::1 - - [04/Nov/2025:09:31:30 +0000] "GET /health HTTP/1.1" 200 122 "-" "-"
2025-11-04 09:32:00 [INFO]: ::1 - - [04/Nov/2025:09:32:00 +0000] "GET /health HTTP/1.1" 200 123 "-" "-"
2025-11-04 09:32:30 [INFO]: ::1 - - [04/Nov/2025:09:32:30 +0000] "GET /health HTTP/1.1" 200 123 "-" "-"
2025-11-04 09:33:00 [INFO]: ::1 - - [04/Nov/2025:09:33:00 +0000] "GET /health HTTP/1.1" 200 121 "-" "-"
2025-11-04 09:33:30 [INFO]: ::1 - - [04/Nov/2025:09:33:30 +0000] "GET /health HTTP/1.1" 200 123 "-" "-"
2025-11-04 09:34:00 [INFO]: ::1 - - [04/Nov/2025:09:34:00 +0000] "GET /health HTTP/1.1" 200 123 "-" "-"
2025-11-04 09:34:30 [INFO]: ::1 - - [04/Nov/2025:09:34:30 +0000] "GET /health HTTP/1.1" 200 123 "-" "-"
2025-11-04 09:35:00 [INFO]: ::1 - - [04/Nov/2025:09:35:00 +0000] "GET /health HTTP/1.1" 200 122 "-" "-"
2025-11-04 09:35:31 [INFO]: ::1 - - [04/Nov/2025:09:35:31 +0000] "GET /health HTTP/1.1" 200 123 "-" "-"
2025-11-04 09:36:01 [INFO]: ::1 - - [04/Nov/2025:09:36:01 +0000] "GET /health HTTP/1.1" 200 123 "-" "-"
2025-11-04 09:36:31 [INFO]: ::1 - - [04/Nov/2025:09:36:31 +0000] "GET /health HTTP/1.1" 200 123 "-" "-"
2025-11-04 09:37:01 [INFO]: ::1 - - [04/Nov/2025:09:37:01 +0000] "GET /health HTTP/1.1" 200 123 "-" "-"
2025-11-04 09:37:31 [INFO]: ::1 - - [04/Nov/2025:09:37:31 +0000] "GET /health HTTP/1.1" 200 123 "-" "-"
2025-11-04 09:38:01 [INFO]: ::1 - - [04/Nov/2025:09:38:01 +0000] "GET /health HTTP/1.1" 200 123 "-" "-"
2025-11-04 09:38:31 [INFO]: ::1 - - [04/Nov/2025:09:38:31 +0000] "GET /health HTTP/1.1" 200 123 "-" "-"
2025-11-04 09:38:42 [ERROR]: Authentication error: Invalid or expired token
Error: Invalid or expired token
    at verifyAccessToken (/app/src/utils/token.js:37:11)
    at authenticate (/app/src/middleware/auth.js:23:21)
    at Layer.handle [as handle_request] (/app/node_modules/express/lib/router/layer.js:95:5)
    at next (/app/node_modules/express/lib/router/route.js:149:13)
    at Route.dispatch (/app/node_modules/express/lib/router/route.js:119:3)
    at Layer.handle [as handle_request] (/app/node_modules/express/lib/router/layer.js:95:5)
    at /app/node_modules/express/lib/router/index.js:284:15
    at Function.process_params (/app/node_modules/express/lib/router/index.js:346:12)
    at next (/app/node_modules/express/lib/router/index.js:280:10)
    at Function.handle (/app/node_modules/express/lib/router/index.js:175:3)
2025-11-04 09:38:42 [INFO]: ::ffff:172.18.0.1 - - [04/Nov/2025:09:38:42 +0000] "GET /api/auth/me HTTP/1.1" 401 54 "http://localhost:4001/" "Mozilla/5.0 (Windows NT 10.0; Win64; x64) AppleWebKit/537.36 (KHTML, like Gecko) Chrome/141.0.0.0 Safari/537.36"
2025-11-04 09:38:43 [INFO]: User logged in: admin@kpn.com
2025-11-04 09:38:43 [INFO]: ::ffff:172.18.0.1 - - [04/Nov/2025:09:38:43 +0000] "POST /api/auth/login HTTP/1.1" 200 437 "http://localhost:4001/" "Mozilla/5.0 (Windows NT 10.0; Win64; x64) AppleWebKit/537.36 (KHTML, like Gecko) Chrome/141.0.0.0 Safari/537.36"
2025-11-04 09:39:01 [INFO]: ::1 - - [04/Nov/2025:09:39:01 +0000] "GET /health HTTP/1.1" 200 123 "-" "-"
2025-11-04 09:39:31 [INFO]: ::1 - - [04/Nov/2025:09:39:31 +0000] "GET /health HTTP/1.1" 200 123 "-" "-"
2025-11-04 09:40:02 [INFO]: ::1 - - [04/Nov/2025:09:40:02 +0000] "GET /health HTTP/1.1" 200 123 "-" "-"
2025-11-04 09:40:32 [INFO]: ::1 - - [04/Nov/2025:09:40:32 +0000] "GET /health HTTP/1.1" 200 123 "-" "-"
2025-11-04 09:41:02 [INFO]: ::1 - - [04/Nov/2025:09:41:02 +0000] "GET /health HTTP/1.1" 200 123 "-" "-"
2025-11-04 09:41:32 [INFO]: ::1 - - [04/Nov/2025:09:41:32 +0000] "GET /health HTTP/1.1" 200 123 "-" "-"
2025-11-04 09:42:02 [INFO]: ::1 - - [04/Nov/2025:09:42:02 +0000] "GET /health HTTP/1.1" 200 124 "-" "-"
2025-11-04 09:42:32 [INFO]: ::1 - - [04/Nov/2025:09:42:32 +0000] "GET /health HTTP/1.1" 200 124 "-" "-"
2025-11-04 09:43:02 [INFO]: ::1 - - [04/Nov/2025:09:43:02 +0000] "GET /health HTTP/1.1" 200 124 "-" "-"
2025-11-04 09:43:32 [INFO]: ::1 - - [04/Nov/2025:09:43:32 +0000] "GET /health HTTP/1.1" 200 124 "-" "-"
2025-11-04 09:44:02 [INFO]: ::1 - - [04/Nov/2025:09:44:02 +0000] "GET /health HTTP/1.1" 200 124 "-" "-"
2025-11-04 09:44:32 [INFO]: ::1 - - [04/Nov/2025:09:44:32 +0000] "GET /health HTTP/1.1" 200 124 "-" "-"
2025-11-04 09:45:02 [INFO]: ::1 - - [04/Nov/2025:09:45:02 +0000] "GET /health HTTP/1.1" 200 124 "-" "-"
2025-11-04 09:45:33 [INFO]: ::1 - - [04/Nov/2025:09:45:33 +0000] "GET /health HTTP/1.1" 200 124 "-" "-"
2025-11-04 09:46:03 [INFO]: ::1 - - [04/Nov/2025:09:46:03 +0000] "GET /health HTTP/1.1" 200 124 "-" "-"
2025-11-04 09:46:33 [INFO]: ::1 - - [04/Nov/2025:09:46:33 +0000] "GET /health HTTP/1.1" 200 124 "-" "-"
2025-11-04 09:47:03 [INFO]: ::1 - - [04/Nov/2025:09:47:03 +0000] "GET /health HTTP/1.1" 200 124 "-" "-"
2025-11-04 09:47:33 [INFO]: ::1 - - [04/Nov/2025:09:47:33 +0000] "GET /health HTTP/1.1" 200 124 "-" "-"
2025-11-04 09:48:03 [INFO]: ::1 - - [04/Nov/2025:09:48:03 +0000] "GET /health HTTP/1.1" 200 124 "-" "-"
2025-11-04 09:48:33 [INFO]: ::1 - - [04/Nov/2025:09:48:33 +0000] "GET /health HTTP/1.1" 200 124 "-" "-"
2025-11-04 09:49:03 [INFO]: ::1 - - [04/Nov/2025:09:49:03 +0000] "GET /health HTTP/1.1" 200 124 "-" "-"
2025-11-04 09:49:33 [INFO]: ::1 - - [04/Nov/2025:09:49:33 +0000] "GET /health HTTP/1.1" 200 124 "-" "-"
2025-11-04 09:50:03 [INFO]: ::1 - - [04/Nov/2025:09:50:03 +0000] "GET /health HTTP/1.1" 200 124 "-" "-"
2025-11-04 09:50:34 [INFO]: ::1 - - [04/Nov/2025:09:50:34 +0000] "GET /health HTTP/1.1" 200 124 "-" "-"
2025-11-04 09:51:04 [INFO]: ::1 - - [04/Nov/2025:09:51:04 +0000] "GET /health HTTP/1.1" 200 124 "-" "-"
2025-11-04 09:51:34 [INFO]: ::1 - - [04/Nov/2025:09:51:34 +0000] "GET /health HTTP/1.1" 200 124 "-" "-"
2025-11-04 09:52:04 [INFO]: ::1 - - [04/Nov/2025:09:52:04 +0000] "GET /health HTTP/1.1" 200 124 "-" "-"
2025-11-04 09:52:34 [INFO]: ::1 - - [04/Nov/2025:09:52:34 +0000] "GET /health HTTP/1.1" 200 124 "-" "-"
2025-11-04 09:53:04 [INFO]: ::1 - - [04/Nov/2025:09:53:04 +0000] "GET /health HTTP/1.1" 200 124 "-" "-"
2025-11-04 09:53:34 [INFO]: ::1 - - [04/Nov/2025:09:53:34 +0000] "GET /health HTTP/1.1" 200 124 "-" "-"
2025-11-04 09:54:04 [INFO]: ::1 - - [04/Nov/2025:09:54:04 +0000] "GET /health HTTP/1.1" 200 123 "-" "-"
2025-11-04 09:54:34 [INFO]: ::1 - - [04/Nov/2025:09:54:34 +0000] "GET /health HTTP/1.1" 200 124 "-" "-"
2025-11-04 09:55:04 [INFO]: ::1 - - [04/Nov/2025:09:55:04 +0000] "GET /health HTTP/1.1" 200 124 "-" "-"
2025-11-04 09:55:35 [INFO]: ::1 - - [04/Nov/2025:09:55:35 +0000] "GET /health HTTP/1.1" 200 124 "-" "-"
2025-11-04 09:56:05 [INFO]: ::1 - - [04/Nov/2025:09:56:05 +0000] "GET /health HTTP/1.1" 200 123 "-" "-"
2025-11-04 09:56:35 [INFO]: ::1 - - [04/Nov/2025:09:56:35 +0000] "GET /health HTTP/1.1" 200 124 "-" "-"
2025-11-04 09:57:05 [INFO]: ::1 - - [04/Nov/2025:09:57:05 +0000] "GET /health HTTP/1.1" 200 124 "-" "-"
2025-11-04 09:57:35 [INFO]: ::1 - - [04/Nov/2025:09:57:35 +0000] "GET /health HTTP/1.1" 200 124 "-" "-"
2025-11-04 09:58:05 [INFO]: ::1 - - [04/Nov/2025:09:58:05 +0000] "GET /health HTTP/1.1" 200 124 "-" "-"
2025-11-04 09:58:35 [INFO]: ::1 - - [04/Nov/2025:09:58:35 +0000] "GET /health HTTP/1.1" 200 124 "-" "-"
2025-11-04 09:59:05 [INFO]: ::1 - - [04/Nov/2025:09:59:05 +0000] "GET /health HTTP/1.1" 200 124 "-" "-"
2025-11-04 09:59:35 [INFO]: ::1 - - [04/Nov/2025:09:59:35 +0000] "GET /health HTTP/1.1" 200 124 "-" "-"
2025-11-04 10:00:05 [INFO]: ::1 - - [04/Nov/2025:10:00:05 +0000] "GET /health HTTP/1.1" 200 124 "-" "-"
2025-11-04 10:00:36 [INFO]: ::1 - - [04/Nov/2025:10:00:36 +0000] "GET /health HTTP/1.1" 200 123 "-" "-"
2025-11-04 10:01:06 [INFO]: ::1 - - [04/Nov/2025:10:01:06 +0000] "GET /health HTTP/1.1" 200 124 "-" "-"
2025-11-04 10:01:36 [INFO]: ::1 - - [04/Nov/2025:10:01:36 +0000] "GET /health HTTP/1.1" 200 122 "-" "-"
2025-11-04 10:02:06 [INFO]: ::1 - - [04/Nov/2025:10:02:06 +0000] "GET /health HTTP/1.1" 200 124 "-" "-"
2025-11-04 10:02:36 [INFO]: ::1 - - [04/Nov/2025:10:02:36 +0000] "GET /health HTTP/1.1" 200 124 "-" "-"
2025-11-04 10:09:46 [INFO]: ::1 - - [04/Nov/2025:10:09:46 +0000] "GET /health HTTP/1.1" 200 124 "-" "-"
2025-11-04 10:10:16 [INFO]: ::1 - - [04/Nov/2025:10:10:16 +0000] "GET /health HTTP/1.1" 200 124 "-" "-"
2025-11-04 10:10:46 [INFO]: ::1 - - [04/Nov/2025:10:10:46 +0000] "GET /health HTTP/1.1" 200 124 "-" "-"
2025-11-04 10:11:16 [INFO]: ::1 - - [04/Nov/2025:10:11:16 +0000] "GET /health HTTP/1.1" 200 123 "-" "-"
2025-11-04 10:11:47 [INFO]: ::1 - - [04/Nov/2025:10:11:47 +0000] "GET /health HTTP/1.1" 200 124 "-" "-"
2025-11-04 10:12:17 [INFO]: ::1 - - [04/Nov/2025:10:12:17 +0000] "GET /health HTTP/1.1" 200 123 "-" "-"
2025-11-04 10:12:47 [INFO]: ::1 - - [04/Nov/2025:10:12:47 +0000] "GET /health HTTP/1.1" 200 124 "-" "-"
2025-11-04 10:13:17 [INFO]: ::1 - - [04/Nov/2025:10:13:17 +0000] "GET /health HTTP/1.1" 200 123 "-" "-"
2025-11-04 10:13:47 [INFO]: ::1 - - [04/Nov/2025:10:13:47 +0000] "GET /health HTTP/1.1" 200 124 "-" "-"
2025-11-04 10:14:17 [INFO]: ::1 - - [04/Nov/2025:10:14:17 +0000] "GET /health HTTP/1.1" 200 124 "-" "-"
2025-11-04 10:24:16 [INFO]: ::1 - - [04/Nov/2025:10:24:16 +0000] "GET /health HTTP/1.1" 200 124 "-" "-"
2025-11-04 10:24:46 [INFO]: ::1 - - [04/Nov/2025:10:24:46 +0000] "GET /health HTTP/1.1" 200 124 "-" "-"
2025-11-04 10:25:16 [INFO]: ::1 - - [04/Nov/2025:10:25:16 +0000] "GET /health HTTP/1.1" 200 124 "-" "-"
2025-11-04 10:25:46 [INFO]: ::1 - - [04/Nov/2025:10:25:46 +0000] "GET /health HTTP/1.1" 200 124 "-" "-"
2025-11-04 10:26:16 [INFO]: ::1 - - [04/Nov/2025:10:26:16 +0000] "GET /health HTTP/1.1" 200 124 "-" "-"
2025-11-04 10:26:47 [INFO]: ::1 - - [04/Nov/2025:10:26:47 +0000] "GET /health HTTP/1.1" 200 124 "-" "-"
2025-11-04 10:27:17 [INFO]: ::1 - - [04/Nov/2025:10:27:17 +0000] "GET /health HTTP/1.1" 200 124 "-" "-"
2025-11-04 10:27:47 [INFO]: ::1 - - [04/Nov/2025:10:27:47 +0000] "GET /health HTTP/1.1" 200 124 "-" "-"
2025-11-04 10:28:17 [INFO]: ::1 - - [04/Nov/2025:10:28:17 +0000] "GET /health HTTP/1.1" 200 124 "-" "-"
2025-11-04 10:28:47 [INFO]: ::1 - - [04/Nov/2025:10:28:47 +0000] "GET /health HTTP/1.1" 200 124 "-" "-"
2025-11-04 10:29:17 [INFO]: ::1 - - [04/Nov/2025:10:29:17 +0000] "GET /health HTTP/1.1" 200 124 "-" "-"
2025-11-04 10:29:47 [INFO]: ::1 - - [04/Nov/2025:10:29:47 +0000] "GET /health HTTP/1.1" 200 124 "-" "-"
2025-11-04 10:30:17 [INFO]: ::1 - - [04/Nov/2025:10:30:17 +0000] "GET /health HTTP/1.1" 200 123 "-" "-"
2025-11-04 10:30:47 [INFO]: ::1 - - [04/Nov/2025:10:30:47 +0000] "GET /health HTTP/1.1" 200 124 "-" "-"
2025-11-04 10:31:17 [INFO]: ::1 - - [04/Nov/2025:10:31:17 +0000] "GET /health HTTP/1.1" 200 124 "-" "-"
2025-11-04 10:31:48 [INFO]: ::1 - - [04/Nov/2025:10:31:48 +0000] "GET /health HTTP/1.1" 200 124 "-" "-"
2025-11-04 10:32:18 [INFO]: ::1 - - [04/Nov/2025:10:32:18 +0000] "GET /health HTTP/1.1" 200 124 "-" "-"
2025-11-04 10:32:48 [INFO]: ::1 - - [04/Nov/2025:10:32:48 +0000] "GET /health HTTP/1.1" 200 124 "-" "-"
