2025-10-27 03:17:07 [INFO]: Redis connected successfully
2025-10-27 03:17:07 [INFO]: PostgreSQL connected successfully
2025-10-27 03:17:07 [INFO]: Redis connected successfully
2025-10-27 03:17:07 [INFO]: Server running on port 4000 in production mode
2025-10-27 03:17:07 [INFO]: API available at: http://localhost:4000/api
2025-10-27 03:17:10 [INFO]: ::1 - - [27/Oct/2025:03:17:10 +0000] "GET /health HTTP/1.1" 200 119 "-" "-"
2025-10-27 03:17:40 [INFO]: ::1 - - [27/Oct/2025:03:17:40 +0000] "GET /health HTTP/1.1" 200 121 "-" "-"
2025-10-27 03:18:10 [INFO]: ::1 - - [27/Oct/2025:03:18:10 +0000] "GET /health HTTP/1.1" 200 121 "-" "-"
2025-10-27 03:18:40 [INFO]: ::1 - - [27/Oct/2025:03:18:40 +0000] "GET /health HTTP/1.1" 200 121 "-" "-"
2025-10-27 03:19:11 [INFO]: ::1 - - [27/Oct/2025:03:19:11 +0000] "GET /health HTTP/1.1" 200 122 "-" "-"
2025-10-27 03:19:41 [INFO]: ::1 - - [27/Oct/2025:03:19:41 +0000] "GET /health HTTP/1.1" 200 122 "-" "-"
2025-10-27 03:20:11 [INFO]: ::1 - - [27/Oct/2025:03:20:11 +0000] "GET /health HTTP/1.1" 200 122 "-" "-"
2025-10-27 03:20:41 [INFO]: ::1 - - [27/Oct/2025:03:20:41 +0000] "GET /health HTTP/1.1" 200 122 "-" "-"
2025-10-27 03:21:11 [INFO]: ::1 - - [27/Oct/2025:03:21:11 +0000] "GET /health HTTP/1.1" 200 121 "-" "-"
2025-10-27 03:21:41 [INFO]: ::1 - - [27/Oct/2025:03:21:41 +0000] "GET /health HTTP/1.1" 200 122 "-" "-"
2025-10-27 03:22:11 [INFO]: ::1 - - [27/Oct/2025:03:22:11 +0000] "GET /health HTTP/1.1" 200 122 "-" "-"
2025-10-27 03:22:41 [INFO]: ::1 - - [27/Oct/2025:03:22:41 +0000] "GET /health HTTP/1.1" 200 122 "-" "-"
2025-10-27 03:23:11 [INFO]: ::1 - - [27/Oct/2025:03:23:11 +0000] "GET /health HTTP/1.1" 200 122 "-" "-"
2025-10-27 03:23:42 [INFO]: ::1 - - [27/Oct/2025:03:23:42 +0000] "GET /health HTTP/1.1" 200 122 "-" "-"
2025-10-27 03:24:12 [INFO]: ::1 - - [27/Oct/2025:03:24:12 +0000] "GET /health HTTP/1.1" 200 122 "-" "-"
2025-10-27 03:24:42 [INFO]: ::1 - - [27/Oct/2025:03:24:42 +0000] "GET /health HTTP/1.1" 200 122 "-" "-"
2025-10-27 03:25:12 [INFO]: ::1 - - [27/Oct/2025:03:25:12 +0000] "GET /health HTTP/1.1" 200 122 "-" "-"
2025-10-27 03:25:42 [INFO]: ::1 - - [27/Oct/2025:03:25:42 +0000] "GET /health HTTP/1.1" 200 122 "-" "-"
2025-10-27 03:26:12 [INFO]: ::1 - - [27/Oct/2025:03:26:12 +0000] "GET /health HTTP/1.1" 200 122 "-" "-"
2025-10-27 03:26:42 [INFO]: ::1 - - [27/Oct/2025:03:26:42 +0000] "GET /health HTTP/1.1" 200 122 "-" "-"
2025-10-27 03:27:12 [INFO]: ::1 - - [27/Oct/2025:03:27:12 +0000] "GET /health HTTP/1.1" 200 122 "-" "-"
2025-10-27 03:27:42 [INFO]: ::1 - - [27/Oct/2025:03:27:42 +0000] "GET /health HTTP/1.1" 200 122 "-" "-"
2025-10-27 03:28:13 [INFO]: ::1 - - [27/Oct/2025:03:28:13 +0000] "GET /health HTTP/1.1" 200 122 "-" "-"
2025-10-27 03:28:43 [INFO]: ::1 - - [27/Oct/2025:03:28:43 +0000] "GET /health HTTP/1.1" 200 122 "-" "-"
2025-10-27 03:29:13 [INFO]: ::1 - - [27/Oct/2025:03:29:13 +0000] "GET /health HTTP/1.1" 200 122 "-" "-"
2025-10-27 03:29:43 [INFO]: ::1 - - [27/Oct/2025:03:29:43 +0000] "GET /health HTTP/1.1" 200 122 "-" "-"
2025-10-27 03:30:13 [INFO]: ::1 - - [27/Oct/2025:03:30:13 +0000] "GET /health HTTP/1.1" 200 122 "-" "-"
2025-10-27 03:30:43 [INFO]: ::1 - - [27/Oct/2025:03:30:43 +0000] "GET /health HTTP/1.1" 200 122 "-" "-"
2025-10-27 03:31:13 [INFO]: ::1 - - [27/Oct/2025:03:31:13 +0000] "GET /health HTTP/1.1" 200 122 "-" "-"
2025-10-27 03:31:43 [INFO]: ::1 - - [27/Oct/2025:03:31:43 +0000] "GET /health HTTP/1.1" 200 122 "-" "-"
2025-10-27 03:32:13 [INFO]: ::1 - - [27/Oct/2025:03:32:13 +0000] "GET /health HTTP/1.1" 200 122 "-" "-"
2025-10-27 03:32:44 [INFO]: ::1 - - [27/Oct/2025:03:32:44 +0000] "GET /health HTTP/1.1" 200 122 "-" "-"
2025-10-27 03:33:14 [INFO]: ::1 - - [27/Oct/2025:03:33:14 +0000] "GET /health HTTP/1.1" 200 122 "-" "-"
2025-10-27 03:33:44 [INFO]: ::1 - - [27/Oct/2025:03:33:44 +0000] "GET /health HTTP/1.1" 200 122 "-" "-"
2025-10-27 03:34:14 [INFO]: ::1 - - [27/Oct/2025:03:34:14 +0000] "GET /health HTTP/1.1" 200 123 "-" "-"
2025-10-27 03:34:44 [INFO]: ::1 - - [27/Oct/2025:03:34:44 +0000] "GET /health HTTP/1.1" 200 123 "-" "-"
2025-10-27 03:35:14 [INFO]: ::1 - - [27/Oct/2025:03:35:14 +0000] "GET /health HTTP/1.1" 200 123 "-" "-"
2025-10-27 03:35:44 [INFO]: ::1 - - [27/Oct/2025:03:35:44 +0000] "GET /health HTTP/1.1" 200 122 "-" "-"
2025-10-27 03:36:14 [INFO]: ::1 - - [27/Oct/2025:03:36:14 +0000] "GET /health HTTP/1.1" 200 123 "-" "-"
2025-10-27 03:36:44 [INFO]: ::1 - - [27/Oct/2025:03:36:44 +0000] "GET /health HTTP/1.1" 200 122 "-" "-"
2025-10-27 03:37:15 [INFO]: ::1 - - [27/Oct/2025:03:37:15 +0000] "GET /health HTTP/1.1" 200 123 "-" "-"
2025-10-27 03:37:45 [INFO]: ::1 - - [27/Oct/2025:03:37:45 +0000] "GET /health HTTP/1.1" 200 123 "-" "-"
2025-10-27 03:38:15 [INFO]: ::1 - - [27/Oct/2025:03:38:15 +0000] "GET /health HTTP/1.1" 200 123 "-" "-"
2025-10-27 03:38:45 [INFO]: ::1 - - [27/Oct/2025:03:38:45 +0000] "GET /health HTTP/1.1" 200 123 "-" "-"
2025-10-27 03:39:15 [INFO]: ::1 - - [27/Oct/2025:03:39:15 +0000] "GET /health HTTP/1.1" 200 123 "-" "-"
2025-10-27 03:39:45 [INFO]: ::1 - - [27/Oct/2025:03:39:45 +0000] "GET /health HTTP/1.1" 200 123 "-" "-"
2025-10-27 03:40:15 [INFO]: ::1 - - [27/Oct/2025:03:40:15 +0000] "GET /health HTTP/1.1" 200 123 "-" "-"
2025-10-27 03:40:45 [INFO]: ::1 - - [27/Oct/2025:03:40:45 +0000] "GET /health HTTP/1.1" 200 123 "-" "-"
2025-10-27 03:41:15 [INFO]: ::1 - - [27/Oct/2025:03:41:15 +0000] "GET /health HTTP/1.1" 200 123 "-" "-"
2025-10-27 03:41:46 [INFO]: ::1 - - [27/Oct/2025:03:41:46 +0000] "GET /health HTTP/1.1" 200 123 "-" "-"
2025-10-27 03:42:16 [INFO]: ::1 - - [27/Oct/2025:03:42:16 +0000] "GET /health HTTP/1.1" 200 123 "-" "-"
2025-10-27 03:42:46 [INFO]: ::1 - - [27/Oct/2025:03:42:46 +0000] "GET /health HTTP/1.1" 200 123 "-" "-"
2025-10-27 03:43:16 [INFO]: ::1 - - [27/Oct/2025:03:43:16 +0000] "GET /health HTTP/1.1" 200 123 "-" "-"
2025-10-27 03:43:46 [INFO]: ::1 - - [27/Oct/2025:03:43:46 +0000] "GET /health HTTP/1.1" 200 123 "-" "-"
2025-10-27 03:44:16 [INFO]: ::1 - - [27/Oct/2025:03:44:16 +0000] "GET /health HTTP/1.1" 200 123 "-" "-"
2025-10-27 03:44:46 [INFO]: ::1 - - [27/Oct/2025:03:44:46 +0000] "GET /health HTTP/1.1" 200 123 "-" "-"
2025-10-27 03:45:16 [INFO]: ::1 - - [27/Oct/2025:03:45:16 +0000] "GET /health HTTP/1.1" 200 123 "-" "-"
2025-10-27 03:45:46 [INFO]: ::1 - - [27/Oct/2025:03:45:46 +0000] "GET /health HTTP/1.1" 200 123 "-" "-"
2025-10-27 03:46:17 [INFO]: ::1 - - [27/Oct/2025:03:46:17 +0000] "GET /health HTTP/1.1" 200 123 "-" "-"
2025-10-27 03:46:47 [INFO]: ::1 - - [27/Oct/2025:03:46:47 +0000] "GET /health HTTP/1.1" 200 123 "-" "-"
2025-10-27 03:47:17 [INFO]: ::1 - - [27/Oct/2025:03:47:17 +0000] "GET /health HTTP/1.1" 200 123 "-" "-"
2025-10-27 03:47:47 [INFO]: ::1 - - [27/Oct/2025:03:47:47 +0000] "GET /health HTTP/1.1" 200 123 "-" "-"
2025-10-27 03:48:17 [INFO]: ::1 - - [27/Oct/2025:03:48:17 +0000] "GET /health HTTP/1.1" 200 123 "-" "-"
2025-10-27 03:48:47 [INFO]: ::1 - - [27/Oct/2025:03:48:47 +0000] "GET /health HTTP/1.1" 200 123 "-" "-"
2025-10-27 03:49:17 [INFO]: ::1 - - [27/Oct/2025:03:49:17 +0000] "GET /health HTTP/1.1" 200 123 "-" "-"
2025-10-27 03:49:47 [INFO]: ::1 - - [27/Oct/2025:03:49:47 +0000] "GET /health HTTP/1.1" 200 123 "-" "-"
2025-10-27 03:50:18 [INFO]: ::1 - - [27/Oct/2025:03:50:18 +0000] "GET /health HTTP/1.1" 200 123 "-" "-"
2025-10-27 03:50:48 [INFO]: ::1 - - [27/Oct/2025:03:50:48 +0000] "GET /health HTTP/1.1" 200 123 "-" "-"
2025-10-27 03:51:18 [INFO]: ::1 - - [27/Oct/2025:03:51:18 +0000] "GET /health HTTP/1.1" 200 122 "-" "-"
2025-10-27 03:51:48 [INFO]: ::1 - - [27/Oct/2025:03:51:48 +0000] "GET /health HTTP/1.1" 200 123 "-" "-"
2025-10-27 03:52:18 [INFO]: ::1 - - [27/Oct/2025:03:52:18 +0000] "GET /health HTTP/1.1" 200 123 "-" "-"
2025-10-27 03:52:48 [INFO]: ::1 - - [27/Oct/2025:03:52:48 +0000] "GET /health HTTP/1.1" 200 121 "-" "-"
2025-10-27 03:53:18 [INFO]: ::1 - - [27/Oct/2025:03:53:18 +0000] "GET /health HTTP/1.1" 200 123 "-" "-"
2025-10-27 03:53:48 [INFO]: ::1 - - [27/Oct/2025:03:53:48 +0000] "GET /health HTTP/1.1" 200 123 "-" "-"
2025-10-27 03:54:18 [INFO]: ::1 - - [27/Oct/2025:03:54:18 +0000] "GET /health HTTP/1.1" 200 122 "-" "-"
2025-10-27 03:54:49 [INFO]: ::1 - - [27/Oct/2025:03:54:49 +0000] "GET /health HTTP/1.1" 200 123 "-" "-"
2025-10-27 03:55:19 [INFO]: ::1 - - [27/Oct/2025:03:55:19 +0000] "GET /health HTTP/1.1" 200 123 "-" "-"
2025-10-27 03:55:49 [INFO]: ::1 - - [27/Oct/2025:03:55:49 +0000] "GET /health HTTP/1.1" 200 123 "-" "-"
2025-10-27 03:56:19 [INFO]: ::1 - - [27/Oct/2025:03:56:19 +0000] "GET /health HTTP/1.1" 200 123 "-" "-"
2025-10-27 03:56:49 [INFO]: ::1 - - [27/Oct/2025:03:56:49 +0000] "GET /health HTTP/1.1" 200 123 "-" "-"
2025-10-27 03:57:19 [INFO]: ::1 - - [27/Oct/2025:03:57:19 +0000] "GET /health HTTP/1.1" 200 123 "-" "-"
2025-10-27 03:57:49 [INFO]: ::1 - - [27/Oct/2025:03:57:49 +0000] "GET /health HTTP/1.1" 200 123 "-" "-"
2025-10-27 03:58:19 [INFO]: ::1 - - [27/Oct/2025:03:58:19 +0000] "GET /health HTTP/1.1" 200 123 "-" "-"
2025-10-27 03:58:49 [INFO]: ::1 - - [27/Oct/2025:03:58:49 +0000] "GET /health HTTP/1.1" 200 123 "-" "-"
2025-10-27 03:59:20 [INFO]: ::1 - - [27/Oct/2025:03:59:20 +0000] "GET /health HTTP/1.1" 200 123 "-" "-"
2025-10-27 03:59:50 [INFO]: ::1 - - [27/Oct/2025:03:59:50 +0000] "GET /health HTTP/1.1" 200 123 "-" "-"
2025-10-27 04:00:20 [INFO]: ::1 - - [27/Oct/2025:04:00:20 +0000] "GET /health HTTP/1.1" 200 123 "-" "-"
2025-10-27 04:00:50 [INFO]: ::1 - - [27/Oct/2025:04:00:50 +0000] "GET /health HTTP/1.1" 200 122 "-" "-"
2025-10-27 04:01:20 [INFO]: ::1 - - [27/Oct/2025:04:01:20 +0000] "GET /health HTTP/1.1" 200 123 "-" "-"
2025-10-27 04:01:50 [INFO]: ::1 - - [27/Oct/2025:04:01:50 +0000] "GET /health HTTP/1.1" 200 123 "-" "-"
2025-10-27 04:09:30 [INFO]: ::1 - - [27/Oct/2025:04:09:30 +0000] "GET /health HTTP/1.1" 200 123 "-" "-"
2025-10-27 04:10:00 [INFO]: ::1 - - [27/Oct/2025:04:10:00 +0000] "GET /health HTTP/1.1" 200 123 "-" "-"
2025-10-27 04:10:30 [INFO]: ::1 - - [27/Oct/2025:04:10:30 +0000] "GET /health HTTP/1.1" 200 123 "-" "-"
2025-10-27 04:11:01 [INFO]: ::1 - - [27/Oct/2025:04:11:01 +0000] "GET /health HTTP/1.1" 200 123 "-" "-"
2025-10-27 04:11:31 [INFO]: ::1 - - [27/Oct/2025:04:11:31 +0000] "GET /health HTTP/1.1" 200 123 "-" "-"
2025-10-27 04:12:01 [INFO]: ::1 - - [27/Oct/2025:04:12:01 +0000] "GET /health HTTP/1.1" 200 123 "-" "-"
2025-10-27 04:12:31 [INFO]: ::1 - - [27/Oct/2025:04:12:31 +0000] "GET /health HTTP/1.1" 200 123 "-" "-"
2025-10-27 04:13:01 [INFO]: ::1 - - [27/Oct/2025:04:13:01 +0000] "GET /health HTTP/1.1" 200 123 "-" "-"
2025-10-27 04:13:31 [INFO]: ::1 - - [27/Oct/2025:04:13:31 +0000] "GET /health HTTP/1.1" 200 123 "-" "-"
2025-10-27 04:14:02 [INFO]: ::1 - - [27/Oct/2025:04:14:02 +0000] "GET /health HTTP/1.1" 200 122 "-" "-"
2025-10-27 04:14:32 [INFO]: ::1 - - [27/Oct/2025:04:14:32 +0000] "GET /health HTTP/1.1" 200 123 "-" "-"
2025-10-27 04:15:02 [INFO]: ::1 - - [27/Oct/2025:04:15:02 +0000] "GET /health HTTP/1.1" 200 123 "-" "-"
2025-10-27 04:15:32 [INFO]: ::1 - - [27/Oct/2025:04:15:32 +0000] "GET /health HTTP/1.1" 200 123 "-" "-"
2025-10-27 04:16:02 [INFO]: ::1 - - [27/Oct/2025:04:16:02 +0000] "GET /health HTTP/1.1" 200 123 "-" "-"
2025-10-27 04:16:32 [INFO]: ::1 - - [27/Oct/2025:04:16:32 +0000] "GET /health HTTP/1.1" 200 123 "-" "-"
2025-10-27 04:17:03 [INFO]: ::1 - - [27/Oct/2025:04:17:03 +0000] "GET /health HTTP/1.1" 200 123 "-" "-"
2025-10-27 04:17:33 [INFO]: ::1 - - [27/Oct/2025:04:17:33 +0000] "GET /health HTTP/1.1" 200 123 "-" "-"
2025-10-27 04:18:03 [INFO]: ::1 - - [27/Oct/2025:04:18:03 +0000] "GET /health HTTP/1.1" 200 123 "-" "-"
2025-10-27 04:18:33 [INFO]: ::1 - - [27/Oct/2025:04:18:33 +0000] "GET /health HTTP/1.1" 200 123 "-" "-"
2025-10-27 04:19:03 [INFO]: ::1 - - [27/Oct/2025:04:19:03 +0000] "GET /health HTTP/1.1" 200 123 "-" "-"
2025-10-27 04:19:48 [INFO]: ::1 - - [27/Oct/2025:04:19:48 +0000] "GET /health HTTP/1.1" 200 123 "-" "-"
2025-10-27 04:20:18 [INFO]: ::1 - - [27/Oct/2025:04:20:18 +0000] "GET /health HTTP/1.1" 200 123 "-" "-"
2025-10-27 04:20:48 [INFO]: ::1 - - [27/Oct/2025:04:20:48 +0000] "GET /health HTTP/1.1" 200 123 "-" "-"
2025-10-27 04:21:18 [INFO]: ::1 - - [27/Oct/2025:04:21:18 +0000] "GET /health HTTP/1.1" 200 123 "-" "-"
2025-10-27 04:21:48 [INFO]: ::1 - - [27/Oct/2025:04:21:48 +0000] "GET /health HTTP/1.1" 200 123 "-" "-"
2025-10-27 04:22:18 [INFO]: ::1 - - [27/Oct/2025:04:22:18 +0000] "GET /health HTTP/1.1" 200 123 "-" "-"
2025-10-27 04:22:48 [INFO]: ::1 - - [27/Oct/2025:04:22:48 +0000] "GET /health HTTP/1.1" 200 123 "-" "-"
2025-10-27 04:23:18 [INFO]: ::1 - - [27/Oct/2025:04:23:18 +0000] "GET /health HTTP/1.1" 200 123 "-" "-"
2025-10-27 04:25:59 [INFO]: ::1 - - [27/Oct/2025:04:25:59 +0000] "GET /health HTTP/1.1" 200 123 "-" "-"
2025-10-27 04:30:55 [INFO]: ::1 - - [27/Oct/2025:04:30:55 +0000] "GET /health HTTP/1.1" 200 123 "-" "-"
2025-10-27 04:31:25 [INFO]: ::1 - - [27/Oct/2025:04:31:25 +0000] "GET /health HTTP/1.1" 200 123 "-" "-"
2025-10-27 04:31:55 [INFO]: ::1 - - [27/Oct/2025:04:31:55 +0000] "GET /health HTTP/1.1" 200 122 "-" "-"
2025-10-27 04:32:25 [INFO]: ::1 - - [27/Oct/2025:04:32:25 +0000] "GET /health HTTP/1.1" 200 122 "-" "-"
2025-10-27 04:32:55 [INFO]: ::1 - - [27/Oct/2025:04:32:55 +0000] "GET /health HTTP/1.1" 200 122 "-" "-"
2025-10-27 04:33:25 [INFO]: ::1 - - [27/Oct/2025:04:33:25 +0000] "GET /health HTTP/1.1" 200 122 "-" "-"
2025-10-27 04:33:55 [INFO]: ::1 - - [27/Oct/2025:04:33:55 +0000] "GET /health HTTP/1.1" 200 123 "-" "-"
2025-10-27 04:34:25 [INFO]: ::1 - - [27/Oct/2025:04:34:25 +0000] "GET /health HTTP/1.1" 200 123 "-" "-"
2025-10-27 04:34:55 [INFO]: ::1 - - [27/Oct/2025:04:34:55 +0000] "GET /health HTTP/1.1" 200 123 "-" "-"
2025-10-27 04:35:26 [INFO]: ::1 - - [27/Oct/2025:04:35:26 +0000] "GET /health HTTP/1.1" 200 123 "-" "-"
2025-10-27 04:35:56 [INFO]: ::1 - - [27/Oct/2025:04:35:56 +0000] "GET /health HTTP/1.1" 200 123 "-" "-"
2025-10-27 04:36:26 [INFO]: ::1 - - [27/Oct/2025:04:36:26 +0000] "GET /health HTTP/1.1" 200 123 "-" "-"
2025-10-27 04:36:56 [INFO]: ::1 - - [27/Oct/2025:04:36:56 +0000] "GET /health HTTP/1.1" 200 123 "-" "-"
2025-10-27 04:37:26 [INFO]: ::1 - - [27/Oct/2025:04:37:26 +0000] "GET /health HTTP/1.1" 200 123 "-" "-"
2025-10-27 04:37:56 [INFO]: ::1 - - [27/Oct/2025:04:37:56 +0000] "GET /health HTTP/1.1" 200 123 "-" "-"
2025-10-27 04:38:26 [INFO]: ::1 - - [27/Oct/2025:04:38:26 +0000] "GET /health HTTP/1.1" 200 123 "-" "-"
2025-10-27 04:38:56 [INFO]: ::1 - - [27/Oct/2025:04:38:56 +0000] "GET /health HTTP/1.1" 200 123 "-" "-"
2025-10-27 04:39:26 [INFO]: ::1 - - [27/Oct/2025:04:39:26 +0000] "GET /health HTTP/1.1" 200 123 "-" "-"
2025-10-27 04:39:56 [INFO]: ::1 - - [27/Oct/2025:04:39:56 +0000] "GET /health HTTP/1.1" 200 123 "-" "-"
2025-10-27 04:40:27 [INFO]: ::1 - - [27/Oct/2025:04:40:27 +0000] "GET /health HTTP/1.1" 200 123 "-" "-"
2025-10-27 04:40:57 [INFO]: ::1 - - [27/Oct/2025:04:40:57 +0000] "GET /health HTTP/1.1" 200 123 "-" "-"
2025-10-27 04:41:27 [INFO]: ::1 - - [27/Oct/2025:04:41:27 +0000] "GET /health HTTP/1.1" 200 123 "-" "-"
2025-10-27 04:41:57 [INFO]: ::1 - - [27/Oct/2025:04:41:57 +0000] "GET /health HTTP/1.1" 200 123 "-" "-"
2025-10-27 04:42:27 [INFO]: ::1 - - [27/Oct/2025:04:42:27 +0000] "GET /health HTTP/1.1" 200 123 "-" "-"
2025-10-27 04:42:57 [INFO]: ::1 - - [27/Oct/2025:04:42:57 +0000] "GET /health HTTP/1.1" 200 122 "-" "-"
2025-10-27 04:43:27 [INFO]: ::1 - - [27/Oct/2025:04:43:27 +0000] "GET /health HTTP/1.1" 200 123 "-" "-"
2025-10-27 04:43:57 [INFO]: ::1 - - [27/Oct/2025:04:43:57 +0000] "GET /health HTTP/1.1" 200 123 "-" "-"
2025-10-27 04:44:27 [INFO]: ::1 - - [27/Oct/2025:04:44:27 +0000] "GET /health HTTP/1.1" 200 123 "-" "-"
2025-10-27 04:44:57 [INFO]: ::1 - - [27/Oct/2025:04:44:57 +0000] "GET /health HTTP/1.1" 200 123 "-" "-"
2025-10-27 04:45:28 [INFO]: ::1 - - [27/Oct/2025:04:45:28 +0000] "GET /health HTTP/1.1" 200 123 "-" "-"
2025-10-27 04:45:58 [INFO]: ::1 - - [27/Oct/2025:04:45:58 +0000] "GET /health HTTP/1.1" 200 122 "-" "-"
2025-10-27 04:46:28 [INFO]: ::1 - - [27/Oct/2025:04:46:28 +0000] "GET /health HTTP/1.1" 200 123 "-" "-"
2025-10-27 04:46:58 [INFO]: ::1 - - [27/Oct/2025:04:46:58 +0000] "GET /health HTTP/1.1" 200 122 "-" "-"
2025-10-27 04:47:28 [INFO]: ::1 - - [27/Oct/2025:04:47:28 +0000] "GET /health HTTP/1.1" 200 123 "-" "-"
2025-10-27 04:47:58 [INFO]: ::1 - - [27/Oct/2025:04:47:58 +0000] "GET /health HTTP/1.1" 200 122 "-" "-"
2025-10-27 04:48:28 [INFO]: ::1 - - [27/Oct/2025:04:48:28 +0000] "GET /health HTTP/1.1" 200 122 "-" "-"
2025-10-27 04:48:58 [INFO]: ::1 - - [27/Oct/2025:04:48:58 +0000] "GET /health HTTP/1.1" 200 123 "-" "-"
2025-10-27 04:49:28 [INFO]: ::1 - - [27/Oct/2025:04:49:28 +0000] "GET /health HTTP/1.1" 200 123 "-" "-"
2025-10-27 06:06:45 [INFO]: ::1 - - [27/Oct/2025:06:06:45 +0000] "GET /health HTTP/1.1" 200 123 "-" "-"
2025-10-27 06:07:19 [INFO]: ::1 - - [27/Oct/2025:06:07:19 +0000] "GET /health HTTP/1.1" 200 123 "-" "-"
2025-10-27 06:07:50 [INFO]: ::1 - - [27/Oct/2025:06:07:50 +0000] "GET /health HTTP/1.1" 200 123 "-" "-"
2025-10-27 06:08:20 [INFO]: ::1 - - [27/Oct/2025:06:08:20 +0000] "GET /health HTTP/1.1" 200 123 "-" "-"
2025-10-27 06:08:50 [INFO]: ::1 - - [27/Oct/2025:06:08:50 +0000] "GET /health HTTP/1.1" 200 123 "-" "-"
2025-10-27 06:09:20 [INFO]: ::1 - - [27/Oct/2025:06:09:20 +0000] "GET /health HTTP/1.1" 200 123 "-" "-"
2025-10-27 06:09:50 [INFO]: ::1 - - [27/Oct/2025:06:09:50 +0000] "GET /health HTTP/1.1" 200 123 "-" "-"
2025-10-27 06:10:20 [INFO]: ::1 - - [27/Oct/2025:06:10:20 +0000] "GET /health HTTP/1.1" 200 123 "-" "-"
2025-10-27 06:10:50 [INFO]: ::1 - - [27/Oct/2025:06:10:50 +0000] "GET /health HTTP/1.1" 200 123 "-" "-"
2025-10-27 06:11:21 [INFO]: ::1 - - [27/Oct/2025:06:11:21 +0000] "GET /health HTTP/1.1" 200 123 "-" "-"
2025-10-27 06:11:51 [INFO]: ::1 - - [27/Oct/2025:06:11:51 +0000] "GET /health HTTP/1.1" 200 122 "-" "-"
2025-10-27 06:12:21 [INFO]: ::1 - - [27/Oct/2025:06:12:21 +0000] "GET /health HTTP/1.1" 200 123 "-" "-"
2025-10-27 06:12:51 [INFO]: ::1 - - [27/Oct/2025:06:12:51 +0000] "GET /health HTTP/1.1" 200 123 "-" "-"
2025-10-27 06:13:21 [INFO]: ::1 - - [27/Oct/2025:06:13:21 +0000] "GET /health HTTP/1.1" 200 123 "-" "-"
2025-10-27 06:13:51 [INFO]: ::1 - - [27/Oct/2025:06:13:51 +0000] "GET /health HTTP/1.1" 200 123 "-" "-"
2025-10-27 06:14:21 [INFO]: ::1 - - [27/Oct/2025:06:14:21 +0000] "GET /health HTTP/1.1" 200 123 "-" "-"
2025-10-27 06:14:51 [INFO]: ::1 - - [27/Oct/2025:06:14:51 +0000] "GET /health HTTP/1.1" 200 123 "-" "-"
2025-10-27 06:15:21 [INFO]: ::1 - - [27/Oct/2025:06:15:21 +0000] "GET /health HTTP/1.1" 200 123 "-" "-"
2025-10-27 06:15:52 [INFO]: ::1 - - [27/Oct/2025:06:15:52 +0000] "GET /health HTTP/1.1" 200 123 "-" "-"
2025-10-27 06:16:22 [INFO]: ::1 - - [27/Oct/2025:06:16:22 +0000] "GET /health HTTP/1.1" 200 123 "-" "-"
2025-10-27 06:16:52 [INFO]: ::1 - - [27/Oct/2025:06:16:52 +0000] "GET /health HTTP/1.1" 200 123 "-" "-"
2025-10-27 06:17:22 [INFO]: ::1 - - [27/Oct/2025:06:17:22 +0000] "GET /health HTTP/1.1" 200 123 "-" "-"
2025-10-27 06:17:52 [INFO]: ::1 - - [27/Oct/2025:06:17:52 +0000] "GET /health HTTP/1.1" 200 123 "-" "-"
2025-10-27 06:18:22 [INFO]: ::1 - - [27/Oct/2025:06:18:22 +0000] "GET /health HTTP/1.1" 200 123 "-" "-"
2025-10-27 06:18:52 [INFO]: ::1 - - [27/Oct/2025:06:18:52 +0000] "GET /health HTTP/1.1" 200 123 "-" "-"
2025-10-27 06:19:22 [INFO]: ::1 - - [27/Oct/2025:06:19:22 +0000] "GET /health HTTP/1.1" 200 123 "-" "-"
2025-10-27 06:19:52 [INFO]: ::1 - - [27/Oct/2025:06:19:52 +0000] "GET /health HTTP/1.1" 200 122 "-" "-"
2025-10-27 06:20:23 [INFO]: ::1 - - [27/Oct/2025:06:20:23 +0000] "GET /health HTTP/1.1" 200 122 "-" "-"
2025-10-27 06:20:53 [INFO]: ::1 - - [27/Oct/2025:06:20:53 +0000] "GET /health HTTP/1.1" 200 123 "-" "-"
2025-10-27 06:21:23 [INFO]: ::1 - - [27/Oct/2025:06:21:23 +0000] "GET /health HTTP/1.1" 200 123 "-" "-"
2025-10-27 06:21:53 [INFO]: ::1 - - [27/Oct/2025:06:21:53 +0000] "GET /health HTTP/1.1" 200 122 "-" "-"
2025-10-27 06:22:23 [INFO]: ::1 - - [27/Oct/2025:06:22:23 +0000] "GET /health HTTP/1.1" 200 122 "-" "-"
2025-10-27 06:22:53 [INFO]: ::1 - - [27/Oct/2025:06:22:53 +0000] "GET /health HTTP/1.1" 200 123 "-" "-"
2025-10-27 06:23:23 [INFO]: ::1 - - [27/Oct/2025:06:23:23 +0000] "GET /health HTTP/1.1" 200 122 "-" "-"
2025-10-27 06:23:53 [INFO]: ::1 - - [27/Oct/2025:06:23:53 +0000] "GET /health HTTP/1.1" 200 122 "-" "-"
2025-10-27 06:24:23 [INFO]: ::1 - - [27/Oct/2025:06:24:23 +0000] "GET /health HTTP/1.1" 200 123 "-" "-"
2025-10-27 06:24:54 [INFO]: ::1 - - [27/Oct/2025:06:24:54 +0000] "GET /health HTTP/1.1" 200 123 "-" "-"
2025-10-27 06:25:24 [INFO]: ::1 - - [27/Oct/2025:06:25:24 +0000] "GET /health HTTP/1.1" 200 123 "-" "-"
2025-10-27 06:25:54 [INFO]: ::1 - - [27/Oct/2025:06:25:54 +0000] "GET /health HTTP/1.1" 200 123 "-" "-"
2025-10-27 06:26:24 [INFO]: ::1 - - [27/Oct/2025:06:26:24 +0000] "GET /health HTTP/1.1" 200 123 "-" "-"
2025-10-27 06:26:54 [INFO]: ::1 - - [27/Oct/2025:06:26:54 +0000] "GET /health HTTP/1.1" 200 123 "-" "-"
2025-10-27 06:27:24 [INFO]: ::1 - - [27/Oct/2025:06:27:24 +0000] "GET /health HTTP/1.1" 200 123 "-" "-"
2025-10-27 06:27:54 [INFO]: ::1 - - [27/Oct/2025:06:27:54 +0000] "GET /health HTTP/1.1" 200 123 "-" "-"
2025-10-27 06:28:24 [INFO]: ::1 - - [27/Oct/2025:06:28:24 +0000] "GET /health HTTP/1.1" 200 123 "-" "-"
2025-10-27 06:29:39 [INFO]: ::1 - - [27/Oct/2025:06:29:39 +0000] "GET /health HTTP/1.1" 200 123 "-" "-"
2025-10-27 06:30:09 [INFO]: ::1 - - [27/Oct/2025:06:30:09 +0000] "GET /health HTTP/1.1" 200 123 "-" "-"
2025-10-27 06:30:39 [INFO]: ::1 - - [27/Oct/2025:06:30:39 +0000] "GET /health HTTP/1.1" 200 122 "-" "-"
2025-10-27 06:31:09 [INFO]: ::1 - - [27/Oct/2025:06:31:09 +0000] "GET /health HTTP/1.1" 200 123 "-" "-"
2025-10-27 06:31:40 [INFO]: ::1 - - [27/Oct/2025:06:31:40 +0000] "GET /health HTTP/1.1" 200 123 "-" "-"
2025-10-27 06:32:10 [INFO]: ::1 - - [27/Oct/2025:06:32:10 +0000] "GET /health HTTP/1.1" 200 123 "-" "-"
2025-10-27 06:32:40 [INFO]: ::1 - - [27/Oct/2025:06:32:40 +0000] "GET /health HTTP/1.1" 200 123 "-" "-"
2025-10-27 06:33:10 [INFO]: ::1 - - [27/Oct/2025:06:33:10 +0000] "GET /health HTTP/1.1" 200 122 "-" "-"
2025-10-27 06:33:40 [INFO]: ::1 - - [27/Oct/2025:06:33:40 +0000] "GET /health HTTP/1.1" 200 123 "-" "-"
2025-10-27 06:34:10 [INFO]: ::1 - - [27/Oct/2025:06:34:10 +0000] "GET /health HTTP/1.1" 200 123 "-" "-"
2025-10-27 06:34:40 [INFO]: ::1 - - [27/Oct/2025:06:34:40 +0000] "GET /health HTTP/1.1" 200 123 "-" "-"
2025-10-27 06:35:10 [INFO]: ::1 - - [27/Oct/2025:06:35:10 +0000] "GET /health HTTP/1.1" 200 123 "-" "-"
2025-10-27 06:35:41 [INFO]: ::1 - - [27/Oct/2025:06:35:41 +0000] "GET /health HTTP/1.1" 200 123 "-" "-"
2025-10-27 06:36:11 [INFO]: ::1 - - [27/Oct/2025:06:36:11 +0000] "GET /health HTTP/1.1" 200 123 "-" "-"
2025-10-27 06:36:41 [INFO]: ::1 - - [27/Oct/2025:06:36:41 +0000] "GET /health HTTP/1.1" 200 123 "-" "-"
2025-10-27 06:37:11 [INFO]: ::1 - - [27/Oct/2025:06:37:11 +0000] "GET /health HTTP/1.1" 200 123 "-" "-"
2025-10-27 06:37:41 [INFO]: ::1 - - [27/Oct/2025:06:37:41 +0000] "GET /health HTTP/1.1" 200 123 "-" "-"
2025-10-27 06:39:00 [INFO]: ::1 - - [27/Oct/2025:06:39:00 +0000] "GET /health HTTP/1.1" 200 123 "-" "-"
2025-10-27 06:39:30 [INFO]: ::1 - - [27/Oct/2025:06:39:30 +0000] "GET /health HTTP/1.1" 200 123 "-" "-"
2025-10-27 06:40:00 [INFO]: ::1 - - [27/Oct/2025:06:40:00 +0000] "GET /health HTTP/1.1" 200 123 "-" "-"
2025-10-27 06:40:30 [INFO]: ::1 - - [27/Oct/2025:06:40:30 +0000] "GET /health HTTP/1.1" 200 123 "-" "-"
2025-10-27 06:41:01 [INFO]: ::1 - - [27/Oct/2025:06:41:01 +0000] "GET /health HTTP/1.1" 200 123 "-" "-"
2025-10-27 06:41:31 [INFO]: ::1 - - [27/Oct/2025:06:41:31 +0000] "GET /health HTTP/1.1" 200 123 "-" "-"
2025-10-27 06:42:01 [INFO]: ::1 - - [27/Oct/2025:06:42:01 +0000] "GET /health HTTP/1.1" 200 123 "-" "-"
2025-10-27 06:42:31 [INFO]: ::1 - - [27/Oct/2025:06:42:31 +0000] "GET /health HTTP/1.1" 200 122 "-" "-"
2025-10-27 06:43:01 [INFO]: ::1 - - [27/Oct/2025:06:43:01 +0000] "GET /health HTTP/1.1" 200 123 "-" "-"
2025-10-27 06:43:32 [INFO]: ::1 - - [27/Oct/2025:06:43:32 +0000] "GET /health HTTP/1.1" 200 123 "-" "-"
2025-10-27 06:44:02 [INFO]: ::1 - - [27/Oct/2025:06:44:02 +0000] "GET /health HTTP/1.1" 200 123 "-" "-"
2025-10-27 06:44:32 [INFO]: ::1 - - [27/Oct/2025:06:44:32 +0000] "GET /health HTTP/1.1" 200 123 "-" "-"
2025-10-27 06:45:02 [INFO]: ::1 - - [27/Oct/2025:06:45:02 +0000] "GET /health HTTP/1.1" 200 123 "-" "-"
2025-10-27 06:45:32 [INFO]: ::1 - - [27/Oct/2025:06:45:32 +0000] "GET /health HTTP/1.1" 200 123 "-" "-"
2025-10-27 06:46:03 [INFO]: ::1 - - [27/Oct/2025:06:46:03 +0000] "GET /health HTTP/1.1" 200 123 "-" "-"
2025-10-27 06:46:33 [INFO]: ::1 - - [27/Oct/2025:06:46:33 +0000] "GET /health HTTP/1.1" 200 122 "-" "-"
2025-10-27 06:47:03 [INFO]: ::1 - - [27/Oct/2025:06:47:03 +0000] "GET /health HTTP/1.1" 200 123 "-" "-"
2025-10-27 06:47:33 [INFO]: ::1 - - [27/Oct/2025:06:47:33 +0000] "GET /health HTTP/1.1" 200 123 "-" "-"
2025-10-27 06:48:03 [INFO]: ::1 - - [27/Oct/2025:06:48:03 +0000] "GET /health HTTP/1.1" 200 123 "-" "-"
2025-10-27 06:48:33 [INFO]: ::1 - - [27/Oct/2025:06:48:33 +0000] "GET /health HTTP/1.1" 200 123 "-" "-"
2025-10-27 06:49:03 [INFO]: ::1 - - [27/Oct/2025:06:49:03 +0000] "GET /health HTTP/1.1" 200 123 "-" "-"
2025-10-27 06:49:34 [INFO]: ::1 - - [27/Oct/2025:06:49:34 +0000] "GET /health HTTP/1.1" 200 123 "-" "-"
2025-10-27 06:50:04 [INFO]: ::1 - - [27/Oct/2025:06:50:04 +0000] "GET /health HTTP/1.1" 200 123 "-" "-"
2025-10-27 06:50:34 [INFO]: ::1 - - [27/Oct/2025:06:50:34 +0000] "GET /health HTTP/1.1" 200 123 "-" "-"
2025-10-27 06:51:04 [INFO]: ::1 - - [27/Oct/2025:06:51:04 +0000] "GET /health HTTP/1.1" 200 123 "-" "-"
2025-10-27 07:48:23 [INFO]: Redis connected successfully
2025-10-27 07:48:23 [INFO]: PostgreSQL connected successfully
2025-10-27 07:48:23 [INFO]: Redis connected successfully
2025-10-27 07:48:23 [INFO]: Server running on port 4000 in production mode
2025-10-27 07:48:23 [INFO]: API available at: http://localhost:4000/api
2025-10-27 07:48:26 [INFO]: ::1 - - [27/Oct/2025:07:48:26 +0000] "GET /health HTTP/1.1" 200 120 "-" "-"
2025-10-27 07:48:56 [INFO]: ::1 - - [27/Oct/2025:07:48:56 +0000] "GET /health HTTP/1.1" 200 121 "-" "-"
2025-10-27 07:49:26 [INFO]: ::1 - - [27/Oct/2025:07:49:26 +0000] "GET /health HTTP/1.1" 200 121 "-" "-"
2025-10-27 07:49:57 [INFO]: ::1 - - [27/Oct/2025:07:49:57 +0000] "GET /health HTTP/1.1" 200 121 "-" "-"
2025-10-27 07:50:27 [INFO]: ::1 - - [27/Oct/2025:07:50:27 +0000] "GET /health HTTP/1.1" 200 122 "-" "-"
2025-10-27 07:50:57 [INFO]: ::1 - - [27/Oct/2025:07:50:57 +0000] "GET /health HTTP/1.1" 200 121 "-" "-"
2025-10-27 07:51:27 [INFO]: ::1 - - [27/Oct/2025:07:51:27 +0000] "GET /health HTTP/1.1" 200 122 "-" "-"
2025-10-27 07:51:57 [INFO]: ::1 - - [27/Oct/2025:07:51:57 +0000] "GET /health HTTP/1.1" 200 122 "-" "-"
2025-10-27 07:52:27 [INFO]: ::1 - - [27/Oct/2025:07:52:27 +0000] "GET /health HTTP/1.1" 200 121 "-" "-"
2025-10-27 07:52:58 [INFO]: ::1 - - [27/Oct/2025:07:52:58 +0000] "GET /health HTTP/1.1" 200 122 "-" "-"
2025-10-27 07:53:28 [INFO]: ::1 - - [27/Oct/2025:07:53:28 +0000] "GET /health HTTP/1.1" 200 122 "-" "-"
2025-10-27 07:53:58 [INFO]: ::1 - - [27/Oct/2025:07:53:58 +0000] "GET /health HTTP/1.1" 200 122 "-" "-"
2025-10-27 07:54:28 [INFO]: ::1 - - [27/Oct/2025:07:54:28 +0000] "GET /health HTTP/1.1" 200 122 "-" "-"
2025-10-27 07:54:58 [INFO]: ::1 - - [27/Oct/2025:07:54:58 +0000] "GET /health HTTP/1.1" 200 122 "-" "-"
2025-10-27 07:55:28 [INFO]: ::1 - - [27/Oct/2025:07:55:28 +0000] "GET /health HTTP/1.1" 200 121 "-" "-"
2025-10-27 07:55:59 [INFO]: ::1 - - [27/Oct/2025:07:55:59 +0000] "GET /health HTTP/1.1" 200 122 "-" "-"
2025-10-27 07:56:29 [INFO]: ::1 - - [27/Oct/2025:07:56:29 +0000] "GET /health HTTP/1.1" 200 122 "-" "-"
2025-10-27 07:56:59 [INFO]: ::1 - - [27/Oct/2025:07:56:59 +0000] "GET /health HTTP/1.1" 200 122 "-" "-"
2025-10-27 07:57:29 [INFO]: ::1 - - [27/Oct/2025:07:57:29 +0000] "GET /health HTTP/1.1" 200 122 "-" "-"
2025-10-27 07:58:00 [INFO]: ::1 - - [27/Oct/2025:07:58:00 +0000] "GET /health HTTP/1.1" 200 122 "-" "-"
2025-10-27 07:58:30 [INFO]: ::1 - - [27/Oct/2025:07:58:30 +0000] "GET /health HTTP/1.1" 200 122 "-" "-"
2025-10-27 07:59:00 [INFO]: ::1 - - [27/Oct/2025:07:59:00 +0000] "GET /health HTTP/1.1" 200 122 "-" "-"
2025-10-27 07:59:30 [INFO]: ::1 - - [27/Oct/2025:07:59:30 +0000] "GET /health HTTP/1.1" 200 121 "-" "-"
2025-10-27 08:00:00 [INFO]: ::1 - - [27/Oct/2025:08:00:00 +0000] "GET /health HTTP/1.1" 200 122 "-" "-"
2025-10-27 08:00:30 [INFO]: ::1 - - [27/Oct/2025:08:00:30 +0000] "GET /health HTTP/1.1" 200 122 "-" "-"
2025-10-27 08:01:01 [INFO]: ::1 - - [27/Oct/2025:08:01:01 +0000] "GET /health HTTP/1.1" 200 122 "-" "-"
2025-10-27 08:01:31 [INFO]: ::1 - - [27/Oct/2025:08:01:31 +0000] "GET /health HTTP/1.1" 200 122 "-" "-"
2025-10-27 08:02:01 [INFO]: ::1 - - [27/Oct/2025:08:02:01 +0000] "GET /health HTTP/1.1" 200 122 "-" "-"
2025-10-27 08:02:31 [INFO]: ::1 - - [27/Oct/2025:08:02:31 +0000] "GET /health HTTP/1.1" 200 122 "-" "-"
2025-10-27 08:03:01 [INFO]: ::1 - - [27/Oct/2025:08:03:01 +0000] "GET /health HTTP/1.1" 200 122 "-" "-"
2025-10-27 08:03:32 [INFO]: ::1 - - [27/Oct/2025:08:03:32 +0000] "GET /health HTTP/1.1" 200 122 "-" "-"
2025-10-27 08:04:17 [INFO]: ::1 - - [27/Oct/2025:08:04:17 +0000] "GET /health HTTP/1.1" 200 122 "-" "-"
2025-10-27 08:07:19 [INFO]: ::1 - - [27/Oct/2025:08:07:19 +0000] "GET /health HTTP/1.1" 200 122 "-" "-"
2025-10-27 08:08:30 [INFO]: ::1 - - [27/Oct/2025:08:08:30 +0000] "GET /health HTTP/1.1" 200 123 "-" "-"
2025-10-27 08:09:00 [INFO]: ::1 - - [27/Oct/2025:08:09:00 +0000] "GET /health HTTP/1.1" 200 123 "-" "-"
2025-10-27 08:09:30 [INFO]: ::1 - - [27/Oct/2025:08:09:30 +0000] "GET /health HTTP/1.1" 200 123 "-" "-"
2025-10-27 08:09:54 [ERROR]: Authentication error: Invalid or expired token
Error: Invalid or expired token
    at verifyAccessToken (/app/src/utils/token.js:37:11)
    at authenticate (/app/src/middleware/auth.js:23:21)
    at Layer.handle [as handle_request] (/app/node_modules/express/lib/router/layer.js:95:5)
    at next (/app/node_modules/express/lib/router/route.js:149:13)
    at Route.dispatch (/app/node_modules/express/lib/router/route.js:119:3)
    at Layer.handle [as handle_request] (/app/node_modules/express/lib/router/layer.js:95:5)
    at /app/node_modules/express/lib/router/index.js:284:15
    at Function.process_params (/app/node_modules/express/lib/router/index.js:346:12)
    at next (/app/node_modules/express/lib/router/index.js:280:10)
    at Function.handle (/app/node_modules/express/lib/router/index.js:175:3)
2025-10-27 08:09:54 [INFO]: ::ffff:172.18.0.1 - - [27/Oct/2025:08:09:54 +0000] "GET /api/auth/me HTTP/1.1" 401 54 "http://localhost:4001/" "Mozilla/5.0 (Windows NT 10.0; Win64; x64) AppleWebKit/537.36 (KHTML, like Gecko) Chrome/141.0.0.0 Safari/537.36"
2025-10-27 08:10:00 [INFO]: ::1 - - [27/Oct/2025:08:10:00 +0000] "GET /health HTTP/1.1" 200 123 "-" "-"
2025-10-27 08:10:17 [INFO]: User logged in: admin@kpn.com
2025-10-27 08:10:17 [INFO]: ::ffff:172.18.0.1 - - [27/Oct/2025:08:10:17 +0000] "POST /api/auth/login HTTP/1.1" 200 437 "http://localhost:4001/" "Mozilla/5.0 (Windows NT 10.0; Win64; x64) AppleWebKit/537.36 (KHTML, like Gecko) Chrome/141.0.0.0 Safari/537.36"
2025-10-27 08:10:31 [INFO]: ::1 - - [27/Oct/2025:08:10:31 +0000] "GET /health HTTP/1.1" 200 123 "-" "-"
2025-10-27 08:11:01 [INFO]: ::1 - - [27/Oct/2025:08:11:01 +0000] "GET /health HTTP/1.1" 200 123 "-" "-"
2025-10-27 08:11:31 [INFO]: ::1 - - [27/Oct/2025:08:11:31 +0000] "GET /health HTTP/1.1" 200 123 "-" "-"
2025-10-27 08:12:01 [INFO]: ::1 - - [27/Oct/2025:08:12:01 +0000] "GET /health HTTP/1.1" 200 123 "-" "-"
2025-10-27 08:12:31 [INFO]: ::1 - - [27/Oct/2025:08:12:31 +0000] "GET /health HTTP/1.1" 200 123 "-" "-"
2025-10-27 08:13:02 [INFO]: ::1 - - [27/Oct/2025:08:13:02 +0000] "GET /health HTTP/1.1" 200 123 "-" "-"
2025-10-27 08:13:32 [INFO]: ::1 - - [27/Oct/2025:08:13:32 +0000] "GET /health HTTP/1.1" 200 123 "-" "-"
2025-10-27 08:14:02 [INFO]: ::1 - - [27/Oct/2025:08:14:02 +0000] "GET /health HTTP/1.1" 200 123 "-" "-"
2025-10-27 08:14:32 [INFO]: ::1 - - [27/Oct/2025:08:14:32 +0000] "GET /health HTTP/1.1" 200 123 "-" "-"
2025-10-27 08:15:03 [INFO]: ::1 - - [27/Oct/2025:08:15:03 +0000] "GET /health HTTP/1.1" 200 122 "-" "-"
2025-10-27 08:15:33 [INFO]: ::1 - - [27/Oct/2025:08:15:33 +0000] "GET /health HTTP/1.1" 200 123 "-" "-"
2025-10-27 08:16:03 [INFO]: ::1 - - [27/Oct/2025:08:16:03 +0000] "GET /health HTTP/1.1" 200 122 "-" "-"
2025-10-27 08:16:33 [INFO]: ::1 - - [27/Oct/2025:08:16:33 +0000] "GET /health HTTP/1.1" 200 122 "-" "-"
2025-10-27 08:17:03 [INFO]: ::1 - - [27/Oct/2025:08:17:03 +0000] "GET /health HTTP/1.1" 200 123 "-" "-"
2025-10-27 08:17:33 [INFO]: ::1 - - [27/Oct/2025:08:17:33 +0000] "GET /health HTTP/1.1" 200 123 "-" "-"
2025-10-27 08:18:04 [INFO]: ::1 - - [27/Oct/2025:08:18:04 +0000] "GET /health HTTP/1.1" 200 123 "-" "-"
2025-10-27 08:18:34 [INFO]: ::1 - - [27/Oct/2025:08:18:34 +0000] "GET /health HTTP/1.1" 200 122 "-" "-"
2025-10-27 08:19:04 [INFO]: ::1 - - [27/Oct/2025:08:19:04 +0000] "GET /health HTTP/1.1" 200 123 "-" "-"
2025-10-27 08:19:34 [INFO]: ::1 - - [27/Oct/2025:08:19:34 +0000] "GET /health HTTP/1.1" 200 122 "-" "-"
2025-10-27 08:20:05 [INFO]: ::1 - - [27/Oct/2025:08:20:05 +0000] "GET /health HTTP/1.1" 200 123 "-" "-"
2025-10-27 08:20:35 [INFO]: ::1 - - [27/Oct/2025:08:20:35 +0000] "GET /health HTTP/1.1" 200 122 "-" "-"
2025-10-27 08:21:05 [INFO]: ::1 - - [27/Oct/2025:08:21:05 +0000] "GET /health HTTP/1.1" 200 123 "-" "-"
2025-10-27 08:21:35 [INFO]: ::1 - - [27/Oct/2025:08:21:35 +0000] "GET /health HTTP/1.1" 200 123 "-" "-"
2025-10-27 08:22:05 [INFO]: ::1 - - [27/Oct/2025:08:22:05 +0000] "GET /health HTTP/1.1" 200 123 "-" "-"
2025-10-27 08:22:35 [INFO]: ::1 - - [27/Oct/2025:08:22:35 +0000] "GET /health HTTP/1.1" 200 123 "-" "-"
2025-10-27 08:23:06 [INFO]: ::1 - - [27/Oct/2025:08:23:06 +0000] "GET /health HTTP/1.1" 200 123 "-" "-"
2025-10-27 08:23:36 [INFO]: ::1 - - [27/Oct/2025:08:23:36 +0000] "GET /health HTTP/1.1" 200 123 "-" "-"
2025-10-27 08:24:06 [INFO]: ::1 - - [27/Oct/2025:08:24:06 +0000] "GET /health HTTP/1.1" 200 123 "-" "-"
2025-10-27 08:24:36 [INFO]: ::1 - - [27/Oct/2025:08:24:36 +0000] "GET /health HTTP/1.1" 200 123 "-" "-"
2025-10-27 08:25:07 [INFO]: ::1 - - [27/Oct/2025:08:25:07 +0000] "GET /health HTTP/1.1" 200 123 "-" "-"
2025-10-27 08:25:37 [INFO]: ::1 - - [27/Oct/2025:08:25:37 +0000] "GET /health HTTP/1.1" 200 123 "-" "-"
2025-10-27 08:26:07 [INFO]: ::1 - - [27/Oct/2025:08:26:07 +0000] "GET /health HTTP/1.1" 200 123 "-" "-"
2025-10-27 08:26:37 [INFO]: ::1 - - [27/Oct/2025:08:26:37 +0000] "GET /health HTTP/1.1" 200 123 "-" "-"
2025-10-27 08:27:07 [INFO]: ::1 - - [27/Oct/2025:08:27:07 +0000] "GET /health HTTP/1.1" 200 123 "-" "-"
2025-10-27 08:27:37 [INFO]: ::1 - - [27/Oct/2025:08:27:37 +0000] "GET /health HTTP/1.1" 200 123 "-" "-"
2025-10-27 08:28:08 [INFO]: ::1 - - [27/Oct/2025:08:28:08 +0000] "GET /health HTTP/1.1" 200 123 "-" "-"
2025-10-27 08:28:38 [INFO]: ::1 - - [27/Oct/2025:08:28:38 +0000] "GET /health HTTP/1.1" 200 123 "-" "-"
2025-10-27 08:29:08 [INFO]: ::1 - - [27/Oct/2025:08:29:08 +0000] "GET /health HTTP/1.1" 200 123 "-" "-"
2025-10-27 08:29:38 [INFO]: ::1 - - [27/Oct/2025:08:29:38 +0000] "GET /health HTTP/1.1" 200 123 "-" "-"
2025-10-27 08:30:08 [INFO]: ::1 - - [27/Oct/2025:08:30:08 +0000] "GET /health HTTP/1.1" 200 123 "-" "-"
2025-10-27 08:30:39 [INFO]: ::1 - - [27/Oct/2025:08:30:39 +0000] "GET /health HTTP/1.1" 200 123 "-" "-"
2025-10-27 08:31:09 [INFO]: ::1 - - [27/Oct/2025:08:31:09 +0000] "GET /health HTTP/1.1" 200 123 "-" "-"
2025-10-27 08:31:39 [INFO]: ::1 - - [27/Oct/2025:08:31:39 +0000] "GET /health HTTP/1.1" 200 123 "-" "-"
2025-10-27 08:32:09 [INFO]: ::1 - - [27/Oct/2025:08:32:09 +0000] "GET /health HTTP/1.1" 200 123 "-" "-"
2025-10-27 08:32:40 [INFO]: ::1 - - [27/Oct/2025:08:32:40 +0000] "GET /health HTTP/1.1" 200 123 "-" "-"
2025-10-27 08:33:10 [INFO]: ::1 - - [27/Oct/2025:08:33:10 +0000] "GET /health HTTP/1.1" 200 123 "-" "-"
2025-10-27 08:33:40 [INFO]: ::1 - - [27/Oct/2025:08:33:40 +0000] "GET /health HTTP/1.1" 200 123 "-" "-"
2025-10-27 08:34:10 [INFO]: ::1 - - [27/Oct/2025:08:34:10 +0000] "GET /health HTTP/1.1" 200 123 "-" "-"
2025-10-27 08:34:40 [INFO]: ::1 - - [27/Oct/2025:08:34:40 +0000] "GET /health HTTP/1.1" 200 123 "-" "-"
2025-10-27 08:35:10 [INFO]: ::1 - - [27/Oct/2025:08:35:10 +0000] "GET /health HTTP/1.1" 200 123 "-" "-"
2025-10-27 08:35:41 [INFO]: ::1 - - [27/Oct/2025:08:35:41 +0000] "GET /health HTTP/1.1" 200 123 "-" "-"
2025-10-27 08:36:11 [INFO]: ::1 - - [27/Oct/2025:08:36:11 +0000] "GET /health HTTP/1.1" 200 123 "-" "-"
2025-10-27 08:36:41 [INFO]: ::1 - - [27/Oct/2025:08:36:41 +0000] "GET /health HTTP/1.1" 200 123 "-" "-"
2025-10-27 08:37:11 [INFO]: ::1 - - [27/Oct/2025:08:37:11 +0000] "GET /health HTTP/1.1" 200 123 "-" "-"
2025-10-27 08:37:41 [INFO]: ::1 - - [27/Oct/2025:08:37:41 +0000] "GET /health HTTP/1.1" 200 123 "-" "-"
2025-10-27 08:38:12 [INFO]: ::1 - - [27/Oct/2025:08:38:12 +0000] "GET /health HTTP/1.1" 200 123 "-" "-"
2025-10-27 08:38:42 [INFO]: ::1 - - [27/Oct/2025:08:38:42 +0000] "GET /health HTTP/1.1" 200 123 "-" "-"
2025-10-27 08:39:12 [INFO]: ::1 - - [27/Oct/2025:08:39:12 +0000] "GET /health HTTP/1.1" 200 123 "-" "-"
2025-10-27 08:39:42 [INFO]: ::1 - - [27/Oct/2025:08:39:42 +0000] "GET /health HTTP/1.1" 200 123 "-" "-"
2025-10-27 08:40:13 [INFO]: ::1 - - [27/Oct/2025:08:40:13 +0000] "GET /health HTTP/1.1" 200 123 "-" "-"
2025-10-27 08:40:43 [INFO]: ::1 - - [27/Oct/2025:08:40:43 +0000] "GET /health HTTP/1.1" 200 123 "-" "-"
2025-10-27 08:41:13 [INFO]: ::1 - - [27/Oct/2025:08:41:13 +0000] "GET /health HTTP/1.1" 200 123 "-" "-"
2025-10-27 08:41:43 [INFO]: ::1 - - [27/Oct/2025:08:41:43 +0000] "GET /health HTTP/1.1" 200 123 "-" "-"
2025-10-27 08:42:13 [INFO]: ::1 - - [27/Oct/2025:08:42:13 +0000] "GET /health HTTP/1.1" 200 122 "-" "-"
2025-10-27 08:42:44 [INFO]: ::1 - - [27/Oct/2025:08:42:44 +0000] "GET /health HTTP/1.1" 200 123 "-" "-"
2025-10-27 08:43:14 [INFO]: ::1 - - [27/Oct/2025:08:43:14 +0000] "GET /health HTTP/1.1" 200 123 "-" "-"
2025-10-27 08:43:44 [INFO]: ::1 - - [27/Oct/2025:08:43:44 +0000] "GET /health HTTP/1.1" 200 123 "-" "-"
2025-10-27 08:44:14 [INFO]: ::1 - - [27/Oct/2025:08:44:14 +0000] "GET /health HTTP/1.1" 200 123 "-" "-"
2025-10-27 08:44:44 [INFO]: ::1 - - [27/Oct/2025:08:44:44 +0000] "GET /health HTTP/1.1" 200 123 "-" "-"
2025-10-27 08:45:14 [INFO]: ::1 - - [27/Oct/2025:08:45:14 +0000] "GET /health HTTP/1.1" 200 123 "-" "-"
2025-10-27 08:45:44 [INFO]: ::1 - - [27/Oct/2025:08:45:44 +0000] "GET /health HTTP/1.1" 200 123 "-" "-"
2025-10-27 08:46:15 [INFO]: ::1 - - [27/Oct/2025:08:46:15 +0000] "GET /health HTTP/1.1" 200 123 "-" "-"
2025-10-27 08:46:45 [INFO]: ::1 - - [27/Oct/2025:08:46:45 +0000] "GET /health HTTP/1.1" 200 121 "-" "-"
2025-10-27 08:47:15 [INFO]: ::1 - - [27/Oct/2025:08:47:15 +0000] "GET /health HTTP/1.1" 200 122 "-" "-"
2025-10-27 08:47:45 [INFO]: ::1 - - [27/Oct/2025:08:47:45 +0000] "GET /health HTTP/1.1" 200 123 "-" "-"
2025-10-27 08:48:15 [INFO]: ::1 - - [27/Oct/2025:08:48:15 +0000] "GET /health HTTP/1.1" 200 123 "-" "-"
2025-10-27 08:48:46 [INFO]: ::1 - - [27/Oct/2025:08:48:46 +0000] "GET /health HTTP/1.1" 200 123 "-" "-"
2025-10-27 08:49:16 [INFO]: ::1 - - [27/Oct/2025:08:49:16 +0000] "GET /health HTTP/1.1" 200 123 "-" "-"
2025-10-27 08:49:46 [INFO]: ::1 - - [27/Oct/2025:08:49:46 +0000] "GET /health HTTP/1.1" 200 123 "-" "-"
2025-10-27 08:50:16 [INFO]: ::1 - - [27/Oct/2025:08:50:16 +0000] "GET /health HTTP/1.1" 200 123 "-" "-"
2025-10-27 08:50:47 [INFO]: ::1 - - [27/Oct/2025:08:50:47 +0000] "GET /health HTTP/1.1" 200 123 "-" "-"
2025-10-27 08:51:17 [INFO]: ::1 - - [27/Oct/2025:08:51:17 +0000] "GET /health HTTP/1.1" 200 123 "-" "-"
2025-10-27 08:51:47 [INFO]: ::1 - - [27/Oct/2025:08:51:47 +0000] "GET /health HTTP/1.1" 200 123 "-" "-"
2025-10-27 08:52:17 [INFO]: ::1 - - [27/Oct/2025:08:52:17 +0000] "GET /health HTTP/1.1" 200 123 "-" "-"
2025-10-27 08:52:47 [INFO]: ::1 - - [27/Oct/2025:08:52:47 +0000] "GET /health HTTP/1.1" 200 123 "-" "-"
2025-10-27 08:53:18 [INFO]: ::1 - - [27/Oct/2025:08:53:18 +0000] "GET /health HTTP/1.1" 200 122 "-" "-"
2025-10-27 08:53:48 [INFO]: ::1 - - [27/Oct/2025:08:53:48 +0000] "GET /health HTTP/1.1" 200 123 "-" "-"
2025-10-27 08:54:18 [INFO]: ::1 - - [27/Oct/2025:08:54:18 +0000] "GET /health HTTP/1.1" 200 123 "-" "-"
2025-10-27 08:54:48 [INFO]: ::1 - - [27/Oct/2025:08:54:48 +0000] "GET /health HTTP/1.1" 200 123 "-" "-"
2025-10-27 08:55:18 [INFO]: ::1 - - [27/Oct/2025:08:55:18 +0000] "GET /health HTTP/1.1" 200 123 "-" "-"
2025-10-27 08:55:49 [INFO]: ::1 - - [27/Oct/2025:08:55:49 +0000] "GET /health HTTP/1.1" 200 123 "-" "-"
2025-10-27 08:56:19 [INFO]: ::1 - - [27/Oct/2025:08:56:19 +0000] "GET /health HTTP/1.1" 200 123 "-" "-"
2025-10-27 08:56:49 [INFO]: ::1 - - [27/Oct/2025:08:56:49 +0000] "GET /health HTTP/1.1" 200 121 "-" "-"
2025-10-27 08:57:19 [INFO]: ::1 - - [27/Oct/2025:08:57:19 +0000] "GET /health HTTP/1.1" 200 123 "-" "-"
2025-10-27 08:57:49 [INFO]: ::1 - - [27/Oct/2025:08:57:49 +0000] "GET /health HTTP/1.1" 200 123 "-" "-"
2025-10-27 08:58:20 [INFO]: ::1 - - [27/Oct/2025:08:58:20 +0000] "GET /health HTTP/1.1" 200 123 "-" "-"
2025-10-27 08:58:50 [INFO]: ::1 - - [27/Oct/2025:08:58:50 +0000] "GET /health HTTP/1.1" 200 123 "-" "-"
2025-10-27 08:59:20 [INFO]: ::1 - - [27/Oct/2025:08:59:20 +0000] "GET /health HTTP/1.1" 200 123 "-" "-"
2025-10-27 08:59:50 [INFO]: ::1 - - [27/Oct/2025:08:59:50 +0000] "GET /health HTTP/1.1" 200 123 "-" "-"
2025-10-27 09:00:20 [INFO]: ::1 - - [27/Oct/2025:09:00:20 +0000] "GET /health HTTP/1.1" 200 123 "-" "-"
2025-10-27 09:00:50 [INFO]: ::1 - - [27/Oct/2025:09:00:50 +0000] "GET /health HTTP/1.1" 200 123 "-" "-"
2025-10-27 09:01:21 [INFO]: ::1 - - [27/Oct/2025:09:01:21 +0000] "GET /health HTTP/1.1" 200 123 "-" "-"
2025-10-27 09:01:51 [INFO]: ::1 - - [27/Oct/2025:09:01:51 +0000] "GET /health HTTP/1.1" 200 123 "-" "-"
2025-10-27 09:02:21 [INFO]: ::1 - - [27/Oct/2025:09:02:21 +0000] "GET /health HTTP/1.1" 200 123 "-" "-"
2025-10-27 09:02:51 [INFO]: ::1 - - [27/Oct/2025:09:02:51 +0000] "GET /health HTTP/1.1" 200 123 "-" "-"
2025-10-27 09:03:21 [INFO]: ::1 - - [27/Oct/2025:09:03:21 +0000] "GET /health HTTP/1.1" 200 123 "-" "-"
2025-10-27 09:03:51 [INFO]: ::1 - - [27/Oct/2025:09:03:51 +0000] "GET /health HTTP/1.1" 200 123 "-" "-"
2025-10-27 09:04:22 [INFO]: ::1 - - [27/Oct/2025:09:04:22 +0000] "GET /health HTTP/1.1" 200 123 "-" "-"
2025-10-27 09:04:52 [INFO]: ::1 - - [27/Oct/2025:09:04:52 +0000] "GET /health HTTP/1.1" 200 123 "-" "-"
2025-10-27 09:05:24 [INFO]: ::1 - - [27/Oct/2025:09:05:24 +0000] "GET /health HTTP/1.1" 200 123 "-" "-"
2025-10-27 09:08:06 [INFO]: ::1 - - [27/Oct/2025:09:08:06 +0000] "GET /health HTTP/1.1" 200 123 "-" "-"
2025-10-27 09:08:36 [INFO]: ::1 - - [27/Oct/2025:09:08:36 +0000] "GET /health HTTP/1.1" 200 123 "-" "-"
2025-10-27 09:09:06 [INFO]: ::1 - - [27/Oct/2025:09:09:06 +0000] "GET /health HTTP/1.1" 200 123 "-" "-"
2025-10-27 09:09:37 [INFO]: ::1 - - [27/Oct/2025:09:09:37 +0000] "GET /health HTTP/1.1" 200 123 "-" "-"
2025-10-27 09:10:07 [INFO]: ::1 - - [27/Oct/2025:09:10:07 +0000] "GET /health HTTP/1.1" 200 123 "-" "-"
2025-10-27 09:10:37 [INFO]: ::1 - - [27/Oct/2025:09:10:37 +0000] "GET /health HTTP/1.1" 200 123 "-" "-"
2025-10-27 09:11:07 [INFO]: ::1 - - [27/Oct/2025:09:11:07 +0000] "GET /health HTTP/1.1" 200 123 "-" "-"
2025-10-27 09:11:37 [INFO]: ::1 - - [27/Oct/2025:09:11:37 +0000] "GET /health HTTP/1.1" 200 123 "-" "-"
2025-10-27 09:12:07 [INFO]: ::1 - - [27/Oct/2025:09:12:07 +0000] "GET /health HTTP/1.1" 200 123 "-" "-"
2025-10-27 09:12:37 [INFO]: ::1 - - [27/Oct/2025:09:12:37 +0000] "GET /health HTTP/1.1" 200 123 "-" "-"
2025-10-27 09:13:07 [INFO]: ::1 - - [27/Oct/2025:09:13:07 +0000] "GET /health HTTP/1.1" 200 122 "-" "-"
2025-10-27 09:13:37 [INFO]: ::1 - - [27/Oct/2025:09:13:37 +0000] "GET /health HTTP/1.1" 200 123 "-" "-"
2025-10-27 09:14:08 [INFO]: ::1 - - [27/Oct/2025:09:14:08 +0000] "GET /health HTTP/1.1" 200 123 "-" "-"
2025-10-27 09:14:38 [INFO]: ::1 - - [27/Oct/2025:09:14:38 +0000] "GET /health HTTP/1.1" 200 122 "-" "-"
2025-10-27 09:14:41 [ERROR]: Authentication error: Invalid or expired token
Error: Invalid or expired token
    at verifyAccessToken (/app/src/utils/token.js:37:11)
    at authenticate (/app/src/middleware/auth.js:23:21)
    at Layer.handle [as handle_request] (/app/node_modules/express/lib/router/layer.js:95:5)
    at next (/app/node_modules/express/lib/router/route.js:149:13)
    at Route.dispatch (/app/node_modules/express/lib/router/route.js:119:3)
    at Layer.handle [as handle_request] (/app/node_modules/express/lib/router/layer.js:95:5)
    at /app/node_modules/express/lib/router/index.js:284:15
    at Function.process_params (/app/node_modules/express/lib/router/index.js:346:12)
    at next (/app/node_modules/express/lib/router/index.js:280:10)
    at Function.handle (/app/node_modules/express/lib/router/index.js:175:3)
2025-10-27 09:14:41 [INFO]: ::ffff:172.18.0.1 - - [27/Oct/2025:09:14:41 +0000] "GET /api/auth/me HTTP/1.1" 401 54 "http://localhost:4001/" "Mozilla/5.0 (Windows NT 10.0; Win64; x64) AppleWebKit/537.36 (KHTML, like Gecko) Chrome/141.0.0.0 Safari/537.36"
2025-10-27 09:14:48 [INFO]: User logged in: admin@kpn.com
2025-10-27 09:14:48 [INFO]: ::ffff:172.18.0.1 - - [27/Oct/2025:09:14:48 +0000] "POST /api/auth/login HTTP/1.1" 200 437 "http://localhost:4001/" "Mozilla/5.0 (Windows NT 10.0; Win64; x64) AppleWebKit/537.36 (KHTML, like Gecko) Chrome/141.0.0.0 Safari/537.36"
2025-10-27 09:15:08 [INFO]: ::1 - - [27/Oct/2025:09:15:08 +0000] "GET /health HTTP/1.1" 200 123 "-" "-"
2025-10-27 09:15:38 [INFO]: ::1 - - [27/Oct/2025:09:15:38 +0000] "GET /health HTTP/1.1" 200 123 "-" "-"
2025-10-27 09:16:08 [INFO]: ::1 - - [27/Oct/2025:09:16:08 +0000] "GET /health HTTP/1.1" 200 123 "-" "-"
2025-10-27 09:16:38 [INFO]: ::1 - - [27/Oct/2025:09:16:38 +0000] "GET /health HTTP/1.1" 200 123 "-" "-"
2025-10-27 09:17:08 [INFO]: ::1 - - [27/Oct/2025:09:17:08 +0000] "GET /health HTTP/1.1" 200 123 "-" "-"
2025-10-27 09:17:38 [INFO]: ::1 - - [27/Oct/2025:09:17:38 +0000] "GET /health HTTP/1.1" 200 123 "-" "-"
2025-10-27 09:18:08 [INFO]: ::1 - - [27/Oct/2025:09:18:08 +0000] "GET /health HTTP/1.1" 200 123 "-" "-"
2025-10-27 09:18:39 [INFO]: ::1 - - [27/Oct/2025:09:18:39 +0000] "GET /health HTTP/1.1" 200 122 "-" "-"
2025-10-27 09:19:09 [INFO]: ::1 - - [27/Oct/2025:09:19:09 +0000] "GET /health HTTP/1.1" 200 123 "-" "-"
2025-10-27 09:19:39 [INFO]: ::1 - - [27/Oct/2025:09:19:39 +0000] "GET /health HTTP/1.1" 200 123 "-" "-"
2025-10-27 09:20:09 [INFO]: ::1 - - [27/Oct/2025:09:20:09 +0000] "GET /health HTTP/1.1" 200 123 "-" "-"
2025-10-27 09:20:39 [INFO]: ::1 - - [27/Oct/2025:09:20:39 +0000] "GET /health HTTP/1.1" 200 122 "-" "-"
2025-10-27 09:21:09 [INFO]: ::1 - - [27/Oct/2025:09:21:09 +0000] "GET /health HTTP/1.1" 200 122 "-" "-"
2025-10-27 09:21:39 [INFO]: ::1 - - [27/Oct/2025:09:21:39 +0000] "GET /health HTTP/1.1" 200 123 "-" "-"
2025-10-27 09:22:09 [INFO]: ::1 - - [27/Oct/2025:09:22:09 +0000] "GET /health HTTP/1.1" 200 123 "-" "-"
2025-10-27 09:22:39 [INFO]: ::1 - - [27/Oct/2025:09:22:39 +0000] "GET /health HTTP/1.1" 200 123 "-" "-"
2025-10-27 09:23:10 [INFO]: ::1 - - [27/Oct/2025:09:23:10 +0000] "GET /health HTTP/1.1" 200 122 "-" "-"
2025-10-27 09:23:40 [INFO]: ::1 - - [27/Oct/2025:09:23:40 +0000] "GET /health HTTP/1.1" 200 123 "-" "-"
2025-10-27 09:24:10 [INFO]: ::1 - - [27/Oct/2025:09:24:10 +0000] "GET /health HTTP/1.1" 200 123 "-" "-"
2025-10-27 09:24:40 [INFO]: ::1 - - [27/Oct/2025:09:24:40 +0000] "GET /health HTTP/1.1" 200 123 "-" "-"
2025-10-27 09:25:10 [INFO]: ::1 - - [27/Oct/2025:09:25:10 +0000] "GET /health HTTP/1.1" 200 123 "-" "-"
2025-10-27 09:25:40 [INFO]: ::1 - - [27/Oct/2025:09:25:40 +0000] "GET /health HTTP/1.1" 200 123 "-" "-"
2025-10-27 09:25:47 [INFO]: ::ffff:172.18.0.1 - - [27/Oct/2025:09:25:47 +0000] "GET /api/auth/me HTTP/1.1" 304 - "http://localhost:4001/" "Mozilla/5.0 (Windows NT 10.0; Win64; x64) AppleWebKit/537.36 (KHTML, like Gecko) Chrome/141.0.0.0 Safari/537.36"
2025-10-27 09:25:50 [INFO]: User logged in: admin@kpn.com
2025-10-27 09:25:50 [INFO]: ::ffff:172.18.0.1 - - [27/Oct/2025:09:25:50 +0000] "POST /api/auth/login HTTP/1.1" 200 437 "http://localhost:4001/" "Mozilla/5.0 (Windows NT 10.0; Win64; x64) AppleWebKit/537.36 (KHTML, like Gecko) Chrome/141.0.0.0 Safari/537.36"
2025-10-27 09:26:10 [INFO]: ::1 - - [27/Oct/2025:09:26:10 +0000] "GET /health HTTP/1.1" 200 123 "-" "-"
2025-10-27 09:26:40 [INFO]: ::1 - - [27/Oct/2025:09:26:40 +0000] "GET /health HTTP/1.1" 200 123 "-" "-"
2025-10-27 09:27:10 [INFO]: ::1 - - [27/Oct/2025:09:27:10 +0000] "GET /health HTTP/1.1" 200 123 "-" "-"
2025-10-27 09:27:40 [INFO]: ::1 - - [27/Oct/2025:09:27:40 +0000] "GET /health HTTP/1.1" 200 123 "-" "-"
2025-10-27 09:28:11 [INFO]: ::1 - - [27/Oct/2025:09:28:11 +0000] "GET /health HTTP/1.1" 200 123 "-" "-"
2025-10-27 09:28:41 [INFO]: ::1 - - [27/Oct/2025:09:28:41 +0000] "GET /health HTTP/1.1" 200 122 "-" "-"
2025-10-27 09:29:11 [INFO]: ::1 - - [27/Oct/2025:09:29:11 +0000] "GET /health HTTP/1.1" 200 123 "-" "-"
2025-10-27 09:29:41 [INFO]: ::1 - - [27/Oct/2025:09:29:41 +0000] "GET /health HTTP/1.1" 200 123 "-" "-"
2025-10-27 09:30:11 [INFO]: ::1 - - [27/Oct/2025:09:30:11 +0000] "GET /health HTTP/1.1" 200 123 "-" "-"
2025-10-27 09:30:41 [INFO]: ::1 - - [27/Oct/2025:09:30:41 +0000] "GET /health HTTP/1.1" 200 123 "-" "-"
2025-10-27 09:31:11 [INFO]: ::1 - - [27/Oct/2025:09:31:11 +0000] "GET /health HTTP/1.1" 200 123 "-" "-"
2025-10-27 09:31:41 [INFO]: ::1 - - [27/Oct/2025:09:31:41 +0000] "GET /health HTTP/1.1" 200 123 "-" "-"
2025-10-27 09:32:11 [INFO]: ::1 - - [27/Oct/2025:09:32:11 +0000] "GET /health HTTP/1.1" 200 123 "-" "-"
2025-10-27 09:32:42 [INFO]: ::1 - - [27/Oct/2025:09:32:42 +0000] "GET /health HTTP/1.1" 200 123 "-" "-"
2025-10-27 09:33:12 [INFO]: ::1 - - [27/Oct/2025:09:33:12 +0000] "GET /health HTTP/1.1" 200 123 "-" "-"
2025-10-27 09:33:42 [INFO]: ::1 - - [27/Oct/2025:09:33:42 +0000] "GET /health HTTP/1.1" 200 123 "-" "-"
2025-10-27 09:34:12 [INFO]: ::1 - - [27/Oct/2025:09:34:12 +0000] "GET /health HTTP/1.1" 200 123 "-" "-"
2025-10-27 09:34:42 [INFO]: ::1 - - [27/Oct/2025:09:34:42 +0000] "GET /health HTTP/1.1" 200 123 "-" "-"
2025-10-27 09:35:12 [INFO]: ::1 - - [27/Oct/2025:09:35:12 +0000] "GET /health HTTP/1.1" 200 123 "-" "-"
2025-10-27 09:35:42 [INFO]: ::1 - - [27/Oct/2025:09:35:42 +0000] "GET /health HTTP/1.1" 200 123 "-" "-"
2025-10-27 09:36:12 [INFO]: ::1 - - [27/Oct/2025:09:36:12 +0000] "GET /health HTTP/1.1" 200 123 "-" "-"
2025-10-27 09:36:42 [INFO]: ::1 - - [27/Oct/2025:09:36:42 +0000] "GET /health HTTP/1.1" 200 123 "-" "-"
2025-10-27 09:37:13 [INFO]: ::1 - - [27/Oct/2025:09:37:13 +0000] "GET /health HTTP/1.1" 200 123 "-" "-"
2025-10-27 09:37:43 [INFO]: ::1 - - [27/Oct/2025:09:37:43 +0000] "GET /health HTTP/1.1" 200 123 "-" "-"
2025-10-27 09:38:13 [INFO]: ::1 - - [27/Oct/2025:09:38:13 +0000] "GET /health HTTP/1.1" 200 123 "-" "-"
2025-10-27 09:38:43 [INFO]: ::1 - - [27/Oct/2025:09:38:43 +0000] "GET /health HTTP/1.1" 200 123 "-" "-"
2025-10-27 09:39:13 [INFO]: ::1 - - [27/Oct/2025:09:39:13 +0000] "GET /health HTTP/1.1" 200 123 "-" "-"
2025-10-27 09:39:43 [INFO]: ::1 - - [27/Oct/2025:09:39:43 +0000] "GET /health HTTP/1.1" 200 123 "-" "-"
2025-10-27 09:40:13 [INFO]: ::1 - - [27/Oct/2025:09:40:13 +0000] "GET /health HTTP/1.1" 200 122 "-" "-"
2025-10-27 09:40:43 [INFO]: ::1 - - [27/Oct/2025:09:40:43 +0000] "GET /health HTTP/1.1" 200 123 "-" "-"
2025-10-27 09:41:13 [INFO]: ::1 - - [27/Oct/2025:09:41:13 +0000] "GET /health HTTP/1.1" 200 123 "-" "-"
2025-10-27 09:41:44 [INFO]: ::1 - - [27/Oct/2025:09:41:44 +0000] "GET /health HTTP/1.1" 200 123 "-" "-"
2025-10-27 09:42:14 [INFO]: ::1 - - [27/Oct/2025:09:42:14 +0000] "GET /health HTTP/1.1" 200 123 "-" "-"
2025-10-27 09:42:44 [INFO]: ::1 - - [27/Oct/2025:09:42:44 +0000] "GET /health HTTP/1.1" 200 123 "-" "-"
2025-10-27 09:43:14 [INFO]: ::1 - - [27/Oct/2025:09:43:14 +0000] "GET /health HTTP/1.1" 200 123 "-" "-"
2025-10-27 09:43:44 [INFO]: ::1 - - [27/Oct/2025:09:43:44 +0000] "GET /health HTTP/1.1" 200 123 "-" "-"
2025-10-27 09:44:14 [INFO]: ::1 - - [27/Oct/2025:09:44:14 +0000] "GET /health HTTP/1.1" 200 123 "-" "-"
2025-10-27 09:44:44 [INFO]: ::1 - - [27/Oct/2025:09:44:44 +0000] "GET /health HTTP/1.1" 200 123 "-" "-"
2025-10-27 09:45:14 [INFO]: ::1 - - [27/Oct/2025:09:45:14 +0000] "GET /health HTTP/1.1" 200 123 "-" "-"
2025-10-27 09:45:44 [INFO]: ::1 - - [27/Oct/2025:09:45:44 +0000] "GET /health HTTP/1.1" 200 123 "-" "-"
2025-10-27 09:46:15 [INFO]: ::1 - - [27/Oct/2025:09:46:15 +0000] "GET /health HTTP/1.1" 200 123 "-" "-"
2025-10-27 09:46:45 [INFO]: ::1 - - [27/Oct/2025:09:46:45 +0000] "GET /health HTTP/1.1" 200 123 "-" "-"
2025-10-27 09:47:15 [INFO]: ::1 - - [27/Oct/2025:09:47:15 +0000] "GET /health HTTP/1.1" 200 123 "-" "-"
2025-10-27 09:47:45 [INFO]: ::1 - - [27/Oct/2025:09:47:45 +0000] "GET /health HTTP/1.1" 200 123 "-" "-"
2025-10-27 09:48:15 [INFO]: ::1 - - [27/Oct/2025:09:48:15 +0000] "GET /health HTTP/1.1" 200 123 "-" "-"
2025-10-27 09:48:45 [INFO]: ::1 - - [27/Oct/2025:09:48:45 +0000] "GET /health HTTP/1.1" 200 123 "-" "-"
2025-10-27 09:49:15 [INFO]: ::1 - - [27/Oct/2025:09:49:15 +0000] "GET /health HTTP/1.1" 200 123 "-" "-"
2025-10-27 09:49:45 [INFO]: ::1 - - [27/Oct/2025:09:49:45 +0000] "GET /health HTTP/1.1" 200 123 "-" "-"
2025-10-27 09:50:15 [INFO]: ::1 - - [27/Oct/2025:09:50:15 +0000] "GET /health HTTP/1.1" 200 123 "-" "-"
2025-10-27 09:50:45 [INFO]: ::1 - - [27/Oct/2025:09:50:45 +0000] "GET /health HTTP/1.1" 200 123 "-" "-"
2025-10-27 09:51:16 [INFO]: ::1 - - [27/Oct/2025:09:51:16 +0000] "GET /health HTTP/1.1" 200 121 "-" "-"
2025-10-27 09:51:46 [INFO]: ::1 - - [27/Oct/2025:09:51:46 +0000] "GET /health HTTP/1.1" 200 123 "-" "-"
2025-10-27 09:52:16 [INFO]: ::1 - - [27/Oct/2025:09:52:16 +0000] "GET /health HTTP/1.1" 200 123 "-" "-"
2025-10-27 09:52:46 [INFO]: ::1 - - [27/Oct/2025:09:52:46 +0000] "GET /health HTTP/1.1" 200 123 "-" "-"
2025-10-27 09:53:16 [INFO]: ::1 - - [27/Oct/2025:09:53:16 +0000] "GET /health HTTP/1.1" 200 123 "-" "-"
2025-10-27 09:53:46 [INFO]: ::1 - - [27/Oct/2025:09:53:46 +0000] "GET /health HTTP/1.1" 200 123 "-" "-"
2025-10-27 09:54:16 [INFO]: ::1 - - [27/Oct/2025:09:54:16 +0000] "GET /health HTTP/1.1" 200 123 "-" "-"
2025-10-27 09:54:46 [INFO]: ::1 - - [27/Oct/2025:09:54:46 +0000] "GET /health HTTP/1.1" 200 123 "-" "-"
2025-10-27 09:55:16 [INFO]: ::1 - - [27/Oct/2025:09:55:16 +0000] "GET /health HTTP/1.1" 200 123 "-" "-"
2025-10-27 09:55:46 [INFO]: ::1 - - [27/Oct/2025:09:55:46 +0000] "GET /health HTTP/1.1" 200 123 "-" "-"
2025-10-27 09:56:17 [INFO]: ::1 - - [27/Oct/2025:09:56:17 +0000] "GET /health HTTP/1.1" 200 123 "-" "-"
2025-10-27 09:56:47 [INFO]: ::1 - - [27/Oct/2025:09:56:47 +0000] "GET /health HTTP/1.1" 200 123 "-" "-"
2025-10-27 09:57:17 [INFO]: ::1 - - [27/Oct/2025:09:57:17 +0000] "GET /health HTTP/1.1" 200 123 "-" "-"
2025-10-27 09:57:47 [INFO]: ::1 - - [27/Oct/2025:09:57:47 +0000] "GET /health HTTP/1.1" 200 123 "-" "-"
2025-10-27 09:58:17 [INFO]: ::1 - - [27/Oct/2025:09:58:17 +0000] "GET /health HTTP/1.1" 200 123 "-" "-"
2025-10-27 09:58:47 [INFO]: ::1 - - [27/Oct/2025:09:58:47 +0000] "GET /health HTTP/1.1" 200 123 "-" "-"
2025-10-27 09:59:17 [INFO]: ::1 - - [27/Oct/2025:09:59:17 +0000] "GET /health HTTP/1.1" 200 123 "-" "-"
2025-10-27 09:59:47 [INFO]: ::1 - - [27/Oct/2025:09:59:47 +0000] "GET /health HTTP/1.1" 200 123 "-" "-"
2025-10-27 10:00:18 [INFO]: ::1 - - [27/Oct/2025:10:00:18 +0000] "GET /health HTTP/1.1" 200 122 "-" "-"
2025-10-27 10:00:48 [INFO]: ::1 - - [27/Oct/2025:10:00:48 +0000] "GET /health HTTP/1.1" 200 123 "-" "-"
2025-10-27 10:01:18 [INFO]: ::1 - - [27/Oct/2025:10:01:18 +0000] "GET /health HTTP/1.1" 200 123 "-" "-"
2025-10-27 10:01:48 [INFO]: ::1 - - [27/Oct/2025:10:01:48 +0000] "GET /health HTTP/1.1" 200 123 "-" "-"
2025-10-27 10:02:18 [INFO]: ::1 - - [27/Oct/2025:10:02:18 +0000] "GET /health HTTP/1.1" 200 123 "-" "-"
2025-10-27 10:02:48 [INFO]: ::1 - - [27/Oct/2025:10:02:48 +0000] "GET /health HTTP/1.1" 200 123 "-" "-"
2025-10-27 10:03:18 [INFO]: ::1 - - [27/Oct/2025:10:03:18 +0000] "GET /health HTTP/1.1" 200 123 "-" "-"
2025-10-27 10:03:49 [INFO]: ::1 - - [27/Oct/2025:10:03:49 +0000] "GET /health HTTP/1.1" 200 123 "-" "-"
2025-10-27 10:04:19 [INFO]: ::1 - - [27/Oct/2025:10:04:19 +0000] "GET /health HTTP/1.1" 200 123 "-" "-"
2025-10-27 10:04:49 [INFO]: ::1 - - [27/Oct/2025:10:04:49 +0000] "GET /health HTTP/1.1" 200 123 "-" "-"
2025-10-27 10:05:19 [INFO]: ::1 - - [27/Oct/2025:10:05:19 +0000] "GET /health HTTP/1.1" 200 123 "-" "-"
2025-10-27 10:05:49 [INFO]: ::1 - - [27/Oct/2025:10:05:49 +0000] "GET /health HTTP/1.1" 200 123 "-" "-"
2025-10-27 10:06:19 [INFO]: ::1 - - [27/Oct/2025:10:06:19 +0000] "GET /health HTTP/1.1" 200 123 "-" "-"
2025-10-27 10:06:49 [INFO]: ::1 - - [27/Oct/2025:10:06:49 +0000] "GET /health HTTP/1.1" 200 123 "-" "-"
2025-10-27 10:07:19 [INFO]: ::1 - - [27/Oct/2025:10:07:19 +0000] "GET /health HTTP/1.1" 200 123 "-" "-"
2025-10-27 10:07:50 [INFO]: ::1 - - [27/Oct/2025:10:07:50 +0000] "GET /health HTTP/1.1" 200 123 "-" "-"
2025-10-27 10:08:20 [INFO]: ::1 - - [27/Oct/2025:10:08:20 +0000] "GET /health HTTP/1.1" 200 123 "-" "-"
2025-10-27 10:08:50 [INFO]: ::1 - - [27/Oct/2025:10:08:50 +0000] "GET /health HTTP/1.1" 200 123 "-" "-"
2025-10-27 10:09:20 [INFO]: ::1 - - [27/Oct/2025:10:09:20 +0000] "GET /health HTTP/1.1" 200 123 "-" "-"
2025-10-27 10:09:50 [INFO]: ::1 - - [27/Oct/2025:10:09:50 +0000] "GET /health HTTP/1.1" 200 123 "-" "-"
2025-10-27 10:10:20 [INFO]: ::1 - - [27/Oct/2025:10:10:20 +0000] "GET /health HTTP/1.1" 200 123 "-" "-"
2025-10-27 10:10:50 [INFO]: ::1 - - [27/Oct/2025:10:10:50 +0000] "GET /health HTTP/1.1" 200 123 "-" "-"
2025-10-27 10:11:20 [INFO]: ::1 - - [27/Oct/2025:10:11:20 +0000] "GET /health HTTP/1.1" 200 123 "-" "-"
2025-10-27 10:11:50 [INFO]: ::1 - - [27/Oct/2025:10:11:50 +0000] "GET /health HTTP/1.1" 200 123 "-" "-"
2025-10-27 10:12:21 [INFO]: ::1 - - [27/Oct/2025:10:12:21 +0000] "GET /health HTTP/1.1" 200 123 "-" "-"
2025-10-27 10:12:51 [INFO]: ::1 - - [27/Oct/2025:10:12:51 +0000] "GET /health HTTP/1.1" 200 123 "-" "-"
2025-10-27 10:13:21 [INFO]: ::1 - - [27/Oct/2025:10:13:21 +0000] "GET /health HTTP/1.1" 200 123 "-" "-"
2025-10-27 10:13:51 [INFO]: ::1 - - [27/Oct/2025:10:13:51 +0000] "GET /health HTTP/1.1" 200 123 "-" "-"
