2025-10-29 01:40:48 [INFO]: Redis connected successfully
2025-10-29 01:40:49 [INFO]: PostgreSQL connected successfully
2025-10-29 01:40:49 [INFO]: Redis connected successfully
2025-10-29 01:40:49 [INFO]: Server running on port 4000 in production mode
2025-10-29 01:40:49 [INFO]: API available at: http://localhost:4000/api
2025-10-29 01:40:52 [INFO]: ::1 - - [29/Oct/2025:01:40:52 +0000] "GET /health HTTP/1.1" 200 120 "-" "-"
2025-10-29 01:41:22 [INFO]: ::1 - - [29/Oct/2025:01:41:22 +0000] "GET /health HTTP/1.1" 200 121 "-" "-"
2025-10-29 01:41:52 [INFO]: ::1 - - [29/Oct/2025:01:41:52 +0000] "GET /health HTTP/1.1" 200 121 "-" "-"
2025-10-29 01:42:22 [INFO]: ::1 - - [29/Oct/2025:01:42:22 +0000] "GET /health HTTP/1.1" 200 121 "-" "-"
2025-10-29 01:42:52 [INFO]: ::1 - - [29/Oct/2025:01:42:52 +0000] "GET /health HTTP/1.1" 200 122 "-" "-"
2025-10-29 01:43:22 [INFO]: ::1 - - [29/Oct/2025:01:43:22 +0000] "GET /health HTTP/1.1" 200 122 "-" "-"
2025-10-29 01:43:53 [INFO]: ::1 - - [29/Oct/2025:01:43:53 +0000] "GET /health HTTP/1.1" 200 122 "-" "-"
2025-10-29 01:44:23 [INFO]: ::1 - - [29/Oct/2025:01:44:23 +0000] "GET /health HTTP/1.1" 200 122 "-" "-"
2025-10-29 01:44:53 [INFO]: ::1 - - [29/Oct/2025:01:44:53 +0000] "GET /health HTTP/1.1" 200 122 "-" "-"
2025-10-29 01:45:23 [INFO]: ::1 - - [29/Oct/2025:01:45:23 +0000] "GET /health HTTP/1.1" 200 122 "-" "-"
2025-10-29 01:45:53 [INFO]: ::1 - - [29/Oct/2025:01:45:53 +0000] "GET /health HTTP/1.1" 200 122 "-" "-"
2025-10-29 01:46:11 [ERROR]: Authentication error: Invalid or expired token
Error: Invalid or expired token
    at verifyAccessToken (/app/src/utils/token.js:37:11)
    at authenticate (/app/src/middleware/auth.js:23:21)
    at Layer.handle [as handle_request] (/app/node_modules/express/lib/router/layer.js:95:5)
    at next (/app/node_modules/express/lib/router/route.js:149:13)
    at Route.dispatch (/app/node_modules/express/lib/router/route.js:119:3)
    at Layer.handle [as handle_request] (/app/node_modules/express/lib/router/layer.js:95:5)
    at /app/node_modules/express/lib/router/index.js:284:15
    at Function.process_params (/app/node_modules/express/lib/router/index.js:346:12)
    at next (/app/node_modules/express/lib/router/index.js:280:10)
    at Function.handle (/app/node_modules/express/lib/router/index.js:175:3)
2025-10-29 01:46:11 [INFO]: ::ffff:172.18.0.1 - - [29/Oct/2025:01:46:11 +0000] "GET /api/auth/me HTTP/1.1" 401 54 "http://localhost:4001/" "Mozilla/5.0 (Windows NT 10.0; Win64; x64) AppleWebKit/537.36 (KHTML, like Gecko) Chrome/141.0.0.0 Safari/537.36"
2025-10-29 01:46:15 [INFO]: User logged in: admin@kpn.com
2025-10-29 01:46:15 [INFO]: ::ffff:172.18.0.1 - - [29/Oct/2025:01:46:15 +0000] "POST /api/auth/login HTTP/1.1" 200 437 "http://localhost:4001/" "Mozilla/5.0 (Windows NT 10.0; Win64; x64) AppleWebKit/537.36 (KHTML, like Gecko) Chrome/141.0.0.0 Safari/537.36"
2025-10-29 01:46:23 [INFO]: ::1 - - [29/Oct/2025:01:46:23 +0000] "GET /health HTTP/1.1" 200 122 "-" "-"
2025-10-29 01:46:53 [INFO]: ::1 - - [29/Oct/2025:01:46:53 +0000] "GET /health HTTP/1.1" 200 122 "-" "-"
2025-10-29 01:47:24 [INFO]: ::1 - - [29/Oct/2025:01:47:24 +0000] "GET /health HTTP/1.1" 200 122 "-" "-"
2025-10-29 01:47:54 [INFO]: ::1 - - [29/Oct/2025:01:47:54 +0000] "GET /health HTTP/1.1" 200 122 "-" "-"
2025-10-29 01:48:24 [INFO]: ::1 - - [29/Oct/2025:01:48:24 +0000] "GET /health HTTP/1.1" 200 122 "-" "-"
2025-10-29 01:48:54 [INFO]: ::1 - - [29/Oct/2025:01:48:54 +0000] "GET /health HTTP/1.1" 200 122 "-" "-"
2025-10-29 01:49:24 [INFO]: ::1 - - [29/Oct/2025:01:49:24 +0000] "GET /health HTTP/1.1" 200 122 "-" "-"
2025-10-29 01:49:54 [INFO]: ::1 - - [29/Oct/2025:01:49:54 +0000] "GET /health HTTP/1.1" 200 122 "-" "-"
2025-10-29 01:50:24 [INFO]: ::1 - - [29/Oct/2025:01:50:24 +0000] "GET /health HTTP/1.1" 200 122 "-" "-"
2025-10-29 01:50:54 [INFO]: ::1 - - [29/Oct/2025:01:50:54 +0000] "GET /health HTTP/1.1" 200 122 "-" "-"
2025-10-29 01:51:24 [INFO]: ::1 - - [29/Oct/2025:01:51:24 +0000] "GET /health HTTP/1.1" 200 122 "-" "-"
2025-10-29 01:51:55 [INFO]: ::1 - - [29/Oct/2025:01:51:55 +0000] "GET /health HTTP/1.1" 200 121 "-" "-"
2025-10-29 01:52:25 [INFO]: ::1 - - [29/Oct/2025:01:52:25 +0000] "GET /health HTTP/1.1" 200 122 "-" "-"
2025-10-29 01:52:55 [INFO]: ::1 - - [29/Oct/2025:01:52:55 +0000] "GET /health HTTP/1.1" 200 121 "-" "-"
2025-10-29 01:53:25 [INFO]: ::1 - - [29/Oct/2025:01:53:25 +0000] "GET /health HTTP/1.1" 200 122 "-" "-"
2025-10-29 01:53:55 [INFO]: ::1 - - [29/Oct/2025:01:53:55 +0000] "GET /health HTTP/1.1" 200 122 "-" "-"
2025-10-29 01:54:25 [INFO]: ::1 - - [29/Oct/2025:01:54:25 +0000] "GET /health HTTP/1.1" 200 122 "-" "-"
2025-10-29 01:54:55 [INFO]: ::1 - - [29/Oct/2025:01:54:55 +0000] "GET /health HTTP/1.1" 200 122 "-" "-"
2025-10-29 01:55:25 [INFO]: ::1 - - [29/Oct/2025:01:55:25 +0000] "GET /health HTTP/1.1" 200 122 "-" "-"
2025-10-29 01:55:55 [INFO]: ::1 - - [29/Oct/2025:01:55:55 +0000] "GET /health HTTP/1.1" 200 122 "-" "-"
2025-10-29 01:56:25 [INFO]: ::1 - - [29/Oct/2025:01:56:25 +0000] "GET /health HTTP/1.1" 200 122 "-" "-"
2025-10-29 01:56:56 [INFO]: ::1 - - [29/Oct/2025:01:56:56 +0000] "GET /health HTTP/1.1" 200 122 "-" "-"
2025-10-29 01:57:26 [INFO]: ::1 - - [29/Oct/2025:01:57:26 +0000] "GET /health HTTP/1.1" 200 122 "-" "-"
2025-10-29 01:57:56 [INFO]: ::1 - - [29/Oct/2025:01:57:56 +0000] "GET /health HTTP/1.1" 200 123 "-" "-"
2025-10-29 01:58:26 [INFO]: ::1 - - [29/Oct/2025:01:58:26 +0000] "GET /health HTTP/1.1" 200 123 "-" "-"
2025-10-29 01:58:56 [INFO]: ::1 - - [29/Oct/2025:01:58:56 +0000] "GET /health HTTP/1.1" 200 123 "-" "-"
2025-10-29 01:59:26 [INFO]: ::1 - - [29/Oct/2025:01:59:26 +0000] "GET /health HTTP/1.1" 200 123 "-" "-"
2025-10-29 01:59:56 [INFO]: ::1 - - [29/Oct/2025:01:59:56 +0000] "GET /health HTTP/1.1" 200 123 "-" "-"
2025-10-29 02:00:26 [INFO]: ::1 - - [29/Oct/2025:02:00:26 +0000] "GET /health HTTP/1.1" 200 123 "-" "-"
2025-10-29 02:00:56 [INFO]: ::1 - - [29/Oct/2025:02:00:56 +0000] "GET /health HTTP/1.1" 200 123 "-" "-"
2025-10-29 02:01:27 [INFO]: ::1 - - [29/Oct/2025:02:01:27 +0000] "GET /health HTTP/1.1" 200 122 "-" "-"
2025-10-29 02:01:57 [INFO]: ::1 - - [29/Oct/2025:02:01:57 +0000] "GET /health HTTP/1.1" 200 123 "-" "-"
2025-10-29 02:02:27 [INFO]: ::1 - - [29/Oct/2025:02:02:27 +0000] "GET /health HTTP/1.1" 200 123 "-" "-"
2025-10-29 02:02:57 [INFO]: ::1 - - [29/Oct/2025:02:02:57 +0000] "GET /health HTTP/1.1" 200 123 "-" "-"
2025-10-29 02:03:27 [INFO]: ::1 - - [29/Oct/2025:02:03:27 +0000] "GET /health HTTP/1.1" 200 123 "-" "-"
2025-10-29 02:03:57 [INFO]: ::1 - - [29/Oct/2025:02:03:57 +0000] "GET /health HTTP/1.1" 200 123 "-" "-"
2025-10-29 02:04:27 [INFO]: ::1 - - [29/Oct/2025:02:04:27 +0000] "GET /health HTTP/1.1" 200 123 "-" "-"
2025-10-29 02:04:57 [INFO]: ::1 - - [29/Oct/2025:02:04:57 +0000] "GET /health HTTP/1.1" 200 123 "-" "-"
2025-10-29 02:05:28 [INFO]: ::1 - - [29/Oct/2025:02:05:28 +0000] "GET /health HTTP/1.1" 200 123 "-" "-"
2025-10-29 02:05:58 [INFO]: ::1 - - [29/Oct/2025:02:05:58 +0000] "GET /health HTTP/1.1" 200 123 "-" "-"
2025-10-29 02:06:28 [INFO]: ::1 - - [29/Oct/2025:02:06:28 +0000] "GET /health HTTP/1.1" 200 123 "-" "-"
2025-10-29 02:06:58 [INFO]: ::1 - - [29/Oct/2025:02:06:58 +0000] "GET /health HTTP/1.1" 200 123 "-" "-"
2025-10-29 02:07:28 [INFO]: ::1 - - [29/Oct/2025:02:07:28 +0000] "GET /health HTTP/1.1" 200 123 "-" "-"
2025-10-29 02:07:58 [INFO]: ::1 - - [29/Oct/2025:02:07:58 +0000] "GET /health HTTP/1.1" 200 122 "-" "-"
2025-10-29 02:08:28 [INFO]: ::1 - - [29/Oct/2025:02:08:28 +0000] "GET /health HTTP/1.1" 200 123 "-" "-"
2025-10-29 02:08:58 [INFO]: ::1 - - [29/Oct/2025:02:08:58 +0000] "GET /health HTTP/1.1" 200 123 "-" "-"
2025-10-29 02:09:28 [INFO]: ::1 - - [29/Oct/2025:02:09:28 +0000] "GET /health HTTP/1.1" 200 123 "-" "-"
2025-10-29 02:09:59 [INFO]: ::1 - - [29/Oct/2025:02:09:59 +0000] "GET /health HTTP/1.1" 200 123 "-" "-"
2025-10-29 02:10:29 [INFO]: ::1 - - [29/Oct/2025:02:10:29 +0000] "GET /health HTTP/1.1" 200 123 "-" "-"
2025-10-29 02:10:59 [INFO]: ::1 - - [29/Oct/2025:02:10:59 +0000] "GET /health HTTP/1.1" 200 123 "-" "-"
2025-10-29 02:11:29 [INFO]: ::1 - - [29/Oct/2025:02:11:29 +0000] "GET /health HTTP/1.1" 200 122 "-" "-"
2025-10-29 02:11:59 [INFO]: ::1 - - [29/Oct/2025:02:11:59 +0000] "GET /health HTTP/1.1" 200 122 "-" "-"
2025-10-29 02:12:29 [INFO]: ::1 - - [29/Oct/2025:02:12:29 +0000] "GET /health HTTP/1.1" 200 123 "-" "-"
2025-10-29 02:12:59 [INFO]: ::1 - - [29/Oct/2025:02:12:59 +0000] "GET /health HTTP/1.1" 200 123 "-" "-"
2025-10-29 02:13:29 [INFO]: ::1 - - [29/Oct/2025:02:13:29 +0000] "GET /health HTTP/1.1" 200 123 "-" "-"
2025-10-29 02:14:00 [INFO]: ::1 - - [29/Oct/2025:02:14:00 +0000] "GET /health HTTP/1.1" 200 123 "-" "-"
2025-10-29 02:14:30 [INFO]: ::1 - - [29/Oct/2025:02:14:30 +0000] "GET /health HTTP/1.1" 200 123 "-" "-"
2025-10-29 02:15:00 [INFO]: ::1 - - [29/Oct/2025:02:15:00 +0000] "GET /health HTTP/1.1" 200 123 "-" "-"
2025-10-29 02:15:30 [INFO]: ::1 - - [29/Oct/2025:02:15:30 +0000] "GET /health HTTP/1.1" 200 123 "-" "-"
2025-10-29 02:16:00 [INFO]: ::1 - - [29/Oct/2025:02:16:00 +0000] "GET /health HTTP/1.1" 200 123 "-" "-"
2025-10-29 02:16:30 [INFO]: ::1 - - [29/Oct/2025:02:16:30 +0000] "GET /health HTTP/1.1" 200 123 "-" "-"
2025-10-29 02:17:00 [INFO]: ::1 - - [29/Oct/2025:02:17:00 +0000] "GET /health HTTP/1.1" 200 123 "-" "-"
2025-10-29 02:17:30 [INFO]: ::1 - - [29/Oct/2025:02:17:30 +0000] "GET /health HTTP/1.1" 200 123 "-" "-"
2025-10-29 02:18:00 [INFO]: ::1 - - [29/Oct/2025:02:18:00 +0000] "GET /health HTTP/1.1" 200 123 "-" "-"
2025-10-29 02:18:31 [INFO]: ::1 - - [29/Oct/2025:02:18:31 +0000] "GET /health HTTP/1.1" 200 123 "-" "-"
2025-10-29 02:19:01 [INFO]: ::1 - - [29/Oct/2025:02:19:01 +0000] "GET /health HTTP/1.1" 200 123 "-" "-"
2025-10-29 02:19:31 [INFO]: ::1 - - [29/Oct/2025:02:19:31 +0000] "GET /health HTTP/1.1" 200 123 "-" "-"
2025-10-29 02:20:01 [INFO]: ::1 - - [29/Oct/2025:02:20:01 +0000] "GET /health HTTP/1.1" 200 123 "-" "-"
2025-10-29 02:20:31 [INFO]: ::1 - - [29/Oct/2025:02:20:31 +0000] "GET /health HTTP/1.1" 200 123 "-" "-"
2025-10-29 02:21:01 [INFO]: ::1 - - [29/Oct/2025:02:21:01 +0000] "GET /health HTTP/1.1" 200 123 "-" "-"
2025-10-29 02:21:31 [INFO]: ::1 - - [29/Oct/2025:02:21:31 +0000] "GET /health HTTP/1.1" 200 123 "-" "-"
2025-10-29 02:22:01 [INFO]: ::1 - - [29/Oct/2025:02:22:01 +0000] "GET /health HTTP/1.1" 200 123 "-" "-"
2025-10-29 02:22:31 [INFO]: ::1 - - [29/Oct/2025:02:22:31 +0000] "GET /health HTTP/1.1" 200 123 "-" "-"
2025-10-29 02:23:02 [INFO]: ::1 - - [29/Oct/2025:02:23:02 +0000] "GET /health HTTP/1.1" 200 122 "-" "-"
2025-10-29 02:23:32 [INFO]: ::1 - - [29/Oct/2025:02:23:32 +0000] "GET /health HTTP/1.1" 200 123 "-" "-"
2025-10-29 02:24:02 [INFO]: ::1 - - [29/Oct/2025:02:24:02 +0000] "GET /health HTTP/1.1" 200 123 "-" "-"
2025-10-29 02:24:32 [INFO]: ::1 - - [29/Oct/2025:02:24:32 +0000] "GET /health HTTP/1.1" 200 123 "-" "-"
2025-10-29 02:25:02 [INFO]: ::1 - - [29/Oct/2025:02:25:02 +0000] "GET /health HTTP/1.1" 200 123 "-" "-"
2025-10-29 02:25:32 [INFO]: ::1 - - [29/Oct/2025:02:25:32 +0000] "GET /health HTTP/1.1" 200 123 "-" "-"
2025-10-29 02:26:02 [INFO]: ::1 - - [29/Oct/2025:02:26:02 +0000] "GET /health HTTP/1.1" 200 123 "-" "-"
2025-10-29 02:26:32 [INFO]: ::1 - - [29/Oct/2025:02:26:32 +0000] "GET /health HTTP/1.1" 200 123 "-" "-"
2025-10-29 02:27:02 [INFO]: ::1 - - [29/Oct/2025:02:27:02 +0000] "GET /health HTTP/1.1" 200 123 "-" "-"
2025-10-29 02:27:32 [INFO]: ::1 - - [29/Oct/2025:02:27:32 +0000] "GET /health HTTP/1.1" 200 122 "-" "-"
2025-10-29 02:28:03 [INFO]: ::1 - - [29/Oct/2025:02:28:03 +0000] "GET /health HTTP/1.1" 200 123 "-" "-"
2025-10-29 02:28:33 [INFO]: ::1 - - [29/Oct/2025:02:28:33 +0000] "GET /health HTTP/1.1" 200 123 "-" "-"
2025-10-29 02:29:03 [INFO]: ::1 - - [29/Oct/2025:02:29:03 +0000] "GET /health HTTP/1.1" 200 123 "-" "-"
2025-10-29 02:29:33 [INFO]: ::1 - - [29/Oct/2025:02:29:33 +0000] "GET /health HTTP/1.1" 200 123 "-" "-"
2025-10-29 02:30:03 [INFO]: ::1 - - [29/Oct/2025:02:30:03 +0000] "GET /health HTTP/1.1" 200 123 "-" "-"
2025-10-29 02:30:33 [INFO]: ::1 - - [29/Oct/2025:02:30:33 +0000] "GET /health HTTP/1.1" 200 123 "-" "-"
2025-10-29 02:31:03 [INFO]: ::1 - - [29/Oct/2025:02:31:03 +0000] "GET /health HTTP/1.1" 200 123 "-" "-"
2025-10-29 02:31:33 [INFO]: ::1 - - [29/Oct/2025:02:31:33 +0000] "GET /health HTTP/1.1" 200 123 "-" "-"
2025-10-29 02:32:04 [INFO]: ::1 - - [29/Oct/2025:02:32:04 +0000] "GET /health HTTP/1.1" 200 123 "-" "-"
2025-10-29 02:32:34 [INFO]: ::1 - - [29/Oct/2025:02:32:34 +0000] "GET /health HTTP/1.1" 200 123 "-" "-"
2025-10-29 02:33:04 [INFO]: ::1 - - [29/Oct/2025:02:33:04 +0000] "GET /health HTTP/1.1" 200 123 "-" "-"
2025-10-29 02:33:34 [INFO]: ::1 - - [29/Oct/2025:02:33:34 +0000] "GET /health HTTP/1.1" 200 123 "-" "-"
2025-10-29 02:34:04 [INFO]: ::1 - - [29/Oct/2025:02:34:04 +0000] "GET /health HTTP/1.1" 200 123 "-" "-"
2025-10-29 02:34:34 [INFO]: ::1 - - [29/Oct/2025:02:34:34 +0000] "GET /health HTTP/1.1" 200 123 "-" "-"
2025-10-29 02:35:04 [INFO]: ::1 - - [29/Oct/2025:02:35:04 +0000] "GET /health HTTP/1.1" 200 123 "-" "-"
2025-10-29 02:35:34 [INFO]: ::1 - - [29/Oct/2025:02:35:34 +0000] "GET /health HTTP/1.1" 200 123 "-" "-"
2025-10-29 02:36:04 [INFO]: ::1 - - [29/Oct/2025:02:36:04 +0000] "GET /health HTTP/1.1" 200 123 "-" "-"
2025-10-29 02:36:35 [INFO]: ::1 - - [29/Oct/2025:02:36:35 +0000] "GET /health HTTP/1.1" 200 123 "-" "-"
2025-10-29 02:37:05 [INFO]: ::1 - - [29/Oct/2025:02:37:05 +0000] "GET /health HTTP/1.1" 200 123 "-" "-"
2025-10-29 02:37:35 [INFO]: ::1 - - [29/Oct/2025:02:37:35 +0000] "GET /health HTTP/1.1" 200 122 "-" "-"
2025-10-29 02:38:05 [INFO]: ::1 - - [29/Oct/2025:02:38:05 +0000] "GET /health HTTP/1.1" 200 123 "-" "-"
2025-10-29 02:38:35 [INFO]: ::1 - - [29/Oct/2025:02:38:35 +0000] "GET /health HTTP/1.1" 200 123 "-" "-"
2025-10-29 02:39:05 [INFO]: ::1 - - [29/Oct/2025:02:39:05 +0000] "GET /health HTTP/1.1" 200 123 "-" "-"
2025-10-29 02:39:35 [INFO]: ::1 - - [29/Oct/2025:02:39:35 +0000] "GET /health HTTP/1.1" 200 123 "-" "-"
2025-10-29 02:40:05 [INFO]: ::1 - - [29/Oct/2025:02:40:05 +0000] "GET /health HTTP/1.1" 200 123 "-" "-"
2025-10-29 02:40:35 [INFO]: ::1 - - [29/Oct/2025:02:40:35 +0000] "GET /health HTTP/1.1" 200 123 "-" "-"
2025-10-29 02:41:05 [INFO]: ::1 - - [29/Oct/2025:02:41:05 +0000] "GET /health HTTP/1.1" 200 123 "-" "-"
2025-10-29 02:41:36 [INFO]: ::1 - - [29/Oct/2025:02:41:36 +0000] "GET /health HTTP/1.1" 200 123 "-" "-"
2025-10-29 02:42:06 [INFO]: ::1 - - [29/Oct/2025:02:42:06 +0000] "GET /health HTTP/1.1" 200 122 "-" "-"
2025-10-29 02:42:36 [INFO]: ::1 - - [29/Oct/2025:02:42:36 +0000] "GET /health HTTP/1.1" 200 123 "-" "-"
2025-10-29 02:43:06 [INFO]: ::1 - - [29/Oct/2025:02:43:06 +0000] "GET /health HTTP/1.1" 200 123 "-" "-"
2025-10-29 02:43:36 [INFO]: ::1 - - [29/Oct/2025:02:43:36 +0000] "GET /health HTTP/1.1" 200 123 "-" "-"
2025-10-29 02:44:06 [INFO]: ::1 - - [29/Oct/2025:02:44:06 +0000] "GET /health HTTP/1.1" 200 122 "-" "-"
2025-10-29 02:44:36 [INFO]: ::1 - - [29/Oct/2025:02:44:36 +0000] "GET /health HTTP/1.1" 200 123 "-" "-"
2025-10-29 02:45:06 [INFO]: ::1 - - [29/Oct/2025:02:45:06 +0000] "GET /health HTTP/1.1" 200 123 "-" "-"
2025-10-29 02:45:36 [INFO]: ::1 - - [29/Oct/2025:02:45:36 +0000] "GET /health HTTP/1.1" 200 123 "-" "-"
2025-10-29 02:46:06 [INFO]: ::1 - - [29/Oct/2025:02:46:06 +0000] "GET /health HTTP/1.1" 200 123 "-" "-"
2025-10-29 02:46:37 [INFO]: ::1 - - [29/Oct/2025:02:46:37 +0000] "GET /health HTTP/1.1" 200 123 "-" "-"
2025-10-29 02:47:07 [INFO]: ::1 - - [29/Oct/2025:02:47:07 +0000] "GET /health HTTP/1.1" 200 123 "-" "-"
2025-10-29 02:47:37 [INFO]: ::1 - - [29/Oct/2025:02:47:37 +0000] "GET /health HTTP/1.1" 200 123 "-" "-"
2025-10-29 02:48:07 [INFO]: ::1 - - [29/Oct/2025:02:48:07 +0000] "GET /health HTTP/1.1" 200 122 "-" "-"
2025-10-29 02:48:37 [INFO]: ::1 - - [29/Oct/2025:02:48:37 +0000] "GET /health HTTP/1.1" 200 123 "-" "-"
2025-10-29 02:49:07 [INFO]: ::1 - - [29/Oct/2025:02:49:07 +0000] "GET /health HTTP/1.1" 200 123 "-" "-"
2025-10-29 02:49:37 [INFO]: ::1 - - [29/Oct/2025:02:49:37 +0000] "GET /health HTTP/1.1" 200 123 "-" "-"
2025-10-29 02:50:07 [INFO]: ::1 - - [29/Oct/2025:02:50:07 +0000] "GET /health HTTP/1.1" 200 123 "-" "-"
2025-10-29 02:50:37 [INFO]: ::1 - - [29/Oct/2025:02:50:37 +0000] "GET /health HTTP/1.1" 200 123 "-" "-"
2025-10-29 02:51:07 [INFO]: ::1 - - [29/Oct/2025:02:51:07 +0000] "GET /health HTTP/1.1" 200 123 "-" "-"
2025-10-29 02:51:38 [INFO]: ::1 - - [29/Oct/2025:02:51:38 +0000] "GET /health HTTP/1.1" 200 123 "-" "-"
2025-10-29 02:52:08 [INFO]: ::1 - - [29/Oct/2025:02:52:08 +0000] "GET /health HTTP/1.1" 200 123 "-" "-"
2025-10-29 02:52:38 [INFO]: ::1 - - [29/Oct/2025:02:52:38 +0000] "GET /health HTTP/1.1" 200 122 "-" "-"
2025-10-29 02:53:08 [INFO]: ::1 - - [29/Oct/2025:02:53:08 +0000] "GET /health HTTP/1.1" 200 123 "-" "-"
2025-10-29 02:53:38 [INFO]: ::1 - - [29/Oct/2025:02:53:38 +0000] "GET /health HTTP/1.1" 200 123 "-" "-"
2025-10-29 02:54:08 [INFO]: ::1 - - [29/Oct/2025:02:54:08 +0000] "GET /health HTTP/1.1" 200 123 "-" "-"
2025-10-29 02:54:38 [INFO]: ::1 - - [29/Oct/2025:02:54:38 +0000] "GET /health HTTP/1.1" 200 123 "-" "-"
2025-10-29 02:55:08 [INFO]: ::1 - - [29/Oct/2025:02:55:08 +0000] "GET /health HTTP/1.1" 200 123 "-" "-"
2025-10-29 02:55:38 [INFO]: ::1 - - [29/Oct/2025:02:55:38 +0000] "GET /health HTTP/1.1" 200 123 "-" "-"
2025-10-29 02:56:08 [INFO]: ::1 - - [29/Oct/2025:02:56:08 +0000] "GET /health HTTP/1.1" 200 123 "-" "-"
2025-10-29 02:56:39 [INFO]: ::1 - - [29/Oct/2025:02:56:39 +0000] "GET /health HTTP/1.1" 200 123 "-" "-"
2025-10-29 02:57:09 [INFO]: ::1 - - [29/Oct/2025:02:57:09 +0000] "GET /health HTTP/1.1" 200 123 "-" "-"
2025-10-29 02:57:39 [INFO]: ::1 - - [29/Oct/2025:02:57:39 +0000] "GET /health HTTP/1.1" 200 123 "-" "-"
2025-10-29 02:58:09 [INFO]: ::1 - - [29/Oct/2025:02:58:09 +0000] "GET /health HTTP/1.1" 200 123 "-" "-"
2025-10-29 02:58:39 [INFO]: ::1 - - [29/Oct/2025:02:58:39 +0000] "GET /health HTTP/1.1" 200 123 "-" "-"
2025-10-29 02:59:09 [INFO]: ::1 - - [29/Oct/2025:02:59:09 +0000] "GET /health HTTP/1.1" 200 123 "-" "-"
2025-10-29 02:59:39 [INFO]: ::1 - - [29/Oct/2025:02:59:39 +0000] "GET /health HTTP/1.1" 200 123 "-" "-"
2025-10-29 03:00:09 [INFO]: ::1 - - [29/Oct/2025:03:00:09 +0000] "GET /health HTTP/1.1" 200 123 "-" "-"
2025-10-29 03:00:39 [INFO]: ::1 - - [29/Oct/2025:03:00:39 +0000] "GET /health HTTP/1.1" 200 123 "-" "-"
2025-10-29 03:01:09 [INFO]: ::1 - - [29/Oct/2025:03:01:09 +0000] "GET /health HTTP/1.1" 200 123 "-" "-"
2025-10-29 03:01:40 [INFO]: ::1 - - [29/Oct/2025:03:01:40 +0000] "GET /health HTTP/1.1" 200 123 "-" "-"
2025-10-29 03:02:10 [INFO]: ::1 - - [29/Oct/2025:03:02:10 +0000] "GET /health HTTP/1.1" 200 122 "-" "-"
2025-10-29 03:02:40 [INFO]: ::1 - - [29/Oct/2025:03:02:40 +0000] "GET /health HTTP/1.1" 200 123 "-" "-"
2025-10-29 03:03:10 [INFO]: ::1 - - [29/Oct/2025:03:03:10 +0000] "GET /health HTTP/1.1" 200 123 "-" "-"
2025-10-29 03:03:40 [INFO]: ::1 - - [29/Oct/2025:03:03:40 +0000] "GET /health HTTP/1.1" 200 123 "-" "-"
2025-10-29 03:04:10 [INFO]: ::1 - - [29/Oct/2025:03:04:10 +0000] "GET /health HTTP/1.1" 200 123 "-" "-"
2025-10-29 03:04:40 [INFO]: ::1 - - [29/Oct/2025:03:04:40 +0000] "GET /health HTTP/1.1" 200 123 "-" "-"
2025-10-29 03:05:10 [INFO]: ::1 - - [29/Oct/2025:03:05:10 +0000] "GET /health HTTP/1.1" 200 123 "-" "-"
2025-10-29 03:05:40 [INFO]: ::1 - - [29/Oct/2025:03:05:40 +0000] "GET /health HTTP/1.1" 200 123 "-" "-"
2025-10-29 03:06:10 [INFO]: ::1 - - [29/Oct/2025:03:06:10 +0000] "GET /health HTTP/1.1" 200 123 "-" "-"
2025-10-29 03:06:41 [INFO]: ::1 - - [29/Oct/2025:03:06:41 +0000] "GET /health HTTP/1.1" 200 123 "-" "-"
2025-10-29 03:07:11 [INFO]: ::1 - - [29/Oct/2025:03:07:11 +0000] "GET /health HTTP/1.1" 200 122 "-" "-"
2025-10-29 03:07:41 [INFO]: ::1 - - [29/Oct/2025:03:07:41 +0000] "GET /health HTTP/1.1" 200 122 "-" "-"
2025-10-29 03:08:11 [INFO]: ::1 - - [29/Oct/2025:03:08:11 +0000] "GET /health HTTP/1.1" 200 123 "-" "-"
2025-10-29 03:08:41 [INFO]: ::1 - - [29/Oct/2025:03:08:41 +0000] "GET /health HTTP/1.1" 200 123 "-" "-"
2025-10-29 03:09:11 [INFO]: ::1 - - [29/Oct/2025:03:09:11 +0000] "GET /health HTTP/1.1" 200 123 "-" "-"
2025-10-29 03:09:41 [INFO]: ::1 - - [29/Oct/2025:03:09:41 +0000] "GET /health HTTP/1.1" 200 123 "-" "-"
2025-10-29 03:10:11 [INFO]: ::1 - - [29/Oct/2025:03:10:11 +0000] "GET /health HTTP/1.1" 200 123 "-" "-"
2025-10-29 03:10:41 [INFO]: ::1 - - [29/Oct/2025:03:10:41 +0000] "GET /health HTTP/1.1" 200 122 "-" "-"
2025-10-29 03:11:11 [INFO]: ::1 - - [29/Oct/2025:03:11:11 +0000] "GET /health HTTP/1.1" 200 123 "-" "-"
2025-10-29 03:11:41 [INFO]: ::1 - - [29/Oct/2025:03:11:41 +0000] "GET /health HTTP/1.1" 200 123 "-" "-"
2025-10-29 03:12:12 [INFO]: ::1 - - [29/Oct/2025:03:12:12 +0000] "GET /health HTTP/1.1" 200 123 "-" "-"
2025-10-29 03:12:42 [INFO]: ::1 - - [29/Oct/2025:03:12:42 +0000] "GET /health HTTP/1.1" 200 123 "-" "-"
2025-10-29 03:13:12 [INFO]: ::1 - - [29/Oct/2025:03:13:12 +0000] "GET /health HTTP/1.1" 200 123 "-" "-"
2025-10-29 03:13:42 [INFO]: ::1 - - [29/Oct/2025:03:13:42 +0000] "GET /health HTTP/1.1" 200 122 "-" "-"
2025-10-29 03:14:12 [INFO]: ::1 - - [29/Oct/2025:03:14:12 +0000] "GET /health HTTP/1.1" 200 123 "-" "-"
2025-10-29 03:14:42 [INFO]: ::1 - - [29/Oct/2025:03:14:42 +0000] "GET /health HTTP/1.1" 200 123 "-" "-"
2025-10-29 03:15:12 [INFO]: ::1 - - [29/Oct/2025:03:15:12 +0000] "GET /health HTTP/1.1" 200 123 "-" "-"
2025-10-29 03:15:42 [INFO]: ::1 - - [29/Oct/2025:03:15:42 +0000] "GET /health HTTP/1.1" 200 123 "-" "-"
2025-10-29 03:16:12 [INFO]: ::1 - - [29/Oct/2025:03:16:12 +0000] "GET /health HTTP/1.1" 200 123 "-" "-"
2025-10-29 03:16:42 [INFO]: ::1 - - [29/Oct/2025:03:16:42 +0000] "GET /health HTTP/1.1" 200 123 "-" "-"
2025-10-29 03:17:13 [INFO]: ::1 - - [29/Oct/2025:03:17:13 +0000] "GET /health HTTP/1.1" 200 123 "-" "-"
2025-10-29 03:17:43 [INFO]: ::1 - - [29/Oct/2025:03:17:43 +0000] "GET /health HTTP/1.1" 200 123 "-" "-"
2025-10-29 03:18:13 [INFO]: ::1 - - [29/Oct/2025:03:18:13 +0000] "GET /health HTTP/1.1" 200 123 "-" "-"
2025-10-29 03:18:43 [INFO]: ::1 - - [29/Oct/2025:03:18:43 +0000] "GET /health HTTP/1.1" 200 123 "-" "-"
2025-10-29 03:19:13 [INFO]: ::1 - - [29/Oct/2025:03:19:13 +0000] "GET /health HTTP/1.1" 200 123 "-" "-"
2025-10-29 03:19:43 [INFO]: ::1 - - [29/Oct/2025:03:19:43 +0000] "GET /health HTTP/1.1" 200 123 "-" "-"
2025-10-29 03:20:13 [INFO]: ::1 - - [29/Oct/2025:03:20:13 +0000] "GET /health HTTP/1.1" 200 123 "-" "-"
2025-10-29 03:20:43 [INFO]: ::1 - - [29/Oct/2025:03:20:43 +0000] "GET /health HTTP/1.1" 200 123 "-" "-"
2025-10-29 03:21:13 [INFO]: ::1 - - [29/Oct/2025:03:21:13 +0000] "GET /health HTTP/1.1" 200 122 "-" "-"
2025-10-29 03:21:44 [INFO]: ::1 - - [29/Oct/2025:03:21:43 +0000] "GET /health HTTP/1.1" 200 123 "-" "-"
2025-10-29 03:22:14 [INFO]: ::1 - - [29/Oct/2025:03:22:14 +0000] "GET /health HTTP/1.1" 200 123 "-" "-"
2025-10-29 03:22:32 [ERROR]: Authentication error: Invalid or expired token
Error: Invalid or expired token
    at verifyAccessToken (/app/src/utils/token.js:37:11)
    at authenticate (/app/src/middleware/auth.js:23:21)
    at Layer.handle [as handle_request] (/app/node_modules/express/lib/router/layer.js:95:5)
    at next (/app/node_modules/express/lib/router/route.js:149:13)
    at Route.dispatch (/app/node_modules/express/lib/router/route.js:119:3)
    at Layer.handle [as handle_request] (/app/node_modules/express/lib/router/layer.js:95:5)
    at /app/node_modules/express/lib/router/index.js:284:15
    at Function.process_params (/app/node_modules/express/lib/router/index.js:346:12)
    at next (/app/node_modules/express/lib/router/index.js:280:10)
    at Function.handle (/app/node_modules/express/lib/router/index.js:175:3)
2025-10-29 03:22:32 [INFO]: ::ffff:172.18.0.1 - - [29/Oct/2025:03:22:32 +0000] "GET /api/auth/me HTTP/1.1" 401 54 "http://localhost:4001/" "Mozilla/5.0 (Windows NT 10.0; Win64; x64) AppleWebKit/537.36 (KHTML, like Gecko) Chrome/141.0.0.0 Safari/537.36"
2025-10-29 03:22:33 [INFO]: User logged in: admin@kpn.com
2025-10-29 03:22:33 [INFO]: ::ffff:172.18.0.1 - - [29/Oct/2025:03:22:33 +0000] "POST /api/auth/login HTTP/1.1" 200 437 "http://localhost:4001/" "Mozilla/5.0 (Windows NT 10.0; Win64; x64) AppleWebKit/537.36 (KHTML, like Gecko) Chrome/141.0.0.0 Safari/537.36"
2025-10-29 03:22:44 [INFO]: ::1 - - [29/Oct/2025:03:22:44 +0000] "GET /health HTTP/1.1" 200 122 "-" "-"
2025-10-29 03:23:14 [INFO]: ::1 - - [29/Oct/2025:03:23:14 +0000] "GET /health HTTP/1.1" 200 123 "-" "-"
2025-10-29 03:23:44 [INFO]: ::1 - - [29/Oct/2025:03:23:44 +0000] "GET /health HTTP/1.1" 200 123 "-" "-"
2025-10-29 03:24:14 [INFO]: ::1 - - [29/Oct/2025:03:24:14 +0000] "GET /health HTTP/1.1" 200 123 "-" "-"
2025-10-29 03:24:44 [INFO]: ::1 - - [29/Oct/2025:03:24:44 +0000] "GET /health HTTP/1.1" 200 123 "-" "-"
2025-10-29 03:25:14 [INFO]: ::1 - - [29/Oct/2025:03:25:14 +0000] "GET /health HTTP/1.1" 200 123 "-" "-"
2025-10-29 03:25:44 [INFO]: ::1 - - [29/Oct/2025:03:25:44 +0000] "GET /health HTTP/1.1" 200 123 "-" "-"
2025-10-29 03:26:14 [INFO]: ::1 - - [29/Oct/2025:03:26:14 +0000] "GET /health HTTP/1.1" 200 123 "-" "-"
2025-10-29 03:26:45 [INFO]: ::1 - - [29/Oct/2025:03:26:45 +0000] "GET /health HTTP/1.1" 200 123 "-" "-"
2025-10-29 03:27:15 [INFO]: ::1 - - [29/Oct/2025:03:27:15 +0000] "GET /health HTTP/1.1" 200 123 "-" "-"
2025-10-29 03:27:45 [INFO]: ::1 - - [29/Oct/2025:03:27:45 +0000] "GET /health HTTP/1.1" 200 123 "-" "-"
2025-10-29 03:28:10 [INFO]: ::ffff:172.18.0.1 - - [29/Oct/2025:03:28:10 +0000] "GET /api/auth/me HTTP/1.1" 304 - "http://localhost:4001/" "Mozilla/5.0 (Windows NT 10.0; Win64; x64) AppleWebKit/537.36 (KHTML, like Gecko) Chrome/141.0.0.0 Safari/537.36"
2025-10-29 03:28:15 [INFO]: ::1 - - [29/Oct/2025:03:28:15 +0000] "GET /health HTTP/1.1" 200 123 "-" "-"
2025-10-29 03:28:40 [INFO]: User logged in: admin@kpn.com
2025-10-29 03:28:40 [INFO]: ::ffff:172.18.0.1 - - [29/Oct/2025:03:28:40 +0000] "POST /api/auth/login HTTP/1.1" 200 437 "http://localhost:4001/" "Mozilla/5.0 (Windows NT 10.0; Win64; x64) AppleWebKit/537.36 (KHTML, like Gecko) Chrome/141.0.0.0 Safari/537.36"
2025-10-29 03:28:45 [INFO]: ::1 - - [29/Oct/2025:03:28:45 +0000] "GET /health HTTP/1.1" 200 123 "-" "-"
2025-10-29 03:29:15 [INFO]: ::1 - - [29/Oct/2025:03:29:15 +0000] "GET /health HTTP/1.1" 200 123 "-" "-"
2025-10-29 03:29:45 [INFO]: ::1 - - [29/Oct/2025:03:29:45 +0000] "GET /health HTTP/1.1" 200 123 "-" "-"
2025-10-29 03:30:15 [INFO]: ::1 - - [29/Oct/2025:03:30:15 +0000] "GET /health HTTP/1.1" 200 123 "-" "-"
2025-10-29 03:30:45 [INFO]: ::1 - - [29/Oct/2025:03:30:45 +0000] "GET /health HTTP/1.1" 200 123 "-" "-"
2025-10-29 03:31:16 [INFO]: ::1 - - [29/Oct/2025:03:31:16 +0000] "GET /health HTTP/1.1" 200 123 "-" "-"
2025-10-29 03:31:46 [INFO]: ::1 - - [29/Oct/2025:03:31:46 +0000] "GET /health HTTP/1.1" 200 123 "-" "-"
2025-10-29 03:32:16 [INFO]: ::1 - - [29/Oct/2025:03:32:16 +0000] "GET /health HTTP/1.1" 200 123 "-" "-"
2025-10-29 03:32:46 [INFO]: ::1 - - [29/Oct/2025:03:32:46 +0000] "GET /health HTTP/1.1" 200 123 "-" "-"
2025-10-29 03:33:16 [INFO]: ::1 - - [29/Oct/2025:03:33:16 +0000] "GET /health HTTP/1.1" 200 123 "-" "-"
2025-10-29 03:33:46 [INFO]: ::1 - - [29/Oct/2025:03:33:46 +0000] "GET /health HTTP/1.1" 200 122 "-" "-"
2025-10-29 03:34:16 [INFO]: ::1 - - [29/Oct/2025:03:34:16 +0000] "GET /health HTTP/1.1" 200 123 "-" "-"
2025-10-29 03:34:46 [INFO]: ::1 - - [29/Oct/2025:03:34:46 +0000] "GET /health HTTP/1.1" 200 123 "-" "-"
2025-10-29 03:35:16 [INFO]: ::1 - - [29/Oct/2025:03:35:16 +0000] "GET /health HTTP/1.1" 200 122 "-" "-"
2025-10-29 03:35:46 [INFO]: ::1 - - [29/Oct/2025:03:35:46 +0000] "GET /health HTTP/1.1" 200 123 "-" "-"
2025-10-29 03:36:17 [INFO]: ::1 - - [29/Oct/2025:03:36:17 +0000] "GET /health HTTP/1.1" 200 122 "-" "-"
2025-10-29 03:36:47 [INFO]: ::1 - - [29/Oct/2025:03:36:47 +0000] "GET /health HTTP/1.1" 200 123 "-" "-"
2025-10-29 03:37:17 [INFO]: ::1 - - [29/Oct/2025:03:37:17 +0000] "GET /health HTTP/1.1" 200 123 "-" "-"
2025-10-29 03:37:47 [INFO]: ::1 - - [29/Oct/2025:03:37:47 +0000] "GET /health HTTP/1.1" 200 123 "-" "-"
2025-10-29 03:38:17 [INFO]: ::1 - - [29/Oct/2025:03:38:17 +0000] "GET /health HTTP/1.1" 200 123 "-" "-"
2025-10-29 03:38:47 [INFO]: ::1 - - [29/Oct/2025:03:38:47 +0000] "GET /health HTTP/1.1" 200 123 "-" "-"
2025-10-29 03:39:17 [INFO]: ::1 - - [29/Oct/2025:03:39:17 +0000] "GET /health HTTP/1.1" 200 122 "-" "-"
2025-10-29 03:39:47 [INFO]: ::1 - - [29/Oct/2025:03:39:47 +0000] "GET /health HTTP/1.1" 200 123 "-" "-"
2025-10-29 03:42:43 [INFO]: ::1 - - [29/Oct/2025:03:42:43 +0000] "GET /health HTTP/1.1" 200 122 "-" "-"
2025-10-29 03:43:13 [INFO]: ::1 - - [29/Oct/2025:03:43:13 +0000] "GET /health HTTP/1.1" 200 123 "-" "-"
2025-10-29 03:43:43 [INFO]: ::1 - - [29/Oct/2025:03:43:43 +0000] "GET /health HTTP/1.1" 200 123 "-" "-"
2025-10-29 03:44:13 [INFO]: ::1 - - [29/Oct/2025:03:44:13 +0000] "GET /health HTTP/1.1" 200 123 "-" "-"
2025-10-29 03:44:43 [INFO]: ::1 - - [29/Oct/2025:03:44:43 +0000] "GET /health HTTP/1.1" 200 123 "-" "-"
2025-10-29 03:45:14 [INFO]: ::1 - - [29/Oct/2025:03:45:14 +0000] "GET /health HTTP/1.1" 200 123 "-" "-"
2025-10-29 03:45:44 [INFO]: ::1 - - [29/Oct/2025:03:45:44 +0000] "GET /health HTTP/1.1" 200 123 "-" "-"
2025-10-29 03:46:14 [INFO]: ::1 - - [29/Oct/2025:03:46:14 +0000] "GET /health HTTP/1.1" 200 123 "-" "-"
2025-10-29 03:46:29 [ERROR]: Authentication error: Invalid or expired token
Error: Invalid or expired token
    at verifyAccessToken (/app/src/utils/token.js:37:11)
    at authenticate (/app/src/middleware/auth.js:23:21)
    at Layer.handle [as handle_request] (/app/node_modules/express/lib/router/layer.js:95:5)
    at next (/app/node_modules/express/lib/router/route.js:149:13)
    at Route.dispatch (/app/node_modules/express/lib/router/route.js:119:3)
    at Layer.handle [as handle_request] (/app/node_modules/express/lib/router/layer.js:95:5)
    at /app/node_modules/express/lib/router/index.js:284:15
    at Function.process_params (/app/node_modules/express/lib/router/index.js:346:12)
    at next (/app/node_modules/express/lib/router/index.js:280:10)
    at Function.handle (/app/node_modules/express/lib/router/index.js:175:3)
2025-10-29 03:46:29 [INFO]: ::ffff:172.18.0.1 - - [29/Oct/2025:03:46:29 +0000] "GET /api/auth/me HTTP/1.1" 401 54 "http://localhost:4001/" "Mozilla/5.0 (Windows NT 10.0; Win64; x64) AppleWebKit/537.36 (KHTML, like Gecko) Chrome/141.0.0.0 Safari/537.36"
2025-10-29 03:46:31 [INFO]: User logged in: admin@kpn.com
2025-10-29 03:46:31 [INFO]: ::ffff:172.18.0.1 - - [29/Oct/2025:03:46:31 +0000] "POST /api/auth/login HTTP/1.1" 200 437 "http://localhost:4001/" "Mozilla/5.0 (Windows NT 10.0; Win64; x64) AppleWebKit/537.36 (KHTML, like Gecko) Chrome/141.0.0.0 Safari/537.36"
2025-10-29 03:46:44 [INFO]: ::1 - - [29/Oct/2025:03:46:44 +0000] "GET /health HTTP/1.1" 200 123 "-" "-"
2025-10-29 03:47:14 [INFO]: ::1 - - [29/Oct/2025:03:47:14 +0000] "GET /health HTTP/1.1" 200 123 "-" "-"
2025-10-29 03:47:45 [INFO]: ::1 - - [29/Oct/2025:03:47:45 +0000] "GET /health HTTP/1.1" 200 123 "-" "-"
2025-10-29 03:48:15 [INFO]: ::1 - - [29/Oct/2025:03:48:15 +0000] "GET /health HTTP/1.1" 200 123 "-" "-"
2025-10-29 03:48:31 [INFO]: ::ffff:172.18.0.1 - - [29/Oct/2025:03:48:31 +0000] "GET /api/auth/me HTTP/1.1" 304 - "http://localhost:4001/" "Mozilla/5.0 (Windows NT 10.0; Win64; x64) AppleWebKit/537.36 (KHTML, like Gecko) Chrome/141.0.0.0 Safari/537.36"
2025-10-29 03:48:32 [INFO]: ::ffff:172.18.0.1 - - [29/Oct/2025:03:48:32 +0000] "GET /api/auth/me HTTP/1.1" 304 - "http://localhost:4001/" "Mozilla/5.0 (Windows NT 10.0; Win64; x64) AppleWebKit/537.36 (KHTML, like Gecko) Chrome/141.0.0.0 Safari/537.36"
2025-10-29 03:48:45 [INFO]: ::1 - - [29/Oct/2025:03:48:45 +0000] "GET /health HTTP/1.1" 200 123 "-" "-"
2025-10-29 03:48:58 [INFO]: User logged in: admin@kpn.com
2025-10-29 03:48:58 [INFO]: ::ffff:172.18.0.1 - - [29/Oct/2025:03:48:58 +0000] "POST /api/auth/login HTTP/1.1" 200 437 "http://localhost:4001/" "Mozilla/5.0 (Windows NT 10.0; Win64; x64) AppleWebKit/537.36 (KHTML, like Gecko) Chrome/141.0.0.0 Safari/537.36"
2025-10-29 03:49:15 [INFO]: ::1 - - [29/Oct/2025:03:49:15 +0000] "GET /health HTTP/1.1" 200 123 "-" "-"
2025-10-29 03:49:45 [INFO]: ::1 - - [29/Oct/2025:03:49:45 +0000] "GET /health HTTP/1.1" 200 122 "-" "-"
2025-10-29 03:50:15 [INFO]: ::1 - - [29/Oct/2025:03:50:15 +0000] "GET /health HTTP/1.1" 200 123 "-" "-"
2025-10-29 03:50:46 [INFO]: ::1 - - [29/Oct/2025:03:50:46 +0000] "GET /health HTTP/1.1" 200 123 "-" "-"
2025-10-29 03:51:16 [INFO]: ::1 - - [29/Oct/2025:03:51:16 +0000] "GET /health HTTP/1.1" 200 123 "-" "-"
2025-10-29 03:51:46 [INFO]: ::1 - - [29/Oct/2025:03:51:46 +0000] "GET /health HTTP/1.1" 200 123 "-" "-"
2025-10-29 03:52:16 [INFO]: ::1 - - [29/Oct/2025:03:52:16 +0000] "GET /health HTTP/1.1" 200 123 "-" "-"
2025-10-29 03:52:46 [INFO]: ::1 - - [29/Oct/2025:03:52:46 +0000] "GET /health HTTP/1.1" 200 123 "-" "-"
2025-10-29 03:53:16 [INFO]: ::1 - - [29/Oct/2025:03:53:16 +0000] "GET /health HTTP/1.1" 200 123 "-" "-"
2025-10-29 03:53:46 [INFO]: ::1 - - [29/Oct/2025:03:53:46 +0000] "GET /health HTTP/1.1" 200 123 "-" "-"
2025-10-29 03:54:16 [INFO]: ::1 - - [29/Oct/2025:03:54:16 +0000] "GET /health HTTP/1.1" 200 123 "-" "-"
2025-10-29 03:54:21 [INFO]: ::ffff:172.18.0.1 - - [29/Oct/2025:03:54:21 +0000] "GET /api/auth/me HTTP/1.1" 304 - "http://localhost:4001/" "Mozilla/5.0 (Windows NT 10.0; Win64; x64) AppleWebKit/537.36 (KHTML, like Gecko) Chrome/141.0.0.0 Safari/537.36"
2025-10-29 03:54:28 [INFO]: User logged in: admin@kpn.com
2025-10-29 03:54:28 [INFO]: ::ffff:172.18.0.1 - - [29/Oct/2025:03:54:28 +0000] "POST /api/auth/login HTTP/1.1" 200 437 "http://localhost:4001/" "Mozilla/5.0 (Windows NT 10.0; Win64; x64) AppleWebKit/537.36 (KHTML, like Gecko) Chrome/141.0.0.0 Safari/537.36"
2025-10-29 03:54:47 [INFO]: ::1 - - [29/Oct/2025:03:54:47 +0000] "GET /health HTTP/1.1" 200 123 "-" "-"
2025-10-29 03:55:17 [INFO]: ::1 - - [29/Oct/2025:03:55:17 +0000] "GET /health HTTP/1.1" 200 123 "-" "-"
2025-10-29 03:55:47 [INFO]: ::1 - - [29/Oct/2025:03:55:47 +0000] "GET /health HTTP/1.1" 200 123 "-" "-"
2025-10-29 03:56:17 [INFO]: ::1 - - [29/Oct/2025:03:56:17 +0000] "GET /health HTTP/1.1" 200 122 "-" "-"
2025-10-29 03:56:47 [INFO]: ::1 - - [29/Oct/2025:03:56:47 +0000] "GET /health HTTP/1.1" 200 123 "-" "-"
2025-10-29 03:57:18 [INFO]: ::1 - - [29/Oct/2025:03:57:18 +0000] "GET /health HTTP/1.1" 200 123 "-" "-"
2025-10-29 03:57:48 [INFO]: ::1 - - [29/Oct/2025:03:57:48 +0000] "GET /health HTTP/1.1" 200 123 "-" "-"
2025-10-29 03:58:18 [INFO]: ::1 - - [29/Oct/2025:03:58:18 +0000] "GET /health HTTP/1.1" 200 123 "-" "-"
2025-10-29 03:58:48 [INFO]: ::1 - - [29/Oct/2025:03:58:48 +0000] "GET /health HTTP/1.1" 200 123 "-" "-"
2025-10-29 03:59:18 [INFO]: ::1 - - [29/Oct/2025:03:59:18 +0000] "GET /health HTTP/1.1" 200 123 "-" "-"
2025-10-29 03:59:49 [INFO]: ::1 - - [29/Oct/2025:03:59:49 +0000] "GET /health HTTP/1.1" 200 122 "-" "-"
2025-10-29 04:00:19 [INFO]: ::1 - - [29/Oct/2025:04:00:19 +0000] "GET /health HTTP/1.1" 200 123 "-" "-"
2025-10-29 04:00:49 [INFO]: ::1 - - [29/Oct/2025:04:00:49 +0000] "GET /health HTTP/1.1" 200 123 "-" "-"
2025-10-29 04:01:19 [INFO]: ::1 - - [29/Oct/2025:04:01:19 +0000] "GET /health HTTP/1.1" 200 123 "-" "-"
2025-10-29 04:01:49 [INFO]: ::1 - - [29/Oct/2025:04:01:49 +0000] "GET /health HTTP/1.1" 200 123 "-" "-"
2025-10-29 04:02:20 [INFO]: ::1 - - [29/Oct/2025:04:02:20 +0000] "GET /health HTTP/1.1" 200 123 "-" "-"
2025-10-29 04:02:50 [INFO]: ::1 - - [29/Oct/2025:04:02:50 +0000] "GET /health HTTP/1.1" 200 123 "-" "-"
2025-10-29 04:03:20 [INFO]: ::1 - - [29/Oct/2025:04:03:20 +0000] "GET /health HTTP/1.1" 200 122 "-" "-"
2025-10-29 04:03:50 [INFO]: ::1 - - [29/Oct/2025:04:03:50 +0000] "GET /health HTTP/1.1" 200 123 "-" "-"
2025-10-29 04:04:20 [INFO]: ::1 - - [29/Oct/2025:04:04:20 +0000] "GET /health HTTP/1.1" 200 123 "-" "-"
2025-10-29 04:04:51 [INFO]: ::1 - - [29/Oct/2025:04:04:51 +0000] "GET /health HTTP/1.1" 200 123 "-" "-"
2025-10-29 04:05:21 [INFO]: ::1 - - [29/Oct/2025:04:05:21 +0000] "GET /health HTTP/1.1" 200 123 "-" "-"
2025-10-29 04:05:51 [INFO]: ::1 - - [29/Oct/2025:04:05:51 +0000] "GET /health HTTP/1.1" 200 123 "-" "-"
2025-10-29 04:06:21 [INFO]: ::1 - - [29/Oct/2025:04:06:21 +0000] "GET /health HTTP/1.1" 200 121 "-" "-"
2025-10-29 04:06:51 [INFO]: ::1 - - [29/Oct/2025:04:06:51 +0000] "GET /health HTTP/1.1" 200 123 "-" "-"
2025-10-29 04:07:22 [INFO]: ::1 - - [29/Oct/2025:04:07:22 +0000] "GET /health HTTP/1.1" 200 123 "-" "-"
2025-10-29 04:07:52 [INFO]: ::1 - - [29/Oct/2025:04:07:52 +0000] "GET /health HTTP/1.1" 200 122 "-" "-"
2025-10-29 04:08:22 [INFO]: ::1 - - [29/Oct/2025:04:08:22 +0000] "GET /health HTTP/1.1" 200 123 "-" "-"
2025-10-29 04:08:52 [INFO]: ::1 - - [29/Oct/2025:04:08:52 +0000] "GET /health HTTP/1.1" 200 123 "-" "-"
2025-10-29 04:09:22 [INFO]: ::1 - - [29/Oct/2025:04:09:22 +0000] "GET /health HTTP/1.1" 200 122 "-" "-"
2025-10-29 04:09:53 [INFO]: ::1 - - [29/Oct/2025:04:09:53 +0000] "GET /health HTTP/1.1" 200 123 "-" "-"
2025-10-29 04:14:48 [INFO]: ::1 - - [29/Oct/2025:04:14:48 +0000] "GET /health HTTP/1.1" 200 123 "-" "-"
2025-10-29 04:16:21 [INFO]: ::1 - - [29/Oct/2025:04:16:21 +0000] "GET /health HTTP/1.1" 200 123 "-" "-"
2025-10-29 04:16:52 [INFO]: ::1 - - [29/Oct/2025:04:16:52 +0000] "GET /health HTTP/1.1" 200 123 "-" "-"
2025-10-29 04:17:22 [INFO]: ::1 - - [29/Oct/2025:04:17:22 +0000] "GET /health HTTP/1.1" 200 123 "-" "-"
2025-10-29 04:17:52 [INFO]: ::1 - - [29/Oct/2025:04:17:52 +0000] "GET /health HTTP/1.1" 200 123 "-" "-"
2025-10-29 04:18:22 [INFO]: ::1 - - [29/Oct/2025:04:18:22 +0000] "GET /health HTTP/1.1" 200 123 "-" "-"
2025-10-29 04:18:52 [INFO]: ::1 - - [29/Oct/2025:04:18:52 +0000] "GET /health HTTP/1.1" 200 123 "-" "-"
2025-10-29 04:19:22 [INFO]: ::1 - - [29/Oct/2025:04:19:22 +0000] "GET /health HTTP/1.1" 200 123 "-" "-"
2025-10-29 04:19:53 [INFO]: ::1 - - [29/Oct/2025:04:19:53 +0000] "GET /health HTTP/1.1" 200 123 "-" "-"
2025-10-29 04:20:23 [INFO]: ::1 - - [29/Oct/2025:04:20:23 +0000] "GET /health HTTP/1.1" 200 123 "-" "-"
2025-10-29 04:21:40 [INFO]: ::1 - - [29/Oct/2025:04:21:40 +0000] "GET /health HTTP/1.1" 200 123 "-" "-"
2025-10-29 04:22:10 [INFO]: ::1 - - [29/Oct/2025:04:22:10 +0000] "GET /health HTTP/1.1" 200 123 "-" "-"
2025-10-29 04:22:41 [INFO]: ::1 - - [29/Oct/2025:04:22:41 +0000] "GET /health HTTP/1.1" 200 123 "-" "-"
2025-10-29 04:23:11 [INFO]: ::1 - - [29/Oct/2025:04:23:11 +0000] "GET /health HTTP/1.1" 200 123 "-" "-"
2025-10-29 04:23:41 [INFO]: ::1 - - [29/Oct/2025:04:23:41 +0000] "GET /health HTTP/1.1" 200 123 "-" "-"
2025-10-29 04:24:11 [INFO]: ::1 - - [29/Oct/2025:04:24:11 +0000] "GET /health HTTP/1.1" 200 123 "-" "-"
2025-10-29 04:24:41 [INFO]: ::1 - - [29/Oct/2025:04:24:41 +0000] "GET /health HTTP/1.1" 200 121 "-" "-"
2025-10-29 04:25:11 [INFO]: ::1 - - [29/Oct/2025:04:25:11 +0000] "GET /health HTTP/1.1" 200 123 "-" "-"
2025-10-29 04:25:41 [INFO]: ::1 - - [29/Oct/2025:04:25:41 +0000] "GET /health HTTP/1.1" 200 123 "-" "-"
2025-10-29 04:26:11 [INFO]: ::1 - - [29/Oct/2025:04:26:11 +0000] "GET /health HTTP/1.1" 200 120 "-" "-"
2025-10-29 04:26:41 [INFO]: ::1 - - [29/Oct/2025:04:26:41 +0000] "GET /health HTTP/1.1" 200 123 "-" "-"
2025-10-29 04:27:11 [INFO]: ::1 - - [29/Oct/2025:04:27:11 +0000] "GET /health HTTP/1.1" 200 123 "-" "-"
2025-10-29 04:27:42 [INFO]: ::1 - - [29/Oct/2025:04:27:42 +0000] "GET /health HTTP/1.1" 200 123 "-" "-"
2025-10-29 04:28:12 [INFO]: ::1 - - [29/Oct/2025:04:28:12 +0000] "GET /health HTTP/1.1" 200 123 "-" "-"
2025-10-29 04:28:42 [INFO]: ::1 - - [29/Oct/2025:04:28:42 +0000] "GET /health HTTP/1.1" 200 123 "-" "-"
2025-10-29 04:29:12 [INFO]: ::1 - - [29/Oct/2025:04:29:12 +0000] "GET /health HTTP/1.1" 200 123 "-" "-"
2025-10-29 04:29:42 [INFO]: ::1 - - [29/Oct/2025:04:29:42 +0000] "GET /health HTTP/1.1" 200 123 "-" "-"
2025-10-29 04:30:12 [INFO]: ::1 - - [29/Oct/2025:04:30:12 +0000] "GET /health HTTP/1.1" 200 122 "-" "-"
2025-10-29 04:30:42 [INFO]: ::1 - - [29/Oct/2025:04:30:42 +0000] "GET /health HTTP/1.1" 200 123 "-" "-"
2025-10-29 04:31:12 [INFO]: ::1 - - [29/Oct/2025:04:31:12 +0000] "GET /health HTTP/1.1" 200 122 "-" "-"
2025-10-29 04:31:42 [INFO]: ::1 - - [29/Oct/2025:04:31:42 +0000] "GET /health HTTP/1.1" 200 123 "-" "-"
2025-10-29 04:32:12 [INFO]: ::1 - - [29/Oct/2025:04:32:12 +0000] "GET /health HTTP/1.1" 200 123 "-" "-"
2025-10-29 04:32:43 [INFO]: ::1 - - [29/Oct/2025:04:32:43 +0000] "GET /health HTTP/1.1" 200 123 "-" "-"
2025-10-29 04:33:13 [INFO]: ::1 - - [29/Oct/2025:04:33:13 +0000] "GET /health HTTP/1.1" 200 122 "-" "-"
2025-10-29 04:33:43 [INFO]: ::1 - - [29/Oct/2025:04:33:43 +0000] "GET /health HTTP/1.1" 200 123 "-" "-"
2025-10-29 04:34:13 [INFO]: ::1 - - [29/Oct/2025:04:34:13 +0000] "GET /health HTTP/1.1" 200 123 "-" "-"
2025-10-29 04:34:43 [INFO]: ::1 - - [29/Oct/2025:04:34:43 +0000] "GET /health HTTP/1.1" 200 122 "-" "-"
2025-10-29 04:35:13 [INFO]: ::1 - - [29/Oct/2025:04:35:13 +0000] "GET /health HTTP/1.1" 200 123 "-" "-"
2025-10-29 04:35:43 [INFO]: ::1 - - [29/Oct/2025:04:35:43 +0000] "GET /health HTTP/1.1" 200 123 "-" "-"
2025-10-29 04:36:13 [INFO]: ::1 - - [29/Oct/2025:04:36:13 +0000] "GET /health HTTP/1.1" 200 124 "-" "-"
2025-10-29 04:36:43 [INFO]: ::1 - - [29/Oct/2025:04:36:43 +0000] "GET /health HTTP/1.1" 200 124 "-" "-"
2025-10-29 04:37:13 [INFO]: ::1 - - [29/Oct/2025:04:37:13 +0000] "GET /health HTTP/1.1" 200 124 "-" "-"
2025-10-29 04:37:44 [INFO]: ::1 - - [29/Oct/2025:04:37:44 +0000] "GET /health HTTP/1.1" 200 124 "-" "-"
2025-10-29 04:38:14 [INFO]: ::1 - - [29/Oct/2025:04:38:14 +0000] "GET /health HTTP/1.1" 200 124 "-" "-"
2025-10-29 04:38:44 [INFO]: ::1 - - [29/Oct/2025:04:38:44 +0000] "GET /health HTTP/1.1" 200 123 "-" "-"
2025-10-29 04:39:14 [INFO]: ::1 - - [29/Oct/2025:04:39:14 +0000] "GET /health HTTP/1.1" 200 124 "-" "-"
2025-10-29 04:39:44 [INFO]: ::1 - - [29/Oct/2025:04:39:44 +0000] "GET /health HTTP/1.1" 200 123 "-" "-"
2025-10-29 04:40:14 [INFO]: ::1 - - [29/Oct/2025:04:40:14 +0000] "GET /health HTTP/1.1" 200 123 "-" "-"
2025-10-29 04:40:44 [INFO]: ::1 - - [29/Oct/2025:04:40:44 +0000] "GET /health HTTP/1.1" 200 124 "-" "-"
2025-10-29 04:41:14 [INFO]: ::1 - - [29/Oct/2025:04:41:14 +0000] "GET /health HTTP/1.1" 200 124 "-" "-"
2025-10-29 04:41:44 [INFO]: ::1 - - [29/Oct/2025:04:41:44 +0000] "GET /health HTTP/1.1" 200 124 "-" "-"
2025-10-29 04:42:14 [INFO]: ::1 - - [29/Oct/2025:04:42:14 +0000] "GET /health HTTP/1.1" 200 124 "-" "-"
2025-10-29 04:42:45 [INFO]: ::1 - - [29/Oct/2025:04:42:45 +0000] "GET /health HTTP/1.1" 200 123 "-" "-"
2025-10-29 04:43:15 [INFO]: ::1 - - [29/Oct/2025:04:43:15 +0000] "GET /health HTTP/1.1" 200 124 "-" "-"
2025-10-29 04:43:45 [INFO]: ::1 - - [29/Oct/2025:04:43:45 +0000] "GET /health HTTP/1.1" 200 124 "-" "-"
2025-10-29 04:44:15 [INFO]: ::1 - - [29/Oct/2025:04:44:15 +0000] "GET /health HTTP/1.1" 200 124 "-" "-"
2025-10-29 04:44:45 [INFO]: ::1 - - [29/Oct/2025:04:44:45 +0000] "GET /health HTTP/1.1" 200 124 "-" "-"
2025-10-29 04:45:15 [INFO]: ::1 - - [29/Oct/2025:04:45:15 +0000] "GET /health HTTP/1.1" 200 124 "-" "-"
2025-10-29 04:45:45 [INFO]: ::1 - - [29/Oct/2025:04:45:45 +0000] "GET /health HTTP/1.1" 200 124 "-" "-"
2025-10-29 04:46:15 [INFO]: ::1 - - [29/Oct/2025:04:46:15 +0000] "GET /health HTTP/1.1" 200 124 "-" "-"
2025-10-29 04:46:45 [INFO]: ::1 - - [29/Oct/2025:04:46:45 +0000] "GET /health HTTP/1.1" 200 124 "-" "-"
2025-10-29 04:47:15 [INFO]: ::1 - - [29/Oct/2025:04:47:15 +0000] "GET /health HTTP/1.1" 200 124 "-" "-"
2025-10-29 04:47:45 [INFO]: ::1 - - [29/Oct/2025:04:47:45 +0000] "GET /health HTTP/1.1" 200 124 "-" "-"
2025-10-29 04:48:16 [INFO]: ::1 - - [29/Oct/2025:04:48:16 +0000] "GET /health HTTP/1.1" 200 124 "-" "-"
2025-10-29 04:48:46 [INFO]: ::1 - - [29/Oct/2025:04:48:46 +0000] "GET /health HTTP/1.1" 200 124 "-" "-"
2025-10-29 04:49:16 [INFO]: ::1 - - [29/Oct/2025:04:49:16 +0000] "GET /health HTTP/1.1" 200 124 "-" "-"
2025-10-29 05:06:47 [INFO]: ::1 - - [29/Oct/2025:05:06:47 +0000] "GET /health HTTP/1.1" 200 124 "-" "-"
2025-10-29 05:07:17 [INFO]: ::1 - - [29/Oct/2025:05:07:17 +0000] "GET /health HTTP/1.1" 200 124 "-" "-"
2025-10-29 05:07:47 [INFO]: ::1 - - [29/Oct/2025:05:07:47 +0000] "GET /health HTTP/1.1" 200 123 "-" "-"
2025-10-29 05:08:17 [INFO]: ::1 - - [29/Oct/2025:05:08:17 +0000] "GET /health HTTP/1.1" 200 124 "-" "-"
2025-10-29 05:09:24 [INFO]: ::1 - - [29/Oct/2025:05:09:24 +0000] "GET /health HTTP/1.1" 200 124 "-" "-"
2025-10-29 05:09:54 [INFO]: ::1 - - [29/Oct/2025:05:09:54 +0000] "GET /health HTTP/1.1" 200 124 "-" "-"
2025-10-29 05:10:25 [INFO]: ::1 - - [29/Oct/2025:05:10:25 +0000] "GET /health HTTP/1.1" 200 124 "-" "-"
2025-10-29 05:10:55 [INFO]: ::1 - - [29/Oct/2025:05:10:55 +0000] "GET /health HTTP/1.1" 200 124 "-" "-"
2025-10-29 05:11:25 [INFO]: ::1 - - [29/Oct/2025:05:11:25 +0000] "GET /health HTTP/1.1" 200 123 "-" "-"
2025-10-29 05:11:55 [INFO]: ::1 - - [29/Oct/2025:05:11:55 +0000] "GET /health HTTP/1.1" 200 124 "-" "-"
2025-10-29 05:12:25 [INFO]: ::1 - - [29/Oct/2025:05:12:25 +0000] "GET /health HTTP/1.1" 200 124 "-" "-"
2025-10-29 05:12:55 [INFO]: ::1 - - [29/Oct/2025:05:12:55 +0000] "GET /health HTTP/1.1" 200 124 "-" "-"
2025-10-29 05:13:25 [INFO]: ::1 - - [29/Oct/2025:05:13:25 +0000] "GET /health HTTP/1.1" 200 124 "-" "-"
2025-10-29 05:13:55 [INFO]: ::1 - - [29/Oct/2025:05:13:55 +0000] "GET /health HTTP/1.1" 200 124 "-" "-"
2025-10-29 05:14:25 [INFO]: ::1 - - [29/Oct/2025:05:14:25 +0000] "GET /health HTTP/1.1" 200 124 "-" "-"
2025-10-29 05:14:55 [INFO]: ::1 - - [29/Oct/2025:05:14:55 +0000] "GET /health HTTP/1.1" 200 124 "-" "-"
2025-10-29 05:15:26 [INFO]: ::1 - - [29/Oct/2025:05:15:26 +0000] "GET /health HTTP/1.1" 200 124 "-" "-"
2025-10-29 05:15:56 [INFO]: ::1 - - [29/Oct/2025:05:15:56 +0000] "GET /health HTTP/1.1" 200 124 "-" "-"
2025-10-29 05:16:26 [INFO]: ::1 - - [29/Oct/2025:05:16:26 +0000] "GET /health HTTP/1.1" 200 123 "-" "-"
2025-10-29 05:16:56 [INFO]: ::1 - - [29/Oct/2025:05:16:56 +0000] "GET /health HTTP/1.1" 200 124 "-" "-"
2025-10-29 05:17:26 [INFO]: ::1 - - [29/Oct/2025:05:17:26 +0000] "GET /health HTTP/1.1" 200 124 "-" "-"
2025-10-29 05:17:56 [INFO]: ::1 - - [29/Oct/2025:05:17:56 +0000] "GET /health HTTP/1.1" 200 123 "-" "-"
2025-10-29 05:18:26 [INFO]: ::1 - - [29/Oct/2025:05:18:26 +0000] "GET /health HTTP/1.1" 200 124 "-" "-"
2025-10-29 05:18:56 [INFO]: ::1 - - [29/Oct/2025:05:18:56 +0000] "GET /health HTTP/1.1" 200 124 "-" "-"
2025-10-29 05:19:26 [INFO]: ::1 - - [29/Oct/2025:05:19:26 +0000] "GET /health HTTP/1.1" 200 124 "-" "-"
2025-10-29 05:19:56 [INFO]: ::1 - - [29/Oct/2025:05:19:56 +0000] "GET /health HTTP/1.1" 200 124 "-" "-"
2025-10-29 05:20:27 [INFO]: ::1 - - [29/Oct/2025:05:20:27 +0000] "GET /health HTTP/1.1" 200 124 "-" "-"
2025-10-29 05:20:57 [INFO]: ::1 - - [29/Oct/2025:05:20:57 +0000] "GET /health HTTP/1.1" 200 124 "-" "-"
2025-10-29 05:21:27 [INFO]: ::1 - - [29/Oct/2025:05:21:27 +0000] "GET /health HTTP/1.1" 200 124 "-" "-"
2025-10-29 05:37:51 [INFO]: ::1 - - [29/Oct/2025:05:37:51 +0000] "GET /health HTTP/1.1" 200 124 "-" "-"
2025-10-29 05:38:22 [INFO]: ::1 - - [29/Oct/2025:05:38:22 +0000] "GET /health HTTP/1.1" 200 124 "-" "-"
2025-10-29 05:38:52 [INFO]: ::1 - - [29/Oct/2025:05:38:52 +0000] "GET /health HTTP/1.1" 200 124 "-" "-"
2025-10-29 05:39:22 [INFO]: ::1 - - [29/Oct/2025:05:39:22 +0000] "GET /health HTTP/1.1" 200 124 "-" "-"
2025-10-29 05:39:52 [INFO]: ::1 - - [29/Oct/2025:05:39:52 +0000] "GET /health HTTP/1.1" 200 124 "-" "-"
2025-10-29 05:40:22 [INFO]: ::1 - - [29/Oct/2025:05:40:22 +0000] "GET /health HTTP/1.1" 200 124 "-" "-"
2025-10-29 05:40:52 [INFO]: ::1 - - [29/Oct/2025:05:40:52 +0000] "GET /health HTTP/1.1" 200 124 "-" "-"
2025-10-29 05:41:22 [INFO]: ::1 - - [29/Oct/2025:05:41:22 +0000] "GET /health HTTP/1.1" 200 124 "-" "-"
2025-10-29 05:41:52 [INFO]: ::1 - - [29/Oct/2025:05:41:52 +0000] "GET /health HTTP/1.1" 200 124 "-" "-"
2025-10-29 05:42:22 [INFO]: ::1 - - [29/Oct/2025:05:42:22 +0000] "GET /health HTTP/1.1" 200 124 "-" "-"
2025-10-29 05:42:53 [INFO]: ::1 - - [29/Oct/2025:05:42:53 +0000] "GET /health HTTP/1.1" 200 124 "-" "-"
2025-10-29 05:43:23 [INFO]: ::1 - - [29/Oct/2025:05:43:23 +0000] "GET /health HTTP/1.1" 200 124 "-" "-"
2025-10-29 05:43:53 [INFO]: ::1 - - [29/Oct/2025:05:43:53 +0000] "GET /health HTTP/1.1" 200 124 "-" "-"
2025-10-29 05:44:23 [INFO]: ::1 - - [29/Oct/2025:05:44:23 +0000] "GET /health HTTP/1.1" 200 124 "-" "-"
2025-10-29 05:44:53 [INFO]: ::1 - - [29/Oct/2025:05:44:53 +0000] "GET /health HTTP/1.1" 200 124 "-" "-"
2025-10-29 05:45:23 [INFO]: ::1 - - [29/Oct/2025:05:45:23 +0000] "GET /health HTTP/1.1" 200 124 "-" "-"
2025-10-29 05:45:53 [INFO]: ::1 - - [29/Oct/2025:05:45:53 +0000] "GET /health HTTP/1.1" 200 124 "-" "-"
2025-10-29 05:46:23 [INFO]: ::1 - - [29/Oct/2025:05:46:23 +0000] "GET /health HTTP/1.1" 200 124 "-" "-"
2025-10-29 05:46:53 [INFO]: ::1 - - [29/Oct/2025:05:46:53 +0000] "GET /health HTTP/1.1" 200 124 "-" "-"
2025-10-29 05:47:24 [INFO]: ::1 - - [29/Oct/2025:05:47:24 +0000] "GET /health HTTP/1.1" 200 124 "-" "-"
2025-10-29 05:47:54 [INFO]: ::1 - - [29/Oct/2025:05:47:54 +0000] "GET /health HTTP/1.1" 200 124 "-" "-"
2025-10-29 05:48:24 [INFO]: ::1 - - [29/Oct/2025:05:48:24 +0000] "GET /health HTTP/1.1" 200 124 "-" "-"
2025-10-29 05:48:54 [INFO]: ::1 - - [29/Oct/2025:05:48:54 +0000] "GET /health HTTP/1.1" 200 124 "-" "-"
2025-10-29 05:49:24 [INFO]: ::1 - - [29/Oct/2025:05:49:24 +0000] "GET /health HTTP/1.1" 200 122 "-" "-"
2025-10-29 05:49:54 [INFO]: ::1 - - [29/Oct/2025:05:49:54 +0000] "GET /health HTTP/1.1" 200 124 "-" "-"
2025-10-29 05:50:24 [INFO]: ::1 - - [29/Oct/2025:05:50:24 +0000] "GET /health HTTP/1.1" 200 124 "-" "-"
2025-10-29 05:50:54 [INFO]: ::1 - - [29/Oct/2025:05:50:54 +0000] "GET /health HTTP/1.1" 200 124 "-" "-"
2025-10-29 05:51:24 [INFO]: ::1 - - [29/Oct/2025:05:51:24 +0000] "GET /health HTTP/1.1" 200 124 "-" "-"
2025-10-29 05:51:54 [INFO]: ::1 - - [29/Oct/2025:05:51:54 +0000] "GET /health HTTP/1.1" 200 124 "-" "-"
2025-10-29 05:52:24 [INFO]: ::1 - - [29/Oct/2025:05:52:24 +0000] "GET /health HTTP/1.1" 200 123 "-" "-"
2025-10-29 05:52:55 [INFO]: ::1 - - [29/Oct/2025:05:52:55 +0000] "GET /health HTTP/1.1" 200 122 "-" "-"
2025-10-29 06:06:39 [INFO]: ::1 - - [29/Oct/2025:06:06:39 +0000] "GET /health HTTP/1.1" 200 124 "-" "-"
2025-10-29 06:07:10 [INFO]: ::1 - - [29/Oct/2025:06:07:10 +0000] "GET /health HTTP/1.1" 200 123 "-" "-"
2025-10-29 06:07:40 [INFO]: ::1 - - [29/Oct/2025:06:07:40 +0000] "GET /health HTTP/1.1" 200 124 "-" "-"
2025-10-29 06:08:10 [INFO]: ::1 - - [29/Oct/2025:06:08:10 +0000] "GET /health HTTP/1.1" 200 124 "-" "-"
2025-10-29 06:08:40 [INFO]: ::1 - - [29/Oct/2025:06:08:40 +0000] "GET /health HTTP/1.1" 200 122 "-" "-"
2025-10-29 06:09:10 [INFO]: ::1 - - [29/Oct/2025:06:09:10 +0000] "GET /health HTTP/1.1" 200 124 "-" "-"
2025-10-29 06:09:40 [INFO]: ::1 - - [29/Oct/2025:06:09:40 +0000] "GET /health HTTP/1.1" 200 124 "-" "-"
2025-10-29 06:10:11 [INFO]: ::1 - - [29/Oct/2025:06:10:11 +0000] "GET /health HTTP/1.1" 200 124 "-" "-"
2025-10-29 06:10:41 [INFO]: ::1 - - [29/Oct/2025:06:10:41 +0000] "GET /health HTTP/1.1" 200 124 "-" "-"
2025-10-29 06:11:11 [INFO]: ::1 - - [29/Oct/2025:06:11:11 +0000] "GET /health HTTP/1.1" 200 124 "-" "-"
2025-10-29 06:11:41 [INFO]: ::1 - - [29/Oct/2025:06:11:41 +0000] "GET /health HTTP/1.1" 200 124 "-" "-"
2025-10-29 06:12:11 [INFO]: ::1 - - [29/Oct/2025:06:12:11 +0000] "GET /health HTTP/1.1" 200 124 "-" "-"
2025-10-29 06:12:42 [INFO]: ::1 - - [29/Oct/2025:06:12:42 +0000] "GET /health HTTP/1.1" 200 124 "-" "-"
2025-10-29 06:13:12 [INFO]: ::1 - - [29/Oct/2025:06:13:12 +0000] "GET /health HTTP/1.1" 200 124 "-" "-"
2025-10-29 06:13:42 [INFO]: ::1 - - [29/Oct/2025:06:13:42 +0000] "GET /health HTTP/1.1" 200 124 "-" "-"
2025-10-29 06:14:12 [INFO]: ::1 - - [29/Oct/2025:06:14:12 +0000] "GET /health HTTP/1.1" 200 124 "-" "-"
2025-10-29 06:14:42 [INFO]: ::1 - - [29/Oct/2025:06:14:42 +0000] "GET /health HTTP/1.1" 200 124 "-" "-"
2025-10-29 06:16:17 [INFO]: ::1 - - [29/Oct/2025:06:16:17 +0000] "GET /health HTTP/1.1" 200 124 "-" "-"
2025-10-29 06:16:47 [INFO]: ::1 - - [29/Oct/2025:06:16:47 +0000] "GET /health HTTP/1.1" 200 123 "-" "-"
2025-10-29 06:17:17 [INFO]: ::1 - - [29/Oct/2025:06:17:17 +0000] "GET /health HTTP/1.1" 200 124 "-" "-"
2025-10-29 06:17:47 [INFO]: ::1 - - [29/Oct/2025:06:17:47 +0000] "GET /health HTTP/1.1" 200 124 "-" "-"
2025-10-29 06:18:18 [INFO]: ::1 - - [29/Oct/2025:06:18:18 +0000] "GET /health HTTP/1.1" 200 124 "-" "-"
2025-10-29 06:18:48 [INFO]: ::1 - - [29/Oct/2025:06:18:48 +0000] "GET /health HTTP/1.1" 200 124 "-" "-"
2025-10-29 06:19:18 [INFO]: ::1 - - [29/Oct/2025:06:19:18 +0000] "GET /health HTTP/1.1" 200 124 "-" "-"
2025-10-29 06:19:48 [INFO]: ::1 - - [29/Oct/2025:06:19:48 +0000] "GET /health HTTP/1.1" 200 124 "-" "-"
2025-10-29 06:20:18 [INFO]: ::1 - - [29/Oct/2025:06:20:18 +0000] "GET /health HTTP/1.1" 200 124 "-" "-"
2025-10-29 06:20:48 [INFO]: ::1 - - [29/Oct/2025:06:20:48 +0000] "GET /health HTTP/1.1" 200 123 "-" "-"
2025-10-29 06:21:18 [INFO]: ::1 - - [29/Oct/2025:06:21:18 +0000] "GET /health HTTP/1.1" 200 124 "-" "-"
2025-10-29 06:21:49 [INFO]: ::1 - - [29/Oct/2025:06:21:49 +0000] "GET /health HTTP/1.1" 200 124 "-" "-"
2025-10-29 06:22:19 [INFO]: ::1 - - [29/Oct/2025:06:22:19 +0000] "GET /health HTTP/1.1" 200 124 "-" "-"
2025-10-29 06:22:49 [INFO]: ::1 - - [29/Oct/2025:06:22:49 +0000] "GET /health HTTP/1.1" 200 124 "-" "-"
2025-10-29 06:23:19 [INFO]: ::1 - - [29/Oct/2025:06:23:19 +0000] "GET /health HTTP/1.1" 200 124 "-" "-"
2025-10-29 06:23:49 [INFO]: ::1 - - [29/Oct/2025:06:23:49 +0000] "GET /health HTTP/1.1" 200 124 "-" "-"
2025-10-29 06:24:19 [INFO]: ::1 - - [29/Oct/2025:06:24:19 +0000] "GET /health HTTP/1.1" 200 124 "-" "-"
2025-10-29 06:24:49 [INFO]: ::1 - - [29/Oct/2025:06:24:49 +0000] "GET /health HTTP/1.1" 200 124 "-" "-"
2025-10-29 06:25:20 [INFO]: ::1 - - [29/Oct/2025:06:25:20 +0000] "GET /health HTTP/1.1" 200 124 "-" "-"
2025-10-29 06:25:50 [INFO]: ::1 - - [29/Oct/2025:06:25:50 +0000] "GET /health HTTP/1.1" 200 124 "-" "-"
2025-10-29 06:26:20 [INFO]: ::1 - - [29/Oct/2025:06:26:20 +0000] "GET /health HTTP/1.1" 200 124 "-" "-"
2025-10-29 06:26:50 [INFO]: ::1 - - [29/Oct/2025:06:26:50 +0000] "GET /health HTTP/1.1" 200 124 "-" "-"
2025-10-29 06:27:20 [INFO]: ::1 - - [29/Oct/2025:06:27:20 +0000] "GET /health HTTP/1.1" 200 124 "-" "-"
2025-10-29 06:27:50 [INFO]: ::1 - - [29/Oct/2025:06:27:50 +0000] "GET /health HTTP/1.1" 200 124 "-" "-"
2025-10-29 06:28:20 [INFO]: ::1 - - [29/Oct/2025:06:28:20 +0000] "GET /health HTTP/1.1" 200 124 "-" "-"
2025-10-29 06:28:51 [INFO]: ::1 - - [29/Oct/2025:06:28:51 +0000] "GET /health HTTP/1.1" 200 124 "-" "-"
2025-10-29 06:29:21 [INFO]: ::1 - - [29/Oct/2025:06:29:21 +0000] "GET /health HTTP/1.1" 200 124 "-" "-"
2025-10-29 06:29:51 [INFO]: ::1 - - [29/Oct/2025:06:29:51 +0000] "GET /health HTTP/1.1" 200 124 "-" "-"
2025-10-29 06:30:21 [INFO]: ::1 - - [29/Oct/2025:06:30:21 +0000] "GET /health HTTP/1.1" 200 122 "-" "-"
2025-10-29 06:30:51 [INFO]: ::1 - - [29/Oct/2025:06:30:51 +0000] "GET /health HTTP/1.1" 200 124 "-" "-"
2025-10-29 06:31:21 [INFO]: ::1 - - [29/Oct/2025:06:31:21 +0000] "GET /health HTTP/1.1" 200 124 "-" "-"
2025-10-29 06:31:51 [INFO]: ::1 - - [29/Oct/2025:06:31:51 +0000] "GET /health HTTP/1.1" 200 124 "-" "-"
2025-10-29 06:32:22 [INFO]: ::1 - - [29/Oct/2025:06:32:22 +0000] "GET /health HTTP/1.1" 200 124 "-" "-"
2025-10-29 06:32:52 [INFO]: ::1 - - [29/Oct/2025:06:32:52 +0000] "GET /health HTTP/1.1" 200 124 "-" "-"
2025-10-29 06:33:22 [INFO]: ::1 - - [29/Oct/2025:06:33:22 +0000] "GET /health HTTP/1.1" 200 124 "-" "-"
2025-10-29 06:33:52 [INFO]: ::1 - - [29/Oct/2025:06:33:52 +0000] "GET /health HTTP/1.1" 200 124 "-" "-"
2025-10-29 06:34:22 [INFO]: ::1 - - [29/Oct/2025:06:34:22 +0000] "GET /health HTTP/1.1" 200 124 "-" "-"
2025-10-29 06:34:52 [INFO]: ::1 - - [29/Oct/2025:06:34:52 +0000] "GET /health HTTP/1.1" 200 124 "-" "-"
2025-10-29 06:35:22 [INFO]: ::1 - - [29/Oct/2025:06:35:22 +0000] "GET /health HTTP/1.1" 200 124 "-" "-"
2025-10-29 06:35:52 [INFO]: ::1 - - [29/Oct/2025:06:35:52 +0000] "GET /health HTTP/1.1" 200 124 "-" "-"
2025-10-29 06:36:23 [INFO]: ::1 - - [29/Oct/2025:06:36:23 +0000] "GET /health HTTP/1.1" 200 124 "-" "-"
2025-10-29 06:36:53 [INFO]: ::1 - - [29/Oct/2025:06:36:53 +0000] "GET /health HTTP/1.1" 200 124 "-" "-"
2025-10-29 06:37:23 [INFO]: ::1 - - [29/Oct/2025:06:37:23 +0000] "GET /health HTTP/1.1" 200 124 "-" "-"
2025-10-29 06:37:53 [INFO]: ::1 - - [29/Oct/2025:06:37:53 +0000] "GET /health HTTP/1.1" 200 124 "-" "-"
2025-10-29 06:38:23 [INFO]: ::1 - - [29/Oct/2025:06:38:23 +0000] "GET /health HTTP/1.1" 200 124 "-" "-"
2025-10-29 06:38:53 [INFO]: ::1 - - [29/Oct/2025:06:38:53 +0000] "GET /health HTTP/1.1" 200 122 "-" "-"
2025-10-29 06:39:23 [INFO]: ::1 - - [29/Oct/2025:06:39:23 +0000] "GET /health HTTP/1.1" 200 124 "-" "-"
2025-10-29 06:39:54 [INFO]: ::1 - - [29/Oct/2025:06:39:54 +0000] "GET /health HTTP/1.1" 200 124 "-" "-"
2025-10-29 06:40:24 [INFO]: ::1 - - [29/Oct/2025:06:40:24 +0000] "GET /health HTTP/1.1" 200 124 "-" "-"
2025-10-29 06:40:54 [INFO]: ::1 - - [29/Oct/2025:06:40:54 +0000] "GET /health HTTP/1.1" 200 124 "-" "-"
2025-10-29 06:41:24 [INFO]: ::1 - - [29/Oct/2025:06:41:24 +0000] "GET /health HTTP/1.1" 200 124 "-" "-"
2025-10-29 06:41:54 [INFO]: ::1 - - [29/Oct/2025:06:41:54 +0000] "GET /health HTTP/1.1" 200 124 "-" "-"
2025-10-29 06:42:24 [INFO]: ::1 - - [29/Oct/2025:06:42:24 +0000] "GET /health HTTP/1.1" 200 124 "-" "-"
2025-10-29 07:05:33 [INFO]: ::1 - - [29/Oct/2025:07:05:33 +0000] "GET /health HTTP/1.1" 200 124 "-" "-"
2025-10-29 07:06:03 [INFO]: ::1 - - [29/Oct/2025:07:06:03 +0000] "GET /health HTTP/1.1" 200 124 "-" "-"
2025-10-29 07:06:33 [INFO]: ::1 - - [29/Oct/2025:07:06:33 +0000] "GET /health HTTP/1.1" 200 124 "-" "-"
2025-10-29 07:07:03 [INFO]: ::1 - - [29/Oct/2025:07:07:03 +0000] "GET /health HTTP/1.1" 200 124 "-" "-"
2025-10-29 07:07:34 [INFO]: ::1 - - [29/Oct/2025:07:07:34 +0000] "GET /health HTTP/1.1" 200 124 "-" "-"
2025-10-29 07:08:04 [INFO]: ::1 - - [29/Oct/2025:07:08:04 +0000] "GET /health HTTP/1.1" 200 124 "-" "-"
2025-10-29 07:08:34 [INFO]: ::1 - - [29/Oct/2025:07:08:34 +0000] "GET /health HTTP/1.1" 200 124 "-" "-"
2025-10-29 07:09:14 [INFO]: ::1 - - [29/Oct/2025:07:09:14 +0000] "GET /health HTTP/1.1" 200 124 "-" "-"
2025-10-29 07:09:44 [INFO]: ::1 - - [29/Oct/2025:07:09:44 +0000] "GET /health HTTP/1.1" 200 124 "-" "-"
2025-10-29 07:10:14 [INFO]: ::1 - - [29/Oct/2025:07:10:14 +0000] "GET /health HTTP/1.1" 200 124 "-" "-"
2025-10-29 07:10:45 [INFO]: ::1 - - [29/Oct/2025:07:10:45 +0000] "GET /health HTTP/1.1" 200 124 "-" "-"
2025-10-29 07:11:15 [INFO]: ::1 - - [29/Oct/2025:07:11:15 +0000] "GET /health HTTP/1.1" 200 124 "-" "-"
2025-10-29 07:11:45 [INFO]: ::1 - - [29/Oct/2025:07:11:45 +0000] "GET /health HTTP/1.1" 200 124 "-" "-"
2025-10-29 07:12:15 [INFO]: ::1 - - [29/Oct/2025:07:12:15 +0000] "GET /health HTTP/1.1" 200 124 "-" "-"
2025-10-29 07:12:45 [INFO]: ::1 - - [29/Oct/2025:07:12:45 +0000] "GET /health HTTP/1.1" 200 124 "-" "-"
2025-10-29 07:13:16 [INFO]: ::1 - - [29/Oct/2025:07:13:16 +0000] "GET /health HTTP/1.1" 200 124 "-" "-"
2025-10-29 07:13:46 [INFO]: ::1 - - [29/Oct/2025:07:13:46 +0000] "GET /health HTTP/1.1" 200 124 "-" "-"
2025-10-29 07:14:16 [INFO]: ::1 - - [29/Oct/2025:07:14:16 +0000] "GET /health HTTP/1.1" 200 124 "-" "-"
2025-10-29 07:14:46 [INFO]: ::1 - - [29/Oct/2025:07:14:46 +0000] "GET /health HTTP/1.1" 200 124 "-" "-"
2025-10-29 07:15:16 [INFO]: ::1 - - [29/Oct/2025:07:15:16 +0000] "GET /health HTTP/1.1" 200 124 "-" "-"
2025-10-29 07:15:46 [INFO]: ::1 - - [29/Oct/2025:07:15:46 +0000] "GET /health HTTP/1.1" 200 121 "-" "-"
2025-10-29 07:16:17 [INFO]: ::1 - - [29/Oct/2025:07:16:17 +0000] "GET /health HTTP/1.1" 200 124 "-" "-"
2025-10-29 07:16:47 [INFO]: ::1 - - [29/Oct/2025:07:16:47 +0000] "GET /health HTTP/1.1" 200 124 "-" "-"
2025-10-29 07:17:17 [INFO]: ::1 - - [29/Oct/2025:07:17:17 +0000] "GET /health HTTP/1.1" 200 124 "-" "-"
2025-10-29 07:17:47 [INFO]: ::1 - - [29/Oct/2025:07:17:47 +0000] "GET /health HTTP/1.1" 200 124 "-" "-"
2025-10-29 07:18:17 [INFO]: ::1 - - [29/Oct/2025:07:18:17 +0000] "GET /health HTTP/1.1" 200 124 "-" "-"
2025-10-29 07:18:48 [INFO]: ::1 - - [29/Oct/2025:07:18:48 +0000] "GET /health HTTP/1.1" 200 124 "-" "-"
2025-10-29 07:19:18 [INFO]: ::1 - - [29/Oct/2025:07:19:18 +0000] "GET /health HTTP/1.1" 200 124 "-" "-"
2025-10-29 07:19:48 [INFO]: ::1 - - [29/Oct/2025:07:19:48 +0000] "GET /health HTTP/1.1" 200 124 "-" "-"
2025-10-29 07:20:18 [INFO]: ::1 - - [29/Oct/2025:07:20:18 +0000] "GET /health HTTP/1.1" 200 124 "-" "-"
2025-10-29 07:20:48 [INFO]: ::1 - - [29/Oct/2025:07:20:48 +0000] "GET /health HTTP/1.1" 200 124 "-" "-"
2025-10-29 07:21:19 [INFO]: ::1 - - [29/Oct/2025:07:21:19 +0000] "GET /health HTTP/1.1" 200 124 "-" "-"
2025-10-29 07:21:49 [INFO]: ::1 - - [29/Oct/2025:07:21:49 +0000] "GET /health HTTP/1.1" 200 124 "-" "-"
2025-10-29 07:22:19 [INFO]: ::1 - - [29/Oct/2025:07:22:19 +0000] "GET /health HTTP/1.1" 200 124 "-" "-"
2025-10-29 07:22:49 [INFO]: ::1 - - [29/Oct/2025:07:22:49 +0000] "GET /health HTTP/1.1" 200 124 "-" "-"
2025-10-29 07:23:19 [INFO]: ::1 - - [29/Oct/2025:07:23:19 +0000] "GET /health HTTP/1.1" 200 124 "-" "-"
2025-10-29 07:23:49 [INFO]: ::1 - - [29/Oct/2025:07:23:49 +0000] "GET /health HTTP/1.1" 200 124 "-" "-"
2025-10-29 07:27:08 [INFO]: ::1 - - [29/Oct/2025:07:27:08 +0000] "GET /health HTTP/1.1" 200 124 "-" "-"
2025-10-29 07:27:38 [INFO]: ::1 - - [29/Oct/2025:07:27:38 +0000] "GET /health HTTP/1.1" 200 124 "-" "-"
2025-10-29 07:28:08 [INFO]: ::1 - - [29/Oct/2025:07:28:08 +0000] "GET /health HTTP/1.1" 200 124 "-" "-"
2025-10-29 07:28:38 [INFO]: ::1 - - [29/Oct/2025:07:28:38 +0000] "GET /health HTTP/1.1" 200 123 "-" "-"
2025-10-29 07:29:08 [INFO]: ::1 - - [29/Oct/2025:07:29:08 +0000] "GET /health HTTP/1.1" 200 124 "-" "-"
2025-10-29 07:29:38 [INFO]: ::1 - - [29/Oct/2025:07:29:38 +0000] "GET /health HTTP/1.1" 200 124 "-" "-"
2025-10-29 07:30:09 [INFO]: ::1 - - [29/Oct/2025:07:30:09 +0000] "GET /health HTTP/1.1" 200 124 "-" "-"
2025-10-29 07:30:39 [INFO]: ::1 - - [29/Oct/2025:07:30:39 +0000] "GET /health HTTP/1.1" 200 124 "-" "-"
2025-10-29 07:31:09 [INFO]: ::1 - - [29/Oct/2025:07:31:09 +0000] "GET /health HTTP/1.1" 200 124 "-" "-"
2025-10-29 07:31:39 [INFO]: ::1 - - [29/Oct/2025:07:31:39 +0000] "GET /health HTTP/1.1" 200 124 "-" "-"
2025-10-29 07:32:09 [INFO]: ::1 - - [29/Oct/2025:07:32:09 +0000] "GET /health HTTP/1.1" 200 124 "-" "-"
2025-10-29 07:32:39 [INFO]: ::1 - - [29/Oct/2025:07:32:39 +0000] "GET /health HTTP/1.1" 200 124 "-" "-"
2025-10-29 07:33:09 [INFO]: ::1 - - [29/Oct/2025:07:33:09 +0000] "GET /health HTTP/1.1" 200 124 "-" "-"
2025-10-29 07:33:39 [INFO]: ::1 - - [29/Oct/2025:07:33:39 +0000] "GET /health HTTP/1.1" 200 124 "-" "-"
2025-10-29 07:34:09 [INFO]: ::1 - - [29/Oct/2025:07:34:09 +0000] "GET /health HTTP/1.1" 200 124 "-" "-"
2025-10-29 07:34:39 [INFO]: ::1 - - [29/Oct/2025:07:34:39 +0000] "GET /health HTTP/1.1" 200 124 "-" "-"
2025-10-29 07:35:10 [INFO]: ::1 - - [29/Oct/2025:07:35:10 +0000] "GET /health HTTP/1.1" 200 124 "-" "-"
2025-10-29 07:35:40 [INFO]: ::1 - - [29/Oct/2025:07:35:40 +0000] "GET /health HTTP/1.1" 200 124 "-" "-"
2025-10-29 07:36:10 [INFO]: ::1 - - [29/Oct/2025:07:36:10 +0000] "GET /health HTTP/1.1" 200 124 "-" "-"
2025-10-29 07:36:40 [INFO]: ::1 - - [29/Oct/2025:07:36:40 +0000] "GET /health HTTP/1.1" 200 124 "-" "-"
2025-10-29 07:37:10 [INFO]: ::1 - - [29/Oct/2025:07:37:10 +0000] "GET /health HTTP/1.1" 200 124 "-" "-"
2025-10-29 07:37:40 [INFO]: ::1 - - [29/Oct/2025:07:37:40 +0000] "GET /health HTTP/1.1" 200 124 "-" "-"
2025-10-29 07:38:10 [INFO]: ::1 - - [29/Oct/2025:07:38:10 +0000] "GET /health HTTP/1.1" 200 124 "-" "-"
2025-10-29 07:38:40 [INFO]: ::1 - - [29/Oct/2025:07:38:40 +0000] "GET /health HTTP/1.1" 200 124 "-" "-"
2025-10-29 07:39:10 [INFO]: ::1 - - [29/Oct/2025:07:39:10 +0000] "GET /health HTTP/1.1" 200 122 "-" "-"
2025-10-29 07:39:40 [INFO]: ::1 - - [29/Oct/2025:07:39:40 +0000] "GET /health HTTP/1.1" 200 124 "-" "-"
2025-10-29 07:40:10 [INFO]: ::1 - - [29/Oct/2025:07:40:10 +0000] "GET /health HTTP/1.1" 200 124 "-" "-"
2025-10-29 07:40:41 [INFO]: ::1 - - [29/Oct/2025:07:40:41 +0000] "GET /health HTTP/1.1" 200 124 "-" "-"
2025-10-29 07:41:11 [INFO]: ::1 - - [29/Oct/2025:07:41:11 +0000] "GET /health HTTP/1.1" 200 124 "-" "-"
2025-10-29 07:41:41 [INFO]: ::1 - - [29/Oct/2025:07:41:41 +0000] "GET /health HTTP/1.1" 200 124 "-" "-"
2025-10-29 07:42:11 [INFO]: ::1 - - [29/Oct/2025:07:42:11 +0000] "GET /health HTTP/1.1" 200 124 "-" "-"
2025-10-29 07:42:41 [INFO]: ::1 - - [29/Oct/2025:07:42:41 +0000] "GET /health HTTP/1.1" 200 124 "-" "-"
2025-10-29 07:43:11 [INFO]: ::1 - - [29/Oct/2025:07:43:11 +0000] "GET /health HTTP/1.1" 200 124 "-" "-"
2025-10-29 07:43:41 [INFO]: ::1 - - [29/Oct/2025:07:43:41 +0000] "GET /health HTTP/1.1" 200 124 "-" "-"
2025-10-29 07:44:11 [INFO]: ::1 - - [29/Oct/2025:07:44:11 +0000] "GET /health HTTP/1.1" 200 124 "-" "-"
2025-10-29 07:44:41 [INFO]: ::1 - - [29/Oct/2025:07:44:41 +0000] "GET /health HTTP/1.1" 200 124 "-" "-"
2025-10-29 07:45:12 [INFO]: ::1 - - [29/Oct/2025:07:45:12 +0000] "GET /health HTTP/1.1" 200 124 "-" "-"
2025-10-29 07:45:42 [INFO]: ::1 - - [29/Oct/2025:07:45:42 +0000] "GET /health HTTP/1.1" 200 124 "-" "-"
2025-10-29 07:46:12 [INFO]: ::1 - - [29/Oct/2025:07:46:12 +0000] "GET /health HTTP/1.1" 200 124 "-" "-"
2025-10-29 07:46:42 [INFO]: ::1 - - [29/Oct/2025:07:46:42 +0000] "GET /health HTTP/1.1" 200 124 "-" "-"
2025-10-29 07:47:12 [INFO]: ::1 - - [29/Oct/2025:07:47:12 +0000] "GET /health HTTP/1.1" 200 124 "-" "-"
2025-10-29 07:47:42 [INFO]: ::1 - - [29/Oct/2025:07:47:42 +0000] "GET /health HTTP/1.1" 200 124 "-" "-"
2025-10-29 07:48:12 [INFO]: ::1 - - [29/Oct/2025:07:48:12 +0000] "GET /health HTTP/1.1" 200 123 "-" "-"
2025-10-29 07:48:42 [INFO]: ::1 - - [29/Oct/2025:07:48:42 +0000] "GET /health HTTP/1.1" 200 124 "-" "-"
2025-10-29 07:49:12 [INFO]: ::1 - - [29/Oct/2025:07:49:12 +0000] "GET /health HTTP/1.1" 200 124 "-" "-"
2025-10-29 07:49:42 [INFO]: ::1 - - [29/Oct/2025:07:49:42 +0000] "GET /health HTTP/1.1" 200 124 "-" "-"
2025-10-29 07:50:12 [INFO]: ::1 - - [29/Oct/2025:07:50:12 +0000] "GET /health HTTP/1.1" 200 124 "-" "-"
2025-10-29 07:50:43 [INFO]: ::1 - - [29/Oct/2025:07:50:43 +0000] "GET /health HTTP/1.1" 200 123 "-" "-"
2025-10-29 07:51:13 [INFO]: ::1 - - [29/Oct/2025:07:51:13 +0000] "GET /health HTTP/1.1" 200 123 "-" "-"
2025-10-29 07:51:43 [INFO]: ::1 - - [29/Oct/2025:07:51:43 +0000] "GET /health HTTP/1.1" 200 124 "-" "-"
2025-10-29 07:52:13 [INFO]: ::1 - - [29/Oct/2025:07:52:13 +0000] "GET /health HTTP/1.1" 200 124 "-" "-"
2025-10-29 07:52:43 [INFO]: ::1 - - [29/Oct/2025:07:52:43 +0000] "GET /health HTTP/1.1" 200 124 "-" "-"
2025-10-29 07:53:13 [INFO]: ::1 - - [29/Oct/2025:07:53:13 +0000] "GET /health HTTP/1.1" 200 124 "-" "-"
2025-10-29 07:53:43 [INFO]: ::1 - - [29/Oct/2025:07:53:43 +0000] "GET /health HTTP/1.1" 200 124 "-" "-"
2025-10-29 07:54:13 [INFO]: ::1 - - [29/Oct/2025:07:54:13 +0000] "GET /health HTTP/1.1" 200 124 "-" "-"
2025-10-29 07:54:43 [INFO]: ::1 - - [29/Oct/2025:07:54:43 +0000] "GET /health HTTP/1.1" 200 123 "-" "-"
2025-10-29 07:55:13 [INFO]: ::1 - - [29/Oct/2025:07:55:13 +0000] "GET /health HTTP/1.1" 200 124 "-" "-"
2025-10-29 07:55:44 [INFO]: ::1 - - [29/Oct/2025:07:55:44 +0000] "GET /health HTTP/1.1" 200 124 "-" "-"
2025-10-29 07:56:14 [INFO]: ::1 - - [29/Oct/2025:07:56:14 +0000] "GET /health HTTP/1.1" 200 124 "-" "-"
2025-10-29 07:56:44 [INFO]: ::1 - - [29/Oct/2025:07:56:44 +0000] "GET /health HTTP/1.1" 200 124 "-" "-"
2025-10-29 07:57:14 [INFO]: ::1 - - [29/Oct/2025:07:57:14 +0000] "GET /health HTTP/1.1" 200 124 "-" "-"
2025-10-29 07:57:44 [INFO]: ::1 - - [29/Oct/2025:07:57:44 +0000] "GET /health HTTP/1.1" 200 124 "-" "-"
2025-10-29 07:58:14 [INFO]: ::1 - - [29/Oct/2025:07:58:14 +0000] "GET /health HTTP/1.1" 200 124 "-" "-"
2025-10-29 07:58:44 [INFO]: ::1 - - [29/Oct/2025:07:58:44 +0000] "GET /health HTTP/1.1" 200 124 "-" "-"
2025-10-29 07:59:14 [INFO]: ::1 - - [29/Oct/2025:07:59:14 +0000] "GET /health HTTP/1.1" 200 124 "-" "-"
2025-10-29 07:59:44 [INFO]: ::1 - - [29/Oct/2025:07:59:44 +0000] "GET /health HTTP/1.1" 200 124 "-" "-"
2025-10-29 08:00:14 [INFO]: ::1 - - [29/Oct/2025:08:00:14 +0000] "GET /health HTTP/1.1" 200 124 "-" "-"
2025-10-29 08:00:44 [INFO]: ::1 - - [29/Oct/2025:08:00:44 +0000] "GET /health HTTP/1.1" 200 124 "-" "-"
2025-10-29 08:01:15 [INFO]: ::1 - - [29/Oct/2025:08:01:15 +0000] "GET /health HTTP/1.1" 200 124 "-" "-"
2025-10-29 08:01:45 [INFO]: ::1 - - [29/Oct/2025:08:01:45 +0000] "GET /health HTTP/1.1" 200 124 "-" "-"
2025-10-29 08:02:15 [INFO]: ::1 - - [29/Oct/2025:08:02:15 +0000] "GET /health HTTP/1.1" 200 124 "-" "-"
2025-10-29 08:02:45 [INFO]: ::1 - - [29/Oct/2025:08:02:45 +0000] "GET /health HTTP/1.1" 200 124 "-" "-"
2025-10-29 08:03:15 [INFO]: ::1 - - [29/Oct/2025:08:03:15 +0000] "GET /health HTTP/1.1" 200 124 "-" "-"
2025-10-29 08:03:45 [INFO]: ::1 - - [29/Oct/2025:08:03:45 +0000] "GET /health HTTP/1.1" 200 123 "-" "-"
2025-10-29 08:04:15 [INFO]: ::1 - - [29/Oct/2025:08:04:15 +0000] "GET /health HTTP/1.1" 200 124 "-" "-"
2025-10-29 08:04:45 [INFO]: ::1 - - [29/Oct/2025:08:04:45 +0000] "GET /health HTTP/1.1" 200 124 "-" "-"
2025-10-29 08:05:15 [INFO]: ::1 - - [29/Oct/2025:08:05:15 +0000] "GET /health HTTP/1.1" 200 124 "-" "-"
2025-10-29 08:05:45 [INFO]: ::1 - - [29/Oct/2025:08:05:45 +0000] "GET /health HTTP/1.1" 200 124 "-" "-"
2025-10-29 08:06:16 [INFO]: ::1 - - [29/Oct/2025:08:06:16 +0000] "GET /health HTTP/1.1" 200 124 "-" "-"
2025-10-29 08:06:46 [INFO]: ::1 - - [29/Oct/2025:08:06:46 +0000] "GET /health HTTP/1.1" 200 124 "-" "-"
2025-10-29 08:07:16 [INFO]: ::1 - - [29/Oct/2025:08:07:16 +0000] "GET /health HTTP/1.1" 200 124 "-" "-"
2025-10-29 08:07:46 [INFO]: ::1 - - [29/Oct/2025:08:07:46 +0000] "GET /health HTTP/1.1" 200 124 "-" "-"
2025-10-29 08:08:16 [INFO]: ::1 - - [29/Oct/2025:08:08:16 +0000] "GET /health HTTP/1.1" 200 124 "-" "-"
2025-10-29 08:08:46 [INFO]: ::1 - - [29/Oct/2025:08:08:46 +0000] "GET /health HTTP/1.1" 200 124 "-" "-"
2025-10-29 08:09:16 [INFO]: ::1 - - [29/Oct/2025:08:09:16 +0000] "GET /health HTTP/1.1" 200 124 "-" "-"
2025-10-29 08:09:46 [INFO]: ::1 - - [29/Oct/2025:08:09:46 +0000] "GET /health HTTP/1.1" 200 124 "-" "-"
2025-10-29 08:10:16 [INFO]: ::1 - - [29/Oct/2025:08:10:16 +0000] "GET /health HTTP/1.1" 200 124 "-" "-"
2025-10-29 08:10:46 [INFO]: ::1 - - [29/Oct/2025:08:10:46 +0000] "GET /health HTTP/1.1" 200 124 "-" "-"
2025-10-29 08:11:17 [INFO]: ::1 - - [29/Oct/2025:08:11:17 +0000] "GET /health HTTP/1.1" 200 124 "-" "-"
2025-10-29 08:11:47 [INFO]: ::1 - - [29/Oct/2025:08:11:47 +0000] "GET /health HTTP/1.1" 200 124 "-" "-"
2025-10-29 08:12:17 [INFO]: ::1 - - [29/Oct/2025:08:12:17 +0000] "GET /health HTTP/1.1" 200 124 "-" "-"
2025-10-29 08:12:47 [INFO]: ::1 - - [29/Oct/2025:08:12:47 +0000] "GET /health HTTP/1.1" 200 123 "-" "-"
2025-10-29 08:13:17 [INFO]: ::1 - - [29/Oct/2025:08:13:17 +0000] "GET /health HTTP/1.1" 200 124 "-" "-"
2025-10-29 08:13:47 [INFO]: ::1 - - [29/Oct/2025:08:13:47 +0000] "GET /health HTTP/1.1" 200 124 "-" "-"
2025-10-29 08:14:17 [INFO]: ::1 - - [29/Oct/2025:08:14:17 +0000] "GET /health HTTP/1.1" 200 124 "-" "-"
2025-10-29 08:14:47 [INFO]: ::1 - - [29/Oct/2025:08:14:47 +0000] "GET /health HTTP/1.1" 200 124 "-" "-"
2025-10-29 08:15:17 [INFO]: ::1 - - [29/Oct/2025:08:15:17 +0000] "GET /health HTTP/1.1" 200 123 "-" "-"
2025-10-29 08:15:48 [INFO]: ::1 - - [29/Oct/2025:08:15:48 +0000] "GET /health HTTP/1.1" 200 124 "-" "-"
2025-10-29 08:16:18 [INFO]: ::1 - - [29/Oct/2025:08:16:18 +0000] "GET /health HTTP/1.1" 200 124 "-" "-"
2025-10-29 08:16:48 [INFO]: ::1 - - [29/Oct/2025:08:16:48 +0000] "GET /health HTTP/1.1" 200 124 "-" "-"
2025-10-29 08:17:18 [INFO]: ::1 - - [29/Oct/2025:08:17:18 +0000] "GET /health HTTP/1.1" 200 124 "-" "-"
2025-10-29 08:17:48 [INFO]: ::1 - - [29/Oct/2025:08:17:48 +0000] "GET /health HTTP/1.1" 200 123 "-" "-"
2025-10-29 08:18:18 [INFO]: ::1 - - [29/Oct/2025:08:18:18 +0000] "GET /health HTTP/1.1" 200 124 "-" "-"
2025-10-29 08:18:48 [INFO]: ::1 - - [29/Oct/2025:08:18:48 +0000] "GET /health HTTP/1.1" 200 123 "-" "-"
2025-10-29 08:19:18 [INFO]: ::1 - - [29/Oct/2025:08:19:18 +0000] "GET /health HTTP/1.1" 200 124 "-" "-"
2025-10-29 08:19:48 [INFO]: ::1 - - [29/Oct/2025:08:19:48 +0000] "GET /health HTTP/1.1" 200 124 "-" "-"
2025-10-29 08:20:19 [INFO]: ::1 - - [29/Oct/2025:08:20:19 +0000] "GET /health HTTP/1.1" 200 124 "-" "-"
2025-10-29 08:20:49 [INFO]: ::1 - - [29/Oct/2025:08:20:49 +0000] "GET /health HTTP/1.1" 200 124 "-" "-"
2025-10-29 08:21:19 [INFO]: ::1 - - [29/Oct/2025:08:21:19 +0000] "GET /health HTTP/1.1" 200 124 "-" "-"
2025-10-29 08:21:49 [INFO]: ::1 - - [29/Oct/2025:08:21:49 +0000] "GET /health HTTP/1.1" 200 123 "-" "-"
2025-10-29 08:22:19 [INFO]: ::1 - - [29/Oct/2025:08:22:19 +0000] "GET /health HTTP/1.1" 200 124 "-" "-"
2025-10-29 08:22:49 [INFO]: ::1 - - [29/Oct/2025:08:22:49 +0000] "GET /health HTTP/1.1" 200 124 "-" "-"
2025-10-29 08:23:19 [INFO]: ::1 - - [29/Oct/2025:08:23:19 +0000] "GET /health HTTP/1.1" 200 124 "-" "-"
2025-10-29 08:23:49 [INFO]: ::1 - - [29/Oct/2025:08:23:49 +0000] "GET /health HTTP/1.1" 200 123 "-" "-"
2025-10-29 08:24:19 [INFO]: ::1 - - [29/Oct/2025:08:24:19 +0000] "GET /health HTTP/1.1" 200 124 "-" "-"
2025-10-29 08:24:49 [INFO]: ::1 - - [29/Oct/2025:08:24:49 +0000] "GET /health HTTP/1.1" 200 124 "-" "-"
2025-10-29 08:25:19 [INFO]: ::1 - - [29/Oct/2025:08:25:19 +0000] "GET /health HTTP/1.1" 200 124 "-" "-"
2025-10-29 08:25:50 [INFO]: ::1 - - [29/Oct/2025:08:25:50 +0000] "GET /health HTTP/1.1" 200 124 "-" "-"
2025-10-29 08:26:20 [INFO]: ::1 - - [29/Oct/2025:08:26:20 +0000] "GET /health HTTP/1.1" 200 123 "-" "-"
2025-10-29 08:26:50 [INFO]: ::1 - - [29/Oct/2025:08:26:50 +0000] "GET /health HTTP/1.1" 200 124 "-" "-"
2025-10-29 08:27:20 [INFO]: ::1 - - [29/Oct/2025:08:27:20 +0000] "GET /health HTTP/1.1" 200 124 "-" "-"
2025-10-29 08:27:50 [INFO]: ::1 - - [29/Oct/2025:08:27:50 +0000] "GET /health HTTP/1.1" 200 122 "-" "-"
2025-10-29 08:28:20 [INFO]: ::1 - - [29/Oct/2025:08:28:20 +0000] "GET /health HTTP/1.1" 200 124 "-" "-"
2025-10-29 08:28:50 [INFO]: ::1 - - [29/Oct/2025:08:28:50 +0000] "GET /health HTTP/1.1" 200 124 "-" "-"
2025-10-29 08:29:20 [INFO]: ::1 - - [29/Oct/2025:08:29:20 +0000] "GET /health HTTP/1.1" 200 124 "-" "-"
2025-10-29 08:29:50 [INFO]: ::1 - - [29/Oct/2025:08:29:50 +0000] "GET /health HTTP/1.1" 200 124 "-" "-"
2025-10-29 08:30:20 [INFO]: ::1 - - [29/Oct/2025:08:30:20 +0000] "GET /health HTTP/1.1" 200 124 "-" "-"
2025-10-29 08:30:51 [INFO]: ::1 - - [29/Oct/2025:08:30:51 +0000] "GET /health HTTP/1.1" 200 124 "-" "-"
2025-10-29 08:31:21 [INFO]: ::1 - - [29/Oct/2025:08:31:21 +0000] "GET /health HTTP/1.1" 200 124 "-" "-"
2025-10-29 08:31:51 [INFO]: ::1 - - [29/Oct/2025:08:31:51 +0000] "GET /health HTTP/1.1" 200 124 "-" "-"
2025-10-29 08:32:21 [INFO]: ::1 - - [29/Oct/2025:08:32:21 +0000] "GET /health HTTP/1.1" 200 124 "-" "-"
2025-10-29 08:32:51 [INFO]: ::1 - - [29/Oct/2025:08:32:51 +0000] "GET /health HTTP/1.1" 200 124 "-" "-"
2025-10-29 08:33:21 [INFO]: ::1 - - [29/Oct/2025:08:33:21 +0000] "GET /health HTTP/1.1" 200 124 "-" "-"
2025-10-29 08:33:51 [INFO]: ::1 - - [29/Oct/2025:08:33:51 +0000] "GET /health HTTP/1.1" 200 124 "-" "-"
2025-10-29 08:34:21 [INFO]: ::1 - - [29/Oct/2025:08:34:21 +0000] "GET /health HTTP/1.1" 200 124 "-" "-"
2025-10-29 08:34:51 [INFO]: ::1 - - [29/Oct/2025:08:34:51 +0000] "GET /health HTTP/1.1" 200 122 "-" "-"
2025-10-29 08:35:22 [INFO]: ::1 - - [29/Oct/2025:08:35:22 +0000] "GET /health HTTP/1.1" 200 123 "-" "-"
2025-10-29 08:35:52 [INFO]: ::1 - - [29/Oct/2025:08:35:52 +0000] "GET /health HTTP/1.1" 200 124 "-" "-"
2025-10-29 08:36:22 [INFO]: ::1 - - [29/Oct/2025:08:36:22 +0000] "GET /health HTTP/1.1" 200 124 "-" "-"
2025-10-29 08:36:52 [INFO]: ::1 - - [29/Oct/2025:08:36:52 +0000] "GET /health HTTP/1.1" 200 124 "-" "-"
2025-10-29 08:37:22 [INFO]: ::1 - - [29/Oct/2025:08:37:22 +0000] "GET /health HTTP/1.1" 200 124 "-" "-"
2025-10-29 08:37:52 [INFO]: ::1 - - [29/Oct/2025:08:37:52 +0000] "GET /health HTTP/1.1" 200 124 "-" "-"
2025-10-29 08:38:22 [INFO]: ::1 - - [29/Oct/2025:08:38:22 +0000] "GET /health HTTP/1.1" 200 124 "-" "-"
2025-10-29 08:38:52 [INFO]: ::1 - - [29/Oct/2025:08:38:52 +0000] "GET /health HTTP/1.1" 200 123 "-" "-"
2025-10-29 08:39:22 [INFO]: ::1 - - [29/Oct/2025:08:39:22 +0000] "GET /health HTTP/1.1" 200 124 "-" "-"
2025-10-29 08:39:52 [INFO]: ::1 - - [29/Oct/2025:08:39:52 +0000] "GET /health HTTP/1.1" 200 124 "-" "-"
2025-10-29 08:40:23 [INFO]: ::1 - - [29/Oct/2025:08:40:23 +0000] "GET /health HTTP/1.1" 200 124 "-" "-"
2025-10-29 08:40:53 [INFO]: ::1 - - [29/Oct/2025:08:40:53 +0000] "GET /health HTTP/1.1" 200 124 "-" "-"
2025-10-29 08:41:23 [INFO]: ::1 - - [29/Oct/2025:08:41:23 +0000] "GET /health HTTP/1.1" 200 124 "-" "-"
2025-10-29 08:41:53 [INFO]: ::1 - - [29/Oct/2025:08:41:53 +0000] "GET /health HTTP/1.1" 200 124 "-" "-"
2025-10-29 08:42:23 [INFO]: ::1 - - [29/Oct/2025:08:42:23 +0000] "GET /health HTTP/1.1" 200 124 "-" "-"
2025-10-29 08:42:53 [INFO]: ::1 - - [29/Oct/2025:08:42:53 +0000] "GET /health HTTP/1.1" 200 124 "-" "-"
2025-10-29 08:43:23 [INFO]: ::1 - - [29/Oct/2025:08:43:23 +0000] "GET /health HTTP/1.1" 200 123 "-" "-"
2025-10-29 08:43:53 [INFO]: ::1 - - [29/Oct/2025:08:43:53 +0000] "GET /health HTTP/1.1" 200 124 "-" "-"
2025-10-29 08:44:23 [INFO]: ::1 - - [29/Oct/2025:08:44:23 +0000] "GET /health HTTP/1.1" 200 124 "-" "-"
2025-10-29 08:44:53 [INFO]: ::1 - - [29/Oct/2025:08:44:53 +0000] "GET /health HTTP/1.1" 200 124 "-" "-"
2025-10-29 08:45:24 [INFO]: ::1 - - [29/Oct/2025:08:45:24 +0000] "GET /health HTTP/1.1" 200 123 "-" "-"
2025-10-29 08:45:54 [INFO]: ::1 - - [29/Oct/2025:08:45:54 +0000] "GET /health HTTP/1.1" 200 124 "-" "-"
2025-10-29 08:46:24 [INFO]: ::1 - - [29/Oct/2025:08:46:24 +0000] "GET /health HTTP/1.1" 200 124 "-" "-"
2025-10-29 08:46:54 [INFO]: ::1 - - [29/Oct/2025:08:46:54 +0000] "GET /health HTTP/1.1" 200 124 "-" "-"
2025-10-29 08:47:24 [INFO]: ::1 - - [29/Oct/2025:08:47:24 +0000] "GET /health HTTP/1.1" 200 124 "-" "-"
2025-10-29 08:47:54 [INFO]: ::1 - - [29/Oct/2025:08:47:54 +0000] "GET /health HTTP/1.1" 200 124 "-" "-"
2025-10-29 08:48:24 [INFO]: ::1 - - [29/Oct/2025:08:48:24 +0000] "GET /health HTTP/1.1" 200 124 "-" "-"
2025-10-29 08:48:54 [INFO]: ::1 - - [29/Oct/2025:08:48:54 +0000] "GET /health HTTP/1.1" 200 124 "-" "-"
2025-10-29 08:49:24 [INFO]: ::1 - - [29/Oct/2025:08:49:24 +0000] "GET /health HTTP/1.1" 200 124 "-" "-"
2025-10-29 08:49:55 [INFO]: ::1 - - [29/Oct/2025:08:49:55 +0000] "GET /health HTTP/1.1" 200 124 "-" "-"
2025-10-29 08:50:25 [INFO]: ::1 - - [29/Oct/2025:08:50:25 +0000] "GET /health HTTP/1.1" 200 124 "-" "-"
2025-10-29 08:50:55 [INFO]: ::1 - - [29/Oct/2025:08:50:55 +0000] "GET /health HTTP/1.1" 200 124 "-" "-"
2025-10-29 08:51:25 [INFO]: ::1 - - [29/Oct/2025:08:51:25 +0000] "GET /health HTTP/1.1" 200 124 "-" "-"
2025-10-29 08:51:55 [INFO]: ::1 - - [29/Oct/2025:08:51:55 +0000] "GET /health HTTP/1.1" 200 124 "-" "-"
2025-10-29 08:52:25 [INFO]: ::1 - - [29/Oct/2025:08:52:25 +0000] "GET /health HTTP/1.1" 200 124 "-" "-"
2025-10-29 08:52:55 [INFO]: ::1 - - [29/Oct/2025:08:52:55 +0000] "GET /health HTTP/1.1" 200 124 "-" "-"
2025-10-29 08:53:25 [INFO]: ::1 - - [29/Oct/2025:08:53:25 +0000] "GET /health HTTP/1.1" 200 124 "-" "-"
2025-10-29 08:53:55 [INFO]: ::1 - - [29/Oct/2025:08:53:55 +0000] "GET /health HTTP/1.1" 200 124 "-" "-"
2025-10-29 08:54:25 [INFO]: ::1 - - [29/Oct/2025:08:54:25 +0000] "GET /health HTTP/1.1" 200 124 "-" "-"
2025-10-29 08:54:55 [INFO]: ::1 - - [29/Oct/2025:08:54:55 +0000] "GET /health HTTP/1.1" 200 124 "-" "-"
2025-10-29 08:55:26 [INFO]: ::1 - - [29/Oct/2025:08:55:26 +0000] "GET /health HTTP/1.1" 200 124 "-" "-"
2025-10-29 08:55:56 [INFO]: ::1 - - [29/Oct/2025:08:55:56 +0000] "GET /health HTTP/1.1" 200 124 "-" "-"
2025-10-29 08:56:26 [INFO]: ::1 - - [29/Oct/2025:08:56:26 +0000] "GET /health HTTP/1.1" 200 124 "-" "-"
2025-10-29 08:56:56 [INFO]: ::1 - - [29/Oct/2025:08:56:56 +0000] "GET /health HTTP/1.1" 200 124 "-" "-"
2025-10-29 08:57:26 [INFO]: ::1 - - [29/Oct/2025:08:57:26 +0000] "GET /health HTTP/1.1" 200 124 "-" "-"
2025-10-29 08:57:56 [INFO]: ::1 - - [29/Oct/2025:08:57:56 +0000] "GET /health HTTP/1.1" 200 124 "-" "-"
2025-10-29 08:58:26 [INFO]: ::1 - - [29/Oct/2025:08:58:26 +0000] "GET /health HTTP/1.1" 200 124 "-" "-"
2025-10-29 08:58:56 [INFO]: ::1 - - [29/Oct/2025:08:58:56 +0000] "GET /health HTTP/1.1" 200 124 "-" "-"
2025-10-29 08:59:26 [INFO]: ::1 - - [29/Oct/2025:08:59:26 +0000] "GET /health HTTP/1.1" 200 124 "-" "-"
2025-10-29 08:59:57 [INFO]: ::1 - - [29/Oct/2025:08:59:57 +0000] "GET /health HTTP/1.1" 200 124 "-" "-"
2025-10-29 09:00:27 [INFO]: ::1 - - [29/Oct/2025:09:00:27 +0000] "GET /health HTTP/1.1" 200 124 "-" "-"
2025-10-29 09:00:57 [INFO]: ::1 - - [29/Oct/2025:09:00:57 +0000] "GET /health HTTP/1.1" 200 124 "-" "-"
2025-10-29 09:01:27 [INFO]: ::1 - - [29/Oct/2025:09:01:27 +0000] "GET /health HTTP/1.1" 200 123 "-" "-"
2025-10-29 09:01:57 [INFO]: ::1 - - [29/Oct/2025:09:01:57 +0000] "GET /health HTTP/1.1" 200 124 "-" "-"
2025-10-29 09:02:27 [INFO]: ::1 - - [29/Oct/2025:09:02:27 +0000] "GET /health HTTP/1.1" 200 124 "-" "-"
2025-10-29 09:02:57 [INFO]: ::1 - - [29/Oct/2025:09:02:57 +0000] "GET /health HTTP/1.1" 200 124 "-" "-"
2025-10-29 09:03:27 [INFO]: ::1 - - [29/Oct/2025:09:03:27 +0000] "GET /health HTTP/1.1" 200 124 "-" "-"
2025-10-29 09:03:57 [INFO]: ::1 - - [29/Oct/2025:09:03:57 +0000] "GET /health HTTP/1.1" 200 123 "-" "-"
2025-10-29 09:04:27 [INFO]: ::1 - - [29/Oct/2025:09:04:27 +0000] "GET /health HTTP/1.1" 200 124 "-" "-"
2025-10-29 09:04:57 [INFO]: ::1 - - [29/Oct/2025:09:04:57 +0000] "GET /health HTTP/1.1" 200 124 "-" "-"
2025-10-29 09:05:28 [INFO]: ::1 - - [29/Oct/2025:09:05:28 +0000] "GET /health HTTP/1.1" 200 124 "-" "-"
2025-10-29 09:05:58 [INFO]: ::1 - - [29/Oct/2025:09:05:58 +0000] "GET /health HTTP/1.1" 200 124 "-" "-"
2025-10-29 09:06:28 [INFO]: ::1 - - [29/Oct/2025:09:06:28 +0000] "GET /health HTTP/1.1" 200 124 "-" "-"
2025-10-29 09:06:58 [INFO]: ::1 - - [29/Oct/2025:09:06:58 +0000] "GET /health HTTP/1.1" 200 124 "-" "-"
2025-10-29 09:07:28 [INFO]: ::1 - - [29/Oct/2025:09:07:28 +0000] "GET /health HTTP/1.1" 200 124 "-" "-"
2025-10-29 09:07:58 [INFO]: ::1 - - [29/Oct/2025:09:07:58 +0000] "GET /health HTTP/1.1" 200 124 "-" "-"
2025-10-29 09:08:28 [INFO]: ::1 - - [29/Oct/2025:09:08:28 +0000] "GET /health HTTP/1.1" 200 124 "-" "-"
2025-10-29 09:08:58 [INFO]: ::1 - - [29/Oct/2025:09:08:58 +0000] "GET /health HTTP/1.1" 200 122 "-" "-"
2025-10-29 09:09:28 [INFO]: ::1 - - [29/Oct/2025:09:09:28 +0000] "GET /health HTTP/1.1" 200 124 "-" "-"
2025-10-29 09:09:59 [INFO]: ::1 - - [29/Oct/2025:09:09:59 +0000] "GET /health HTTP/1.1" 200 124 "-" "-"
2025-10-29 09:10:29 [INFO]: ::1 - - [29/Oct/2025:09:10:29 +0000] "GET /health HTTP/1.1" 200 124 "-" "-"
2025-10-29 09:10:59 [INFO]: ::1 - - [29/Oct/2025:09:10:59 +0000] "GET /health HTTP/1.1" 200 124 "-" "-"
2025-10-29 09:11:29 [INFO]: ::1 - - [29/Oct/2025:09:11:29 +0000] "GET /health HTTP/1.1" 200 124 "-" "-"
2025-10-29 09:11:59 [INFO]: ::1 - - [29/Oct/2025:09:11:59 +0000] "GET /health HTTP/1.1" 200 124 "-" "-"
2025-10-29 09:12:17 [ERROR]: Authentication error: Invalid or expired token
Error: Invalid or expired token
    at verifyAccessToken (/app/src/utils/token.js:37:11)
    at authenticate (/app/src/middleware/auth.js:23:21)
    at Layer.handle [as handle_request] (/app/node_modules/express/lib/router/layer.js:95:5)
    at next (/app/node_modules/express/lib/router/route.js:149:13)
    at Route.dispatch (/app/node_modules/express/lib/router/route.js:119:3)
    at Layer.handle [as handle_request] (/app/node_modules/express/lib/router/layer.js:95:5)
    at /app/node_modules/express/lib/router/index.js:284:15
    at Function.process_params (/app/node_modules/express/lib/router/index.js:346:12)
    at next (/app/node_modules/express/lib/router/index.js:280:10)
    at Function.handle (/app/node_modules/express/lib/router/index.js:175:3)
2025-10-29 09:12:17 [INFO]: ::ffff:172.18.0.1 - - [29/Oct/2025:09:12:17 +0000] "GET /api/auth/me HTTP/1.1" 401 54 "http://localhost:4001/" "Mozilla/5.0 (Windows NT 10.0; Win64; x64) AppleWebKit/537.36 (KHTML, like Gecko) Chrome/141.0.0.0 Safari/537.36"
2025-10-29 09:12:19 [INFO]: User logged in: admin@kpn.com
2025-10-29 09:12:19 [INFO]: ::ffff:172.18.0.1 - - [29/Oct/2025:09:12:19 +0000] "POST /api/auth/login HTTP/1.1" 200 437 "http://localhost:4001/" "Mozilla/5.0 (Windows NT 10.0; Win64; x64) AppleWebKit/537.36 (KHTML, like Gecko) Chrome/141.0.0.0 Safari/537.36"
2025-10-29 09:12:29 [INFO]: ::1 - - [29/Oct/2025:09:12:29 +0000] "GET /health HTTP/1.1" 200 124 "-" "-"
2025-10-29 09:12:59 [INFO]: ::1 - - [29/Oct/2025:09:12:59 +0000] "GET /health HTTP/1.1" 200 124 "-" "-"
2025-10-29 09:13:29 [INFO]: ::1 - - [29/Oct/2025:09:13:29 +0000] "GET /health HTTP/1.1" 200 124 "-" "-"
2025-10-29 09:13:59 [INFO]: ::1 - - [29/Oct/2025:09:13:59 +0000] "GET /health HTTP/1.1" 200 124 "-" "-"
2025-10-29 09:14:29 [INFO]: ::1 - - [29/Oct/2025:09:14:29 +0000] "GET /health HTTP/1.1" 200 124 "-" "-"
2025-10-29 09:15:00 [INFO]: ::1 - - [29/Oct/2025:09:15:00 +0000] "GET /health HTTP/1.1" 200 124 "-" "-"
2025-10-29 09:15:30 [INFO]: ::1 - - [29/Oct/2025:09:15:30 +0000] "GET /health HTTP/1.1" 200 124 "-" "-"
2025-10-29 09:16:00 [INFO]: ::1 - - [29/Oct/2025:09:16:00 +0000] "GET /health HTTP/1.1" 200 123 "-" "-"
2025-10-29 09:16:30 [INFO]: ::1 - - [29/Oct/2025:09:16:30 +0000] "GET /health HTTP/1.1" 200 124 "-" "-"
2025-10-29 09:17:00 [INFO]: ::1 - - [29/Oct/2025:09:17:00 +0000] "GET /health HTTP/1.1" 200 124 "-" "-"
2025-10-29 09:17:30 [INFO]: ::1 - - [29/Oct/2025:09:17:30 +0000] "GET /health HTTP/1.1" 200 124 "-" "-"
2025-10-29 09:18:00 [INFO]: ::1 - - [29/Oct/2025:09:18:00 +0000] "GET /health HTTP/1.1" 200 124 "-" "-"
2025-10-29 09:18:30 [INFO]: ::1 - - [29/Oct/2025:09:18:30 +0000] "GET /health HTTP/1.1" 200 124 "-" "-"
2025-10-29 09:19:00 [INFO]: ::1 - - [29/Oct/2025:09:19:00 +0000] "GET /health HTTP/1.1" 200 124 "-" "-"
2025-10-29 09:19:31 [INFO]: ::1 - - [29/Oct/2025:09:19:31 +0000] "GET /health HTTP/1.1" 200 124 "-" "-"
2025-10-29 09:20:01 [INFO]: ::1 - - [29/Oct/2025:09:20:01 +0000] "GET /health HTTP/1.1" 200 122 "-" "-"
2025-10-29 09:20:31 [INFO]: ::1 - - [29/Oct/2025:09:20:31 +0000] "GET /health HTTP/1.1" 200 124 "-" "-"
2025-10-29 09:21:01 [INFO]: ::1 - - [29/Oct/2025:09:21:01 +0000] "GET /health HTTP/1.1" 200 124 "-" "-"
2025-10-29 09:21:31 [INFO]: ::1 - - [29/Oct/2025:09:21:31 +0000] "GET /health HTTP/1.1" 200 124 "-" "-"
2025-10-29 09:22:01 [INFO]: ::1 - - [29/Oct/2025:09:22:01 +0000] "GET /health HTTP/1.1" 200 124 "-" "-"
2025-10-29 09:22:31 [INFO]: ::1 - - [29/Oct/2025:09:22:31 +0000] "GET /health HTTP/1.1" 200 124 "-" "-"
2025-10-29 09:23:01 [INFO]: ::1 - - [29/Oct/2025:09:23:01 +0000] "GET /health HTTP/1.1" 200 122 "-" "-"
2025-10-29 09:23:31 [INFO]: ::1 - - [29/Oct/2025:09:23:31 +0000] "GET /health HTTP/1.1" 200 124 "-" "-"
2025-10-29 09:24:02 [INFO]: ::1 - - [29/Oct/2025:09:24:02 +0000] "GET /health HTTP/1.1" 200 124 "-" "-"
2025-10-29 09:24:32 [INFO]: ::1 - - [29/Oct/2025:09:24:32 +0000] "GET /health HTTP/1.1" 200 124 "-" "-"
2025-10-29 09:25:02 [INFO]: ::1 - - [29/Oct/2025:09:25:02 +0000] "GET /health HTTP/1.1" 200 124 "-" "-"
2025-10-29 09:25:32 [INFO]: ::1 - - [29/Oct/2025:09:25:32 +0000] "GET /health HTTP/1.1" 200 124 "-" "-"
2025-10-29 09:26:02 [INFO]: ::1 - - [29/Oct/2025:09:26:02 +0000] "GET /health HTTP/1.1" 200 124 "-" "-"
2025-10-29 09:26:32 [INFO]: ::1 - - [29/Oct/2025:09:26:32 +0000] "GET /health HTTP/1.1" 200 124 "-" "-"
2025-10-29 09:27:02 [INFO]: ::1 - - [29/Oct/2025:09:27:02 +0000] "GET /health HTTP/1.1" 200 124 "-" "-"
2025-10-29 09:27:18 [INFO]: ::ffff:172.18.0.1 - - [29/Oct/2025:09:27:18 +0000] "GET /api/auth/me HTTP/1.1" 304 - "http://localhost:4001/" "Mozilla/5.0 (Windows NT 10.0; Win64; x64) AppleWebKit/537.36 (KHTML, like Gecko) Chrome/141.0.0.0 Safari/537.36"
2025-10-29 09:27:32 [INFO]: ::1 - - [29/Oct/2025:09:27:32 +0000] "GET /health HTTP/1.1" 200 124 "-" "-"
2025-10-29 09:27:38 [INFO]: User logged in: admin@kpn.com
2025-10-29 09:27:38 [INFO]: ::ffff:172.18.0.1 - - [29/Oct/2025:09:27:38 +0000] "POST /api/auth/login HTTP/1.1" 200 437 "http://localhost:4001/" "Mozilla/5.0 (Windows NT 10.0; Win64; x64) AppleWebKit/537.36 (KHTML, like Gecko) Chrome/141.0.0.0 Safari/537.36"
2025-10-29 09:28:02 [INFO]: ::1 - - [29/Oct/2025:09:28:02 +0000] "GET /health HTTP/1.1" 200 124 "-" "-"
2025-10-29 09:28:33 [INFO]: ::1 - - [29/Oct/2025:09:28:33 +0000] "GET /health HTTP/1.1" 200 123 "-" "-"
2025-10-29 09:29:03 [INFO]: ::1 - - [29/Oct/2025:09:29:03 +0000] "GET /health HTTP/1.1" 200 124 "-" "-"
2025-10-29 09:29:33 [INFO]: ::1 - - [29/Oct/2025:09:29:33 +0000] "GET /health HTTP/1.1" 200 124 "-" "-"
2025-10-29 09:30:03 [INFO]: ::1 - - [29/Oct/2025:09:30:03 +0000] "GET /health HTTP/1.1" 200 124 "-" "-"
2025-10-29 09:30:33 [INFO]: ::1 - - [29/Oct/2025:09:30:33 +0000] "GET /health HTTP/1.1" 200 124 "-" "-"
2025-10-29 09:31:03 [INFO]: ::1 - - [29/Oct/2025:09:31:03 +0000] "GET /health HTTP/1.1" 200 124 "-" "-"
2025-10-29 09:31:33 [INFO]: ::1 - - [29/Oct/2025:09:31:33 +0000] "GET /health HTTP/1.1" 200 124 "-" "-"
2025-10-29 09:32:03 [INFO]: ::1 - - [29/Oct/2025:09:32:03 +0000] "GET /health HTTP/1.1" 200 124 "-" "-"
2025-10-29 09:32:33 [INFO]: ::1 - - [29/Oct/2025:09:32:33 +0000] "GET /health HTTP/1.1" 200 124 "-" "-"
2025-10-29 09:33:03 [INFO]: ::1 - - [29/Oct/2025:09:33:03 +0000] "GET /health HTTP/1.1" 200 124 "-" "-"
2025-10-29 09:33:34 [INFO]: ::1 - - [29/Oct/2025:09:33:34 +0000] "GET /health HTTP/1.1" 200 124 "-" "-"
2025-10-29 09:34:04 [INFO]: ::1 - - [29/Oct/2025:09:34:04 +0000] "GET /health HTTP/1.1" 200 124 "-" "-"
2025-10-29 09:34:34 [INFO]: ::1 - - [29/Oct/2025:09:34:34 +0000] "GET /health HTTP/1.1" 200 124 "-" "-"
2025-10-29 09:35:04 [INFO]: ::1 - - [29/Oct/2025:09:35:04 +0000] "GET /health HTTP/1.1" 200 124 "-" "-"
2025-10-29 09:35:34 [INFO]: ::1 - - [29/Oct/2025:09:35:34 +0000] "GET /health HTTP/1.1" 200 124 "-" "-"
2025-10-29 09:36:04 [INFO]: ::1 - - [29/Oct/2025:09:36:04 +0000] "GET /health HTTP/1.1" 200 124 "-" "-"
2025-10-29 09:36:34 [INFO]: ::1 - - [29/Oct/2025:09:36:34 +0000] "GET /health HTTP/1.1" 200 124 "-" "-"
2025-10-29 09:37:04 [INFO]: ::1 - - [29/Oct/2025:09:37:04 +0000] "GET /health HTTP/1.1" 200 124 "-" "-"
2025-10-29 09:37:34 [INFO]: ::1 - - [29/Oct/2025:09:37:34 +0000] "GET /health HTTP/1.1" 200 123 "-" "-"
2025-10-29 09:38:05 [INFO]: ::1 - - [29/Oct/2025:09:38:05 +0000] "GET /health HTTP/1.1" 200 124 "-" "-"
2025-10-29 09:38:20 [INFO]: ::ffff:172.18.0.1 - - [29/Oct/2025:09:38:20 +0000] "GET /api/auth/me HTTP/1.1" 304 - "http://localhost:4001/" "Mozilla/5.0 (Windows NT 10.0; Win64; x64) AppleWebKit/537.36 (KHTML, like Gecko) Chrome/141.0.0.0 Safari/537.36"
2025-10-29 09:38:35 [INFO]: ::1 - - [29/Oct/2025:09:38:35 +0000] "GET /health HTTP/1.1" 200 124 "-" "-"
2025-10-29 09:38:55 [INFO]: User logged in: admin@kpn.com
2025-10-29 09:38:55 [INFO]: ::ffff:172.18.0.1 - - [29/Oct/2025:09:38:55 +0000] "POST /api/auth/login HTTP/1.1" 200 437 "http://localhost:4001/" "Mozilla/5.0 (Windows NT 10.0; Win64; x64) AppleWebKit/537.36 (KHTML, like Gecko) Chrome/141.0.0.0 Safari/537.36"
2025-10-29 09:39:05 [INFO]: ::1 - - [29/Oct/2025:09:39:05 +0000] "GET /health HTTP/1.1" 200 123 "-" "-"
2025-10-29 09:39:35 [INFO]: ::1 - - [29/Oct/2025:09:39:35 +0000] "GET /health HTTP/1.1" 200 124 "-" "-"
2025-10-29 09:40:05 [INFO]: ::1 - - [29/Oct/2025:09:40:05 +0000] "GET /health HTTP/1.1" 200 124 "-" "-"
2025-10-29 09:40:35 [INFO]: ::1 - - [29/Oct/2025:09:40:35 +0000] "GET /health HTTP/1.1" 200 124 "-" "-"
2025-10-29 09:41:05 [INFO]: ::1 - - [29/Oct/2025:09:41:05 +0000] "GET /health HTTP/1.1" 200 124 "-" "-"
2025-10-29 09:41:35 [INFO]: ::1 - - [29/Oct/2025:09:41:35 +0000] "GET /health HTTP/1.1" 200 123 "-" "-"
2025-10-29 09:42:05 [INFO]: ::1 - - [29/Oct/2025:09:42:05 +0000] "GET /health HTTP/1.1" 200 124 "-" "-"
2025-10-29 09:42:36 [INFO]: ::1 - - [29/Oct/2025:09:42:36 +0000] "GET /health HTTP/1.1" 200 124 "-" "-"
2025-10-29 09:43:06 [INFO]: ::1 - - [29/Oct/2025:09:43:06 +0000] "GET /health HTTP/1.1" 200 124 "-" "-"
2025-10-29 09:43:36 [INFO]: ::1 - - [29/Oct/2025:09:43:36 +0000] "GET /health HTTP/1.1" 200 124 "-" "-"
2025-10-29 09:44:06 [INFO]: ::1 - - [29/Oct/2025:09:44:06 +0000] "GET /health HTTP/1.1" 200 124 "-" "-"
2025-10-29 09:44:36 [INFO]: ::1 - - [29/Oct/2025:09:44:36 +0000] "GET /health HTTP/1.1" 200 124 "-" "-"
2025-10-29 09:45:06 [INFO]: ::1 - - [29/Oct/2025:09:45:06 +0000] "GET /health HTTP/1.1" 200 124 "-" "-"
2025-10-29 09:45:36 [INFO]: ::1 - - [29/Oct/2025:09:45:36 +0000] "GET /health HTTP/1.1" 200 124 "-" "-"
2025-10-29 09:46:06 [INFO]: ::1 - - [29/Oct/2025:09:46:06 +0000] "GET /health HTTP/1.1" 200 124 "-" "-"
2025-10-29 09:46:36 [INFO]: ::1 - - [29/Oct/2025:09:46:36 +0000] "GET /health HTTP/1.1" 200 124 "-" "-"
2025-10-29 09:47:06 [INFO]: ::1 - - [29/Oct/2025:09:47:06 +0000] "GET /health HTTP/1.1" 200 124 "-" "-"
2025-10-29 09:47:36 [INFO]: ::1 - - [29/Oct/2025:09:47:36 +0000] "GET /health HTTP/1.1" 200 124 "-" "-"
2025-10-29 09:48:07 [INFO]: ::1 - - [29/Oct/2025:09:48:07 +0000] "GET /health HTTP/1.1" 200 124 "-" "-"
2025-10-29 09:48:37 [INFO]: ::1 - - [29/Oct/2025:09:48:37 +0000] "GET /health HTTP/1.1" 200 124 "-" "-"
2025-10-29 09:49:07 [INFO]: ::1 - - [29/Oct/2025:09:49:07 +0000] "GET /health HTTP/1.1" 200 124 "-" "-"
2025-10-29 09:49:37 [INFO]: ::1 - - [29/Oct/2025:09:49:37 +0000] "GET /health HTTP/1.1" 200 124 "-" "-"
2025-10-29 09:50:07 [INFO]: ::1 - - [29/Oct/2025:09:50:07 +0000] "GET /health HTTP/1.1" 200 124 "-" "-"
2025-10-29 09:50:37 [INFO]: ::1 - - [29/Oct/2025:09:50:37 +0000] "GET /health HTTP/1.1" 200 124 "-" "-"
2025-10-29 09:51:07 [INFO]: ::1 - - [29/Oct/2025:09:51:07 +0000] "GET /health HTTP/1.1" 200 124 "-" "-"
2025-10-29 09:51:37 [INFO]: ::1 - - [29/Oct/2025:09:51:37 +0000] "GET /health HTTP/1.1" 200 124 "-" "-"
2025-10-29 09:52:07 [INFO]: ::1 - - [29/Oct/2025:09:52:07 +0000] "GET /health HTTP/1.1" 200 124 "-" "-"
2025-10-29 09:52:37 [INFO]: ::1 - - [29/Oct/2025:09:52:37 +0000] "GET /health HTTP/1.1" 200 124 "-" "-"
2025-10-29 09:53:08 [INFO]: ::1 - - [29/Oct/2025:09:53:08 +0000] "GET /health HTTP/1.1" 200 124 "-" "-"
2025-10-29 09:53:38 [INFO]: ::1 - - [29/Oct/2025:09:53:38 +0000] "GET /health HTTP/1.1" 200 124 "-" "-"
2025-10-29 09:54:08 [INFO]: ::1 - - [29/Oct/2025:09:54:08 +0000] "GET /health HTTP/1.1" 200 124 "-" "-"
2025-10-29 09:54:38 [INFO]: ::1 - - [29/Oct/2025:09:54:38 +0000] "GET /health HTTP/1.1" 200 124 "-" "-"
2025-10-29 09:55:08 [INFO]: ::1 - - [29/Oct/2025:09:55:08 +0000] "GET /health HTTP/1.1" 200 124 "-" "-"
2025-10-29 09:55:38 [INFO]: ::1 - - [29/Oct/2025:09:55:38 +0000] "GET /health HTTP/1.1" 200 124 "-" "-"
2025-10-29 09:56:08 [INFO]: ::1 - - [29/Oct/2025:09:56:08 +0000] "GET /health HTTP/1.1" 200 124 "-" "-"
2025-10-29 09:56:38 [INFO]: ::1 - - [29/Oct/2025:09:56:38 +0000] "GET /health HTTP/1.1" 200 124 "-" "-"
2025-10-29 09:57:08 [INFO]: ::1 - - [29/Oct/2025:09:57:08 +0000] "GET /health HTTP/1.1" 200 124 "-" "-"
2025-10-29 09:57:39 [INFO]: ::1 - - [29/Oct/2025:09:57:39 +0000] "GET /health HTTP/1.1" 200 124 "-" "-"
2025-10-29 09:58:09 [INFO]: ::1 - - [29/Oct/2025:09:58:09 +0000] "GET /health HTTP/1.1" 200 124 "-" "-"
2025-10-29 09:58:39 [INFO]: ::1 - - [29/Oct/2025:09:58:39 +0000] "GET /health HTTP/1.1" 200 124 "-" "-"
2025-10-29 09:59:09 [INFO]: ::1 - - [29/Oct/2025:09:59:09 +0000] "GET /health HTTP/1.1" 200 124 "-" "-"
2025-10-29 09:59:39 [INFO]: ::1 - - [29/Oct/2025:09:59:39 +0000] "GET /health HTTP/1.1" 200 124 "-" "-"
2025-10-29 10:00:09 [INFO]: ::1 - - [29/Oct/2025:10:00:09 +0000] "GET /health HTTP/1.1" 200 123 "-" "-"
2025-10-29 10:00:39 [INFO]: ::1 - - [29/Oct/2025:10:00:39 +0000] "GET /health HTTP/1.1" 200 124 "-" "-"
2025-10-29 10:01:09 [INFO]: ::1 - - [29/Oct/2025:10:01:09 +0000] "GET /health HTTP/1.1" 200 124 "-" "-"
2025-10-29 10:01:39 [INFO]: ::1 - - [29/Oct/2025:10:01:39 +0000] "GET /health HTTP/1.1" 200 124 "-" "-"
2025-10-29 10:02:09 [INFO]: ::1 - - [29/Oct/2025:10:02:09 +0000] "GET /health HTTP/1.1" 200 124 "-" "-"
2025-10-29 10:02:40 [INFO]: ::1 - - [29/Oct/2025:10:02:40 +0000] "GET /health HTTP/1.1" 200 124 "-" "-"
2025-10-29 10:03:10 [INFO]: ::1 - - [29/Oct/2025:10:03:10 +0000] "GET /health HTTP/1.1" 200 124 "-" "-"
2025-10-29 10:03:40 [INFO]: ::1 - - [29/Oct/2025:10:03:40 +0000] "GET /health HTTP/1.1" 200 124 "-" "-"
2025-10-29 10:04:10 [INFO]: ::1 - - [29/Oct/2025:10:04:10 +0000] "GET /health HTTP/1.1" 200 124 "-" "-"
2025-10-29 10:04:40 [INFO]: ::1 - - [29/Oct/2025:10:04:40 +0000] "GET /health HTTP/1.1" 200 124 "-" "-"
2025-10-29 10:05:10 [INFO]: ::1 - - [29/Oct/2025:10:05:10 +0000] "GET /health HTTP/1.1" 200 124 "-" "-"
2025-10-29 10:05:40 [INFO]: ::1 - - [29/Oct/2025:10:05:40 +0000] "GET /health HTTP/1.1" 200 124 "-" "-"
2025-10-29 10:06:10 [INFO]: ::1 - - [29/Oct/2025:10:06:10 +0000] "GET /health HTTP/1.1" 200 124 "-" "-"
2025-10-29 10:06:41 [INFO]: ::1 - - [29/Oct/2025:10:06:41 +0000] "GET /health HTTP/1.1" 200 124 "-" "-"
2025-10-29 10:07:11 [INFO]: ::1 - - [29/Oct/2025:10:07:11 +0000] "GET /health HTTP/1.1" 200 124 "-" "-"
2025-10-29 10:07:41 [INFO]: ::1 - - [29/Oct/2025:10:07:41 +0000] "GET /health HTTP/1.1" 200 124 "-" "-"
2025-10-29 10:08:11 [INFO]: ::1 - - [29/Oct/2025:10:08:11 +0000] "GET /health HTTP/1.1" 200 124 "-" "-"
2025-10-29 10:08:41 [INFO]: ::1 - - [29/Oct/2025:10:08:41 +0000] "GET /health HTTP/1.1" 200 124 "-" "-"
2025-10-29 10:09:11 [INFO]: ::1 - - [29/Oct/2025:10:09:11 +0000] "GET /health HTTP/1.1" 200 124 "-" "-"
2025-10-29 10:09:41 [INFO]: ::1 - - [29/Oct/2025:10:09:41 +0000] "GET /health HTTP/1.1" 200 124 "-" "-"
2025-10-29 10:10:11 [INFO]: ::1 - - [29/Oct/2025:10:10:11 +0000] "GET /health HTTP/1.1" 200 123 "-" "-"
2025-10-29 10:10:41 [INFO]: ::1 - - [29/Oct/2025:10:10:41 +0000] "GET /health HTTP/1.1" 200 124 "-" "-"
2025-10-29 10:11:11 [INFO]: ::1 - - [29/Oct/2025:10:11:11 +0000] "GET /health HTTP/1.1" 200 124 "-" "-"
