2025-10-31 01:37:38 [INFO]: Redis connected successfully
2025-10-31 01:37:39 [INFO]: PostgreSQL connected successfully
2025-10-31 01:37:39 [INFO]: Redis connected successfully
2025-10-31 01:37:39 [INFO]: Server running on port 4000 in production mode
2025-10-31 01:37:39 [INFO]: API available at: http://localhost:4000/api
2025-10-31 01:37:42 [INFO]: ::1 - - [31/Oct/2025:01:37:42 +0000] "GET /health HTTP/1.1" 200 120 "-" "-"
2025-10-31 01:38:12 [INFO]: ::1 - - [31/Oct/2025:01:38:12 +0000] "GET /health HTTP/1.1" 200 121 "-" "-"
2025-10-31 01:38:42 [INFO]: ::1 - - [31/Oct/2025:01:38:42 +0000] "GET /health HTTP/1.1" 200 121 "-" "-"
2025-10-31 01:39:12 [INFO]: ::1 - - [31/Oct/2025:01:39:12 +0000] "GET /health HTTP/1.1" 200 121 "-" "-"
2025-10-31 01:39:42 [INFO]: ::1 - - [31/Oct/2025:01:39:42 +0000] "GET /health HTTP/1.1" 200 122 "-" "-"
2025-10-31 01:40:12 [INFO]: ::1 - - [31/Oct/2025:01:40:12 +0000] "GET /health HTTP/1.1" 200 122 "-" "-"
2025-10-31 01:40:42 [INFO]: ::1 - - [31/Oct/2025:01:40:42 +0000] "GET /health HTTP/1.1" 200 122 "-" "-"
2025-10-31 01:41:12 [INFO]: ::1 - - [31/Oct/2025:01:41:12 +0000] "GET /health HTTP/1.1" 200 122 "-" "-"
2025-10-31 01:41:42 [INFO]: ::1 - - [31/Oct/2025:01:41:42 +0000] "GET /health HTTP/1.1" 200 122 "-" "-"
2025-10-31 01:42:12 [INFO]: ::1 - - [31/Oct/2025:01:42:12 +0000] "GET /health HTTP/1.1" 200 122 "-" "-"
2025-10-31 01:42:43 [INFO]: ::1 - - [31/Oct/2025:01:42:43 +0000] "GET /health HTTP/1.1" 200 122 "-" "-"
2025-10-31 01:43:13 [INFO]: ::1 - - [31/Oct/2025:01:43:13 +0000] "GET /health HTTP/1.1" 200 122 "-" "-"
2025-10-31 01:43:43 [INFO]: ::1 - - [31/Oct/2025:01:43:43 +0000] "GET /health HTTP/1.1" 200 122 "-" "-"
2025-10-31 01:44:13 [INFO]: ::1 - - [31/Oct/2025:01:44:13 +0000] "GET /health HTTP/1.1" 200 122 "-" "-"
2025-10-31 01:44:43 [INFO]: ::1 - - [31/Oct/2025:01:44:43 +0000] "GET /health HTTP/1.1" 200 122 "-" "-"
2025-10-31 01:45:13 [INFO]: ::1 - - [31/Oct/2025:01:45:13 +0000] "GET /health HTTP/1.1" 200 122 "-" "-"
2025-10-31 01:45:43 [INFO]: ::1 - - [31/Oct/2025:01:45:43 +0000] "GET /health HTTP/1.1" 200 122 "-" "-"
2025-10-31 01:46:13 [INFO]: ::1 - - [31/Oct/2025:01:46:13 +0000] "GET /health HTTP/1.1" 200 122 "-" "-"
2025-10-31 01:46:43 [INFO]: ::1 - - [31/Oct/2025:01:46:43 +0000] "GET /health HTTP/1.1" 200 122 "-" "-"
2025-10-31 01:47:13 [INFO]: ::1 - - [31/Oct/2025:01:47:13 +0000] "GET /health HTTP/1.1" 200 122 "-" "-"
2025-10-31 01:47:44 [INFO]: ::1 - - [31/Oct/2025:01:47:44 +0000] "GET /health HTTP/1.1" 200 122 "-" "-"
2025-10-31 01:48:14 [INFO]: ::1 - - [31/Oct/2025:01:48:14 +0000] "GET /health HTTP/1.1" 200 121 "-" "-"
2025-10-31 01:48:44 [INFO]: ::1 - - [31/Oct/2025:01:48:44 +0000] "GET /health HTTP/1.1" 200 122 "-" "-"
2025-10-31 01:49:14 [INFO]: ::1 - - [31/Oct/2025:01:49:14 +0000] "GET /health HTTP/1.1" 200 122 "-" "-"
2025-10-31 01:49:44 [INFO]: ::1 - - [31/Oct/2025:01:49:44 +0000] "GET /health HTTP/1.1" 200 122 "-" "-"
2025-10-31 01:50:14 [INFO]: ::1 - - [31/Oct/2025:01:50:14 +0000] "GET /health HTTP/1.1" 200 122 "-" "-"
2025-10-31 01:50:44 [INFO]: ::1 - - [31/Oct/2025:01:50:44 +0000] "GET /health HTTP/1.1" 200 122 "-" "-"
2025-10-31 01:51:14 [INFO]: ::1 - - [31/Oct/2025:01:51:14 +0000] "GET /health HTTP/1.1" 200 122 "-" "-"
2025-10-31 01:51:45 [INFO]: ::1 - - [31/Oct/2025:01:51:45 +0000] "GET /health HTTP/1.1" 200 122 "-" "-"
2025-10-31 01:52:15 [INFO]: ::1 - - [31/Oct/2025:01:52:15 +0000] "GET /health HTTP/1.1" 200 122 "-" "-"
2025-10-31 01:52:45 [INFO]: ::1 - - [31/Oct/2025:01:52:45 +0000] "GET /health HTTP/1.1" 200 122 "-" "-"
2025-10-31 01:53:15 [INFO]: ::1 - - [31/Oct/2025:01:53:15 +0000] "GET /health HTTP/1.1" 200 122 "-" "-"
2025-10-31 01:53:45 [INFO]: ::1 - - [31/Oct/2025:01:53:45 +0000] "GET /health HTTP/1.1" 200 122 "-" "-"
2025-10-31 01:54:15 [INFO]: ::1 - - [31/Oct/2025:01:54:15 +0000] "GET /health HTTP/1.1" 200 122 "-" "-"
2025-10-31 01:54:45 [INFO]: ::1 - - [31/Oct/2025:01:54:45 +0000] "GET /health HTTP/1.1" 200 123 "-" "-"
2025-10-31 01:55:15 [INFO]: ::1 - - [31/Oct/2025:01:55:15 +0000] "GET /health HTTP/1.1" 200 123 "-" "-"
2025-10-31 01:55:46 [INFO]: ::1 - - [31/Oct/2025:01:55:46 +0000] "GET /health HTTP/1.1" 200 122 "-" "-"
2025-10-31 01:56:16 [INFO]: ::1 - - [31/Oct/2025:01:56:16 +0000] "GET /health HTTP/1.1" 200 123 "-" "-"
2025-10-31 01:56:46 [INFO]: ::1 - - [31/Oct/2025:01:56:46 +0000] "GET /health HTTP/1.1" 200 123 "-" "-"
2025-10-31 01:57:16 [INFO]: ::1 - - [31/Oct/2025:01:57:16 +0000] "GET /health HTTP/1.1" 200 123 "-" "-"
2025-10-31 01:57:46 [INFO]: ::1 - - [31/Oct/2025:01:57:46 +0000] "GET /health HTTP/1.1" 200 123 "-" "-"
2025-10-31 01:58:16 [INFO]: ::1 - - [31/Oct/2025:01:58:16 +0000] "GET /health HTTP/1.1" 200 122 "-" "-"
2025-10-31 01:58:46 [INFO]: ::1 - - [31/Oct/2025:01:58:46 +0000] "GET /health HTTP/1.1" 200 123 "-" "-"
2025-10-31 01:59:16 [INFO]: ::1 - - [31/Oct/2025:01:59:16 +0000] "GET /health HTTP/1.1" 200 123 "-" "-"
2025-10-31 01:59:46 [INFO]: ::1 - - [31/Oct/2025:01:59:46 +0000] "GET /health HTTP/1.1" 200 123 "-" "-"
2025-10-31 02:00:17 [INFO]: ::1 - - [31/Oct/2025:02:00:17 +0000] "GET /health HTTP/1.1" 200 123 "-" "-"
2025-10-31 02:00:47 [INFO]: ::1 - - [31/Oct/2025:02:00:47 +0000] "GET /health HTTP/1.1" 200 123 "-" "-"
2025-10-31 02:01:17 [INFO]: ::1 - - [31/Oct/2025:02:01:17 +0000] "GET /health HTTP/1.1" 200 123 "-" "-"
2025-10-31 02:01:47 [INFO]: ::1 - - [31/Oct/2025:02:01:47 +0000] "GET /health HTTP/1.1" 200 123 "-" "-"
2025-10-31 02:02:17 [INFO]: ::1 - - [31/Oct/2025:02:02:17 +0000] "GET /health HTTP/1.1" 200 123 "-" "-"
2025-10-31 02:02:47 [INFO]: ::1 - - [31/Oct/2025:02:02:47 +0000] "GET /health HTTP/1.1" 200 122 "-" "-"
2025-10-31 02:03:17 [INFO]: ::1 - - [31/Oct/2025:02:03:17 +0000] "GET /health HTTP/1.1" 200 123 "-" "-"
2025-10-31 02:03:47 [INFO]: ::1 - - [31/Oct/2025:02:03:47 +0000] "GET /health HTTP/1.1" 200 123 "-" "-"
2025-10-31 02:04:17 [INFO]: ::1 - - [31/Oct/2025:02:04:17 +0000] "GET /health HTTP/1.1" 200 123 "-" "-"
2025-10-31 02:04:48 [INFO]: ::1 - - [31/Oct/2025:02:04:48 +0000] "GET /health HTTP/1.1" 200 123 "-" "-"
2025-10-31 02:05:18 [INFO]: ::1 - - [31/Oct/2025:02:05:18 +0000] "GET /health HTTP/1.1" 200 123 "-" "-"
2025-10-31 02:05:48 [INFO]: ::1 - - [31/Oct/2025:02:05:48 +0000] "GET /health HTTP/1.1" 200 123 "-" "-"
2025-10-31 02:06:18 [INFO]: ::1 - - [31/Oct/2025:02:06:18 +0000] "GET /health HTTP/1.1" 200 123 "-" "-"
2025-10-31 02:06:48 [INFO]: ::1 - - [31/Oct/2025:02:06:48 +0000] "GET /health HTTP/1.1" 200 123 "-" "-"
2025-10-31 02:07:18 [INFO]: ::1 - - [31/Oct/2025:02:07:18 +0000] "GET /health HTTP/1.1" 200 123 "-" "-"
2025-10-31 02:07:48 [INFO]: ::1 - - [31/Oct/2025:02:07:48 +0000] "GET /health HTTP/1.1" 200 123 "-" "-"
2025-10-31 02:08:18 [INFO]: ::1 - - [31/Oct/2025:02:08:18 +0000] "GET /health HTTP/1.1" 200 123 "-" "-"
2025-10-31 02:08:48 [INFO]: ::1 - - [31/Oct/2025:02:08:48 +0000] "GET /health HTTP/1.1" 200 123 "-" "-"
2025-10-31 02:09:18 [INFO]: ::1 - - [31/Oct/2025:02:09:18 +0000] "GET /health HTTP/1.1" 200 123 "-" "-"
2025-10-31 02:09:49 [INFO]: ::1 - - [31/Oct/2025:02:09:49 +0000] "GET /health HTTP/1.1" 200 123 "-" "-"
2025-10-31 02:10:19 [INFO]: ::1 - - [31/Oct/2025:02:10:19 +0000] "GET /health HTTP/1.1" 200 123 "-" "-"
2025-10-31 02:10:49 [INFO]: ::1 - - [31/Oct/2025:02:10:49 +0000] "GET /health HTTP/1.1" 200 123 "-" "-"
2025-10-31 02:11:19 [INFO]: ::1 - - [31/Oct/2025:02:11:19 +0000] "GET /health HTTP/1.1" 200 123 "-" "-"
2025-10-31 02:11:49 [INFO]: ::1 - - [31/Oct/2025:02:11:49 +0000] "GET /health HTTP/1.1" 200 123 "-" "-"
2025-10-31 02:12:19 [INFO]: ::1 - - [31/Oct/2025:02:12:19 +0000] "GET /health HTTP/1.1" 200 123 "-" "-"
2025-10-31 02:12:49 [INFO]: ::1 - - [31/Oct/2025:02:12:49 +0000] "GET /health HTTP/1.1" 200 123 "-" "-"
2025-10-31 02:13:19 [INFO]: ::1 - - [31/Oct/2025:02:13:19 +0000] "GET /health HTTP/1.1" 200 123 "-" "-"
2025-10-31 02:13:49 [INFO]: ::1 - - [31/Oct/2025:02:13:49 +0000] "GET /health HTTP/1.1" 200 123 "-" "-"
2025-10-31 02:14:19 [INFO]: ::1 - - [31/Oct/2025:02:14:19 +0000] "GET /health HTTP/1.1" 200 122 "-" "-"
2025-10-31 02:14:50 [INFO]: ::1 - - [31/Oct/2025:02:14:50 +0000] "GET /health HTTP/1.1" 200 123 "-" "-"
2025-10-31 02:15:20 [INFO]: ::1 - - [31/Oct/2025:02:15:20 +0000] "GET /health HTTP/1.1" 200 123 "-" "-"
2025-10-31 02:15:50 [INFO]: ::1 - - [31/Oct/2025:02:15:50 +0000] "GET /health HTTP/1.1" 200 123 "-" "-"
2025-10-31 02:16:20 [INFO]: ::1 - - [31/Oct/2025:02:16:20 +0000] "GET /health HTTP/1.1" 200 123 "-" "-"
2025-10-31 02:16:50 [INFO]: ::1 - - [31/Oct/2025:02:16:50 +0000] "GET /health HTTP/1.1" 200 123 "-" "-"
2025-10-31 02:17:20 [INFO]: ::1 - - [31/Oct/2025:02:17:20 +0000] "GET /health HTTP/1.1" 200 123 "-" "-"
2025-10-31 02:17:50 [INFO]: ::1 - - [31/Oct/2025:02:17:50 +0000] "GET /health HTTP/1.1" 200 123 "-" "-"
2025-10-31 02:18:20 [INFO]: ::1 - - [31/Oct/2025:02:18:20 +0000] "GET /health HTTP/1.1" 200 123 "-" "-"
2025-10-31 02:18:51 [INFO]: ::1 - - [31/Oct/2025:02:18:51 +0000] "GET /health HTTP/1.1" 200 123 "-" "-"
2025-10-31 02:19:21 [INFO]: ::1 - - [31/Oct/2025:02:19:21 +0000] "GET /health HTTP/1.1" 200 123 "-" "-"
2025-10-31 02:19:51 [INFO]: ::1 - - [31/Oct/2025:02:19:51 +0000] "GET /health HTTP/1.1" 200 123 "-" "-"
2025-10-31 02:20:21 [INFO]: ::1 - - [31/Oct/2025:02:20:21 +0000] "GET /health HTTP/1.1" 200 123 "-" "-"
2025-10-31 02:20:51 [INFO]: ::1 - - [31/Oct/2025:02:20:51 +0000] "GET /health HTTP/1.1" 200 123 "-" "-"
2025-10-31 02:21:21 [INFO]: ::1 - - [31/Oct/2025:02:21:21 +0000] "GET /health HTTP/1.1" 200 123 "-" "-"
2025-10-31 02:21:51 [INFO]: ::1 - - [31/Oct/2025:02:21:51 +0000] "GET /health HTTP/1.1" 200 123 "-" "-"
2025-10-31 02:22:21 [INFO]: ::1 - - [31/Oct/2025:02:22:21 +0000] "GET /health HTTP/1.1" 200 123 "-" "-"
2025-10-31 02:22:51 [INFO]: ::1 - - [31/Oct/2025:02:22:51 +0000] "GET /health HTTP/1.1" 200 123 "-" "-"
2025-10-31 02:23:22 [INFO]: ::1 - - [31/Oct/2025:02:23:22 +0000] "GET /health HTTP/1.1" 200 123 "-" "-"
2025-10-31 02:23:52 [INFO]: ::1 - - [31/Oct/2025:02:23:52 +0000] "GET /health HTTP/1.1" 200 123 "-" "-"
2025-10-31 02:24:22 [INFO]: ::1 - - [31/Oct/2025:02:24:22 +0000] "GET /health HTTP/1.1" 200 123 "-" "-"
2025-10-31 02:24:52 [INFO]: ::1 - - [31/Oct/2025:02:24:52 +0000] "GET /health HTTP/1.1" 200 123 "-" "-"
2025-10-31 02:25:22 [INFO]: ::1 - - [31/Oct/2025:02:25:22 +0000] "GET /health HTTP/1.1" 200 123 "-" "-"
2025-10-31 02:25:52 [INFO]: ::1 - - [31/Oct/2025:02:25:52 +0000] "GET /health HTTP/1.1" 200 123 "-" "-"
2025-10-31 02:26:22 [INFO]: ::1 - - [31/Oct/2025:02:26:22 +0000] "GET /health HTTP/1.1" 200 123 "-" "-"
2025-10-31 02:32:34 [INFO]: ::1 - - [31/Oct/2025:02:32:34 +0000] "GET /health HTTP/1.1" 200 123 "-" "-"
2025-10-31 02:33:05 [INFO]: ::1 - - [31/Oct/2025:02:33:05 +0000] "GET /health HTTP/1.1" 200 123 "-" "-"
2025-10-31 02:33:35 [INFO]: ::1 - - [31/Oct/2025:02:33:35 +0000] "GET /health HTTP/1.1" 200 123 "-" "-"
2025-10-31 02:34:05 [INFO]: ::1 - - [31/Oct/2025:02:34:05 +0000] "GET /health HTTP/1.1" 200 123 "-" "-"
2025-10-31 02:34:35 [INFO]: ::1 - - [31/Oct/2025:02:34:35 +0000] "GET /health HTTP/1.1" 200 123 "-" "-"
2025-10-31 02:35:05 [INFO]: ::1 - - [31/Oct/2025:02:35:05 +0000] "GET /health HTTP/1.1" 200 123 "-" "-"
2025-10-31 02:35:36 [INFO]: ::1 - - [31/Oct/2025:02:35:36 +0000] "GET /health HTTP/1.1" 200 123 "-" "-"
2025-10-31 02:36:06 [INFO]: ::1 - - [31/Oct/2025:02:36:06 +0000] "GET /health HTTP/1.1" 200 123 "-" "-"
2025-10-31 02:36:36 [INFO]: ::1 - - [31/Oct/2025:02:36:36 +0000] "GET /health HTTP/1.1" 200 123 "-" "-"
2025-10-31 02:37:06 [INFO]: ::1 - - [31/Oct/2025:02:37:06 +0000] "GET /health HTTP/1.1" 200 123 "-" "-"
2025-10-31 02:37:36 [INFO]: ::1 - - [31/Oct/2025:02:37:36 +0000] "GET /health HTTP/1.1" 200 123 "-" "-"
2025-10-31 02:38:06 [INFO]: ::1 - - [31/Oct/2025:02:38:06 +0000] "GET /health HTTP/1.1" 200 123 "-" "-"
2025-10-31 02:38:37 [INFO]: ::1 - - [31/Oct/2025:02:38:37 +0000] "GET /health HTTP/1.1" 200 122 "-" "-"
2025-10-31 02:39:07 [INFO]: ::1 - - [31/Oct/2025:02:39:07 +0000] "GET /health HTTP/1.1" 200 123 "-" "-"
2025-10-31 02:39:37 [INFO]: ::1 - - [31/Oct/2025:02:39:37 +0000] "GET /health HTTP/1.1" 200 123 "-" "-"
2025-10-31 02:40:07 [INFO]: ::1 - - [31/Oct/2025:02:40:07 +0000] "GET /health HTTP/1.1" 200 123 "-" "-"
2025-10-31 02:44:18 [INFO]: ::1 - - [31/Oct/2025:02:44:18 +0000] "GET /health HTTP/1.1" 200 123 "-" "-"
2025-10-31 02:44:48 [INFO]: ::1 - - [31/Oct/2025:02:44:48 +0000] "GET /health HTTP/1.1" 200 123 "-" "-"
2025-10-31 02:45:18 [INFO]: ::1 - - [31/Oct/2025:02:45:18 +0000] "GET /health HTTP/1.1" 200 123 "-" "-"
2025-10-31 02:45:48 [INFO]: ::1 - - [31/Oct/2025:02:45:48 +0000] "GET /health HTTP/1.1" 200 123 "-" "-"
2025-10-31 02:46:18 [INFO]: ::1 - - [31/Oct/2025:02:46:18 +0000] "GET /health HTTP/1.1" 200 123 "-" "-"
2025-10-31 02:46:49 [INFO]: ::1 - - [31/Oct/2025:02:46:49 +0000] "GET /health HTTP/1.1" 200 123 "-" "-"
2025-10-31 02:47:19 [INFO]: ::1 - - [31/Oct/2025:02:47:19 +0000] "GET /health HTTP/1.1" 200 123 "-" "-"
2025-10-31 02:47:49 [INFO]: ::1 - - [31/Oct/2025:02:47:49 +0000] "GET /health HTTP/1.1" 200 122 "-" "-"
2025-10-31 02:48:19 [INFO]: ::1 - - [31/Oct/2025:02:48:19 +0000] "GET /health HTTP/1.1" 200 123 "-" "-"
2025-10-31 02:48:49 [INFO]: ::1 - - [31/Oct/2025:02:48:49 +0000] "GET /health HTTP/1.1" 200 122 "-" "-"
2025-10-31 02:49:19 [INFO]: ::1 - - [31/Oct/2025:02:49:19 +0000] "GET /health HTTP/1.1" 200 123 "-" "-"
2025-10-31 02:49:50 [INFO]: ::1 - - [31/Oct/2025:02:49:50 +0000] "GET /health HTTP/1.1" 200 123 "-" "-"
2025-10-31 02:50:20 [INFO]: ::1 - - [31/Oct/2025:02:50:20 +0000] "GET /health HTTP/1.1" 200 123 "-" "-"
2025-10-31 02:50:50 [INFO]: ::1 - - [31/Oct/2025:02:50:50 +0000] "GET /health HTTP/1.1" 200 123 "-" "-"
2025-10-31 02:51:20 [INFO]: ::1 - - [31/Oct/2025:02:51:20 +0000] "GET /health HTTP/1.1" 200 123 "-" "-"
2025-10-31 02:51:50 [INFO]: ::1 - - [31/Oct/2025:02:51:50 +0000] "GET /health HTTP/1.1" 200 123 "-" "-"
2025-10-31 02:52:21 [INFO]: ::1 - - [31/Oct/2025:02:52:21 +0000] "GET /health HTTP/1.1" 200 123 "-" "-"
2025-10-31 02:52:51 [INFO]: ::1 - - [31/Oct/2025:02:52:51 +0000] "GET /health HTTP/1.1" 200 123 "-" "-"
2025-10-31 02:53:21 [INFO]: ::1 - - [31/Oct/2025:02:53:21 +0000] "GET /health HTTP/1.1" 200 123 "-" "-"
2025-10-31 02:53:51 [INFO]: ::1 - - [31/Oct/2025:02:53:51 +0000] "GET /health HTTP/1.1" 200 123 "-" "-"
2025-10-31 02:54:22 [INFO]: ::1 - - [31/Oct/2025:02:54:22 +0000] "GET /health HTTP/1.1" 200 123 "-" "-"
2025-10-31 02:54:52 [INFO]: ::1 - - [31/Oct/2025:02:54:52 +0000] "GET /health HTTP/1.1" 200 123 "-" "-"
2025-10-31 02:55:22 [INFO]: ::1 - - [31/Oct/2025:02:55:22 +0000] "GET /health HTTP/1.1" 200 123 "-" "-"
2025-10-31 02:55:52 [INFO]: ::1 - - [31/Oct/2025:02:55:52 +0000] "GET /health HTTP/1.1" 200 123 "-" "-"
2025-10-31 02:56:22 [INFO]: ::1 - - [31/Oct/2025:02:56:22 +0000] "GET /health HTTP/1.1" 200 123 "-" "-"
2025-10-31 02:56:52 [INFO]: ::1 - - [31/Oct/2025:02:56:52 +0000] "GET /health HTTP/1.1" 200 122 "-" "-"
2025-10-31 02:57:23 [INFO]: ::1 - - [31/Oct/2025:02:57:23 +0000] "GET /health HTTP/1.1" 200 123 "-" "-"
2025-10-31 02:57:53 [INFO]: ::1 - - [31/Oct/2025:02:57:53 +0000] "GET /health HTTP/1.1" 200 123 "-" "-"
2025-10-31 02:58:23 [INFO]: ::1 - - [31/Oct/2025:02:58:23 +0000] "GET /health HTTP/1.1" 200 123 "-" "-"
2025-10-31 02:58:53 [INFO]: ::1 - - [31/Oct/2025:02:58:53 +0000] "GET /health HTTP/1.1" 200 123 "-" "-"
2025-10-31 02:59:23 [INFO]: ::1 - - [31/Oct/2025:02:59:23 +0000] "GET /health HTTP/1.1" 200 123 "-" "-"
2025-10-31 02:59:53 [INFO]: ::1 - - [31/Oct/2025:02:59:53 +0000] "GET /health HTTP/1.1" 200 122 "-" "-"
2025-10-31 03:00:24 [INFO]: ::1 - - [31/Oct/2025:03:00:24 +0000] "GET /health HTTP/1.1" 200 123 "-" "-"
2025-10-31 03:00:54 [INFO]: ::1 - - [31/Oct/2025:03:00:54 +0000] "GET /health HTTP/1.1" 200 121 "-" "-"
2025-10-31 03:01:24 [INFO]: ::1 - - [31/Oct/2025:03:01:24 +0000] "GET /health HTTP/1.1" 200 123 "-" "-"
2025-10-31 03:01:54 [INFO]: ::1 - - [31/Oct/2025:03:01:54 +0000] "GET /health HTTP/1.1" 200 121 "-" "-"
2025-10-31 03:02:24 [INFO]: ::1 - - [31/Oct/2025:03:02:24 +0000] "GET /health HTTP/1.1" 200 123 "-" "-"
2025-10-31 03:02:54 [INFO]: ::1 - - [31/Oct/2025:03:02:54 +0000] "GET /health HTTP/1.1" 200 122 "-" "-"
2025-10-31 03:03:25 [INFO]: ::1 - - [31/Oct/2025:03:03:25 +0000] "GET /health HTTP/1.1" 200 123 "-" "-"
2025-10-31 03:03:55 [INFO]: ::1 - - [31/Oct/2025:03:03:55 +0000] "GET /health HTTP/1.1" 200 123 "-" "-"
2025-10-31 03:04:25 [INFO]: ::1 - - [31/Oct/2025:03:04:25 +0000] "GET /health HTTP/1.1" 200 123 "-" "-"
2025-10-31 03:04:55 [INFO]: ::1 - - [31/Oct/2025:03:04:55 +0000] "GET /health HTTP/1.1" 200 122 "-" "-"
2025-10-31 03:05:25 [INFO]: ::1 - - [31/Oct/2025:03:05:25 +0000] "GET /health HTTP/1.1" 200 123 "-" "-"
2025-10-31 03:05:56 [INFO]: ::1 - - [31/Oct/2025:03:05:56 +0000] "GET /health HTTP/1.1" 200 123 "-" "-"
2025-10-31 03:06:26 [INFO]: ::1 - - [31/Oct/2025:03:06:26 +0000] "GET /health HTTP/1.1" 200 123 "-" "-"
2025-10-31 03:06:56 [INFO]: ::1 - - [31/Oct/2025:03:06:56 +0000] "GET /health HTTP/1.1" 200 123 "-" "-"
2025-10-31 03:07:26 [INFO]: ::1 - - [31/Oct/2025:03:07:26 +0000] "GET /health HTTP/1.1" 200 123 "-" "-"
2025-10-31 03:07:56 [INFO]: ::1 - - [31/Oct/2025:03:07:56 +0000] "GET /health HTTP/1.1" 200 123 "-" "-"
2025-10-31 03:08:27 [INFO]: ::1 - - [31/Oct/2025:03:08:27 +0000] "GET /health HTTP/1.1" 200 123 "-" "-"
2025-10-31 03:08:57 [INFO]: ::1 - - [31/Oct/2025:03:08:57 +0000] "GET /health HTTP/1.1" 200 123 "-" "-"
2025-10-31 03:09:27 [INFO]: ::1 - - [31/Oct/2025:03:09:27 +0000] "GET /health HTTP/1.1" 200 121 "-" "-"
2025-10-31 03:09:57 [INFO]: ::1 - - [31/Oct/2025:03:09:57 +0000] "GET /health HTTP/1.1" 200 123 "-" "-"
2025-10-31 03:10:27 [INFO]: ::1 - - [31/Oct/2025:03:10:27 +0000] "GET /health HTTP/1.1" 200 123 "-" "-"
2025-10-31 03:10:57 [INFO]: ::1 - - [31/Oct/2025:03:10:57 +0000] "GET /health HTTP/1.1" 200 123 "-" "-"
2025-10-31 03:11:27 [INFO]: ::1 - - [31/Oct/2025:03:11:27 +0000] "GET /health HTTP/1.1" 200 123 "-" "-"
2025-10-31 03:11:58 [INFO]: ::1 - - [31/Oct/2025:03:11:58 +0000] "GET /health HTTP/1.1" 200 123 "-" "-"
2025-10-31 03:12:28 [INFO]: ::1 - - [31/Oct/2025:03:12:28 +0000] "GET /health HTTP/1.1" 200 123 "-" "-"
2025-10-31 03:12:58 [INFO]: ::1 - - [31/Oct/2025:03:12:58 +0000] "GET /health HTTP/1.1" 200 123 "-" "-"
2025-10-31 03:13:28 [INFO]: ::1 - - [31/Oct/2025:03:13:28 +0000] "GET /health HTTP/1.1" 200 123 "-" "-"
2025-10-31 03:13:58 [INFO]: ::1 - - [31/Oct/2025:03:13:58 +0000] "GET /health HTTP/1.1" 200 123 "-" "-"
2025-10-31 03:14:28 [INFO]: ::1 - - [31/Oct/2025:03:14:28 +0000] "GET /health HTTP/1.1" 200 123 "-" "-"
2025-10-31 03:14:58 [INFO]: ::1 - - [31/Oct/2025:03:14:58 +0000] "GET /health HTTP/1.1" 200 123 "-" "-"
2025-10-31 03:15:29 [INFO]: ::1 - - [31/Oct/2025:03:15:29 +0000] "GET /health HTTP/1.1" 200 123 "-" "-"
2025-10-31 03:15:59 [INFO]: ::1 - - [31/Oct/2025:03:15:59 +0000] "GET /health HTTP/1.1" 200 122 "-" "-"
2025-10-31 03:16:29 [INFO]: ::1 - - [31/Oct/2025:03:16:29 +0000] "GET /health HTTP/1.1" 200 123 "-" "-"
2025-10-31 03:16:59 [INFO]: ::1 - - [31/Oct/2025:03:16:59 +0000] "GET /health HTTP/1.1" 200 123 "-" "-"
2025-10-31 03:17:29 [INFO]: ::1 - - [31/Oct/2025:03:17:29 +0000] "GET /health HTTP/1.1" 200 121 "-" "-"
2025-10-31 03:17:59 [INFO]: ::1 - - [31/Oct/2025:03:17:59 +0000] "GET /health HTTP/1.1" 200 123 "-" "-"
2025-10-31 03:18:30 [INFO]: ::1 - - [31/Oct/2025:03:18:30 +0000] "GET /health HTTP/1.1" 200 123 "-" "-"
2025-10-31 03:19:00 [INFO]: ::1 - - [31/Oct/2025:03:19:00 +0000] "GET /health HTTP/1.1" 200 123 "-" "-"
2025-10-31 03:19:30 [INFO]: ::1 - - [31/Oct/2025:03:19:30 +0000] "GET /health HTTP/1.1" 200 123 "-" "-"
2025-10-31 03:34:44 [INFO]: ::1 - - [31/Oct/2025:03:34:44 +0000] "GET /health HTTP/1.1" 200 123 "-" "-"
2025-10-31 03:35:14 [INFO]: ::1 - - [31/Oct/2025:03:35:14 +0000] "GET /health HTTP/1.1" 200 123 "-" "-"
2025-10-31 03:35:44 [INFO]: ::1 - - [31/Oct/2025:03:35:44 +0000] "GET /health HTTP/1.1" 200 123 "-" "-"
2025-10-31 03:36:14 [INFO]: ::1 - - [31/Oct/2025:03:36:14 +0000] "GET /health HTTP/1.1" 200 123 "-" "-"
2025-10-31 03:36:44 [INFO]: ::1 - - [31/Oct/2025:03:36:44 +0000] "GET /health HTTP/1.1" 200 123 "-" "-"
2025-10-31 03:37:15 [INFO]: ::1 - - [31/Oct/2025:03:37:15 +0000] "GET /health HTTP/1.1" 200 123 "-" "-"
2025-10-31 03:37:45 [INFO]: ::1 - - [31/Oct/2025:03:37:45 +0000] "GET /health HTTP/1.1" 200 123 "-" "-"
2025-10-31 03:38:15 [INFO]: ::1 - - [31/Oct/2025:03:38:15 +0000] "GET /health HTTP/1.1" 200 122 "-" "-"
2025-10-31 03:38:45 [INFO]: ::1 - - [31/Oct/2025:03:38:45 +0000] "GET /health HTTP/1.1" 200 123 "-" "-"
2025-10-31 03:39:15 [INFO]: ::1 - - [31/Oct/2025:03:39:15 +0000] "GET /health HTTP/1.1" 200 123 "-" "-"
2025-10-31 03:39:45 [INFO]: ::1 - - [31/Oct/2025:03:39:45 +0000] "GET /health HTTP/1.1" 200 123 "-" "-"
2025-10-31 03:40:15 [INFO]: ::1 - - [31/Oct/2025:03:40:15 +0000] "GET /health HTTP/1.1" 200 123 "-" "-"
2025-10-31 03:40:45 [INFO]: ::1 - - [31/Oct/2025:03:40:45 +0000] "GET /health HTTP/1.1" 200 123 "-" "-"
2025-10-31 03:41:15 [INFO]: ::1 - - [31/Oct/2025:03:41:15 +0000] "GET /health HTTP/1.1" 200 123 "-" "-"
2025-10-31 03:41:45 [INFO]: ::1 - - [31/Oct/2025:03:41:45 +0000] "GET /health HTTP/1.1" 200 123 "-" "-"
2025-10-31 03:42:16 [INFO]: ::1 - - [31/Oct/2025:03:42:16 +0000] "GET /health HTTP/1.1" 200 123 "-" "-"
2025-10-31 03:42:46 [INFO]: ::1 - - [31/Oct/2025:03:42:46 +0000] "GET /health HTTP/1.1" 200 123 "-" "-"
2025-10-31 03:43:16 [INFO]: ::1 - - [31/Oct/2025:03:43:16 +0000] "GET /health HTTP/1.1" 200 123 "-" "-"
2025-10-31 03:43:46 [INFO]: ::1 - - [31/Oct/2025:03:43:46 +0000] "GET /health HTTP/1.1" 200 123 "-" "-"
2025-10-31 03:44:16 [INFO]: ::1 - - [31/Oct/2025:03:44:16 +0000] "GET /health HTTP/1.1" 200 123 "-" "-"
2025-10-31 03:44:46 [INFO]: ::1 - - [31/Oct/2025:03:44:46 +0000] "GET /health HTTP/1.1" 200 123 "-" "-"
2025-10-31 03:45:16 [INFO]: ::1 - - [31/Oct/2025:03:45:16 +0000] "GET /health HTTP/1.1" 200 123 "-" "-"
2025-10-31 03:45:46 [INFO]: ::1 - - [31/Oct/2025:03:45:46 +0000] "GET /health HTTP/1.1" 200 123 "-" "-"
2025-10-31 03:46:16 [INFO]: ::1 - - [31/Oct/2025:03:46:16 +0000] "GET /health HTTP/1.1" 200 123 "-" "-"
2025-10-31 03:46:46 [INFO]: ::1 - - [31/Oct/2025:03:46:46 +0000] "GET /health HTTP/1.1" 200 123 "-" "-"
2025-10-31 03:47:17 [INFO]: ::1 - - [31/Oct/2025:03:47:17 +0000] "GET /health HTTP/1.1" 200 123 "-" "-"
2025-10-31 03:47:47 [INFO]: ::1 - - [31/Oct/2025:03:47:47 +0000] "GET /health HTTP/1.1" 200 123 "-" "-"
2025-10-31 03:48:17 [INFO]: ::1 - - [31/Oct/2025:03:48:17 +0000] "GET /health HTTP/1.1" 200 123 "-" "-"
2025-10-31 03:48:47 [INFO]: ::1 - - [31/Oct/2025:03:48:47 +0000] "GET /health HTTP/1.1" 200 122 "-" "-"
2025-10-31 03:49:17 [INFO]: ::1 - - [31/Oct/2025:03:49:17 +0000] "GET /health HTTP/1.1" 200 123 "-" "-"
2025-10-31 03:49:47 [INFO]: ::1 - - [31/Oct/2025:03:49:47 +0000] "GET /health HTTP/1.1" 200 123 "-" "-"
2025-10-31 03:50:17 [INFO]: ::1 - - [31/Oct/2025:03:50:17 +0000] "GET /health HTTP/1.1" 200 121 "-" "-"
2025-10-31 03:50:47 [INFO]: ::1 - - [31/Oct/2025:03:50:47 +0000] "GET /health HTTP/1.1" 200 123 "-" "-"
2025-10-31 03:51:17 [INFO]: ::1 - - [31/Oct/2025:03:51:17 +0000] "GET /health HTTP/1.1" 200 123 "-" "-"
2025-10-31 03:51:48 [INFO]: ::1 - - [31/Oct/2025:03:51:48 +0000] "GET /health HTTP/1.1" 200 123 "-" "-"
2025-10-31 03:52:18 [INFO]: ::1 - - [31/Oct/2025:03:52:18 +0000] "GET /health HTTP/1.1" 200 123 "-" "-"
2025-10-31 03:52:48 [INFO]: ::1 - - [31/Oct/2025:03:52:48 +0000] "GET /health HTTP/1.1" 200 122 "-" "-"
2025-10-31 03:53:18 [INFO]: ::1 - - [31/Oct/2025:03:53:18 +0000] "GET /health HTTP/1.1" 200 123 "-" "-"
2025-10-31 03:53:48 [INFO]: ::1 - - [31/Oct/2025:03:53:48 +0000] "GET /health HTTP/1.1" 200 123 "-" "-"
2025-10-31 03:54:18 [INFO]: ::1 - - [31/Oct/2025:03:54:18 +0000] "GET /health HTTP/1.1" 200 123 "-" "-"
2025-10-31 03:54:48 [INFO]: ::1 - - [31/Oct/2025:03:54:48 +0000] "GET /health HTTP/1.1" 200 123 "-" "-"
2025-10-31 03:55:18 [INFO]: ::1 - - [31/Oct/2025:03:55:18 +0000] "GET /health HTTP/1.1" 200 121 "-" "-"
2025-10-31 03:55:48 [INFO]: ::1 - - [31/Oct/2025:03:55:48 +0000] "GET /health HTTP/1.1" 200 122 "-" "-"
2025-10-31 03:56:18 [INFO]: ::1 - - [31/Oct/2025:03:56:18 +0000] "GET /health HTTP/1.1" 200 123 "-" "-"
2025-10-31 03:56:49 [INFO]: ::1 - - [31/Oct/2025:03:56:49 +0000] "GET /health HTTP/1.1" 200 123 "-" "-"
2025-10-31 03:57:19 [INFO]: ::1 - - [31/Oct/2025:03:57:19 +0000] "GET /health HTTP/1.1" 200 123 "-" "-"
2025-10-31 03:57:49 [INFO]: ::1 - - [31/Oct/2025:03:57:49 +0000] "GET /health HTTP/1.1" 200 123 "-" "-"
2025-10-31 03:58:19 [INFO]: ::1 - - [31/Oct/2025:03:58:19 +0000] "GET /health HTTP/1.1" 200 123 "-" "-"
2025-10-31 03:58:49 [INFO]: ::1 - - [31/Oct/2025:03:58:49 +0000] "GET /health HTTP/1.1" 200 123 "-" "-"
2025-10-31 03:59:19 [INFO]: ::1 - - [31/Oct/2025:03:59:19 +0000] "GET /health HTTP/1.1" 200 123 "-" "-"
2025-10-31 03:59:49 [INFO]: ::1 - - [31/Oct/2025:03:59:49 +0000] "GET /health HTTP/1.1" 200 123 "-" "-"
2025-10-31 04:00:19 [INFO]: ::1 - - [31/Oct/2025:04:00:19 +0000] "GET /health HTTP/1.1" 200 123 "-" "-"
2025-10-31 04:00:49 [INFO]: ::1 - - [31/Oct/2025:04:00:49 +0000] "GET /health HTTP/1.1" 200 123 "-" "-"
2025-10-31 04:01:20 [INFO]: ::1 - - [31/Oct/2025:04:01:20 +0000] "GET /health HTTP/1.1" 200 123 "-" "-"
2025-10-31 04:01:50 [INFO]: ::1 - - [31/Oct/2025:04:01:50 +0000] "GET /health HTTP/1.1" 200 123 "-" "-"
2025-10-31 04:02:20 [INFO]: ::1 - - [31/Oct/2025:04:02:20 +0000] "GET /health HTTP/1.1" 200 123 "-" "-"
2025-10-31 04:02:50 [INFO]: ::1 - - [31/Oct/2025:04:02:50 +0000] "GET /health HTTP/1.1" 200 123 "-" "-"
2025-10-31 04:03:20 [INFO]: ::1 - - [31/Oct/2025:04:03:20 +0000] "GET /health HTTP/1.1" 200 123 "-" "-"
2025-10-31 04:03:50 [INFO]: ::1 - - [31/Oct/2025:04:03:50 +0000] "GET /health HTTP/1.1" 200 123 "-" "-"
2025-10-31 04:04:20 [INFO]: ::1 - - [31/Oct/2025:04:04:20 +0000] "GET /health HTTP/1.1" 200 123 "-" "-"
2025-10-31 04:04:50 [INFO]: ::1 - - [31/Oct/2025:04:04:50 +0000] "GET /health HTTP/1.1" 200 123 "-" "-"
2025-10-31 04:05:20 [INFO]: ::1 - - [31/Oct/2025:04:05:20 +0000] "GET /health HTTP/1.1" 200 123 "-" "-"
2025-10-31 04:05:51 [INFO]: ::1 - - [31/Oct/2025:04:05:51 +0000] "GET /health HTTP/1.1" 200 123 "-" "-"
2025-10-31 04:06:21 [INFO]: ::1 - - [31/Oct/2025:04:06:21 +0000] "GET /health HTTP/1.1" 200 123 "-" "-"
2025-10-31 04:06:51 [INFO]: ::1 - - [31/Oct/2025:04:06:51 +0000] "GET /health HTTP/1.1" 200 123 "-" "-"
2025-10-31 04:07:21 [INFO]: ::1 - - [31/Oct/2025:04:07:21 +0000] "GET /health HTTP/1.1" 200 123 "-" "-"
2025-10-31 04:07:51 [INFO]: ::1 - - [31/Oct/2025:04:07:51 +0000] "GET /health HTTP/1.1" 200 123 "-" "-"
2025-10-31 04:08:21 [INFO]: ::1 - - [31/Oct/2025:04:08:21 +0000] "GET /health HTTP/1.1" 200 123 "-" "-"
2025-10-31 04:08:51 [INFO]: ::1 - - [31/Oct/2025:04:08:51 +0000] "GET /health HTTP/1.1" 200 123 "-" "-"
2025-10-31 04:09:21 [INFO]: ::1 - - [31/Oct/2025:04:09:21 +0000] "GET /health HTTP/1.1" 200 123 "-" "-"
2025-10-31 04:09:51 [INFO]: ::1 - - [31/Oct/2025:04:09:51 +0000] "GET /health HTTP/1.1" 200 123 "-" "-"
2025-10-31 04:10:22 [INFO]: ::1 - - [31/Oct/2025:04:10:22 +0000] "GET /health HTTP/1.1" 200 123 "-" "-"
2025-10-31 04:10:52 [INFO]: ::1 - - [31/Oct/2025:04:10:52 +0000] "GET /health HTTP/1.1" 200 123 "-" "-"
2025-10-31 04:11:22 [INFO]: ::1 - - [31/Oct/2025:04:11:22 +0000] "GET /health HTTP/1.1" 200 123 "-" "-"
2025-10-31 04:11:52 [INFO]: ::1 - - [31/Oct/2025:04:11:52 +0000] "GET /health HTTP/1.1" 200 123 "-" "-"
2025-10-31 04:12:22 [INFO]: ::1 - - [31/Oct/2025:04:12:22 +0000] "GET /health HTTP/1.1" 200 123 "-" "-"
2025-10-31 04:12:52 [INFO]: ::1 - - [31/Oct/2025:04:12:52 +0000] "GET /health HTTP/1.1" 200 123 "-" "-"
2025-10-31 04:13:22 [INFO]: ::1 - - [31/Oct/2025:04:13:22 +0000] "GET /health HTTP/1.1" 200 123 "-" "-"
2025-10-31 04:13:52 [INFO]: ::1 - - [31/Oct/2025:04:13:52 +0000] "GET /health HTTP/1.1" 200 123 "-" "-"
2025-10-31 04:14:22 [INFO]: ::1 - - [31/Oct/2025:04:14:22 +0000] "GET /health HTTP/1.1" 200 123 "-" "-"
2025-10-31 04:14:53 [INFO]: ::1 - - [31/Oct/2025:04:14:53 +0000] "GET /health HTTP/1.1" 200 123 "-" "-"
2025-10-31 04:15:23 [INFO]: ::1 - - [31/Oct/2025:04:15:23 +0000] "GET /health HTTP/1.1" 200 123 "-" "-"
2025-10-31 04:15:53 [INFO]: ::1 - - [31/Oct/2025:04:15:53 +0000] "GET /health HTTP/1.1" 200 123 "-" "-"
2025-10-31 04:16:23 [INFO]: ::1 - - [31/Oct/2025:04:16:23 +0000] "GET /health HTTP/1.1" 200 123 "-" "-"
2025-10-31 04:16:53 [INFO]: ::1 - - [31/Oct/2025:04:16:53 +0000] "GET /health HTTP/1.1" 200 122 "-" "-"
2025-10-31 04:51:40 [INFO]: ::1 - - [31/Oct/2025:04:51:40 +0000] "GET /health HTTP/1.1" 200 123 "-" "-"
2025-10-31 05:52:14 [INFO]: ::1 - - [31/Oct/2025:05:52:14 +0000] "GET /health HTTP/1.1" 200 123 "-" "-"
2025-10-31 05:52:45 [INFO]: ::1 - - [31/Oct/2025:05:52:45 +0000] "GET /health HTTP/1.1" 200 123 "-" "-"
2025-10-31 05:53:14 [INFO]: ::1 - - [31/Oct/2025:05:53:14 +0000] "GET /health HTTP/1.1" 200 123 "-" "-"
2025-10-31 05:53:42 [INFO]: ::1 - - [31/Oct/2025:05:53:42 +0000] "GET /health HTTP/1.1" 200 123 "-" "-"
2025-10-31 06:21:33 [INFO]: ::1 - - [31/Oct/2025:06:21:33 +0000] "GET /health HTTP/1.1" 200 123 "-" "-"
2025-10-31 06:22:03 [INFO]: ::1 - - [31/Oct/2025:06:22:03 +0000] "GET /health HTTP/1.1" 200 123 "-" "-"
2025-10-31 06:22:34 [INFO]: ::1 - - [31/Oct/2025:06:22:34 +0000] "GET /health HTTP/1.1" 200 123 "-" "-"
2025-10-31 06:23:04 [INFO]: ::1 - - [31/Oct/2025:06:23:04 +0000] "GET /health HTTP/1.1" 200 123 "-" "-"
2025-10-31 06:23:34 [INFO]: ::1 - - [31/Oct/2025:06:23:34 +0000] "GET /health HTTP/1.1" 200 123 "-" "-"
2025-10-31 06:24:04 [INFO]: ::1 - - [31/Oct/2025:06:24:04 +0000] "GET /health HTTP/1.1" 200 123 "-" "-"
2025-10-31 06:24:34 [INFO]: ::1 - - [31/Oct/2025:06:24:34 +0000] "GET /health HTTP/1.1" 200 123 "-" "-"
2025-10-31 06:25:04 [INFO]: ::1 - - [31/Oct/2025:06:25:04 +0000] "GET /health HTTP/1.1" 200 123 "-" "-"
2025-10-31 06:25:34 [INFO]: ::1 - - [31/Oct/2025:06:25:34 +0000] "GET /health HTTP/1.1" 200 123 "-" "-"
2025-10-31 06:26:04 [INFO]: ::1 - - [31/Oct/2025:06:26:04 +0000] "GET /health HTTP/1.1" 200 123 "-" "-"
2025-10-31 06:26:34 [INFO]: ::1 - - [31/Oct/2025:06:26:34 +0000] "GET /health HTTP/1.1" 200 123 "-" "-"
2025-10-31 06:27:04 [INFO]: ::1 - - [31/Oct/2025:06:27:04 +0000] "GET /health HTTP/1.1" 200 122 "-" "-"
2025-10-31 06:27:35 [INFO]: ::1 - - [31/Oct/2025:06:27:35 +0000] "GET /health HTTP/1.1" 200 123 "-" "-"
2025-10-31 06:28:05 [INFO]: ::1 - - [31/Oct/2025:06:28:05 +0000] "GET /health HTTP/1.1" 200 123 "-" "-"
2025-10-31 06:28:35 [INFO]: ::1 - - [31/Oct/2025:06:28:35 +0000] "GET /health HTTP/1.1" 200 122 "-" "-"
2025-10-31 06:29:05 [INFO]: ::1 - - [31/Oct/2025:06:29:05 +0000] "GET /health HTTP/1.1" 200 123 "-" "-"
2025-10-31 06:29:35 [INFO]: ::1 - - [31/Oct/2025:06:29:35 +0000] "GET /health HTTP/1.1" 200 123 "-" "-"
2025-10-31 06:30:05 [INFO]: ::1 - - [31/Oct/2025:06:30:05 +0000] "GET /health HTTP/1.1" 200 122 "-" "-"
2025-10-31 06:30:35 [INFO]: ::1 - - [31/Oct/2025:06:30:35 +0000] "GET /health HTTP/1.1" 200 123 "-" "-"
2025-10-31 06:31:05 [INFO]: ::1 - - [31/Oct/2025:06:31:05 +0000] "GET /health HTTP/1.1" 200 123 "-" "-"
2025-10-31 06:31:35 [INFO]: ::1 - - [31/Oct/2025:06:31:35 +0000] "GET /health HTTP/1.1" 200 123 "-" "-"
2025-10-31 06:32:05 [INFO]: ::1 - - [31/Oct/2025:06:32:05 +0000] "GET /health HTTP/1.1" 200 122 "-" "-"
2025-10-31 06:32:36 [INFO]: ::1 - - [31/Oct/2025:06:32:36 +0000] "GET /health HTTP/1.1" 200 123 "-" "-"
2025-10-31 06:33:06 [INFO]: ::1 - - [31/Oct/2025:06:33:06 +0000] "GET /health HTTP/1.1" 200 123 "-" "-"
2025-10-31 06:33:36 [INFO]: ::1 - - [31/Oct/2025:06:33:36 +0000] "GET /health HTTP/1.1" 200 123 "-" "-"
2025-10-31 06:34:06 [INFO]: ::1 - - [31/Oct/2025:06:34:06 +0000] "GET /health HTTP/1.1" 200 123 "-" "-"
2025-10-31 06:34:36 [INFO]: ::1 - - [31/Oct/2025:06:34:36 +0000] "GET /health HTTP/1.1" 200 123 "-" "-"
2025-10-31 06:35:06 [INFO]: ::1 - - [31/Oct/2025:06:35:06 +0000] "GET /health HTTP/1.1" 200 123 "-" "-"
2025-10-31 06:35:36 [INFO]: ::1 - - [31/Oct/2025:06:35:36 +0000] "GET /health HTTP/1.1" 200 123 "-" "-"
2025-10-31 06:36:06 [INFO]: ::1 - - [31/Oct/2025:06:36:06 +0000] "GET /health HTTP/1.1" 200 122 "-" "-"
2025-10-31 06:36:36 [INFO]: ::1 - - [31/Oct/2025:06:36:36 +0000] "GET /health HTTP/1.1" 200 123 "-" "-"
2025-10-31 06:37:07 [INFO]: ::1 - - [31/Oct/2025:06:37:07 +0000] "GET /health HTTP/1.1" 200 123 "-" "-"
2025-10-31 06:37:37 [INFO]: ::1 - - [31/Oct/2025:06:37:37 +0000] "GET /health HTTP/1.1" 200 123 "-" "-"
2025-10-31 06:38:07 [INFO]: ::1 - - [31/Oct/2025:06:38:07 +0000] "GET /health HTTP/1.1" 200 123 "-" "-"
2025-10-31 06:38:37 [INFO]: ::1 - - [31/Oct/2025:06:38:37 +0000] "GET /health HTTP/1.1" 200 123 "-" "-"
2025-10-31 06:39:07 [INFO]: ::1 - - [31/Oct/2025:06:39:07 +0000] "GET /health HTTP/1.1" 200 123 "-" "-"
2025-10-31 06:39:37 [INFO]: ::1 - - [31/Oct/2025:06:39:37 +0000] "GET /health HTTP/1.1" 200 123 "-" "-"
2025-10-31 06:40:07 [INFO]: ::1 - - [31/Oct/2025:06:40:07 +0000] "GET /health HTTP/1.1" 200 123 "-" "-"
2025-10-31 06:40:37 [INFO]: ::1 - - [31/Oct/2025:06:40:37 +0000] "GET /health HTTP/1.1" 200 123 "-" "-"
2025-10-31 06:41:07 [INFO]: ::1 - - [31/Oct/2025:06:41:07 +0000] "GET /health HTTP/1.1" 200 123 "-" "-"
2025-10-31 06:41:38 [INFO]: ::1 - - [31/Oct/2025:06:41:38 +0000] "GET /health HTTP/1.1" 200 123 "-" "-"
2025-10-31 06:42:08 [INFO]: ::1 - - [31/Oct/2025:06:42:08 +0000] "GET /health HTTP/1.1" 200 123 "-" "-"
2025-10-31 06:42:38 [INFO]: ::1 - - [31/Oct/2025:06:42:38 +0000] "GET /health HTTP/1.1" 200 123 "-" "-"
2025-10-31 06:43:08 [INFO]: ::1 - - [31/Oct/2025:06:43:08 +0000] "GET /health HTTP/1.1" 200 123 "-" "-"
2025-10-31 06:43:38 [INFO]: ::1 - - [31/Oct/2025:06:43:38 +0000] "GET /health HTTP/1.1" 200 123 "-" "-"
2025-10-31 06:44:08 [INFO]: ::1 - - [31/Oct/2025:06:44:08 +0000] "GET /health HTTP/1.1" 200 123 "-" "-"
2025-10-31 06:44:38 [INFO]: ::1 - - [31/Oct/2025:06:44:38 +0000] "GET /health HTTP/1.1" 200 122 "-" "-"
2025-10-31 06:45:08 [INFO]: ::1 - - [31/Oct/2025:06:45:08 +0000] "GET /health HTTP/1.1" 200 122 "-" "-"
2025-10-31 06:45:38 [INFO]: ::1 - - [31/Oct/2025:06:45:38 +0000] "GET /health HTTP/1.1" 200 123 "-" "-"
2025-10-31 06:46:09 [INFO]: ::1 - - [31/Oct/2025:06:46:09 +0000] "GET /health HTTP/1.1" 200 123 "-" "-"
2025-10-31 06:46:39 [INFO]: ::1 - - [31/Oct/2025:06:46:39 +0000] "GET /health HTTP/1.1" 200 123 "-" "-"
2025-10-31 06:47:09 [INFO]: ::1 - - [31/Oct/2025:06:47:09 +0000] "GET /health HTTP/1.1" 200 123 "-" "-"
2025-10-31 06:47:39 [INFO]: ::1 - - [31/Oct/2025:06:47:39 +0000] "GET /health HTTP/1.1" 200 123 "-" "-"
2025-10-31 06:48:09 [INFO]: ::1 - - [31/Oct/2025:06:48:09 +0000] "GET /health HTTP/1.1" 200 123 "-" "-"
2025-10-31 06:48:39 [INFO]: ::1 - - [31/Oct/2025:06:48:39 +0000] "GET /health HTTP/1.1" 200 123 "-" "-"
2025-10-31 06:49:09 [INFO]: ::1 - - [31/Oct/2025:06:49:09 +0000] "GET /health HTTP/1.1" 200 122 "-" "-"
2025-10-31 06:49:39 [INFO]: ::1 - - [31/Oct/2025:06:49:39 +0000] "GET /health HTTP/1.1" 200 123 "-" "-"
2025-10-31 06:50:10 [INFO]: ::1 - - [31/Oct/2025:06:50:10 +0000] "GET /health HTTP/1.1" 200 124 "-" "-"
2025-10-31 06:50:40 [INFO]: ::1 - - [31/Oct/2025:06:50:40 +0000] "GET /health HTTP/1.1" 200 124 "-" "-"
2025-10-31 06:51:10 [INFO]: ::1 - - [31/Oct/2025:06:51:10 +0000] "GET /health HTTP/1.1" 200 124 "-" "-"
2025-10-31 06:51:40 [INFO]: ::1 - - [31/Oct/2025:06:51:40 +0000] "GET /health HTTP/1.1" 200 124 "-" "-"
2025-10-31 06:52:10 [INFO]: ::1 - - [31/Oct/2025:06:52:10 +0000] "GET /health HTTP/1.1" 200 124 "-" "-"
2025-10-31 06:52:40 [INFO]: ::1 - - [31/Oct/2025:06:52:40 +0000] "GET /health HTTP/1.1" 200 124 "-" "-"
2025-10-31 06:53:10 [INFO]: ::1 - - [31/Oct/2025:06:53:10 +0000] "GET /health HTTP/1.1" 200 123 "-" "-"
2025-10-31 06:53:40 [INFO]: ::1 - - [31/Oct/2025:06:53:40 +0000] "GET /health HTTP/1.1" 200 124 "-" "-"
2025-10-31 06:54:10 [INFO]: ::1 - - [31/Oct/2025:06:54:10 +0000] "GET /health HTTP/1.1" 200 124 "-" "-"
2025-10-31 06:54:41 [INFO]: ::1 - - [31/Oct/2025:06:54:41 +0000] "GET /health HTTP/1.1" 200 124 "-" "-"
2025-10-31 06:55:11 [INFO]: ::1 - - [31/Oct/2025:06:55:11 +0000] "GET /health HTTP/1.1" 200 124 "-" "-"
2025-10-31 06:55:41 [INFO]: ::1 - - [31/Oct/2025:06:55:41 +0000] "GET /health HTTP/1.1" 200 124 "-" "-"
2025-10-31 06:56:11 [INFO]: ::1 - - [31/Oct/2025:06:56:11 +0000] "GET /health HTTP/1.1" 200 124 "-" "-"
2025-10-31 06:56:41 [INFO]: ::1 - - [31/Oct/2025:06:56:41 +0000] "GET /health HTTP/1.1" 200 124 "-" "-"
2025-10-31 06:57:11 [INFO]: ::1 - - [31/Oct/2025:06:57:11 +0000] "GET /health HTTP/1.1" 200 124 "-" "-"
2025-10-31 06:57:41 [INFO]: ::1 - - [31/Oct/2025:06:57:41 +0000] "GET /health HTTP/1.1" 200 124 "-" "-"
2025-10-31 06:58:11 [INFO]: ::1 - - [31/Oct/2025:06:58:11 +0000] "GET /health HTTP/1.1" 200 123 "-" "-"
2025-10-31 06:58:41 [INFO]: ::1 - - [31/Oct/2025:06:58:41 +0000] "GET /health HTTP/1.1" 200 124 "-" "-"
2025-10-31 06:59:11 [INFO]: ::1 - - [31/Oct/2025:06:59:11 +0000] "GET /health HTTP/1.1" 200 123 "-" "-"
2025-10-31 06:59:42 [INFO]: ::1 - - [31/Oct/2025:06:59:42 +0000] "GET /health HTTP/1.1" 200 123 "-" "-"
2025-10-31 07:00:12 [INFO]: ::1 - - [31/Oct/2025:07:00:12 +0000] "GET /health HTTP/1.1" 200 124 "-" "-"
2025-10-31 07:00:42 [INFO]: ::1 - - [31/Oct/2025:07:00:42 +0000] "GET /health HTTP/1.1" 200 123 "-" "-"
2025-10-31 07:01:12 [INFO]: ::1 - - [31/Oct/2025:07:01:12 +0000] "GET /health HTTP/1.1" 200 124 "-" "-"
2025-10-31 07:01:42 [INFO]: ::1 - - [31/Oct/2025:07:01:42 +0000] "GET /health HTTP/1.1" 200 124 "-" "-"
2025-10-31 07:02:12 [INFO]: ::1 - - [31/Oct/2025:07:02:12 +0000] "GET /health HTTP/1.1" 200 124 "-" "-"
2025-10-31 07:02:42 [INFO]: ::1 - - [31/Oct/2025:07:02:42 +0000] "GET /health HTTP/1.1" 200 124 "-" "-"
2025-10-31 07:03:12 [INFO]: ::1 - - [31/Oct/2025:07:03:12 +0000] "GET /health HTTP/1.1" 200 124 "-" "-"
2025-10-31 07:03:43 [INFO]: ::1 - - [31/Oct/2025:07:03:43 +0000] "GET /health HTTP/1.1" 200 124 "-" "-"
2025-10-31 07:04:13 [INFO]: ::1 - - [31/Oct/2025:07:04:13 +0000] "GET /health HTTP/1.1" 200 124 "-" "-"
2025-10-31 07:04:43 [INFO]: ::1 - - [31/Oct/2025:07:04:43 +0000] "GET /health HTTP/1.1" 200 124 "-" "-"
2025-10-31 07:05:13 [INFO]: ::1 - - [31/Oct/2025:07:05:13 +0000] "GET /health HTTP/1.1" 200 124 "-" "-"
2025-10-31 07:05:43 [INFO]: ::1 - - [31/Oct/2025:07:05:43 +0000] "GET /health HTTP/1.1" 200 124 "-" "-"
2025-10-31 07:06:13 [INFO]: ::1 - - [31/Oct/2025:07:06:13 +0000] "GET /health HTTP/1.1" 200 124 "-" "-"
2025-10-31 07:06:43 [INFO]: ::1 - - [31/Oct/2025:07:06:43 +0000] "GET /health HTTP/1.1" 200 124 "-" "-"
2025-10-31 07:07:13 [INFO]: ::1 - - [31/Oct/2025:07:07:13 +0000] "GET /health HTTP/1.1" 200 124 "-" "-"
2025-10-31 07:07:43 [INFO]: ::1 - - [31/Oct/2025:07:07:43 +0000] "GET /health HTTP/1.1" 200 124 "-" "-"
2025-10-31 07:08:13 [INFO]: ::1 - - [31/Oct/2025:07:08:13 +0000] "GET /health HTTP/1.1" 200 124 "-" "-"
2025-10-31 07:08:44 [INFO]: ::1 - - [31/Oct/2025:07:08:44 +0000] "GET /health HTTP/1.1" 200 124 "-" "-"
2025-10-31 07:09:14 [INFO]: ::1 - - [31/Oct/2025:07:09:14 +0000] "GET /health HTTP/1.1" 200 124 "-" "-"
2025-10-31 07:09:44 [INFO]: ::1 - - [31/Oct/2025:07:09:44 +0000] "GET /health HTTP/1.1" 200 124 "-" "-"
2025-10-31 07:10:14 [INFO]: ::1 - - [31/Oct/2025:07:10:14 +0000] "GET /health HTTP/1.1" 200 123 "-" "-"
2025-10-31 07:10:44 [INFO]: ::1 - - [31/Oct/2025:07:10:44 +0000] "GET /health HTTP/1.1" 200 124 "-" "-"
2025-10-31 07:11:14 [INFO]: ::1 - - [31/Oct/2025:07:11:14 +0000] "GET /health HTTP/1.1" 200 123 "-" "-"
2025-10-31 07:11:44 [INFO]: ::1 - - [31/Oct/2025:07:11:44 +0000] "GET /health HTTP/1.1" 200 124 "-" "-"
2025-10-31 07:12:14 [INFO]: ::1 - - [31/Oct/2025:07:12:14 +0000] "GET /health HTTP/1.1" 200 123 "-" "-"
2025-10-31 07:12:44 [INFO]: ::1 - - [31/Oct/2025:07:12:44 +0000] "GET /health HTTP/1.1" 200 124 "-" "-"
2025-10-31 07:13:14 [INFO]: ::1 - - [31/Oct/2025:07:13:14 +0000] "GET /health HTTP/1.1" 200 124 "-" "-"
2025-10-31 07:13:45 [INFO]: ::1 - - [31/Oct/2025:07:13:45 +0000] "GET /health HTTP/1.1" 200 124 "-" "-"
2025-10-31 07:14:15 [INFO]: ::1 - - [31/Oct/2025:07:14:15 +0000] "GET /health HTTP/1.1" 200 124 "-" "-"
2025-10-31 07:14:45 [INFO]: ::1 - - [31/Oct/2025:07:14:45 +0000] "GET /health HTTP/1.1" 200 124 "-" "-"
2025-10-31 07:15:15 [INFO]: ::1 - - [31/Oct/2025:07:15:15 +0000] "GET /health HTTP/1.1" 200 123 "-" "-"
2025-10-31 07:15:45 [INFO]: ::1 - - [31/Oct/2025:07:15:45 +0000] "GET /health HTTP/1.1" 200 124 "-" "-"
2025-10-31 07:16:15 [INFO]: ::1 - - [31/Oct/2025:07:16:15 +0000] "GET /health HTTP/1.1" 200 124 "-" "-"
2025-10-31 07:16:45 [INFO]: ::1 - - [31/Oct/2025:07:16:45 +0000] "GET /health HTTP/1.1" 200 124 "-" "-"
2025-10-31 07:17:15 [INFO]: ::1 - - [31/Oct/2025:07:17:15 +0000] "GET /health HTTP/1.1" 200 124 "-" "-"
2025-10-31 07:17:45 [INFO]: ::1 - - [31/Oct/2025:07:17:45 +0000] "GET /health HTTP/1.1" 200 124 "-" "-"
2025-10-31 07:18:16 [INFO]: ::1 - - [31/Oct/2025:07:18:16 +0000] "GET /health HTTP/1.1" 200 124 "-" "-"
2025-10-31 07:18:46 [INFO]: ::1 - - [31/Oct/2025:07:18:46 +0000] "GET /health HTTP/1.1" 200 123 "-" "-"
2025-10-31 07:19:16 [INFO]: ::1 - - [31/Oct/2025:07:19:16 +0000] "GET /health HTTP/1.1" 200 124 "-" "-"
2025-10-31 07:19:46 [INFO]: ::1 - - [31/Oct/2025:07:19:46 +0000] "GET /health HTTP/1.1" 200 124 "-" "-"
2025-10-31 07:20:16 [INFO]: ::1 - - [31/Oct/2025:07:20:16 +0000] "GET /health HTTP/1.1" 200 124 "-" "-"
2025-10-31 07:20:46 [INFO]: ::1 - - [31/Oct/2025:07:20:46 +0000] "GET /health HTTP/1.1" 200 124 "-" "-"
2025-10-31 07:21:16 [INFO]: ::1 - - [31/Oct/2025:07:21:16 +0000] "GET /health HTTP/1.1" 200 124 "-" "-"
2025-10-31 07:21:46 [INFO]: ::1 - - [31/Oct/2025:07:21:46 +0000] "GET /health HTTP/1.1" 200 124 "-" "-"
2025-10-31 07:22:16 [INFO]: ::1 - - [31/Oct/2025:07:22:16 +0000] "GET /health HTTP/1.1" 200 124 "-" "-"
2025-10-31 07:22:47 [INFO]: ::1 - - [31/Oct/2025:07:22:47 +0000] "GET /health HTTP/1.1" 200 124 "-" "-"
2025-10-31 07:23:17 [INFO]: ::1 - - [31/Oct/2025:07:23:17 +0000] "GET /health HTTP/1.1" 200 124 "-" "-"
2025-10-31 07:23:47 [INFO]: ::1 - - [31/Oct/2025:07:23:47 +0000] "GET /health HTTP/1.1" 200 124 "-" "-"
2025-10-31 07:24:17 [INFO]: ::1 - - [31/Oct/2025:07:24:17 +0000] "GET /health HTTP/1.1" 200 124 "-" "-"
2025-10-31 07:24:47 [INFO]: ::1 - - [31/Oct/2025:07:24:47 +0000] "GET /health HTTP/1.1" 200 124 "-" "-"
2025-10-31 07:25:17 [INFO]: ::1 - - [31/Oct/2025:07:25:17 +0000] "GET /health HTTP/1.1" 200 123 "-" "-"
2025-10-31 07:25:47 [INFO]: ::1 - - [31/Oct/2025:07:25:47 +0000] "GET /health HTTP/1.1" 200 124 "-" "-"
2025-10-31 07:26:17 [INFO]: ::1 - - [31/Oct/2025:07:26:17 +0000] "GET /health HTTP/1.1" 200 124 "-" "-"
2025-10-31 07:26:47 [INFO]: ::1 - - [31/Oct/2025:07:26:47 +0000] "GET /health HTTP/1.1" 200 124 "-" "-"
2025-10-31 07:27:18 [INFO]: ::1 - - [31/Oct/2025:07:27:18 +0000] "GET /health HTTP/1.1" 200 124 "-" "-"
2025-10-31 07:27:48 [INFO]: ::1 - - [31/Oct/2025:07:27:48 +0000] "GET /health HTTP/1.1" 200 124 "-" "-"
2025-10-31 07:28:18 [INFO]: ::1 - - [31/Oct/2025:07:28:18 +0000] "GET /health HTTP/1.1" 200 124 "-" "-"
2025-10-31 07:28:48 [INFO]: ::1 - - [31/Oct/2025:07:28:48 +0000] "GET /health HTTP/1.1" 200 124 "-" "-"
2025-10-31 07:29:18 [INFO]: ::1 - - [31/Oct/2025:07:29:18 +0000] "GET /health HTTP/1.1" 200 124 "-" "-"
2025-10-31 07:29:48 [INFO]: ::1 - - [31/Oct/2025:07:29:48 +0000] "GET /health HTTP/1.1" 200 124 "-" "-"
2025-10-31 07:30:18 [INFO]: ::1 - - [31/Oct/2025:07:30:18 +0000] "GET /health HTTP/1.1" 200 123 "-" "-"
2025-10-31 07:30:48 [INFO]: ::1 - - [31/Oct/2025:07:30:48 +0000] "GET /health HTTP/1.1" 200 124 "-" "-"
2025-10-31 07:31:18 [INFO]: ::1 - - [31/Oct/2025:07:31:18 +0000] "GET /health HTTP/1.1" 200 124 "-" "-"
2025-10-31 07:31:49 [INFO]: ::1 - - [31/Oct/2025:07:31:49 +0000] "GET /health HTTP/1.1" 200 124 "-" "-"
2025-10-31 07:32:19 [INFO]: ::1 - - [31/Oct/2025:07:32:19 +0000] "GET /health HTTP/1.1" 200 124 "-" "-"
2025-10-31 07:32:49 [INFO]: ::1 - - [31/Oct/2025:07:32:49 +0000] "GET /health HTTP/1.1" 200 124 "-" "-"
2025-10-31 07:33:19 [INFO]: ::1 - - [31/Oct/2025:07:33:19 +0000] "GET /health HTTP/1.1" 200 124 "-" "-"
2025-10-31 07:33:49 [INFO]: ::1 - - [31/Oct/2025:07:33:49 +0000] "GET /health HTTP/1.1" 200 124 "-" "-"
2025-10-31 07:34:19 [INFO]: ::1 - - [31/Oct/2025:07:34:19 +0000] "GET /health HTTP/1.1" 200 124 "-" "-"
2025-10-31 07:34:49 [INFO]: ::1 - - [31/Oct/2025:07:34:49 +0000] "GET /health HTTP/1.1" 200 124 "-" "-"
2025-10-31 07:35:19 [INFO]: ::1 - - [31/Oct/2025:07:35:19 +0000] "GET /health HTTP/1.1" 200 124 "-" "-"
2025-10-31 07:35:49 [INFO]: ::1 - - [31/Oct/2025:07:35:49 +0000] "GET /health HTTP/1.1" 200 124 "-" "-"
2025-10-31 07:36:20 [INFO]: ::1 - - [31/Oct/2025:07:36:20 +0000] "GET /health HTTP/1.1" 200 124 "-" "-"
2025-10-31 07:36:50 [INFO]: ::1 - - [31/Oct/2025:07:36:50 +0000] "GET /health HTTP/1.1" 200 124 "-" "-"
2025-10-31 07:37:20 [INFO]: ::1 - - [31/Oct/2025:07:37:20 +0000] "GET /health HTTP/1.1" 200 124 "-" "-"
2025-10-31 07:37:50 [INFO]: ::1 - - [31/Oct/2025:07:37:50 +0000] "GET /health HTTP/1.1" 200 124 "-" "-"
2025-10-31 07:38:20 [INFO]: ::1 - - [31/Oct/2025:07:38:20 +0000] "GET /health HTTP/1.1" 200 124 "-" "-"
2025-10-31 07:38:50 [INFO]: ::1 - - [31/Oct/2025:07:38:50 +0000] "GET /health HTTP/1.1" 200 124 "-" "-"
2025-10-31 07:39:20 [INFO]: ::1 - - [31/Oct/2025:07:39:20 +0000] "GET /health HTTP/1.1" 200 124 "-" "-"
2025-10-31 07:39:50 [INFO]: ::1 - - [31/Oct/2025:07:39:50 +0000] "GET /health HTTP/1.1" 200 124 "-" "-"
2025-10-31 07:40:20 [INFO]: ::1 - - [31/Oct/2025:07:40:20 +0000] "GET /health HTTP/1.1" 200 124 "-" "-"
2025-10-31 07:40:51 [INFO]: ::1 - - [31/Oct/2025:07:40:51 +0000] "GET /health HTTP/1.1" 200 124 "-" "-"
2025-10-31 07:41:21 [INFO]: ::1 - - [31/Oct/2025:07:41:21 +0000] "GET /health HTTP/1.1" 200 124 "-" "-"
2025-10-31 07:41:51 [INFO]: ::1 - - [31/Oct/2025:07:41:51 +0000] "GET /health HTTP/1.1" 200 123 "-" "-"
2025-10-31 07:42:21 [INFO]: ::1 - - [31/Oct/2025:07:42:21 +0000] "GET /health HTTP/1.1" 200 124 "-" "-"
2025-10-31 07:42:51 [INFO]: ::1 - - [31/Oct/2025:07:42:51 +0000] "GET /health HTTP/1.1" 200 124 "-" "-"
2025-10-31 07:43:21 [INFO]: ::1 - - [31/Oct/2025:07:43:21 +0000] "GET /health HTTP/1.1" 200 123 "-" "-"
2025-10-31 07:43:51 [INFO]: ::1 - - [31/Oct/2025:07:43:51 +0000] "GET /health HTTP/1.1" 200 124 "-" "-"
2025-10-31 07:44:07 [ERROR]: Authentication error: Invalid or expired token
Error: Invalid or expired token
    at verifyAccessToken (/app/src/utils/token.js:37:11)
    at authenticate (/app/src/middleware/auth.js:23:21)
    at Layer.handle [as handle_request] (/app/node_modules/express/lib/router/layer.js:95:5)
    at next (/app/node_modules/express/lib/router/route.js:149:13)
    at Route.dispatch (/app/node_modules/express/lib/router/route.js:119:3)
    at Layer.handle [as handle_request] (/app/node_modules/express/lib/router/layer.js:95:5)
    at /app/node_modules/express/lib/router/index.js:284:15
    at Function.process_params (/app/node_modules/express/lib/router/index.js:346:12)
    at next (/app/node_modules/express/lib/router/index.js:280:10)
    at Function.handle (/app/node_modules/express/lib/router/index.js:175:3)
2025-10-31 07:44:07 [INFO]: ::ffff:172.18.0.1 - - [31/Oct/2025:07:44:07 +0000] "GET /api/auth/me HTTP/1.1" 401 54 "http://localhost:4001/" "Mozilla/5.0 (Windows NT 10.0; Win64; x64) AppleWebKit/537.36 (KHTML, like Gecko) Chrome/141.0.0.0 Safari/537.36"
2025-10-31 07:44:22 [INFO]: ::1 - - [31/Oct/2025:07:44:22 +0000] "GET /health HTTP/1.1" 200 124 "-" "-"
2025-10-31 07:44:25 [INFO]: User logged in: admin@kpn.com
2025-10-31 07:44:25 [INFO]: ::ffff:172.18.0.1 - - [31/Oct/2025:07:44:25 +0000] "POST /api/auth/login HTTP/1.1" 200 437 "http://localhost:4001/" "Mozilla/5.0 (Windows NT 10.0; Win64; x64) AppleWebKit/537.36 (KHTML, like Gecko) Chrome/141.0.0.0 Safari/537.36"
2025-10-31 07:44:52 [INFO]: ::1 - - [31/Oct/2025:07:44:52 +0000] "GET /health HTTP/1.1" 200 124 "-" "-"
2025-10-31 07:45:23 [INFO]: ::1 - - [31/Oct/2025:07:45:23 +0000] "GET /health HTTP/1.1" 200 124 "-" "-"
2025-10-31 07:45:53 [INFO]: ::1 - - [31/Oct/2025:07:45:53 +0000] "GET /health HTTP/1.1" 200 124 "-" "-"
2025-10-31 07:46:23 [INFO]: ::1 - - [31/Oct/2025:07:46:23 +0000] "GET /health HTTP/1.1" 200 124 "-" "-"
2025-10-31 07:46:53 [INFO]: ::1 - - [31/Oct/2025:07:46:53 +0000] "GET /health HTTP/1.1" 200 124 "-" "-"
2025-10-31 07:47:23 [INFO]: ::1 - - [31/Oct/2025:07:47:23 +0000] "GET /health HTTP/1.1" 200 123 "-" "-"
2025-10-31 07:47:54 [INFO]: ::1 - - [31/Oct/2025:07:47:54 +0000] "GET /health HTTP/1.1" 200 124 "-" "-"
2025-10-31 07:48:24 [INFO]: ::1 - - [31/Oct/2025:07:48:24 +0000] "GET /health HTTP/1.1" 200 124 "-" "-"
2025-10-31 07:48:54 [INFO]: ::1 - - [31/Oct/2025:07:48:54 +0000] "GET /health HTTP/1.1" 200 124 "-" "-"
2025-10-31 07:49:24 [INFO]: ::1 - - [31/Oct/2025:07:49:24 +0000] "GET /health HTTP/1.1" 200 124 "-" "-"
2025-10-31 07:49:54 [INFO]: ::1 - - [31/Oct/2025:07:49:54 +0000] "GET /health HTTP/1.1" 200 124 "-" "-"
2025-10-31 07:50:25 [INFO]: ::1 - - [31/Oct/2025:07:50:25 +0000] "GET /health HTTP/1.1" 200 124 "-" "-"
2025-10-31 07:50:55 [INFO]: ::1 - - [31/Oct/2025:07:50:55 +0000] "GET /health HTTP/1.1" 200 124 "-" "-"
2025-10-31 07:51:25 [INFO]: ::1 - - [31/Oct/2025:07:51:25 +0000] "GET /health HTTP/1.1" 200 124 "-" "-"
2025-10-31 07:51:55 [INFO]: ::1 - - [31/Oct/2025:07:51:55 +0000] "GET /health HTTP/1.1" 200 124 "-" "-"
2025-10-31 07:52:25 [INFO]: ::1 - - [31/Oct/2025:07:52:25 +0000] "GET /health HTTP/1.1" 200 124 "-" "-"
2025-10-31 07:52:56 [INFO]: ::1 - - [31/Oct/2025:07:52:56 +0000] "GET /health HTTP/1.1" 200 123 "-" "-"
2025-10-31 07:53:26 [INFO]: ::1 - - [31/Oct/2025:07:53:26 +0000] "GET /health HTTP/1.1" 200 124 "-" "-"
2025-10-31 07:53:56 [INFO]: ::1 - - [31/Oct/2025:07:53:56 +0000] "GET /health HTTP/1.1" 200 124 "-" "-"
2025-10-31 07:54:26 [INFO]: ::1 - - [31/Oct/2025:07:54:26 +0000] "GET /health HTTP/1.1" 200 124 "-" "-"
2025-10-31 07:54:56 [INFO]: ::1 - - [31/Oct/2025:07:54:56 +0000] "GET /health HTTP/1.1" 200 124 "-" "-"
2025-10-31 07:55:26 [INFO]: ::1 - - [31/Oct/2025:07:55:26 +0000] "GET /health HTTP/1.1" 200 123 "-" "-"
2025-10-31 07:55:57 [INFO]: ::1 - - [31/Oct/2025:07:55:57 +0000] "GET /health HTTP/1.1" 200 124 "-" "-"
2025-10-31 07:56:27 [INFO]: ::1 - - [31/Oct/2025:07:56:27 +0000] "GET /health HTTP/1.1" 200 124 "-" "-"
2025-10-31 07:56:57 [INFO]: ::1 - - [31/Oct/2025:07:56:57 +0000] "GET /health HTTP/1.1" 200 124 "-" "-"
2025-10-31 07:57:27 [INFO]: ::1 - - [31/Oct/2025:07:57:27 +0000] "GET /health HTTP/1.1" 200 124 "-" "-"
2025-10-31 07:57:57 [INFO]: ::1 - - [31/Oct/2025:07:57:57 +0000] "GET /health HTTP/1.1" 200 124 "-" "-"
2025-10-31 07:58:28 [INFO]: ::1 - - [31/Oct/2025:07:58:28 +0000] "GET /health HTTP/1.1" 200 124 "-" "-"
2025-10-31 07:58:58 [INFO]: ::1 - - [31/Oct/2025:07:58:58 +0000] "GET /health HTTP/1.1" 200 124 "-" "-"
2025-10-31 07:59:28 [INFO]: ::1 - - [31/Oct/2025:07:59:28 +0000] "GET /health HTTP/1.1" 200 124 "-" "-"
2025-10-31 07:59:58 [INFO]: ::1 - - [31/Oct/2025:07:59:58 +0000] "GET /health HTTP/1.1" 200 124 "-" "-"
2025-10-31 08:00:28 [INFO]: ::1 - - [31/Oct/2025:08:00:28 +0000] "GET /health HTTP/1.1" 200 124 "-" "-"
2025-10-31 08:00:58 [INFO]: ::1 - - [31/Oct/2025:08:00:58 +0000] "GET /health HTTP/1.1" 200 124 "-" "-"
2025-10-31 08:01:29 [INFO]: ::1 - - [31/Oct/2025:08:01:29 +0000] "GET /health HTTP/1.1" 200 123 "-" "-"
2025-10-31 08:01:59 [INFO]: ::1 - - [31/Oct/2025:08:01:59 +0000] "GET /health HTTP/1.1" 200 124 "-" "-"
2025-10-31 08:02:29 [INFO]: ::1 - - [31/Oct/2025:08:02:29 +0000] "GET /health HTTP/1.1" 200 124 "-" "-"
2025-10-31 08:02:59 [INFO]: ::1 - - [31/Oct/2025:08:02:59 +0000] "GET /health HTTP/1.1" 200 124 "-" "-"
2025-10-31 08:03:29 [INFO]: ::1 - - [31/Oct/2025:08:03:29 +0000] "GET /health HTTP/1.1" 200 123 "-" "-"
2025-10-31 08:04:00 [INFO]: ::1 - - [31/Oct/2025:08:04:00 +0000] "GET /health HTTP/1.1" 200 124 "-" "-"
2025-10-31 08:04:30 [INFO]: ::1 - - [31/Oct/2025:08:04:30 +0000] "GET /health HTTP/1.1" 200 124 "-" "-"
2025-10-31 08:05:00 [INFO]: ::1 - - [31/Oct/2025:08:05:00 +0000] "GET /health HTTP/1.1" 200 123 "-" "-"
2025-10-31 08:05:30 [INFO]: ::1 - - [31/Oct/2025:08:05:30 +0000] "GET /health HTTP/1.1" 200 124 "-" "-"
2025-10-31 08:06:01 [INFO]: ::1 - - [31/Oct/2025:08:06:01 +0000] "GET /health HTTP/1.1" 200 124 "-" "-"
2025-10-31 08:06:31 [INFO]: ::1 - - [31/Oct/2025:08:06:31 +0000] "GET /health HTTP/1.1" 200 124 "-" "-"
2025-10-31 08:07:01 [INFO]: ::1 - - [31/Oct/2025:08:07:01 +0000] "GET /health HTTP/1.1" 200 124 "-" "-"
2025-10-31 08:10:09 [INFO]: ::1 - - [31/Oct/2025:08:10:09 +0000] "GET /health HTTP/1.1" 200 124 "-" "-"
2025-10-31 08:10:39 [INFO]: ::1 - - [31/Oct/2025:08:10:39 +0000] "GET /health HTTP/1.1" 200 124 "-" "-"
2025-10-31 08:11:09 [INFO]: ::1 - - [31/Oct/2025:08:11:09 +0000] "GET /health HTTP/1.1" 200 124 "-" "-"
2025-10-31 08:11:39 [INFO]: ::1 - - [31/Oct/2025:08:11:39 +0000] "GET /health HTTP/1.1" 200 124 "-" "-"
2025-10-31 08:12:09 [INFO]: ::1 - - [31/Oct/2025:08:12:09 +0000] "GET /health HTTP/1.1" 200 124 "-" "-"
2025-10-31 08:12:39 [INFO]: ::1 - - [31/Oct/2025:08:12:39 +0000] "GET /health HTTP/1.1" 200 124 "-" "-"
2025-10-31 08:13:09 [INFO]: ::1 - - [31/Oct/2025:08:13:09 +0000] "GET /health HTTP/1.1" 200 124 "-" "-"
2025-10-31 08:13:40 [INFO]: ::1 - - [31/Oct/2025:08:13:40 +0000] "GET /health HTTP/1.1" 200 124 "-" "-"
2025-10-31 08:14:10 [INFO]: ::1 - - [31/Oct/2025:08:14:10 +0000] "GET /health HTTP/1.1" 200 124 "-" "-"
2025-10-31 08:14:40 [INFO]: ::1 - - [31/Oct/2025:08:14:40 +0000] "GET /health HTTP/1.1" 200 124 "-" "-"
2025-10-31 08:15:10 [INFO]: ::1 - - [31/Oct/2025:08:15:10 +0000] "GET /health HTTP/1.1" 200 124 "-" "-"
2025-10-31 08:15:40 [INFO]: ::1 - - [31/Oct/2025:08:15:40 +0000] "GET /health HTTP/1.1" 200 124 "-" "-"
2025-10-31 08:16:10 [INFO]: ::1 - - [31/Oct/2025:08:16:10 +0000] "GET /health HTTP/1.1" 200 123 "-" "-"
2025-10-31 08:16:40 [INFO]: ::1 - - [31/Oct/2025:08:16:40 +0000] "GET /health HTTP/1.1" 200 124 "-" "-"
2025-10-31 08:17:10 [INFO]: ::1 - - [31/Oct/2025:08:17:10 +0000] "GET /health HTTP/1.1" 200 124 "-" "-"
2025-10-31 08:17:40 [INFO]: ::1 - - [31/Oct/2025:08:17:40 +0000] "GET /health HTTP/1.1" 200 124 "-" "-"
2025-10-31 08:18:10 [INFO]: ::1 - - [31/Oct/2025:08:18:10 +0000] "GET /health HTTP/1.1" 200 124 "-" "-"
2025-10-31 08:18:41 [INFO]: ::1 - - [31/Oct/2025:08:18:41 +0000] "GET /health HTTP/1.1" 200 124 "-" "-"
2025-10-31 08:19:11 [INFO]: ::1 - - [31/Oct/2025:08:19:11 +0000] "GET /health HTTP/1.1" 200 122 "-" "-"
2025-10-31 08:19:41 [INFO]: ::1 - - [31/Oct/2025:08:19:41 +0000] "GET /health HTTP/1.1" 200 124 "-" "-"
2025-10-31 08:20:11 [INFO]: ::1 - - [31/Oct/2025:08:20:11 +0000] "GET /health HTTP/1.1" 200 124 "-" "-"
2025-10-31 08:20:41 [INFO]: ::1 - - [31/Oct/2025:08:20:41 +0000] "GET /health HTTP/1.1" 200 124 "-" "-"
2025-10-31 08:21:11 [INFO]: ::1 - - [31/Oct/2025:08:21:11 +0000] "GET /health HTTP/1.1" 200 123 "-" "-"
2025-10-31 08:21:41 [INFO]: ::1 - - [31/Oct/2025:08:21:41 +0000] "GET /health HTTP/1.1" 200 124 "-" "-"
2025-10-31 08:22:11 [INFO]: ::1 - - [31/Oct/2025:08:22:11 +0000] "GET /health HTTP/1.1" 200 123 "-" "-"
2025-10-31 08:22:41 [INFO]: ::1 - - [31/Oct/2025:08:22:41 +0000] "GET /health HTTP/1.1" 200 124 "-" "-"
2025-10-31 08:23:11 [INFO]: ::1 - - [31/Oct/2025:08:23:11 +0000] "GET /health HTTP/1.1" 200 124 "-" "-"
2025-10-31 08:23:42 [INFO]: ::1 - - [31/Oct/2025:08:23:42 +0000] "GET /health HTTP/1.1" 200 124 "-" "-"
2025-10-31 08:24:12 [INFO]: ::1 - - [31/Oct/2025:08:24:12 +0000] "GET /health HTTP/1.1" 200 124 "-" "-"
2025-10-31 08:24:42 [INFO]: ::1 - - [31/Oct/2025:08:24:42 +0000] "GET /health HTTP/1.1" 200 124 "-" "-"
2025-10-31 08:25:12 [INFO]: ::1 - - [31/Oct/2025:08:25:12 +0000] "GET /health HTTP/1.1" 200 124 "-" "-"
2025-10-31 08:25:42 [INFO]: ::1 - - [31/Oct/2025:08:25:42 +0000] "GET /health HTTP/1.1" 200 124 "-" "-"
2025-10-31 08:26:12 [INFO]: ::1 - - [31/Oct/2025:08:26:12 +0000] "GET /health HTTP/1.1" 200 124 "-" "-"
2025-10-31 08:26:42 [INFO]: ::1 - - [31/Oct/2025:08:26:42 +0000] "GET /health HTTP/1.1" 200 124 "-" "-"
2025-10-31 08:27:12 [INFO]: ::1 - - [31/Oct/2025:08:27:12 +0000] "GET /health HTTP/1.1" 200 124 "-" "-"
2025-10-31 08:27:42 [INFO]: ::1 - - [31/Oct/2025:08:27:42 +0000] "GET /health HTTP/1.1" 200 124 "-" "-"
2025-10-31 08:28:13 [INFO]: ::1 - - [31/Oct/2025:08:28:13 +0000] "GET /health HTTP/1.1" 200 123 "-" "-"
2025-10-31 08:28:43 [INFO]: ::1 - - [31/Oct/2025:08:28:43 +0000] "GET /health HTTP/1.1" 200 124 "-" "-"
2025-10-31 08:29:13 [INFO]: ::1 - - [31/Oct/2025:08:29:13 +0000] "GET /health HTTP/1.1" 200 124 "-" "-"
2025-10-31 08:29:43 [INFO]: ::1 - - [31/Oct/2025:08:29:43 +0000] "GET /health HTTP/1.1" 200 123 "-" "-"
2025-10-31 08:30:13 [INFO]: ::1 - - [31/Oct/2025:08:30:13 +0000] "GET /health HTTP/1.1" 200 123 "-" "-"
2025-10-31 08:30:43 [INFO]: ::1 - - [31/Oct/2025:08:30:43 +0000] "GET /health HTTP/1.1" 200 124 "-" "-"
2025-10-31 08:31:13 [INFO]: ::1 - - [31/Oct/2025:08:31:13 +0000] "GET /health HTTP/1.1" 200 124 "-" "-"
2025-10-31 08:31:43 [INFO]: ::1 - - [31/Oct/2025:08:31:43 +0000] "GET /health HTTP/1.1" 200 124 "-" "-"
2025-10-31 08:32:13 [INFO]: ::1 - - [31/Oct/2025:08:32:13 +0000] "GET /health HTTP/1.1" 200 124 "-" "-"
2025-10-31 08:32:44 [INFO]: ::1 - - [31/Oct/2025:08:32:44 +0000] "GET /health HTTP/1.1" 200 124 "-" "-"
2025-10-31 08:33:14 [INFO]: ::1 - - [31/Oct/2025:08:33:14 +0000] "GET /health HTTP/1.1" 200 124 "-" "-"
2025-10-31 08:33:44 [INFO]: ::1 - - [31/Oct/2025:08:33:44 +0000] "GET /health HTTP/1.1" 200 124 "-" "-"
2025-10-31 08:34:14 [INFO]: ::1 - - [31/Oct/2025:08:34:14 +0000] "GET /health HTTP/1.1" 200 124 "-" "-"
2025-10-31 08:34:44 [INFO]: ::1 - - [31/Oct/2025:08:34:44 +0000] "GET /health HTTP/1.1" 200 124 "-" "-"
2025-10-31 08:35:14 [INFO]: ::1 - - [31/Oct/2025:08:35:14 +0000] "GET /health HTTP/1.1" 200 124 "-" "-"
2025-10-31 08:35:44 [INFO]: ::1 - - [31/Oct/2025:08:35:44 +0000] "GET /health HTTP/1.1" 200 124 "-" "-"
2025-10-31 08:36:14 [INFO]: ::1 - - [31/Oct/2025:08:36:14 +0000] "GET /health HTTP/1.1" 200 124 "-" "-"
2025-10-31 08:36:45 [INFO]: ::1 - - [31/Oct/2025:08:36:45 +0000] "GET /health HTTP/1.1" 200 124 "-" "-"
2025-10-31 08:37:15 [INFO]: ::1 - - [31/Oct/2025:08:37:15 +0000] "GET /health HTTP/1.1" 200 123 "-" "-"
2025-10-31 08:37:45 [INFO]: ::1 - - [31/Oct/2025:08:37:45 +0000] "GET /health HTTP/1.1" 200 124 "-" "-"
2025-10-31 08:38:15 [INFO]: ::1 - - [31/Oct/2025:08:38:15 +0000] "GET /health HTTP/1.1" 200 124 "-" "-"
2025-10-31 08:38:45 [INFO]: ::1 - - [31/Oct/2025:08:38:45 +0000] "GET /health HTTP/1.1" 200 124 "-" "-"
2025-10-31 08:39:15 [INFO]: ::1 - - [31/Oct/2025:08:39:15 +0000] "GET /health HTTP/1.1" 200 124 "-" "-"
2025-10-31 08:39:45 [INFO]: ::1 - - [31/Oct/2025:08:39:45 +0000] "GET /health HTTP/1.1" 200 123 "-" "-"
2025-10-31 08:40:15 [INFO]: ::1 - - [31/Oct/2025:08:40:15 +0000] "GET /health HTTP/1.1" 200 124 "-" "-"
2025-10-31 08:40:46 [INFO]: ::1 - - [31/Oct/2025:08:40:46 +0000] "GET /health HTTP/1.1" 200 124 "-" "-"
2025-10-31 08:41:16 [INFO]: ::1 - - [31/Oct/2025:08:41:16 +0000] "GET /health HTTP/1.1" 200 123 "-" "-"
2025-10-31 08:41:46 [INFO]: ::1 - - [31/Oct/2025:08:41:46 +0000] "GET /health HTTP/1.1" 200 124 "-" "-"
2025-10-31 08:42:16 [INFO]: ::1 - - [31/Oct/2025:08:42:16 +0000] "GET /health HTTP/1.1" 200 123 "-" "-"
2025-10-31 08:42:46 [INFO]: ::1 - - [31/Oct/2025:08:42:46 +0000] "GET /health HTTP/1.1" 200 123 "-" "-"
2025-10-31 08:43:16 [INFO]: ::1 - - [31/Oct/2025:08:43:16 +0000] "GET /health HTTP/1.1" 200 124 "-" "-"
2025-10-31 08:43:46 [INFO]: ::1 - - [31/Oct/2025:08:43:46 +0000] "GET /health HTTP/1.1" 200 124 "-" "-"
2025-10-31 08:44:16 [INFO]: ::1 - - [31/Oct/2025:08:44:16 +0000] "GET /health HTTP/1.1" 200 124 "-" "-"
2025-10-31 08:44:46 [INFO]: ::1 - - [31/Oct/2025:08:44:46 +0000] "GET /health HTTP/1.1" 200 124 "-" "-"
2025-10-31 08:45:17 [INFO]: ::1 - - [31/Oct/2025:08:45:17 +0000] "GET /health HTTP/1.1" 200 124 "-" "-"
2025-10-31 08:45:47 [INFO]: ::1 - - [31/Oct/2025:08:45:47 +0000] "GET /health HTTP/1.1" 200 124 "-" "-"
2025-10-31 08:46:17 [INFO]: ::1 - - [31/Oct/2025:08:46:17 +0000] "GET /health HTTP/1.1" 200 123 "-" "-"
2025-10-31 08:46:47 [INFO]: ::1 - - [31/Oct/2025:08:46:47 +0000] "GET /health HTTP/1.1" 200 124 "-" "-"
2025-10-31 08:47:17 [INFO]: ::1 - - [31/Oct/2025:08:47:17 +0000] "GET /health HTTP/1.1" 200 123 "-" "-"
2025-10-31 08:47:47 [INFO]: ::1 - - [31/Oct/2025:08:47:47 +0000] "GET /health HTTP/1.1" 200 124 "-" "-"
2025-10-31 08:48:17 [INFO]: ::1 - - [31/Oct/2025:08:48:17 +0000] "GET /health HTTP/1.1" 200 124 "-" "-"
2025-10-31 08:48:47 [INFO]: ::1 - - [31/Oct/2025:08:48:47 +0000] "GET /health HTTP/1.1" 200 124 "-" "-"
2025-10-31 08:49:17 [INFO]: ::1 - - [31/Oct/2025:08:49:17 +0000] "GET /health HTTP/1.1" 200 124 "-" "-"
2025-10-31 08:49:48 [INFO]: ::1 - - [31/Oct/2025:08:49:48 +0000] "GET /health HTTP/1.1" 200 124 "-" "-"
2025-10-31 08:50:18 [INFO]: ::1 - - [31/Oct/2025:08:50:18 +0000] "GET /health HTTP/1.1" 200 124 "-" "-"
2025-10-31 08:50:48 [INFO]: ::1 - - [31/Oct/2025:08:50:48 +0000] "GET /health HTTP/1.1" 200 124 "-" "-"
2025-10-31 08:51:18 [INFO]: ::1 - - [31/Oct/2025:08:51:18 +0000] "GET /health HTTP/1.1" 200 124 "-" "-"
2025-10-31 08:51:48 [INFO]: ::1 - - [31/Oct/2025:08:51:48 +0000] "GET /health HTTP/1.1" 200 124 "-" "-"
2025-10-31 08:52:18 [INFO]: ::1 - - [31/Oct/2025:08:52:18 +0000] "GET /health HTTP/1.1" 200 124 "-" "-"
2025-10-31 08:52:48 [INFO]: ::1 - - [31/Oct/2025:08:52:48 +0000] "GET /health HTTP/1.1" 200 124 "-" "-"
2025-10-31 08:53:18 [INFO]: ::1 - - [31/Oct/2025:08:53:18 +0000] "GET /health HTTP/1.1" 200 124 "-" "-"
2025-10-31 08:53:48 [INFO]: ::1 - - [31/Oct/2025:08:53:48 +0000] "GET /health HTTP/1.1" 200 124 "-" "-"
2025-10-31 08:54:19 [INFO]: ::1 - - [31/Oct/2025:08:54:19 +0000] "GET /health HTTP/1.1" 200 124 "-" "-"
2025-10-31 08:54:49 [INFO]: ::1 - - [31/Oct/2025:08:54:49 +0000] "GET /health HTTP/1.1" 200 124 "-" "-"
2025-10-31 08:55:19 [INFO]: ::1 - - [31/Oct/2025:08:55:19 +0000] "GET /health HTTP/1.1" 200 124 "-" "-"
2025-10-31 08:55:49 [INFO]: ::1 - - [31/Oct/2025:08:55:49 +0000] "GET /health HTTP/1.1" 200 124 "-" "-"
2025-10-31 08:56:19 [INFO]: ::1 - - [31/Oct/2025:08:56:19 +0000] "GET /health HTTP/1.1" 200 124 "-" "-"
2025-10-31 08:56:49 [INFO]: ::1 - - [31/Oct/2025:08:56:49 +0000] "GET /health HTTP/1.1" 200 124 "-" "-"
2025-10-31 08:57:19 [INFO]: ::1 - - [31/Oct/2025:08:57:19 +0000] "GET /health HTTP/1.1" 200 124 "-" "-"
2025-10-31 08:57:49 [INFO]: ::1 - - [31/Oct/2025:08:57:49 +0000] "GET /health HTTP/1.1" 200 124 "-" "-"
2025-10-31 08:58:19 [INFO]: ::1 - - [31/Oct/2025:08:58:19 +0000] "GET /health HTTP/1.1" 200 124 "-" "-"
2025-10-31 08:58:49 [INFO]: ::1 - - [31/Oct/2025:08:58:49 +0000] "GET /health HTTP/1.1" 200 124 "-" "-"
2025-10-31 08:59:20 [INFO]: ::1 - - [31/Oct/2025:08:59:20 +0000] "GET /health HTTP/1.1" 200 124 "-" "-"
2025-10-31 08:59:50 [INFO]: ::1 - - [31/Oct/2025:08:59:50 +0000] "GET /health HTTP/1.1" 200 124 "-" "-"
2025-10-31 09:00:20 [INFO]: ::1 - - [31/Oct/2025:09:00:20 +0000] "GET /health HTTP/1.1" 200 124 "-" "-"
2025-10-31 09:00:50 [INFO]: ::1 - - [31/Oct/2025:09:00:50 +0000] "GET /health HTTP/1.1" 200 124 "-" "-"
2025-10-31 09:01:20 [INFO]: ::1 - - [31/Oct/2025:09:01:20 +0000] "GET /health HTTP/1.1" 200 124 "-" "-"
2025-10-31 09:09:32 [INFO]: ::1 - - [31/Oct/2025:09:09:32 +0000] "GET /health HTTP/1.1" 200 123 "-" "-"
2025-10-31 09:10:02 [INFO]: ::1 - - [31/Oct/2025:09:10:02 +0000] "GET /health HTTP/1.1" 200 124 "-" "-"
2025-10-31 09:10:32 [INFO]: ::1 - - [31/Oct/2025:09:10:32 +0000] "GET /health HTTP/1.1" 200 124 "-" "-"
2025-10-31 09:11:02 [INFO]: ::1 - - [31/Oct/2025:09:11:02 +0000] "GET /health HTTP/1.1" 200 124 "-" "-"
2025-10-31 09:11:32 [INFO]: ::1 - - [31/Oct/2025:09:11:32 +0000] "GET /health HTTP/1.1" 200 124 "-" "-"
2025-10-31 09:12:03 [INFO]: ::1 - - [31/Oct/2025:09:12:03 +0000] "GET /health HTTP/1.1" 200 124 "-" "-"
2025-10-31 09:12:33 [INFO]: ::1 - - [31/Oct/2025:09:12:33 +0000] "GET /health HTTP/1.1" 200 124 "-" "-"
2025-10-31 09:13:03 [INFO]: ::1 - - [31/Oct/2025:09:13:03 +0000] "GET /health HTTP/1.1" 200 124 "-" "-"
2025-10-31 09:13:33 [INFO]: ::1 - - [31/Oct/2025:09:13:33 +0000] "GET /health HTTP/1.1" 200 124 "-" "-"
2025-10-31 09:14:03 [INFO]: ::1 - - [31/Oct/2025:09:14:03 +0000] "GET /health HTTP/1.1" 200 124 "-" "-"
2025-10-31 09:14:33 [INFO]: ::1 - - [31/Oct/2025:09:14:33 +0000] "GET /health HTTP/1.1" 200 124 "-" "-"
2025-10-31 09:15:03 [INFO]: ::1 - - [31/Oct/2025:09:15:03 +0000] "GET /health HTTP/1.1" 200 124 "-" "-"
2025-10-31 09:15:33 [INFO]: ::1 - - [31/Oct/2025:09:15:33 +0000] "GET /health HTTP/1.1" 200 124 "-" "-"
2025-10-31 09:16:03 [INFO]: ::1 - - [31/Oct/2025:09:16:03 +0000] "GET /health HTTP/1.1" 200 124 "-" "-"
2025-10-31 09:16:33 [INFO]: ::1 - - [31/Oct/2025:09:16:33 +0000] "GET /health HTTP/1.1" 200 124 "-" "-"
2025-10-31 09:17:04 [INFO]: ::1 - - [31/Oct/2025:09:17:04 +0000] "GET /health HTTP/1.1" 200 124 "-" "-"
2025-10-31 09:17:34 [INFO]: ::1 - - [31/Oct/2025:09:17:34 +0000] "GET /health HTTP/1.1" 200 124 "-" "-"
2025-10-31 09:18:04 [INFO]: ::1 - - [31/Oct/2025:09:18:04 +0000] "GET /health HTTP/1.1" 200 124 "-" "-"
2025-10-31 09:18:34 [INFO]: ::1 - - [31/Oct/2025:09:18:34 +0000] "GET /health HTTP/1.1" 200 124 "-" "-"
2025-10-31 09:19:04 [INFO]: ::1 - - [31/Oct/2025:09:19:04 +0000] "GET /health HTTP/1.1" 200 124 "-" "-"
2025-10-31 09:19:34 [INFO]: ::1 - - [31/Oct/2025:09:19:34 +0000] "GET /health HTTP/1.1" 200 124 "-" "-"
2025-10-31 09:20:04 [INFO]: ::1 - - [31/Oct/2025:09:20:04 +0000] "GET /health HTTP/1.1" 200 124 "-" "-"
2025-10-31 09:20:34 [INFO]: ::1 - - [31/Oct/2025:09:20:34 +0000] "GET /health HTTP/1.1" 200 124 "-" "-"
2025-10-31 09:21:04 [INFO]: ::1 - - [31/Oct/2025:09:21:04 +0000] "GET /health HTTP/1.1" 200 124 "-" "-"
2025-10-31 09:21:35 [INFO]: ::1 - - [31/Oct/2025:09:21:35 +0000] "GET /health HTTP/1.1" 200 124 "-" "-"
2025-10-31 09:22:05 [INFO]: ::1 - - [31/Oct/2025:09:22:05 +0000] "GET /health HTTP/1.1" 200 124 "-" "-"
2025-10-31 09:22:35 [INFO]: ::1 - - [31/Oct/2025:09:22:35 +0000] "GET /health HTTP/1.1" 200 123 "-" "-"
2025-10-31 09:23:05 [INFO]: ::1 - - [31/Oct/2025:09:23:05 +0000] "GET /health HTTP/1.1" 200 124 "-" "-"
2025-10-31 09:23:35 [INFO]: ::1 - - [31/Oct/2025:09:23:35 +0000] "GET /health HTTP/1.1" 200 124 "-" "-"
2025-10-31 09:24:05 [INFO]: ::1 - - [31/Oct/2025:09:24:05 +0000] "GET /health HTTP/1.1" 200 124 "-" "-"
2025-10-31 09:24:35 [INFO]: ::1 - - [31/Oct/2025:09:24:35 +0000] "GET /health HTTP/1.1" 200 124 "-" "-"
2025-10-31 09:25:05 [INFO]: ::1 - - [31/Oct/2025:09:25:05 +0000] "GET /health HTTP/1.1" 200 124 "-" "-"
2025-10-31 09:25:35 [INFO]: ::1 - - [31/Oct/2025:09:25:35 +0000] "GET /health HTTP/1.1" 200 124 "-" "-"
2025-10-31 09:26:06 [INFO]: ::1 - - [31/Oct/2025:09:26:06 +0000] "GET /health HTTP/1.1" 200 124 "-" "-"
2025-10-31 09:26:36 [INFO]: ::1 - - [31/Oct/2025:09:26:36 +0000] "GET /health HTTP/1.1" 200 124 "-" "-"
2025-10-31 09:27:06 [INFO]: ::1 - - [31/Oct/2025:09:27:06 +0000] "GET /health HTTP/1.1" 200 124 "-" "-"
2025-10-31 09:27:36 [INFO]: ::1 - - [31/Oct/2025:09:27:36 +0000] "GET /health HTTP/1.1" 200 124 "-" "-"
2025-10-31 09:28:06 [INFO]: ::1 - - [31/Oct/2025:09:28:06 +0000] "GET /health HTTP/1.1" 200 124 "-" "-"
2025-10-31 09:28:36 [INFO]: ::1 - - [31/Oct/2025:09:28:36 +0000] "GET /health HTTP/1.1" 200 124 "-" "-"
2025-10-31 09:29:06 [INFO]: ::1 - - [31/Oct/2025:09:29:06 +0000] "GET /health HTTP/1.1" 200 124 "-" "-"
2025-10-31 09:29:36 [INFO]: ::1 - - [31/Oct/2025:09:29:36 +0000] "GET /health HTTP/1.1" 200 124 "-" "-"
2025-10-31 09:30:06 [INFO]: ::1 - - [31/Oct/2025:09:30:06 +0000] "GET /health HTTP/1.1" 200 124 "-" "-"
2025-10-31 09:30:36 [INFO]: ::1 - - [31/Oct/2025:09:30:36 +0000] "GET /health HTTP/1.1" 200 124 "-" "-"
2025-10-31 09:31:06 [INFO]: ::1 - - [31/Oct/2025:09:31:06 +0000] "GET /health HTTP/1.1" 200 124 "-" "-"
2025-10-31 09:31:37 [INFO]: ::1 - - [31/Oct/2025:09:31:37 +0000] "GET /health HTTP/1.1" 200 124 "-" "-"
2025-10-31 09:32:07 [INFO]: ::1 - - [31/Oct/2025:09:32:07 +0000] "GET /health HTTP/1.1" 200 124 "-" "-"
2025-10-31 09:32:37 [INFO]: ::1 - - [31/Oct/2025:09:32:37 +0000] "GET /health HTTP/1.1" 200 123 "-" "-"
2025-10-31 09:33:07 [INFO]: ::1 - - [31/Oct/2025:09:33:07 +0000] "GET /health HTTP/1.1" 200 122 "-" "-"
2025-10-31 09:33:37 [INFO]: ::1 - - [31/Oct/2025:09:33:37 +0000] "GET /health HTTP/1.1" 200 124 "-" "-"
2025-10-31 09:34:07 [INFO]: ::1 - - [31/Oct/2025:09:34:07 +0000] "GET /health HTTP/1.1" 200 124 "-" "-"
2025-10-31 09:34:37 [INFO]: ::1 - - [31/Oct/2025:09:34:37 +0000] "GET /health HTTP/1.1" 200 124 "-" "-"
2025-10-31 09:35:07 [INFO]: ::1 - - [31/Oct/2025:09:35:07 +0000] "GET /health HTTP/1.1" 200 124 "-" "-"
2025-10-31 09:35:37 [INFO]: ::1 - - [31/Oct/2025:09:35:37 +0000] "GET /health HTTP/1.1" 200 124 "-" "-"
2025-10-31 09:36:08 [INFO]: ::1 - - [31/Oct/2025:09:36:08 +0000] "GET /health HTTP/1.1" 200 123 "-" "-"
2025-10-31 09:36:38 [INFO]: ::1 - - [31/Oct/2025:09:36:38 +0000] "GET /health HTTP/1.1" 200 124 "-" "-"
2025-10-31 09:37:08 [INFO]: ::1 - - [31/Oct/2025:09:37:08 +0000] "GET /health HTTP/1.1" 200 124 "-" "-"
2025-10-31 09:37:38 [INFO]: ::1 - - [31/Oct/2025:09:37:38 +0000] "GET /health HTTP/1.1" 200 124 "-" "-"
2025-10-31 09:38:08 [INFO]: ::1 - - [31/Oct/2025:09:38:08 +0000] "GET /health HTTP/1.1" 200 124 "-" "-"
2025-10-31 09:38:38 [INFO]: ::1 - - [31/Oct/2025:09:38:38 +0000] "GET /health HTTP/1.1" 200 124 "-" "-"
2025-10-31 09:39:08 [INFO]: ::1 - - [31/Oct/2025:09:39:08 +0000] "GET /health HTTP/1.1" 200 124 "-" "-"
2025-10-31 09:39:38 [INFO]: ::1 - - [31/Oct/2025:09:39:38 +0000] "GET /health HTTP/1.1" 200 124 "-" "-"
2025-10-31 09:40:08 [INFO]: ::1 - - [31/Oct/2025:09:40:08 +0000] "GET /health HTTP/1.1" 200 123 "-" "-"
2025-10-31 09:40:39 [INFO]: ::1 - - [31/Oct/2025:09:40:39 +0000] "GET /health HTTP/1.1" 200 124 "-" "-"
2025-10-31 09:41:09 [INFO]: ::1 - - [31/Oct/2025:09:41:09 +0000] "GET /health HTTP/1.1" 200 124 "-" "-"
2025-10-31 09:41:39 [INFO]: ::1 - - [31/Oct/2025:09:41:39 +0000] "GET /health HTTP/1.1" 200 124 "-" "-"
2025-10-31 09:42:09 [INFO]: ::1 - - [31/Oct/2025:09:42:09 +0000] "GET /health HTTP/1.1" 200 124 "-" "-"
2025-10-31 09:42:39 [INFO]: ::1 - - [31/Oct/2025:09:42:39 +0000] "GET /health HTTP/1.1" 200 124 "-" "-"
2025-10-31 09:43:09 [INFO]: ::1 - - [31/Oct/2025:09:43:09 +0000] "GET /health HTTP/1.1" 200 124 "-" "-"
2025-10-31 09:43:39 [INFO]: ::1 - - [31/Oct/2025:09:43:39 +0000] "GET /health HTTP/1.1" 200 124 "-" "-"
2025-10-31 09:44:09 [INFO]: ::1 - - [31/Oct/2025:09:44:09 +0000] "GET /health HTTP/1.1" 200 124 "-" "-"
2025-10-31 09:44:39 [INFO]: ::1 - - [31/Oct/2025:09:44:39 +0000] "GET /health HTTP/1.1" 200 124 "-" "-"
2025-10-31 09:45:10 [INFO]: ::1 - - [31/Oct/2025:09:45:10 +0000] "GET /health HTTP/1.1" 200 124 "-" "-"
2025-10-31 09:45:40 [INFO]: ::1 - - [31/Oct/2025:09:45:40 +0000] "GET /health HTTP/1.1" 200 124 "-" "-"
2025-10-31 09:46:10 [INFO]: ::1 - - [31/Oct/2025:09:46:10 +0000] "GET /health HTTP/1.1" 200 124 "-" "-"
2025-10-31 09:46:40 [INFO]: ::1 - - [31/Oct/2025:09:46:40 +0000] "GET /health HTTP/1.1" 200 124 "-" "-"
2025-10-31 09:47:10 [INFO]: ::1 - - [31/Oct/2025:09:47:10 +0000] "GET /health HTTP/1.1" 200 124 "-" "-"
2025-10-31 09:47:40 [INFO]: ::1 - - [31/Oct/2025:09:47:40 +0000] "GET /health HTTP/1.1" 200 124 "-" "-"
2025-10-31 09:48:10 [INFO]: ::1 - - [31/Oct/2025:09:48:10 +0000] "GET /health HTTP/1.1" 200 124 "-" "-"
2025-10-31 09:48:40 [INFO]: ::1 - - [31/Oct/2025:09:48:40 +0000] "GET /health HTTP/1.1" 200 124 "-" "-"
2025-10-31 09:49:10 [INFO]: ::1 - - [31/Oct/2025:09:49:10 +0000] "GET /health HTTP/1.1" 200 124 "-" "-"
2025-10-31 09:49:40 [INFO]: ::1 - - [31/Oct/2025:09:49:40 +0000] "GET /health HTTP/1.1" 200 124 "-" "-"
2025-10-31 09:50:11 [INFO]: ::1 - - [31/Oct/2025:09:50:11 +0000] "GET /health HTTP/1.1" 200 124 "-" "-"
2025-10-31 09:50:41 [INFO]: ::1 - - [31/Oct/2025:09:50:41 +0000] "GET /health HTTP/1.1" 200 124 "-" "-"
2025-10-31 09:51:11 [INFO]: ::1 - - [31/Oct/2025:09:51:11 +0000] "GET /health HTTP/1.1" 200 124 "-" "-"
2025-10-31 09:51:41 [INFO]: ::1 - - [31/Oct/2025:09:51:41 +0000] "GET /health HTTP/1.1" 200 124 "-" "-"
2025-10-31 09:52:11 [INFO]: ::1 - - [31/Oct/2025:09:52:11 +0000] "GET /health HTTP/1.1" 200 124 "-" "-"
2025-10-31 09:52:41 [INFO]: ::1 - - [31/Oct/2025:09:52:41 +0000] "GET /health HTTP/1.1" 200 123 "-" "-"
2025-10-31 09:53:11 [INFO]: ::1 - - [31/Oct/2025:09:53:11 +0000] "GET /health HTTP/1.1" 200 124 "-" "-"
2025-10-31 09:53:41 [INFO]: ::1 - - [31/Oct/2025:09:53:41 +0000] "GET /health HTTP/1.1" 200 124 "-" "-"
2025-10-31 09:54:11 [INFO]: ::1 - - [31/Oct/2025:09:54:11 +0000] "GET /health HTTP/1.1" 200 124 "-" "-"
2025-10-31 09:54:42 [INFO]: ::1 - - [31/Oct/2025:09:54:42 +0000] "GET /health HTTP/1.1" 200 123 "-" "-"
2025-10-31 09:55:12 [INFO]: ::1 - - [31/Oct/2025:09:55:12 +0000] "GET /health HTTP/1.1" 200 124 "-" "-"
2025-10-31 09:55:42 [INFO]: ::1 - - [31/Oct/2025:09:55:42 +0000] "GET /health HTTP/1.1" 200 124 "-" "-"
2025-10-31 09:56:12 [INFO]: ::1 - - [31/Oct/2025:09:56:12 +0000] "GET /health HTTP/1.1" 200 124 "-" "-"
2025-10-31 09:56:42 [INFO]: ::1 - - [31/Oct/2025:09:56:42 +0000] "GET /health HTTP/1.1" 200 124 "-" "-"
2025-10-31 09:57:12 [INFO]: ::1 - - [31/Oct/2025:09:57:12 +0000] "GET /health HTTP/1.1" 200 124 "-" "-"
2025-10-31 09:57:42 [INFO]: ::1 - - [31/Oct/2025:09:57:42 +0000] "GET /health HTTP/1.1" 200 124 "-" "-"
2025-10-31 09:58:12 [INFO]: ::1 - - [31/Oct/2025:09:58:12 +0000] "GET /health HTTP/1.1" 200 124 "-" "-"
2025-10-31 09:58:42 [INFO]: ::1 - - [31/Oct/2025:09:58:42 +0000] "GET /health HTTP/1.1" 200 124 "-" "-"
2025-10-31 09:59:12 [INFO]: ::1 - - [31/Oct/2025:09:59:12 +0000] "GET /health HTTP/1.1" 200 124 "-" "-"
2025-10-31 09:59:43 [INFO]: ::1 - - [31/Oct/2025:09:59:43 +0000] "GET /health HTTP/1.1" 200 124 "-" "-"
2025-10-31 10:00:13 [INFO]: ::1 - - [31/Oct/2025:10:00:13 +0000] "GET /health HTTP/1.1" 200 124 "-" "-"
2025-10-31 10:00:43 [INFO]: ::1 - - [31/Oct/2025:10:00:43 +0000] "GET /health HTTP/1.1" 200 124 "-" "-"
2025-10-31 10:01:13 [INFO]: ::1 - - [31/Oct/2025:10:01:13 +0000] "GET /health HTTP/1.1" 200 124 "-" "-"
2025-10-31 10:01:43 [INFO]: ::1 - - [31/Oct/2025:10:01:43 +0000] "GET /health HTTP/1.1" 200 124 "-" "-"
2025-10-31 10:02:13 [INFO]: ::1 - - [31/Oct/2025:10:02:13 +0000] "GET /health HTTP/1.1" 200 124 "-" "-"
2025-10-31 10:02:43 [INFO]: ::1 - - [31/Oct/2025:10:02:43 +0000] "GET /health HTTP/1.1" 200 124 "-" "-"
2025-10-31 10:03:13 [INFO]: ::1 - - [31/Oct/2025:10:03:13 +0000] "GET /health HTTP/1.1" 200 124 "-" "-"
2025-10-31 10:03:43 [INFO]: ::1 - - [31/Oct/2025:10:03:43 +0000] "GET /health HTTP/1.1" 200 123 "-" "-"
2025-10-31 10:04:13 [INFO]: ::1 - - [31/Oct/2025:10:04:13 +0000] "GET /health HTTP/1.1" 200 124 "-" "-"
2025-10-31 10:04:43 [INFO]: ::1 - - [31/Oct/2025:10:04:43 +0000] "GET /health HTTP/1.1" 200 123 "-" "-"
2025-10-31 10:05:14 [INFO]: ::1 - - [31/Oct/2025:10:05:14 +0000] "GET /health HTTP/1.1" 200 124 "-" "-"
2025-10-31 10:05:44 [INFO]: ::1 - - [31/Oct/2025:10:05:44 +0000] "GET /health HTTP/1.1" 200 124 "-" "-"
2025-10-31 10:06:14 [INFO]: ::1 - - [31/Oct/2025:10:06:14 +0000] "GET /health HTTP/1.1" 200 124 "-" "-"
2025-10-31 10:06:44 [INFO]: ::1 - - [31/Oct/2025:10:06:44 +0000] "GET /health HTTP/1.1" 200 124 "-" "-"
2025-10-31 10:07:14 [INFO]: ::1 - - [31/Oct/2025:10:07:14 +0000] "GET /health HTTP/1.1" 200 124 "-" "-"
2025-10-31 10:07:44 [INFO]: ::1 - - [31/Oct/2025:10:07:44 +0000] "GET /health HTTP/1.1" 200 124 "-" "-"
2025-10-31 10:08:14 [INFO]: ::1 - - [31/Oct/2025:10:08:14 +0000] "GET /health HTTP/1.1" 200 124 "-" "-"
2025-10-31 10:08:44 [INFO]: ::1 - - [31/Oct/2025:10:08:44 +0000] "GET /health HTTP/1.1" 200 123 "-" "-"
2025-10-31 10:09:14 [INFO]: ::1 - - [31/Oct/2025:10:09:14 +0000] "GET /health HTTP/1.1" 200 124 "-" "-"
2025-10-31 10:09:45 [INFO]: ::1 - - [31/Oct/2025:10:09:45 +0000] "GET /health HTTP/1.1" 200 124 "-" "-"
2025-10-31 10:10:15 [INFO]: ::1 - - [31/Oct/2025:10:10:15 +0000] "GET /health HTTP/1.1" 200 124 "-" "-"
2025-10-31 10:10:45 [INFO]: ::1 - - [31/Oct/2025:10:10:45 +0000] "GET /health HTTP/1.1" 200 124 "-" "-"
2025-10-31 10:11:15 [INFO]: ::1 - - [31/Oct/2025:10:11:15 +0000] "GET /health HTTP/1.1" 200 124 "-" "-"
2025-10-31 10:11:45 [INFO]: ::1 - - [31/Oct/2025:10:11:45 +0000] "GET /health HTTP/1.1" 200 124 "-" "-"
2025-10-31 10:12:15 [INFO]: ::1 - - [31/Oct/2025:10:12:15 +0000] "GET /health HTTP/1.1" 200 124 "-" "-"
2025-10-31 10:12:45 [INFO]: ::1 - - [31/Oct/2025:10:12:45 +0000] "GET /health HTTP/1.1" 200 124 "-" "-"
2025-10-31 10:13:15 [INFO]: ::1 - - [31/Oct/2025:10:13:15 +0000] "GET /health HTTP/1.1" 200 124 "-" "-"
2025-10-31 10:13:46 [INFO]: ::1 - - [31/Oct/2025:10:13:46 +0000] "GET /health HTTP/1.1" 200 124 "-" "-"
2025-10-31 10:14:16 [INFO]: ::1 - - [31/Oct/2025:10:14:16 +0000] "GET /health HTTP/1.1" 200 124 "-" "-"
2025-10-31 10:14:46 [INFO]: ::1 - - [31/Oct/2025:10:14:46 +0000] "GET /health HTTP/1.1" 200 124 "-" "-"
2025-10-31 10:15:16 [INFO]: ::1 - - [31/Oct/2025:10:15:16 +0000] "GET /health HTTP/1.1" 200 124 "-" "-"
2025-10-31 10:15:46 [INFO]: ::1 - - [31/Oct/2025:10:15:46 +0000] "GET /health HTTP/1.1" 200 124 "-" "-"
2025-10-31 10:16:16 [INFO]: ::1 - - [31/Oct/2025:10:16:16 +0000] "GET /health HTTP/1.1" 200 124 "-" "-"
2025-10-31 10:16:46 [INFO]: ::1 - - [31/Oct/2025:10:16:46 +0000] "GET /health HTTP/1.1" 200 124 "-" "-"
2025-10-31 10:17:16 [INFO]: ::1 - - [31/Oct/2025:10:17:16 +0000] "GET /health HTTP/1.1" 200 124 "-" "-"
2025-10-31 10:17:46 [INFO]: ::1 - - [31/Oct/2025:10:17:46 +0000] "GET /health HTTP/1.1" 200 124 "-" "-"
2025-10-31 10:18:17 [INFO]: ::1 - - [31/Oct/2025:10:18:17 +0000] "GET /health HTTP/1.1" 200 124 "-" "-"
2025-10-31 10:18:47 [INFO]: ::1 - - [31/Oct/2025:10:18:47 +0000] "GET /health HTTP/1.1" 200 124 "-" "-"
2025-10-31 10:19:17 [INFO]: ::1 - - [31/Oct/2025:10:19:17 +0000] "GET /health HTTP/1.1" 200 124 "-" "-"
2025-10-31 10:19:47 [INFO]: ::1 - - [31/Oct/2025:10:19:47 +0000] "GET /health HTTP/1.1" 200 124 "-" "-"
2025-10-31 10:20:17 [INFO]: ::1 - - [31/Oct/2025:10:20:17 +0000] "GET /health HTTP/1.1" 200 124 "-" "-"
2025-10-31 10:20:47 [INFO]: ::1 - - [31/Oct/2025:10:20:47 +0000] "GET /health HTTP/1.1" 200 124 "-" "-"
2025-10-31 10:21:17 [INFO]: ::1 - - [31/Oct/2025:10:21:17 +0000] "GET /health HTTP/1.1" 200 124 "-" "-"
2025-10-31 10:21:47 [INFO]: ::1 - - [31/Oct/2025:10:21:47 +0000] "GET /health HTTP/1.1" 200 124 "-" "-"
2025-10-31 10:22:17 [INFO]: ::1 - - [31/Oct/2025:10:22:17 +0000] "GET /health HTTP/1.1" 200 124 "-" "-"
2025-10-31 10:22:48 [INFO]: ::1 - - [31/Oct/2025:10:22:48 +0000] "GET /health HTTP/1.1" 200 124 "-" "-"
2025-10-31 10:23:18 [INFO]: ::1 - - [31/Oct/2025:10:23:18 +0000] "GET /health HTTP/1.1" 200 124 "-" "-"
2025-10-31 10:23:48 [INFO]: ::1 - - [31/Oct/2025:10:23:48 +0000] "GET /health HTTP/1.1" 200 124 "-" "-"
2025-10-31 10:24:18 [INFO]: ::1 - - [31/Oct/2025:10:24:18 +0000] "GET /health HTTP/1.1" 200 124 "-" "-"
2025-10-31 10:24:48 [INFO]: ::1 - - [31/Oct/2025:10:24:48 +0000] "GET /health HTTP/1.1" 200 124 "-" "-"
2025-10-31 10:25:18 [INFO]: ::1 - - [31/Oct/2025:10:25:18 +0000] "GET /health HTTP/1.1" 200 124 "-" "-"
2025-10-31 10:25:48 [INFO]: ::1 - - [31/Oct/2025:10:25:48 +0000] "GET /health HTTP/1.1" 200 124 "-" "-"
2025-10-31 10:26:18 [INFO]: ::1 - - [31/Oct/2025:10:26:18 +0000] "GET /health HTTP/1.1" 200 124 "-" "-"
2025-10-31 10:26:48 [INFO]: ::1 - - [31/Oct/2025:10:26:48 +0000] "GET /health HTTP/1.1" 200 124 "-" "-"
2025-10-31 10:27:19 [INFO]: ::1 - - [31/Oct/2025:10:27:19 +0000] "GET /health HTTP/1.1" 200 124 "-" "-"
2025-10-31 10:27:49 [INFO]: ::1 - - [31/Oct/2025:10:27:49 +0000] "GET /health HTTP/1.1" 200 124 "-" "-"
2025-10-31 10:28:19 [INFO]: ::1 - - [31/Oct/2025:10:28:19 +0000] "GET /health HTTP/1.1" 200 124 "-" "-"
2025-10-31 10:28:49 [INFO]: ::1 - - [31/Oct/2025:10:28:49 +0000] "GET /health HTTP/1.1" 200 124 "-" "-"
2025-10-31 10:29:19 [INFO]: ::1 - - [31/Oct/2025:10:29:19 +0000] "GET /health HTTP/1.1" 200 124 "-" "-"
2025-10-31 10:29:49 [INFO]: ::1 - - [31/Oct/2025:10:29:49 +0000] "GET /health HTTP/1.1" 200 124 "-" "-"
2025-10-31 10:30:19 [INFO]: ::1 - - [31/Oct/2025:10:30:19 +0000] "GET /health HTTP/1.1" 200 124 "-" "-"
2025-10-31 10:30:49 [INFO]: ::1 - - [31/Oct/2025:10:30:49 +0000] "GET /health HTTP/1.1" 200 124 "-" "-"
2025-10-31 10:31:19 [INFO]: ::1 - - [31/Oct/2025:10:31:19 +0000] "GET /health HTTP/1.1" 200 123 "-" "-"
2025-10-31 10:31:50 [INFO]: ::1 - - [31/Oct/2025:10:31:50 +0000] "GET /health HTTP/1.1" 200 124 "-" "-"
2025-10-31 10:32:20 [INFO]: ::1 - - [31/Oct/2025:10:32:20 +0000] "GET /health HTTP/1.1" 200 124 "-" "-"
2025-10-31 10:32:50 [INFO]: ::1 - - [31/Oct/2025:10:32:50 +0000] "GET /health HTTP/1.1" 200 124 "-" "-"
2025-10-31 10:33:20 [INFO]: ::1 - - [31/Oct/2025:10:33:20 +0000] "GET /health HTTP/1.1" 200 124 "-" "-"
2025-10-31 10:33:50 [INFO]: ::1 - - [31/Oct/2025:10:33:50 +0000] "GET /health HTTP/1.1" 200 124 "-" "-"
2025-10-31 10:34:20 [INFO]: ::1 - - [31/Oct/2025:10:34:20 +0000] "GET /health HTTP/1.1" 200 124 "-" "-"
