2025-10-24 01:17:51 [INFO]: Redis connected successfully
2025-10-24 01:17:51 [INFO]: PostgreSQL connected successfully
2025-10-24 01:17:51 [INFO]: Redis connected successfully
2025-10-24 01:17:51 [INFO]: Server running on port 4000 in production mode
2025-10-24 01:17:51 [INFO]: API available at: http://localhost:4000/api
2025-10-24 01:17:54 [INFO]: ::1 - - [24/Oct/2025:01:17:54 +0000] "GET /health HTTP/1.1" 200 120 "-" "-"
2025-10-24 01:18:14 [ERROR]: Authentication error: Invalid or expired token
Error: Invalid or expired token
    at verifyAccessToken (/app/src/utils/token.js:37:11)
    at authenticate (/app/src/middleware/auth.js:23:21)
    at Layer.handle [as handle_request] (/app/node_modules/express/lib/router/layer.js:95:5)
    at next (/app/node_modules/express/lib/router/route.js:149:13)
    at Route.dispatch (/app/node_modules/express/lib/router/route.js:119:3)
    at Layer.handle [as handle_request] (/app/node_modules/express/lib/router/layer.js:95:5)
    at /app/node_modules/express/lib/router/index.js:284:15
    at Function.process_params (/app/node_modules/express/lib/router/index.js:346:12)
    at next (/app/node_modules/express/lib/router/index.js:280:10)
    at Function.handle (/app/node_modules/express/lib/router/index.js:175:3)
2025-10-24 01:18:14 [INFO]: ::ffff:172.18.0.1 - - [24/Oct/2025:01:18:14 +0000] "GET /api/auth/me HTTP/1.1" 401 54 "http://localhost:4001/" "Mozilla/5.0 (Windows NT 10.0; Win64; x64) AppleWebKit/537.36 (KHTML, like Gecko) Chrome/141.0.0.0 Safari/537.36"
2025-10-24 01:18:22 [INFO]: User logged in: admin@kpn.com
2025-10-24 01:18:22 [INFO]: ::ffff:172.18.0.1 - - [24/Oct/2025:01:18:22 +0000] "POST /api/auth/login HTTP/1.1" 200 437 "http://localhost:4001/" "Mozilla/5.0 (Windows NT 10.0; Win64; x64) AppleWebKit/537.36 (KHTML, like Gecko) Chrome/141.0.0.0 Safari/537.36"
2025-10-24 01:18:25 [INFO]: ::1 - - [24/Oct/2025:01:18:25 +0000] "GET /health HTTP/1.1" 200 120 "-" "-"
2025-10-24 01:18:55 [INFO]: ::1 - - [24/Oct/2025:01:18:55 +0000] "GET /health HTTP/1.1" 200 121 "-" "-"
2025-10-24 01:19:25 [INFO]: ::1 - - [24/Oct/2025:01:19:25 +0000] "GET /health HTTP/1.1" 200 121 "-" "-"
2025-10-24 01:19:55 [INFO]: ::1 - - [24/Oct/2025:01:19:55 +0000] "GET /health HTTP/1.1" 200 122 "-" "-"
2025-10-24 01:20:25 [INFO]: ::1 - - [24/Oct/2025:01:20:25 +0000] "GET /health HTTP/1.1" 200 122 "-" "-"
2025-10-24 01:20:55 [INFO]: ::1 - - [24/Oct/2025:01:20:55 +0000] "GET /health HTTP/1.1" 200 122 "-" "-"
2025-10-24 01:21:25 [INFO]: ::1 - - [24/Oct/2025:01:21:25 +0000] "GET /health HTTP/1.1" 200 122 "-" "-"
2025-10-24 01:21:55 [INFO]: ::1 - - [24/Oct/2025:01:21:55 +0000] "GET /health HTTP/1.1" 200 122 "-" "-"
2025-10-24 01:22:25 [INFO]: ::1 - - [24/Oct/2025:01:22:25 +0000] "GET /health HTTP/1.1" 200 122 "-" "-"
2025-10-24 01:22:55 [INFO]: ::1 - - [24/Oct/2025:01:22:55 +0000] "GET /health HTTP/1.1" 200 122 "-" "-"
2025-10-24 01:23:26 [INFO]: ::1 - - [24/Oct/2025:01:23:26 +0000] "GET /health HTTP/1.1" 200 122 "-" "-"
2025-10-24 01:23:56 [INFO]: ::1 - - [24/Oct/2025:01:23:56 +0000] "GET /health HTTP/1.1" 200 122 "-" "-"
2025-10-24 01:24:26 [INFO]: ::1 - - [24/Oct/2025:01:24:26 +0000] "GET /health HTTP/1.1" 200 120 "-" "-"
2025-10-24 01:24:56 [INFO]: ::1 - - [24/Oct/2025:01:24:56 +0000] "GET /health HTTP/1.1" 200 122 "-" "-"
2025-10-24 01:25:26 [INFO]: ::1 - - [24/Oct/2025:01:25:26 +0000] "GET /health HTTP/1.1" 200 122 "-" "-"
2025-10-24 01:25:56 [INFO]: ::1 - - [24/Oct/2025:01:25:56 +0000] "GET /health HTTP/1.1" 200 122 "-" "-"
2025-10-24 01:26:27 [INFO]: ::1 - - [24/Oct/2025:01:26:27 +0000] "GET /health HTTP/1.1" 200 122 "-" "-"
2025-10-24 01:26:57 [INFO]: ::1 - - [24/Oct/2025:01:26:57 +0000] "GET /health HTTP/1.1" 200 122 "-" "-"
2025-10-24 01:27:27 [INFO]: ::1 - - [24/Oct/2025:01:27:27 +0000] "GET /health HTTP/1.1" 200 122 "-" "-"
2025-10-24 01:27:57 [INFO]: ::1 - - [24/Oct/2025:01:27:57 +0000] "GET /health HTTP/1.1" 200 122 "-" "-"
2025-10-24 01:28:27 [INFO]: ::1 - - [24/Oct/2025:01:28:27 +0000] "GET /health HTTP/1.1" 200 122 "-" "-"
2025-10-24 01:28:57 [INFO]: ::1 - - [24/Oct/2025:01:28:57 +0000] "GET /health HTTP/1.1" 200 122 "-" "-"
2025-10-24 01:29:27 [INFO]: ::1 - - [24/Oct/2025:01:29:27 +0000] "GET /health HTTP/1.1" 200 122 "-" "-"
2025-10-24 01:29:57 [INFO]: ::1 - - [24/Oct/2025:01:29:57 +0000] "GET /health HTTP/1.1" 200 121 "-" "-"
2025-10-24 01:30:27 [INFO]: ::1 - - [24/Oct/2025:01:30:27 +0000] "GET /health HTTP/1.1" 200 122 "-" "-"
2025-10-24 01:30:58 [INFO]: ::1 - - [24/Oct/2025:01:30:58 +0000] "GET /health HTTP/1.1" 200 122 "-" "-"
2025-10-24 01:31:28 [INFO]: ::1 - - [24/Oct/2025:01:31:28 +0000] "GET /health HTTP/1.1" 200 122 "-" "-"
2025-10-24 01:34:10 [ERROR]: Authentication error: Invalid or expired token
Error: Invalid or expired token
    at verifyAccessToken (/app/src/utils/token.js:37:11)
    at authenticate (/app/src/middleware/auth.js:23:21)
    at Layer.handle [as handle_request] (/app/node_modules/express/lib/router/layer.js:95:5)
    at next (/app/node_modules/express/lib/router/route.js:149:13)
    at Route.dispatch (/app/node_modules/express/lib/router/route.js:119:3)
    at Layer.handle [as handle_request] (/app/node_modules/express/lib/router/layer.js:95:5)
    at /app/node_modules/express/lib/router/index.js:284:15
    at Function.process_params (/app/node_modules/express/lib/router/index.js:346:12)
    at next (/app/node_modules/express/lib/router/index.js:280:10)
    at Function.handle (/app/node_modules/express/lib/router/index.js:175:3)
2025-10-24 01:34:10 [INFO]: ::ffff:172.18.0.1 - - [24/Oct/2025:01:34:10 +0000] "GET /api/auth/me HTTP/1.1" 401 54 "http://localhost:4001/" "Mozilla/5.0 (Windows NT 10.0; Win64; x64) AppleWebKit/537.36 (KHTML, like Gecko) Chrome/141.0.0.0 Safari/537.36"
2025-10-24 01:34:17 [INFO]: ::1 - - [24/Oct/2025:01:34:17 +0000] "GET /health HTTP/1.1" 200 122 "-" "-"
2025-10-24 01:34:47 [INFO]: ::1 - - [24/Oct/2025:01:34:47 +0000] "GET /health HTTP/1.1" 200 121 "-" "-"
2025-10-24 01:35:17 [INFO]: User logged in: admin@kpn.com
2025-10-24 01:35:17 [INFO]: ::ffff:172.18.0.1 - - [24/Oct/2025:01:35:17 +0000] "POST /api/auth/login HTTP/1.1" 200 437 "http://localhost:4001/" "Mozilla/5.0 (Windows NT 10.0; Win64; x64) AppleWebKit/537.36 (KHTML, like Gecko) Chrome/141.0.0.0 Safari/537.36"
2025-10-24 01:35:18 [INFO]: ::1 - - [24/Oct/2025:01:35:18 +0000] "GET /health HTTP/1.1" 200 122 "-" "-"
2025-10-24 01:35:48 [INFO]: ::1 - - [24/Oct/2025:01:35:48 +0000] "GET /health HTTP/1.1" 200 122 "-" "-"
2025-10-24 01:36:18 [INFO]: ::1 - - [24/Oct/2025:01:36:18 +0000] "GET /health HTTP/1.1" 200 122 "-" "-"
2025-10-24 01:36:48 [INFO]: ::1 - - [24/Oct/2025:01:36:48 +0000] "GET /health HTTP/1.1" 200 122 "-" "-"
2025-10-24 01:37:18 [INFO]: ::1 - - [24/Oct/2025:01:37:18 +0000] "GET /health HTTP/1.1" 200 123 "-" "-"
2025-10-24 01:37:48 [INFO]: ::1 - - [24/Oct/2025:01:37:48 +0000] "GET /health HTTP/1.1" 200 123 "-" "-"
2025-10-24 01:38:18 [INFO]: ::1 - - [24/Oct/2025:01:38:18 +0000] "GET /health HTTP/1.1" 200 123 "-" "-"
2025-10-24 01:38:48 [INFO]: ::1 - - [24/Oct/2025:01:38:48 +0000] "GET /health HTTP/1.1" 200 123 "-" "-"
2025-10-24 01:39:18 [INFO]: ::1 - - [24/Oct/2025:01:39:18 +0000] "GET /health HTTP/1.1" 200 123 "-" "-"
2025-10-24 01:39:48 [INFO]: ::1 - - [24/Oct/2025:01:39:48 +0000] "GET /health HTTP/1.1" 200 123 "-" "-"
2025-10-24 01:40:18 [INFO]: ::1 - - [24/Oct/2025:01:40:18 +0000] "GET /health HTTP/1.1" 200 123 "-" "-"
2025-10-24 01:40:49 [INFO]: ::1 - - [24/Oct/2025:01:40:49 +0000] "GET /health HTTP/1.1" 200 122 "-" "-"
2025-10-24 01:41:19 [INFO]: ::1 - - [24/Oct/2025:01:41:19 +0000] "GET /health HTTP/1.1" 200 123 "-" "-"
2025-10-24 01:41:49 [INFO]: ::1 - - [24/Oct/2025:01:41:49 +0000] "GET /health HTTP/1.1" 200 123 "-" "-"
2025-10-24 01:42:19 [INFO]: ::1 - - [24/Oct/2025:01:42:19 +0000] "GET /health HTTP/1.1" 200 123 "-" "-"
2025-10-24 01:42:49 [INFO]: ::1 - - [24/Oct/2025:01:42:49 +0000] "GET /health HTTP/1.1" 200 123 "-" "-"
2025-10-24 01:43:19 [INFO]: ::1 - - [24/Oct/2025:01:43:19 +0000] "GET /health HTTP/1.1" 200 122 "-" "-"
2025-10-24 01:43:49 [INFO]: ::1 - - [24/Oct/2025:01:43:49 +0000] "GET /health HTTP/1.1" 200 123 "-" "-"
2025-10-24 01:44:19 [INFO]: ::1 - - [24/Oct/2025:01:44:19 +0000] "GET /health HTTP/1.1" 200 123 "-" "-"
2025-10-24 01:44:49 [INFO]: ::1 - - [24/Oct/2025:01:44:49 +0000] "GET /health HTTP/1.1" 200 123 "-" "-"
2025-10-24 01:45:19 [INFO]: ::1 - - [24/Oct/2025:01:45:19 +0000] "GET /health HTTP/1.1" 200 122 "-" "-"
2025-10-24 01:45:50 [INFO]: ::1 - - [24/Oct/2025:01:45:50 +0000] "GET /health HTTP/1.1" 200 123 "-" "-"
2025-10-24 01:46:20 [INFO]: ::1 - - [24/Oct/2025:01:46:20 +0000] "GET /health HTTP/1.1" 200 123 "-" "-"
2025-10-24 01:46:50 [INFO]: ::1 - - [24/Oct/2025:01:46:50 +0000] "GET /health HTTP/1.1" 200 123 "-" "-"
2025-10-24 01:47:20 [INFO]: ::1 - - [24/Oct/2025:01:47:20 +0000] "GET /health HTTP/1.1" 200 123 "-" "-"
2025-10-24 01:47:50 [INFO]: ::1 - - [24/Oct/2025:01:47:50 +0000] "GET /health HTTP/1.1" 200 123 "-" "-"
2025-10-24 01:48:20 [INFO]: ::1 - - [24/Oct/2025:01:48:20 +0000] "GET /health HTTP/1.1" 200 123 "-" "-"
2025-10-24 01:48:50 [INFO]: ::1 - - [24/Oct/2025:01:48:50 +0000] "GET /health HTTP/1.1" 200 123 "-" "-"
2025-10-24 01:49:20 [INFO]: ::1 - - [24/Oct/2025:01:49:20 +0000] "GET /health HTTP/1.1" 200 123 "-" "-"
2025-10-24 01:49:50 [INFO]: ::1 - - [24/Oct/2025:01:49:50 +0000] "GET /health HTTP/1.1" 200 123 "-" "-"
2025-10-24 01:50:21 [INFO]: ::1 - - [24/Oct/2025:01:50:21 +0000] "GET /health HTTP/1.1" 200 123 "-" "-"
2025-10-24 01:50:51 [INFO]: ::1 - - [24/Oct/2025:01:50:51 +0000] "GET /health HTTP/1.1" 200 121 "-" "-"
2025-10-24 01:51:21 [INFO]: ::1 - - [24/Oct/2025:01:51:21 +0000] "GET /health HTTP/1.1" 200 123 "-" "-"
2025-10-24 01:51:51 [INFO]: ::1 - - [24/Oct/2025:01:51:51 +0000] "GET /health HTTP/1.1" 200 123 "-" "-"
2025-10-24 01:52:21 [INFO]: ::1 - - [24/Oct/2025:01:52:21 +0000] "GET /health HTTP/1.1" 200 123 "-" "-"
2025-10-24 01:52:51 [INFO]: ::1 - - [24/Oct/2025:01:52:51 +0000] "GET /health HTTP/1.1" 200 123 "-" "-"
2025-10-24 01:53:21 [INFO]: ::1 - - [24/Oct/2025:01:53:21 +0000] "GET /health HTTP/1.1" 200 123 "-" "-"
2025-10-24 01:53:51 [INFO]: ::1 - - [24/Oct/2025:01:53:51 +0000] "GET /health HTTP/1.1" 200 123 "-" "-"
2025-10-24 01:54:21 [INFO]: ::1 - - [24/Oct/2025:01:54:21 +0000] "GET /health HTTP/1.1" 200 123 "-" "-"
2025-10-24 01:54:51 [INFO]: ::1 - - [24/Oct/2025:01:54:51 +0000] "GET /health HTTP/1.1" 200 123 "-" "-"
2025-10-24 01:55:22 [INFO]: ::1 - - [24/Oct/2025:01:55:22 +0000] "GET /health HTTP/1.1" 200 123 "-" "-"
2025-10-24 01:55:52 [INFO]: ::1 - - [24/Oct/2025:01:55:52 +0000] "GET /health HTTP/1.1" 200 123 "-" "-"
2025-10-24 01:56:22 [INFO]: ::1 - - [24/Oct/2025:01:56:22 +0000] "GET /health HTTP/1.1" 200 123 "-" "-"
2025-10-24 01:56:52 [INFO]: ::1 - - [24/Oct/2025:01:56:52 +0000] "GET /health HTTP/1.1" 200 122 "-" "-"
2025-10-24 01:57:22 [INFO]: ::1 - - [24/Oct/2025:01:57:22 +0000] "GET /health HTTP/1.1" 200 123 "-" "-"
2025-10-24 01:57:52 [INFO]: ::1 - - [24/Oct/2025:01:57:52 +0000] "GET /health HTTP/1.1" 200 123 "-" "-"
2025-10-24 01:58:22 [INFO]: ::1 - - [24/Oct/2025:01:58:22 +0000] "GET /health HTTP/1.1" 200 123 "-" "-"
2025-10-24 01:58:52 [INFO]: ::1 - - [24/Oct/2025:01:58:52 +0000] "GET /health HTTP/1.1" 200 123 "-" "-"
2025-10-24 01:59:22 [INFO]: ::1 - - [24/Oct/2025:01:59:22 +0000] "GET /health HTTP/1.1" 200 123 "-" "-"
2025-10-24 01:59:52 [INFO]: ::1 - - [24/Oct/2025:01:59:52 +0000] "GET /health HTTP/1.1" 200 123 "-" "-"
2025-10-24 02:00:22 [INFO]: ::1 - - [24/Oct/2025:02:00:22 +0000] "GET /health HTTP/1.1" 200 123 "-" "-"
2025-10-24 02:00:53 [INFO]: ::1 - - [24/Oct/2025:02:00:53 +0000] "GET /health HTTP/1.1" 200 123 "-" "-"
2025-10-24 02:01:23 [INFO]: ::1 - - [24/Oct/2025:02:01:23 +0000] "GET /health HTTP/1.1" 200 123 "-" "-"
2025-10-24 02:01:53 [INFO]: ::1 - - [24/Oct/2025:02:01:53 +0000] "GET /health HTTP/1.1" 200 123 "-" "-"
2025-10-24 02:02:23 [INFO]: ::1 - - [24/Oct/2025:02:02:23 +0000] "GET /health HTTP/1.1" 200 123 "-" "-"
2025-10-24 02:02:53 [INFO]: ::1 - - [24/Oct/2025:02:02:53 +0000] "GET /health HTTP/1.1" 200 123 "-" "-"
2025-10-24 02:03:23 [INFO]: ::1 - - [24/Oct/2025:02:03:23 +0000] "GET /health HTTP/1.1" 200 123 "-" "-"
2025-10-24 02:03:53 [INFO]: ::1 - - [24/Oct/2025:02:03:53 +0000] "GET /health HTTP/1.1" 200 123 "-" "-"
2025-10-24 02:04:23 [INFO]: ::1 - - [24/Oct/2025:02:04:23 +0000] "GET /health HTTP/1.1" 200 123 "-" "-"
2025-10-24 02:04:53 [INFO]: ::1 - - [24/Oct/2025:02:04:53 +0000] "GET /health HTTP/1.1" 200 123 "-" "-"
2025-10-24 02:05:23 [INFO]: ::1 - - [24/Oct/2025:02:05:23 +0000] "GET /health HTTP/1.1" 200 122 "-" "-"
2025-10-24 02:05:54 [INFO]: ::1 - - [24/Oct/2025:02:05:54 +0000] "GET /health HTTP/1.1" 200 123 "-" "-"
2025-10-24 02:06:24 [INFO]: ::1 - - [24/Oct/2025:02:06:24 +0000] "GET /health HTTP/1.1" 200 121 "-" "-"
2025-10-24 02:06:54 [INFO]: ::1 - - [24/Oct/2025:02:06:54 +0000] "GET /health HTTP/1.1" 200 122 "-" "-"
2025-10-24 02:07:24 [INFO]: ::1 - - [24/Oct/2025:02:07:24 +0000] "GET /health HTTP/1.1" 200 123 "-" "-"
2025-10-24 02:07:37 [ERROR]: Authentication error: Invalid or expired token
Error: Invalid or expired token
    at verifyAccessToken (/app/src/utils/token.js:37:11)
    at authenticate (/app/src/middleware/auth.js:23:21)
    at Layer.handle [as handle_request] (/app/node_modules/express/lib/router/layer.js:95:5)
    at next (/app/node_modules/express/lib/router/route.js:149:13)
    at Route.dispatch (/app/node_modules/express/lib/router/route.js:119:3)
    at Layer.handle [as handle_request] (/app/node_modules/express/lib/router/layer.js:95:5)
    at /app/node_modules/express/lib/router/index.js:284:15
    at Function.process_params (/app/node_modules/express/lib/router/index.js:346:12)
    at next (/app/node_modules/express/lib/router/index.js:280:10)
    at Function.handle (/app/node_modules/express/lib/router/index.js:175:3)
2025-10-24 02:07:37 [INFO]: ::ffff:172.18.0.1 - - [24/Oct/2025:02:07:37 +0000] "GET /api/auth/me HTTP/1.1" 401 54 "http://localhost:4001/" "Mozilla/5.0 (Windows NT 10.0; Win64; x64) AppleWebKit/537.36 (KHTML, like Gecko) Chrome/141.0.0.0 Safari/537.36"
2025-10-24 02:07:38 [INFO]: User logged in: admin@kpn.com
2025-10-24 02:07:38 [INFO]: ::ffff:172.18.0.1 - - [24/Oct/2025:02:07:38 +0000] "POST /api/auth/login HTTP/1.1" 200 437 "http://localhost:4001/" "Mozilla/5.0 (Windows NT 10.0; Win64; x64) AppleWebKit/537.36 (KHTML, like Gecko) Chrome/141.0.0.0 Safari/537.36"
2025-10-24 02:07:54 [INFO]: ::1 - - [24/Oct/2025:02:07:54 +0000] "GET /health HTTP/1.1" 200 123 "-" "-"
2025-10-24 02:08:24 [INFO]: ::1 - - [24/Oct/2025:02:08:24 +0000] "GET /health HTTP/1.1" 200 123 "-" "-"
2025-10-24 02:08:54 [INFO]: ::1 - - [24/Oct/2025:02:08:54 +0000] "GET /health HTTP/1.1" 200 123 "-" "-"
2025-10-24 02:09:24 [INFO]: ::1 - - [24/Oct/2025:02:09:24 +0000] "GET /health HTTP/1.1" 200 123 "-" "-"
2025-10-24 02:09:54 [INFO]: ::1 - - [24/Oct/2025:02:09:54 +0000] "GET /health HTTP/1.1" 200 123 "-" "-"
2025-10-24 02:10:24 [INFO]: ::1 - - [24/Oct/2025:02:10:24 +0000] "GET /health HTTP/1.1" 200 123 "-" "-"
2025-10-24 02:10:54 [INFO]: ::1 - - [24/Oct/2025:02:10:54 +0000] "GET /health HTTP/1.1" 200 123 "-" "-"
2025-10-24 02:11:25 [INFO]: ::1 - - [24/Oct/2025:02:11:25 +0000] "GET /health HTTP/1.1" 200 123 "-" "-"
2025-10-24 02:11:55 [INFO]: ::1 - - [24/Oct/2025:02:11:55 +0000] "GET /health HTTP/1.1" 200 123 "-" "-"
2025-10-24 02:12:25 [INFO]: ::1 - - [24/Oct/2025:02:12:25 +0000] "GET /health HTTP/1.1" 200 123 "-" "-"
2025-10-24 02:12:55 [INFO]: ::1 - - [24/Oct/2025:02:12:55 +0000] "GET /health HTTP/1.1" 200 123 "-" "-"
2025-10-24 02:13:25 [INFO]: ::1 - - [24/Oct/2025:02:13:25 +0000] "GET /health HTTP/1.1" 200 123 "-" "-"
2025-10-24 02:13:55 [INFO]: ::1 - - [24/Oct/2025:02:13:55 +0000] "GET /health HTTP/1.1" 200 123 "-" "-"
2025-10-24 02:14:25 [INFO]: ::1 - - [24/Oct/2025:02:14:25 +0000] "GET /health HTTP/1.1" 200 123 "-" "-"
2025-10-24 02:14:55 [INFO]: ::1 - - [24/Oct/2025:02:14:55 +0000] "GET /health HTTP/1.1" 200 123 "-" "-"
2025-10-24 02:15:25 [INFO]: ::1 - - [24/Oct/2025:02:15:25 +0000] "GET /health HTTP/1.1" 200 122 "-" "-"
2025-10-24 02:15:56 [INFO]: ::1 - - [24/Oct/2025:02:15:56 +0000] "GET /health HTTP/1.1" 200 123 "-" "-"
2025-10-24 02:16:26 [INFO]: ::1 - - [24/Oct/2025:02:16:26 +0000] "GET /health HTTP/1.1" 200 123 "-" "-"
2025-10-24 02:16:56 [INFO]: ::1 - - [24/Oct/2025:02:16:56 +0000] "GET /health HTTP/1.1" 200 123 "-" "-"
2025-10-24 02:17:26 [INFO]: ::1 - - [24/Oct/2025:02:17:26 +0000] "GET /health HTTP/1.1" 200 123 "-" "-"
2025-10-24 02:17:56 [INFO]: ::1 - - [24/Oct/2025:02:17:56 +0000] "GET /health HTTP/1.1" 200 123 "-" "-"
2025-10-24 02:18:26 [INFO]: ::1 - - [24/Oct/2025:02:18:26 +0000] "GET /health HTTP/1.1" 200 123 "-" "-"
2025-10-24 02:18:56 [INFO]: ::1 - - [24/Oct/2025:02:18:56 +0000] "GET /health HTTP/1.1" 200 123 "-" "-"
2025-10-24 02:19:26 [INFO]: ::1 - - [24/Oct/2025:02:19:26 +0000] "GET /health HTTP/1.1" 200 123 "-" "-"
2025-10-24 02:19:56 [INFO]: ::1 - - [24/Oct/2025:02:19:56 +0000] "GET /health HTTP/1.1" 200 123 "-" "-"
2025-10-24 02:20:26 [INFO]: ::1 - - [24/Oct/2025:02:20:26 +0000] "GET /health HTTP/1.1" 200 123 "-" "-"
2025-10-24 02:20:57 [INFO]: ::1 - - [24/Oct/2025:02:20:57 +0000] "GET /health HTTP/1.1" 200 123 "-" "-"
2025-10-24 02:21:27 [INFO]: ::1 - - [24/Oct/2025:02:21:27 +0000] "GET /health HTTP/1.1" 200 123 "-" "-"
2025-10-24 02:21:57 [INFO]: ::1 - - [24/Oct/2025:02:21:57 +0000] "GET /health HTTP/1.1" 200 123 "-" "-"
2025-10-24 02:22:27 [INFO]: ::1 - - [24/Oct/2025:02:22:27 +0000] "GET /health HTTP/1.1" 200 123 "-" "-"
2025-10-24 02:22:57 [INFO]: ::1 - - [24/Oct/2025:02:22:57 +0000] "GET /health HTTP/1.1" 200 123 "-" "-"
2025-10-24 02:23:27 [INFO]: ::1 - - [24/Oct/2025:02:23:27 +0000] "GET /health HTTP/1.1" 200 123 "-" "-"
2025-10-24 02:23:57 [INFO]: ::1 - - [24/Oct/2025:02:23:57 +0000] "GET /health HTTP/1.1" 200 123 "-" "-"
2025-10-24 02:24:08 [ERROR]: Authentication error: Invalid or expired token
Error: Invalid or expired token
    at verifyAccessToken (/app/src/utils/token.js:37:11)
    at authenticate (/app/src/middleware/auth.js:23:21)
    at Layer.handle [as handle_request] (/app/node_modules/express/lib/router/layer.js:95:5)
    at next (/app/node_modules/express/lib/router/route.js:149:13)
    at Route.dispatch (/app/node_modules/express/lib/router/route.js:119:3)
    at Layer.handle [as handle_request] (/app/node_modules/express/lib/router/layer.js:95:5)
    at /app/node_modules/express/lib/router/index.js:284:15
    at Function.process_params (/app/node_modules/express/lib/router/index.js:346:12)
    at next (/app/node_modules/express/lib/router/index.js:280:10)
    at Function.handle (/app/node_modules/express/lib/router/index.js:175:3)
2025-10-24 02:24:08 [INFO]: ::ffff:172.18.0.1 - - [24/Oct/2025:02:24:08 +0000] "GET /api/auth/me HTTP/1.1" 401 54 "http://localhost:4001/" "Mozilla/5.0 (Windows NT 10.0; Win64; x64) AppleWebKit/537.36 (KHTML, like Gecko) Chrome/141.0.0.0 Safari/537.36"
2025-10-24 02:24:27 [INFO]: ::1 - - [24/Oct/2025:02:24:27 +0000] "GET /health HTTP/1.1" 200 123 "-" "-"
2025-10-24 02:24:57 [INFO]: ::1 - - [24/Oct/2025:02:24:57 +0000] "GET /health HTTP/1.1" 200 123 "-" "-"
2025-10-24 02:25:28 [INFO]: ::1 - - [24/Oct/2025:02:25:28 +0000] "GET /health HTTP/1.1" 200 123 "-" "-"
2025-10-24 02:25:58 [INFO]: ::1 - - [24/Oct/2025:02:25:58 +0000] "GET /health HTTP/1.1" 200 122 "-" "-"
2025-10-24 02:26:28 [INFO]: ::1 - - [24/Oct/2025:02:26:28 +0000] "GET /health HTTP/1.1" 200 123 "-" "-"
2025-10-24 02:26:58 [INFO]: ::1 - - [24/Oct/2025:02:26:58 +0000] "GET /health HTTP/1.1" 200 123 "-" "-"
2025-10-24 02:27:28 [INFO]: ::1 - - [24/Oct/2025:02:27:28 +0000] "GET /health HTTP/1.1" 200 123 "-" "-"
2025-10-24 02:27:58 [INFO]: ::1 - - [24/Oct/2025:02:27:58 +0000] "GET /health HTTP/1.1" 200 122 "-" "-"
2025-10-24 02:28:28 [INFO]: ::1 - - [24/Oct/2025:02:28:28 +0000] "GET /health HTTP/1.1" 200 123 "-" "-"
2025-10-24 02:28:58 [INFO]: ::1 - - [24/Oct/2025:02:28:58 +0000] "GET /health HTTP/1.1" 200 123 "-" "-"
2025-10-24 02:33:16 [INFO]: User logged in: admin@kpn.com
2025-10-24 02:33:16 [INFO]: ::ffff:172.18.0.1 - - [24/Oct/2025:02:33:16 +0000] "POST /api/auth/login HTTP/1.1" 200 437 "http://localhost:4001/" "Mozilla/5.0 (Windows NT 10.0; Win64; x64) AppleWebKit/537.36 (KHTML, like Gecko) Chrome/141.0.0.0 Safari/537.36"
2025-10-24 02:33:28 [INFO]: ::1 - - [24/Oct/2025:02:33:28 +0000] "GET /health HTTP/1.1" 200 123 "-" "-"
2025-10-24 02:33:58 [INFO]: ::1 - - [24/Oct/2025:02:33:58 +0000] "GET /health HTTP/1.1" 200 123 "-" "-"
2025-10-24 02:34:28 [INFO]: ::1 - - [24/Oct/2025:02:34:28 +0000] "GET /health HTTP/1.1" 200 123 "-" "-"
2025-10-24 02:34:58 [INFO]: ::1 - - [24/Oct/2025:02:34:58 +0000] "GET /health HTTP/1.1" 200 123 "-" "-"
2025-10-24 02:35:28 [INFO]: ::1 - - [24/Oct/2025:02:35:28 +0000] "GET /health HTTP/1.1" 200 123 "-" "-"
2025-10-24 02:35:58 [INFO]: ::1 - - [24/Oct/2025:02:35:58 +0000] "GET /health HTTP/1.1" 200 123 "-" "-"
2025-10-24 02:36:28 [INFO]: ::1 - - [24/Oct/2025:02:36:28 +0000] "GET /health HTTP/1.1" 200 123 "-" "-"
2025-10-24 02:36:58 [INFO]: ::1 - - [24/Oct/2025:02:36:58 +0000] "GET /health HTTP/1.1" 200 123 "-" "-"
2025-10-24 02:37:29 [INFO]: ::1 - - [24/Oct/2025:02:37:29 +0000] "GET /health HTTP/1.1" 200 123 "-" "-"
2025-10-24 02:37:59 [INFO]: ::1 - - [24/Oct/2025:02:37:59 +0000] "GET /health HTTP/1.1" 200 123 "-" "-"
2025-10-24 02:38:29 [INFO]: ::1 - - [24/Oct/2025:02:38:29 +0000] "GET /health HTTP/1.1" 200 123 "-" "-"
2025-10-24 02:38:59 [INFO]: ::1 - - [24/Oct/2025:02:38:59 +0000] "GET /health HTTP/1.1" 200 123 "-" "-"
2025-10-24 02:39:29 [INFO]: ::1 - - [24/Oct/2025:02:39:29 +0000] "GET /health HTTP/1.1" 200 123 "-" "-"
2025-10-24 02:39:59 [INFO]: ::1 - - [24/Oct/2025:02:39:59 +0000] "GET /health HTTP/1.1" 200 123 "-" "-"
2025-10-24 02:40:29 [INFO]: ::1 - - [24/Oct/2025:02:40:29 +0000] "GET /health HTTP/1.1" 200 123 "-" "-"
2025-10-24 02:40:59 [INFO]: ::1 - - [24/Oct/2025:02:40:59 +0000] "GET /health HTTP/1.1" 200 123 "-" "-"
2025-10-24 02:41:29 [INFO]: ::1 - - [24/Oct/2025:02:41:29 +0000] "GET /health HTTP/1.1" 200 123 "-" "-"
2025-10-24 02:42:00 [INFO]: ::1 - - [24/Oct/2025:02:42:00 +0000] "GET /health HTTP/1.1" 200 123 "-" "-"
2025-10-24 02:42:30 [INFO]: ::1 - - [24/Oct/2025:02:42:30 +0000] "GET /health HTTP/1.1" 200 122 "-" "-"
2025-10-24 02:43:00 [INFO]: ::1 - - [24/Oct/2025:02:43:00 +0000] "GET /health HTTP/1.1" 200 123 "-" "-"
2025-10-24 02:43:30 [INFO]: ::1 - - [24/Oct/2025:02:43:30 +0000] "GET /health HTTP/1.1" 200 123 "-" "-"
2025-10-24 02:43:53 [INFO]: ::ffff:172.18.0.1 - - [24/Oct/2025:02:43:53 +0000] "GET /api/auth/me HTTP/1.1" 304 - "http://localhost:4001/" "Mozilla/5.0 (Windows NT 10.0; Win64; x64) AppleWebKit/537.36 (KHTML, like Gecko) Chrome/141.0.0.0 Safari/537.36"
2025-10-24 02:44:00 [INFO]: ::1 - - [24/Oct/2025:02:44:00 +0000] "GET /health HTTP/1.1" 200 123 "-" "-"
2025-10-24 02:44:20 [INFO]: ::ffff:172.18.0.1 - - [24/Oct/2025:02:44:20 +0000] "GET /api/auth/me HTTP/1.1" 304 - "http://localhost:4001/" "Mozilla/5.0 (Windows NT 10.0; Win64; x64) AppleWebKit/537.36 (KHTML, like Gecko) Chrome/141.0.0.0 Safari/537.36"
2025-10-24 02:44:30 [INFO]: ::1 - - [24/Oct/2025:02:44:30 +0000] "GET /health HTTP/1.1" 200 123 "-" "-"
2025-10-24 02:45:00 [INFO]: ::1 - - [24/Oct/2025:02:45:00 +0000] "GET /health HTTP/1.1" 200 123 "-" "-"
2025-10-24 02:45:30 [INFO]: ::1 - - [24/Oct/2025:02:45:30 +0000] "GET /health HTTP/1.1" 200 123 "-" "-"
2025-10-24 02:46:00 [INFO]: ::1 - - [24/Oct/2025:02:46:00 +0000] "GET /health HTTP/1.1" 200 123 "-" "-"
2025-10-24 02:46:30 [INFO]: ::1 - - [24/Oct/2025:02:46:30 +0000] "GET /health HTTP/1.1" 200 122 "-" "-"
2025-10-24 02:47:01 [INFO]: ::1 - - [24/Oct/2025:02:47:01 +0000] "GET /health HTTP/1.1" 200 123 "-" "-"
2025-10-24 02:47:31 [INFO]: ::1 - - [24/Oct/2025:02:47:31 +0000] "GET /health HTTP/1.1" 200 123 "-" "-"
2025-10-24 02:47:31 [INFO]: User logged in: admin@kpn.com
2025-10-24 02:47:31 [INFO]: ::ffff:172.18.0.1 - - [24/Oct/2025:02:47:31 +0000] "POST /api/auth/login HTTP/1.1" 200 437 "http://localhost:4001/" "Mozilla/5.0 (Windows NT 10.0; Win64; x64) AppleWebKit/537.36 (KHTML, like Gecko) Chrome/141.0.0.0 Safari/537.36"
2025-10-24 02:48:01 [INFO]: ::1 - - [24/Oct/2025:02:48:01 +0000] "GET /health HTTP/1.1" 200 123 "-" "-"
2025-10-24 02:48:31 [INFO]: ::1 - - [24/Oct/2025:02:48:31 +0000] "GET /health HTTP/1.1" 200 123 "-" "-"
2025-10-24 02:49:01 [INFO]: ::1 - - [24/Oct/2025:02:49:01 +0000] "GET /health HTTP/1.1" 200 123 "-" "-"
2025-10-24 02:49:31 [INFO]: ::1 - - [24/Oct/2025:02:49:31 +0000] "GET /health HTTP/1.1" 200 123 "-" "-"
2025-10-24 02:50:01 [INFO]: ::1 - - [24/Oct/2025:02:50:01 +0000] "GET /health HTTP/1.1" 200 123 "-" "-"
2025-10-24 02:50:31 [INFO]: ::1 - - [24/Oct/2025:02:50:31 +0000] "GET /health HTTP/1.1" 200 123 "-" "-"
2025-10-24 02:51:01 [INFO]: ::1 - - [24/Oct/2025:02:51:01 +0000] "GET /health HTTP/1.1" 200 123 "-" "-"
2025-10-24 02:51:31 [INFO]: ::1 - - [24/Oct/2025:02:51:31 +0000] "GET /health HTTP/1.1" 200 123 "-" "-"
2025-10-24 02:52:02 [INFO]: ::1 - - [24/Oct/2025:02:52:02 +0000] "GET /health HTTP/1.1" 200 123 "-" "-"
2025-10-24 02:52:32 [INFO]: ::1 - - [24/Oct/2025:02:52:32 +0000] "GET /health HTTP/1.1" 200 123 "-" "-"
2025-10-24 02:53:02 [INFO]: ::1 - - [24/Oct/2025:02:53:02 +0000] "GET /health HTTP/1.1" 200 123 "-" "-"
2025-10-24 02:53:32 [INFO]: ::1 - - [24/Oct/2025:02:53:32 +0000] "GET /health HTTP/1.1" 200 123 "-" "-"
2025-10-24 02:54:02 [INFO]: ::1 - - [24/Oct/2025:02:54:02 +0000] "GET /health HTTP/1.1" 200 122 "-" "-"
2025-10-24 02:54:32 [INFO]: ::1 - - [24/Oct/2025:02:54:32 +0000] "GET /health HTTP/1.1" 200 122 "-" "-"
2025-10-24 02:55:02 [INFO]: ::1 - - [24/Oct/2025:02:55:02 +0000] "GET /health HTTP/1.1" 200 122 "-" "-"
2025-10-24 02:55:32 [INFO]: ::1 - - [24/Oct/2025:02:55:32 +0000] "GET /health HTTP/1.1" 200 123 "-" "-"
2025-10-24 02:56:02 [INFO]: ::1 - - [24/Oct/2025:02:56:02 +0000] "GET /health HTTP/1.1" 200 123 "-" "-"
2025-10-24 02:56:32 [INFO]: ::1 - - [24/Oct/2025:02:56:32 +0000] "GET /health HTTP/1.1" 200 123 "-" "-"
2025-10-24 02:57:03 [INFO]: ::1 - - [24/Oct/2025:02:57:03 +0000] "GET /health HTTP/1.1" 200 123 "-" "-"
2025-10-24 02:57:33 [INFO]: ::1 - - [24/Oct/2025:02:57:33 +0000] "GET /health HTTP/1.1" 200 123 "-" "-"
2025-10-24 02:58:03 [INFO]: ::1 - - [24/Oct/2025:02:58:03 +0000] "GET /health HTTP/1.1" 200 123 "-" "-"
2025-10-24 02:58:33 [INFO]: ::1 - - [24/Oct/2025:02:58:33 +0000] "GET /health HTTP/1.1" 200 123 "-" "-"
2025-10-24 02:59:03 [INFO]: ::1 - - [24/Oct/2025:02:59:03 +0000] "GET /health HTTP/1.1" 200 123 "-" "-"
2025-10-24 02:59:33 [INFO]: ::1 - - [24/Oct/2025:02:59:33 +0000] "GET /health HTTP/1.1" 200 122 "-" "-"
2025-10-24 03:00:03 [INFO]: ::1 - - [24/Oct/2025:03:00:03 +0000] "GET /health HTTP/1.1" 200 123 "-" "-"
2025-10-24 03:00:33 [INFO]: ::1 - - [24/Oct/2025:03:00:33 +0000] "GET /health HTTP/1.1" 200 123 "-" "-"
2025-10-24 03:01:03 [INFO]: ::1 - - [24/Oct/2025:03:01:03 +0000] "GET /health HTTP/1.1" 200 123 "-" "-"
2025-10-24 03:01:34 [INFO]: ::1 - - [24/Oct/2025:03:01:34 +0000] "GET /health HTTP/1.1" 200 123 "-" "-"
2025-10-24 03:02:04 [INFO]: ::1 - - [24/Oct/2025:03:02:04 +0000] "GET /health HTTP/1.1" 200 123 "-" "-"
2025-10-24 03:02:34 [INFO]: ::1 - - [24/Oct/2025:03:02:34 +0000] "GET /health HTTP/1.1" 200 123 "-" "-"
2025-10-24 03:03:04 [INFO]: ::1 - - [24/Oct/2025:03:03:04 +0000] "GET /health HTTP/1.1" 200 123 "-" "-"
2025-10-24 03:03:11 [ERROR]: Authentication error: Invalid or expired token
Error: Invalid or expired token
    at verifyAccessToken (/app/src/utils/token.js:37:11)
    at authenticate (/app/src/middleware/auth.js:23:21)
    at Layer.handle [as handle_request] (/app/node_modules/express/lib/router/layer.js:95:5)
    at next (/app/node_modules/express/lib/router/route.js:149:13)
    at Route.dispatch (/app/node_modules/express/lib/router/route.js:119:3)
    at Layer.handle [as handle_request] (/app/node_modules/express/lib/router/layer.js:95:5)
    at /app/node_modules/express/lib/router/index.js:284:15
    at Function.process_params (/app/node_modules/express/lib/router/index.js:346:12)
    at next (/app/node_modules/express/lib/router/index.js:280:10)
    at Function.handle (/app/node_modules/express/lib/router/index.js:175:3)
2025-10-24 03:03:11 [INFO]: ::ffff:172.18.0.1 - - [24/Oct/2025:03:03:11 +0000] "GET /api/auth/me HTTP/1.1" 401 54 "http://localhost:4001/" "Mozilla/5.0 (Windows NT 10.0; Win64; x64) AppleWebKit/537.36 (KHTML, like Gecko) Chrome/141.0.0.0 Safari/537.36"
2025-10-24 03:03:13 [INFO]: User logged in: admin@kpn.com
2025-10-24 03:03:13 [INFO]: ::ffff:172.18.0.1 - - [24/Oct/2025:03:03:13 +0000] "POST /api/auth/login HTTP/1.1" 200 437 "http://localhost:4001/" "Mozilla/5.0 (Windows NT 10.0; Win64; x64) AppleWebKit/537.36 (KHTML, like Gecko) Chrome/141.0.0.0 Safari/537.36"
2025-10-24 03:03:34 [INFO]: ::1 - - [24/Oct/2025:03:03:34 +0000] "GET /health HTTP/1.1" 200 123 "-" "-"
2025-10-24 03:04:04 [INFO]: ::1 - - [24/Oct/2025:03:04:04 +0000] "GET /health HTTP/1.1" 200 123 "-" "-"
2025-10-24 03:04:34 [INFO]: ::1 - - [24/Oct/2025:03:04:34 +0000] "GET /health HTTP/1.1" 200 123 "-" "-"
2025-10-24 03:05:04 [INFO]: ::1 - - [24/Oct/2025:03:05:04 +0000] "GET /health HTTP/1.1" 200 123 "-" "-"
2025-10-24 03:05:34 [INFO]: ::1 - - [24/Oct/2025:03:05:34 +0000] "GET /health HTTP/1.1" 200 123 "-" "-"
2025-10-24 03:06:05 [INFO]: ::1 - - [24/Oct/2025:03:06:05 +0000] "GET /health HTTP/1.1" 200 123 "-" "-"
2025-10-24 03:06:35 [INFO]: ::1 - - [24/Oct/2025:03:06:35 +0000] "GET /health HTTP/1.1" 200 123 "-" "-"
2025-10-24 03:07:05 [INFO]: ::1 - - [24/Oct/2025:03:07:05 +0000] "GET /health HTTP/1.1" 200 123 "-" "-"
2025-10-24 03:07:35 [INFO]: ::1 - - [24/Oct/2025:03:07:35 +0000] "GET /health HTTP/1.1" 200 123 "-" "-"
2025-10-24 03:08:05 [INFO]: ::1 - - [24/Oct/2025:03:08:05 +0000] "GET /health HTTP/1.1" 200 123 "-" "-"
2025-10-24 03:08:35 [INFO]: ::1 - - [24/Oct/2025:03:08:35 +0000] "GET /health HTTP/1.1" 200 123 "-" "-"
2025-10-24 03:09:05 [INFO]: ::1 - - [24/Oct/2025:03:09:05 +0000] "GET /health HTTP/1.1" 200 123 "-" "-"
2025-10-24 03:09:35 [INFO]: ::1 - - [24/Oct/2025:03:09:35 +0000] "GET /health HTTP/1.1" 200 122 "-" "-"
2025-10-24 03:10:05 [INFO]: ::1 - - [24/Oct/2025:03:10:05 +0000] "GET /health HTTP/1.1" 200 123 "-" "-"
2025-10-24 03:10:35 [INFO]: ::1 - - [24/Oct/2025:03:10:35 +0000] "GET /health HTTP/1.1" 200 123 "-" "-"
2025-10-24 03:11:06 [INFO]: ::1 - - [24/Oct/2025:03:11:06 +0000] "GET /health HTTP/1.1" 200 123 "-" "-"
2025-10-24 03:11:36 [INFO]: ::1 - - [24/Oct/2025:03:11:36 +0000] "GET /health HTTP/1.1" 200 123 "-" "-"
2025-10-24 03:12:06 [INFO]: ::1 - - [24/Oct/2025:03:12:06 +0000] "GET /health HTTP/1.1" 200 123 "-" "-"
2025-10-24 03:12:36 [INFO]: ::1 - - [24/Oct/2025:03:12:36 +0000] "GET /health HTTP/1.1" 200 123 "-" "-"
2025-10-24 03:13:06 [INFO]: ::1 - - [24/Oct/2025:03:13:06 +0000] "GET /health HTTP/1.1" 200 123 "-" "-"
2025-10-24 03:13:36 [INFO]: ::1 - - [24/Oct/2025:03:13:36 +0000] "GET /health HTTP/1.1" 200 123 "-" "-"
2025-10-24 03:14:06 [INFO]: ::1 - - [24/Oct/2025:03:14:06 +0000] "GET /health HTTP/1.1" 200 123 "-" "-"
2025-10-24 03:14:36 [INFO]: ::1 - - [24/Oct/2025:03:14:36 +0000] "GET /health HTTP/1.1" 200 123 "-" "-"
2025-10-24 03:15:06 [INFO]: ::1 - - [24/Oct/2025:03:15:06 +0000] "GET /health HTTP/1.1" 200 123 "-" "-"
2025-10-24 03:15:37 [INFO]: ::1 - - [24/Oct/2025:03:15:37 +0000] "GET /health HTTP/1.1" 200 123 "-" "-"
2025-10-24 03:16:07 [INFO]: ::1 - - [24/Oct/2025:03:16:07 +0000] "GET /health HTTP/1.1" 200 123 "-" "-"
2025-10-24 03:16:37 [INFO]: ::1 - - [24/Oct/2025:03:16:37 +0000] "GET /health HTTP/1.1" 200 122 "-" "-"
2025-10-24 03:17:07 [INFO]: ::1 - - [24/Oct/2025:03:17:07 +0000] "GET /health HTTP/1.1" 200 123 "-" "-"
2025-10-24 03:17:37 [INFO]: ::1 - - [24/Oct/2025:03:17:37 +0000] "GET /health HTTP/1.1" 200 123 "-" "-"
2025-10-24 03:18:07 [INFO]: ::1 - - [24/Oct/2025:03:18:07 +0000] "GET /health HTTP/1.1" 200 123 "-" "-"
2025-10-24 03:18:37 [INFO]: ::1 - - [24/Oct/2025:03:18:37 +0000] "GET /health HTTP/1.1" 200 123 "-" "-"
2025-10-24 03:19:07 [INFO]: ::1 - - [24/Oct/2025:03:19:07 +0000] "GET /health HTTP/1.1" 200 123 "-" "-"
2025-10-24 03:19:37 [INFO]: ::1 - - [24/Oct/2025:03:19:37 +0000] "GET /health HTTP/1.1" 200 123 "-" "-"
2025-10-24 03:20:08 [INFO]: ::1 - - [24/Oct/2025:03:20:08 +0000] "GET /health HTTP/1.1" 200 123 "-" "-"
2025-10-24 03:20:38 [INFO]: ::1 - - [24/Oct/2025:03:20:38 +0000] "GET /health HTTP/1.1" 200 123 "-" "-"
2025-10-24 03:21:08 [INFO]: ::1 - - [24/Oct/2025:03:21:08 +0000] "GET /health HTTP/1.1" 200 123 "-" "-"
2025-10-24 03:21:38 [INFO]: ::1 - - [24/Oct/2025:03:21:38 +0000] "GET /health HTTP/1.1" 200 123 "-" "-"
2025-10-24 03:22:08 [INFO]: ::1 - - [24/Oct/2025:03:22:08 +0000] "GET /health HTTP/1.1" 200 123 "-" "-"
2025-10-24 03:22:38 [INFO]: ::1 - - [24/Oct/2025:03:22:38 +0000] "GET /health HTTP/1.1" 200 123 "-" "-"
2025-10-24 03:23:08 [INFO]: ::1 - - [24/Oct/2025:03:23:08 +0000] "GET /health HTTP/1.1" 200 122 "-" "-"
2025-10-24 03:23:38 [INFO]: ::1 - - [24/Oct/2025:03:23:38 +0000] "GET /health HTTP/1.1" 200 123 "-" "-"
2025-10-24 03:24:08 [INFO]: ::1 - - [24/Oct/2025:03:24:08 +0000] "GET /health HTTP/1.1" 200 123 "-" "-"
2025-10-24 03:24:39 [INFO]: ::1 - - [24/Oct/2025:03:24:39 +0000] "GET /health HTTP/1.1" 200 123 "-" "-"
2025-10-24 03:25:09 [INFO]: ::1 - - [24/Oct/2025:03:25:09 +0000] "GET /health HTTP/1.1" 200 122 "-" "-"
2025-10-24 03:25:39 [INFO]: ::1 - - [24/Oct/2025:03:25:39 +0000] "GET /health HTTP/1.1" 200 123 "-" "-"
2025-10-24 03:26:09 [INFO]: ::1 - - [24/Oct/2025:03:26:09 +0000] "GET /health HTTP/1.1" 200 123 "-" "-"
2025-10-24 03:26:39 [INFO]: ::1 - - [24/Oct/2025:03:26:39 +0000] "GET /health HTTP/1.1" 200 123 "-" "-"
2025-10-24 03:27:09 [INFO]: ::1 - - [24/Oct/2025:03:27:09 +0000] "GET /health HTTP/1.1" 200 123 "-" "-"
2025-10-24 03:27:39 [INFO]: ::1 - - [24/Oct/2025:03:27:39 +0000] "GET /health HTTP/1.1" 200 123 "-" "-"
2025-10-24 03:28:09 [INFO]: ::1 - - [24/Oct/2025:03:28:09 +0000] "GET /health HTTP/1.1" 200 123 "-" "-"
2025-10-24 03:28:39 [INFO]: ::1 - - [24/Oct/2025:03:28:39 +0000] "GET /health HTTP/1.1" 200 123 "-" "-"
2025-10-24 03:29:09 [INFO]: ::1 - - [24/Oct/2025:03:29:09 +0000] "GET /health HTTP/1.1" 200 123 "-" "-"
2025-10-24 03:29:40 [INFO]: ::1 - - [24/Oct/2025:03:29:40 +0000] "GET /health HTTP/1.1" 200 123 "-" "-"
2025-10-24 03:30:10 [INFO]: ::1 - - [24/Oct/2025:03:30:10 +0000] "GET /health HTTP/1.1" 200 123 "-" "-"
2025-10-24 03:30:40 [INFO]: ::1 - - [24/Oct/2025:03:30:40 +0000] "GET /health HTTP/1.1" 200 123 "-" "-"
2025-10-24 03:31:10 [INFO]: ::1 - - [24/Oct/2025:03:31:10 +0000] "GET /health HTTP/1.1" 200 123 "-" "-"
2025-10-24 03:31:40 [INFO]: ::1 - - [24/Oct/2025:03:31:40 +0000] "GET /health HTTP/1.1" 200 123 "-" "-"
2025-10-24 03:32:10 [INFO]: ::1 - - [24/Oct/2025:03:32:10 +0000] "GET /health HTTP/1.1" 200 123 "-" "-"
2025-10-24 03:32:40 [INFO]: ::1 - - [24/Oct/2025:03:32:40 +0000] "GET /health HTTP/1.1" 200 122 "-" "-"
2025-10-24 03:33:10 [INFO]: ::1 - - [24/Oct/2025:03:33:10 +0000] "GET /health HTTP/1.1" 200 123 "-" "-"
2025-10-24 03:33:40 [INFO]: ::1 - - [24/Oct/2025:03:33:40 +0000] "GET /health HTTP/1.1" 200 123 "-" "-"
2025-10-24 03:34:11 [INFO]: ::1 - - [24/Oct/2025:03:34:11 +0000] "GET /health HTTP/1.1" 200 122 "-" "-"
2025-10-24 03:34:41 [INFO]: ::1 - - [24/Oct/2025:03:34:41 +0000] "GET /health HTTP/1.1" 200 123 "-" "-"
2025-10-24 03:35:11 [INFO]: ::1 - - [24/Oct/2025:03:35:11 +0000] "GET /health HTTP/1.1" 200 122 "-" "-"
2025-10-24 03:35:37 [ERROR]: Authentication error: Invalid or expired token
Error: Invalid or expired token
    at verifyAccessToken (/app/src/utils/token.js:37:11)
    at authenticate (/app/src/middleware/auth.js:23:21)
    at Layer.handle [as handle_request] (/app/node_modules/express/lib/router/layer.js:95:5)
    at next (/app/node_modules/express/lib/router/route.js:149:13)
    at Route.dispatch (/app/node_modules/express/lib/router/route.js:119:3)
    at Layer.handle [as handle_request] (/app/node_modules/express/lib/router/layer.js:95:5)
    at /app/node_modules/express/lib/router/index.js:284:15
    at Function.process_params (/app/node_modules/express/lib/router/index.js:346:12)
    at next (/app/node_modules/express/lib/router/index.js:280:10)
    at Function.handle (/app/node_modules/express/lib/router/index.js:175:3)
2025-10-24 03:35:37 [INFO]: ::ffff:172.18.0.1 - - [24/Oct/2025:03:35:37 +0000] "GET /api/auth/me HTTP/1.1" 401 54 "http://localhost:4001/" "Mozilla/5.0 (Windows NT 10.0; Win64; x64) AppleWebKit/537.36 (KHTML, like Gecko) Chrome/141.0.0.0 Safari/537.36"
2025-10-24 03:35:41 [INFO]: ::1 - - [24/Oct/2025:03:35:41 +0000] "GET /health HTTP/1.1" 200 122 "-" "-"
2025-10-24 03:35:42 [INFO]: User logged in: admin@kpn.com
2025-10-24 03:35:42 [INFO]: ::ffff:172.18.0.1 - - [24/Oct/2025:03:35:42 +0000] "POST /api/auth/login HTTP/1.1" 200 437 "http://localhost:4001/" "Mozilla/5.0 (Windows NT 10.0; Win64; x64) AppleWebKit/537.36 (KHTML, like Gecko) Chrome/141.0.0.0 Safari/537.36"
2025-10-24 03:36:11 [INFO]: ::1 - - [24/Oct/2025:03:36:11 +0000] "GET /health HTTP/1.1" 200 123 "-" "-"
2025-10-24 03:36:41 [INFO]: ::1 - - [24/Oct/2025:03:36:41 +0000] "GET /health HTTP/1.1" 200 123 "-" "-"
2025-10-24 03:37:11 [INFO]: ::1 - - [24/Oct/2025:03:37:11 +0000] "GET /health HTTP/1.1" 200 122 "-" "-"
2025-10-24 03:37:41 [INFO]: ::1 - - [24/Oct/2025:03:37:41 +0000] "GET /health HTTP/1.1" 200 123 "-" "-"
2025-10-24 03:38:11 [INFO]: ::1 - - [24/Oct/2025:03:38:11 +0000] "GET /health HTTP/1.1" 200 122 "-" "-"
2025-10-24 03:38:41 [INFO]: ::1 - - [24/Oct/2025:03:38:41 +0000] "GET /health HTTP/1.1" 200 123 "-" "-"
2025-10-24 03:39:12 [INFO]: ::1 - - [24/Oct/2025:03:39:12 +0000] "GET /health HTTP/1.1" 200 123 "-" "-"
2025-10-24 03:39:42 [INFO]: ::1 - - [24/Oct/2025:03:39:42 +0000] "GET /health HTTP/1.1" 200 123 "-" "-"
2025-10-24 03:40:12 [INFO]: ::1 - - [24/Oct/2025:03:40:12 +0000] "GET /health HTTP/1.1" 200 123 "-" "-"
2025-10-24 03:40:42 [INFO]: ::1 - - [24/Oct/2025:03:40:42 +0000] "GET /health HTTP/1.1" 200 123 "-" "-"
2025-10-24 03:41:12 [INFO]: ::1 - - [24/Oct/2025:03:41:12 +0000] "GET /health HTTP/1.1" 200 123 "-" "-"
2025-10-24 03:41:42 [INFO]: ::1 - - [24/Oct/2025:03:41:42 +0000] "GET /health HTTP/1.1" 200 123 "-" "-"
2025-10-24 03:42:12 [INFO]: ::1 - - [24/Oct/2025:03:42:12 +0000] "GET /health HTTP/1.1" 200 120 "-" "-"
2025-10-24 03:42:42 [INFO]: ::1 - - [24/Oct/2025:03:42:42 +0000] "GET /health HTTP/1.1" 200 123 "-" "-"
2025-10-24 03:43:12 [INFO]: ::1 - - [24/Oct/2025:03:43:12 +0000] "GET /health HTTP/1.1" 200 123 "-" "-"
2025-10-24 03:43:42 [INFO]: ::1 - - [24/Oct/2025:03:43:42 +0000] "GET /health HTTP/1.1" 200 123 "-" "-"
2025-10-24 03:44:13 [INFO]: ::1 - - [24/Oct/2025:03:44:13 +0000] "GET /health HTTP/1.1" 200 123 "-" "-"
2025-10-24 03:44:43 [INFO]: ::1 - - [24/Oct/2025:03:44:43 +0000] "GET /health HTTP/1.1" 200 123 "-" "-"
2025-10-24 03:45:13 [INFO]: ::1 - - [24/Oct/2025:03:45:13 +0000] "GET /health HTTP/1.1" 200 123 "-" "-"
2025-10-24 03:45:43 [INFO]: ::1 - - [24/Oct/2025:03:45:43 +0000] "GET /health HTTP/1.1" 200 123 "-" "-"
2025-10-24 03:46:13 [INFO]: ::1 - - [24/Oct/2025:03:46:13 +0000] "GET /health HTTP/1.1" 200 123 "-" "-"
2025-10-24 03:46:43 [INFO]: ::1 - - [24/Oct/2025:03:46:43 +0000] "GET /health HTTP/1.1" 200 123 "-" "-"
2025-10-24 03:47:13 [INFO]: ::1 - - [24/Oct/2025:03:47:13 +0000] "GET /health HTTP/1.1" 200 123 "-" "-"
2025-10-24 03:47:43 [INFO]: ::1 - - [24/Oct/2025:03:47:43 +0000] "GET /health HTTP/1.1" 200 123 "-" "-"
2025-10-24 03:48:13 [INFO]: ::1 - - [24/Oct/2025:03:48:13 +0000] "GET /health HTTP/1.1" 200 123 "-" "-"
2025-10-24 03:48:43 [INFO]: ::1 - - [24/Oct/2025:03:48:43 +0000] "GET /health HTTP/1.1" 200 123 "-" "-"
2025-10-24 03:49:13 [INFO]: ::1 - - [24/Oct/2025:03:49:13 +0000] "GET /health HTTP/1.1" 200 123 "-" "-"
2025-10-24 03:49:44 [INFO]: ::1 - - [24/Oct/2025:03:49:44 +0000] "GET /health HTTP/1.1" 200 123 "-" "-"
2025-10-24 03:50:14 [INFO]: ::1 - - [24/Oct/2025:03:50:14 +0000] "GET /health HTTP/1.1" 200 123 "-" "-"
2025-10-24 03:50:44 [INFO]: ::1 - - [24/Oct/2025:03:50:44 +0000] "GET /health HTTP/1.1" 200 123 "-" "-"
2025-10-24 03:51:14 [INFO]: ::1 - - [24/Oct/2025:03:51:14 +0000] "GET /health HTTP/1.1" 200 123 "-" "-"
2025-10-24 03:51:44 [INFO]: ::1 - - [24/Oct/2025:03:51:44 +0000] "GET /health HTTP/1.1" 200 123 "-" "-"
2025-10-24 03:52:14 [INFO]: ::1 - - [24/Oct/2025:03:52:14 +0000] "GET /health HTTP/1.1" 200 123 "-" "-"
2025-10-24 03:52:23 [ERROR]: Authentication error: Invalid or expired token
Error: Invalid or expired token
    at verifyAccessToken (/app/src/utils/token.js:37:11)
    at authenticate (/app/src/middleware/auth.js:23:21)
    at Layer.handle [as handle_request] (/app/node_modules/express/lib/router/layer.js:95:5)
    at next (/app/node_modules/express/lib/router/route.js:149:13)
    at Route.dispatch (/app/node_modules/express/lib/router/route.js:119:3)
    at Layer.handle [as handle_request] (/app/node_modules/express/lib/router/layer.js:95:5)
    at /app/node_modules/express/lib/router/index.js:284:15
    at Function.process_params (/app/node_modules/express/lib/router/index.js:346:12)
    at next (/app/node_modules/express/lib/router/index.js:280:10)
    at Function.handle (/app/node_modules/express/lib/router/index.js:175:3)
2025-10-24 03:52:23 [INFO]: ::ffff:172.18.0.1 - - [24/Oct/2025:03:52:23 +0000] "GET /api/auth/me HTTP/1.1" 401 54 "http://localhost:4001/" "Mozilla/5.0 (Windows NT 10.0; Win64; x64) AppleWebKit/537.36 (KHTML, like Gecko) Chrome/141.0.0.0 Safari/537.36"
2025-10-24 03:52:44 [INFO]: ::1 - - [24/Oct/2025:03:52:44 +0000] "GET /health HTTP/1.1" 200 123 "-" "-"
2025-10-24 03:53:14 [INFO]: ::1 - - [24/Oct/2025:03:53:14 +0000] "GET /health HTTP/1.1" 200 123 "-" "-"
2025-10-24 03:53:44 [INFO]: ::1 - - [24/Oct/2025:03:53:44 +0000] "GET /health HTTP/1.1" 200 123 "-" "-"
2025-10-24 03:54:15 [INFO]: ::1 - - [24/Oct/2025:03:54:15 +0000] "GET /health HTTP/1.1" 200 123 "-" "-"
2025-10-24 03:54:45 [INFO]: ::1 - - [24/Oct/2025:03:54:45 +0000] "GET /health HTTP/1.1" 200 123 "-" "-"
2025-10-24 03:55:15 [INFO]: ::1 - - [24/Oct/2025:03:55:15 +0000] "GET /health HTTP/1.1" 200 123 "-" "-"
2025-10-24 03:55:45 [INFO]: ::1 - - [24/Oct/2025:03:55:45 +0000] "GET /health HTTP/1.1" 200 123 "-" "-"
2025-10-24 03:55:47 [INFO]: User logged in: admin@kpn.com
2025-10-24 03:55:47 [INFO]: ::ffff:172.18.0.1 - - [24/Oct/2025:03:55:47 +0000] "POST /api/auth/login HTTP/1.1" 200 437 "http://localhost:4001/" "Mozilla/5.0 (Windows NT 10.0; Win64; x64) AppleWebKit/537.36 (KHTML, like Gecko) Chrome/141.0.0.0 Safari/537.36"
2025-10-24 03:56:15 [INFO]: ::1 - - [24/Oct/2025:03:56:15 +0000] "GET /health HTTP/1.1" 200 123 "-" "-"
2025-10-24 03:56:45 [INFO]: ::1 - - [24/Oct/2025:03:56:45 +0000] "GET /health HTTP/1.1" 200 123 "-" "-"
2025-10-24 03:57:15 [INFO]: ::1 - - [24/Oct/2025:03:57:15 +0000] "GET /health HTTP/1.1" 200 123 "-" "-"
2025-10-24 03:57:45 [INFO]: ::1 - - [24/Oct/2025:03:57:45 +0000] "GET /health HTTP/1.1" 200 123 "-" "-"
2025-10-24 03:58:15 [INFO]: ::1 - - [24/Oct/2025:03:58:15 +0000] "GET /health HTTP/1.1" 200 123 "-" "-"
2025-10-24 03:58:45 [INFO]: ::1 - - [24/Oct/2025:03:58:45 +0000] "GET /health HTTP/1.1" 200 123 "-" "-"
2025-10-24 03:59:16 [INFO]: ::1 - - [24/Oct/2025:03:59:16 +0000] "GET /health HTTP/1.1" 200 123 "-" "-"
2025-10-24 03:59:46 [INFO]: ::1 - - [24/Oct/2025:03:59:46 +0000] "GET /health HTTP/1.1" 200 123 "-" "-"
2025-10-24 04:00:16 [INFO]: ::1 - - [24/Oct/2025:04:00:16 +0000] "GET /health HTTP/1.1" 200 123 "-" "-"
2025-10-24 04:00:46 [INFO]: ::1 - - [24/Oct/2025:04:00:46 +0000] "GET /health HTTP/1.1" 200 123 "-" "-"
2025-10-24 04:01:16 [INFO]: ::1 - - [24/Oct/2025:04:01:16 +0000] "GET /health HTTP/1.1" 200 123 "-" "-"
2025-10-24 04:01:46 [INFO]: ::1 - - [24/Oct/2025:04:01:46 +0000] "GET /health HTTP/1.1" 200 123 "-" "-"
2025-10-24 04:02:16 [INFO]: ::1 - - [24/Oct/2025:04:02:16 +0000] "GET /health HTTP/1.1" 200 123 "-" "-"
2025-10-24 04:02:46 [INFO]: ::1 - - [24/Oct/2025:04:02:46 +0000] "GET /health HTTP/1.1" 200 123 "-" "-"
2025-10-24 04:02:56 [INFO]: ::ffff:172.18.0.1 - - [24/Oct/2025:04:02:56 +0000] "GET /api/auth/me HTTP/1.1" 304 - "http://localhost:4001/" "Mozilla/5.0 (Windows NT 10.0; Win64; x64) AppleWebKit/537.36 (KHTML, like Gecko) Chrome/141.0.0.0 Safari/537.36"
2025-10-24 04:02:58 [INFO]: User logged in: admin@kpn.com
2025-10-24 04:02:58 [INFO]: ::ffff:172.18.0.1 - - [24/Oct/2025:04:02:58 +0000] "POST /api/auth/login HTTP/1.1" 200 437 "http://localhost:4001/" "Mozilla/5.0 (Windows NT 10.0; Win64; x64) AppleWebKit/537.36 (KHTML, like Gecko) Chrome/141.0.0.0 Safari/537.36"
2025-10-24 04:03:16 [INFO]: ::1 - - [24/Oct/2025:04:03:16 +0000] "GET /health HTTP/1.1" 200 123 "-" "-"
2025-10-24 04:03:46 [INFO]: ::1 - - [24/Oct/2025:04:03:46 +0000] "GET /health HTTP/1.1" 200 123 "-" "-"
2025-10-24 04:04:17 [INFO]: ::1 - - [24/Oct/2025:04:04:17 +0000] "GET /health HTTP/1.1" 200 123 "-" "-"
2025-10-24 04:04:47 [INFO]: ::1 - - [24/Oct/2025:04:04:47 +0000] "GET /health HTTP/1.1" 200 123 "-" "-"
2025-10-24 04:05:17 [INFO]: ::1 - - [24/Oct/2025:04:05:17 +0000] "GET /health HTTP/1.1" 200 123 "-" "-"
2025-10-24 04:05:47 [INFO]: ::1 - - [24/Oct/2025:04:05:47 +0000] "GET /health HTTP/1.1" 200 123 "-" "-"
2025-10-24 04:06:17 [INFO]: ::1 - - [24/Oct/2025:04:06:17 +0000] "GET /health HTTP/1.1" 200 123 "-" "-"
2025-10-24 04:06:47 [INFO]: ::1 - - [24/Oct/2025:04:06:47 +0000] "GET /health HTTP/1.1" 200 123 "-" "-"
2025-10-24 04:07:17 [INFO]: ::1 - - [24/Oct/2025:04:07:17 +0000] "GET /health HTTP/1.1" 200 123 "-" "-"
2025-10-24 04:07:47 [INFO]: ::1 - - [24/Oct/2025:04:07:47 +0000] "GET /health HTTP/1.1" 200 123 "-" "-"
2025-10-24 04:08:17 [INFO]: ::1 - - [24/Oct/2025:04:08:17 +0000] "GET /health HTTP/1.1" 200 123 "-" "-"
2025-10-24 04:08:47 [INFO]: ::1 - - [24/Oct/2025:04:08:47 +0000] "GET /health HTTP/1.1" 200 123 "-" "-"
2025-10-24 04:09:18 [INFO]: ::1 - - [24/Oct/2025:04:09:18 +0000] "GET /health HTTP/1.1" 200 123 "-" "-"
2025-10-24 04:09:48 [INFO]: ::1 - - [24/Oct/2025:04:09:48 +0000] "GET /health HTTP/1.1" 200 123 "-" "-"
2025-10-24 04:10:18 [INFO]: ::1 - - [24/Oct/2025:04:10:18 +0000] "GET /health HTTP/1.1" 200 123 "-" "-"
2025-10-24 04:10:48 [INFO]: ::1 - - [24/Oct/2025:04:10:48 +0000] "GET /health HTTP/1.1" 200 124 "-" "-"
2025-10-24 04:11:18 [INFO]: ::1 - - [24/Oct/2025:04:11:18 +0000] "GET /health HTTP/1.1" 200 124 "-" "-"
2025-10-24 04:11:48 [INFO]: ::1 - - [24/Oct/2025:04:11:48 +0000] "GET /health HTTP/1.1" 200 124 "-" "-"
2025-10-24 04:12:18 [INFO]: ::1 - - [24/Oct/2025:04:12:18 +0000] "GET /health HTTP/1.1" 200 124 "-" "-"
2025-10-24 04:12:48 [INFO]: ::1 - - [24/Oct/2025:04:12:48 +0000] "GET /health HTTP/1.1" 200 124 "-" "-"
2025-10-24 04:13:18 [INFO]: ::1 - - [24/Oct/2025:04:13:18 +0000] "GET /health HTTP/1.1" 200 124 "-" "-"
2025-10-24 04:13:49 [INFO]: ::1 - - [24/Oct/2025:04:13:49 +0000] "GET /health HTTP/1.1" 200 123 "-" "-"
2025-10-24 04:14:19 [INFO]: ::1 - - [24/Oct/2025:04:14:19 +0000] "GET /health HTTP/1.1" 200 124 "-" "-"
2025-10-24 04:14:49 [INFO]: ::1 - - [24/Oct/2025:04:14:49 +0000] "GET /health HTTP/1.1" 200 124 "-" "-"
2025-10-24 04:15:19 [INFO]: ::1 - - [24/Oct/2025:04:15:19 +0000] "GET /health HTTP/1.1" 200 124 "-" "-"
2025-10-24 04:15:49 [INFO]: ::1 - - [24/Oct/2025:04:15:49 +0000] "GET /health HTTP/1.1" 200 124 "-" "-"
2025-10-24 04:16:19 [INFO]: ::1 - - [24/Oct/2025:04:16:19 +0000] "GET /health HTTP/1.1" 200 124 "-" "-"
2025-10-24 04:16:24 [INFO]: ::ffff:172.18.0.1 - - [24/Oct/2025:04:16:24 +0000] "GET /api/auth/me HTTP/1.1" 304 - "http://localhost:4001/" "Mozilla/5.0 (Windows NT 10.0; Win64; x64) AppleWebKit/537.36 (KHTML, like Gecko) Chrome/141.0.0.0 Safari/537.36"
2025-10-24 04:16:26 [INFO]: User logged in: admin@kpn.com
2025-10-24 04:16:26 [INFO]: ::ffff:172.18.0.1 - - [24/Oct/2025:04:16:26 +0000] "POST /api/auth/login HTTP/1.1" 200 437 "http://localhost:4001/" "Mozilla/5.0 (Windows NT 10.0; Win64; x64) AppleWebKit/537.36 (KHTML, like Gecko) Chrome/141.0.0.0 Safari/537.36"
2025-10-24 04:16:49 [INFO]: ::1 - - [24/Oct/2025:04:16:49 +0000] "GET /health HTTP/1.1" 200 124 "-" "-"
2025-10-24 04:17:19 [INFO]: ::1 - - [24/Oct/2025:04:17:19 +0000] "GET /health HTTP/1.1" 200 124 "-" "-"
2025-10-24 04:17:49 [INFO]: ::1 - - [24/Oct/2025:04:17:49 +0000] "GET /health HTTP/1.1" 200 124 "-" "-"
2025-10-24 04:18:19 [INFO]: ::1 - - [24/Oct/2025:04:18:19 +0000] "GET /health HTTP/1.1" 200 124 "-" "-"
2025-10-24 04:18:50 [INFO]: ::1 - - [24/Oct/2025:04:18:50 +0000] "GET /health HTTP/1.1" 200 123 "-" "-"
2025-10-24 04:19:20 [INFO]: ::1 - - [24/Oct/2025:04:19:20 +0000] "GET /health HTTP/1.1" 200 124 "-" "-"
2025-10-24 04:19:50 [INFO]: ::1 - - [24/Oct/2025:04:19:50 +0000] "GET /health HTTP/1.1" 200 124 "-" "-"
2025-10-24 04:20:20 [INFO]: ::1 - - [24/Oct/2025:04:20:20 +0000] "GET /health HTTP/1.1" 200 124 "-" "-"
2025-10-24 04:20:50 [INFO]: ::1 - - [24/Oct/2025:04:20:50 +0000] "GET /health HTTP/1.1" 200 124 "-" "-"
2025-10-24 04:21:20 [INFO]: ::1 - - [24/Oct/2025:04:21:20 +0000] "GET /health HTTP/1.1" 200 124 "-" "-"
2025-10-24 04:21:50 [INFO]: ::1 - - [24/Oct/2025:04:21:50 +0000] "GET /health HTTP/1.1" 200 124 "-" "-"
2025-10-24 04:22:20 [INFO]: ::1 - - [24/Oct/2025:04:22:20 +0000] "GET /health HTTP/1.1" 200 124 "-" "-"
2025-10-24 04:22:50 [INFO]: ::1 - - [24/Oct/2025:04:22:50 +0000] "GET /health HTTP/1.1" 200 124 "-" "-"
2025-10-24 04:23:20 [INFO]: ::1 - - [24/Oct/2025:04:23:20 +0000] "GET /health HTTP/1.1" 200 124 "-" "-"
2025-10-24 04:23:51 [INFO]: ::1 - - [24/Oct/2025:04:23:51 +0000] "GET /health HTTP/1.1" 200 124 "-" "-"
2025-10-24 04:24:21 [INFO]: ::1 - - [24/Oct/2025:04:24:21 +0000] "GET /health HTTP/1.1" 200 124 "-" "-"
2025-10-24 04:24:51 [INFO]: ::1 - - [24/Oct/2025:04:24:51 +0000] "GET /health HTTP/1.1" 200 124 "-" "-"
2025-10-24 04:25:21 [INFO]: ::1 - - [24/Oct/2025:04:25:21 +0000] "GET /health HTTP/1.1" 200 124 "-" "-"
2025-10-24 04:25:51 [INFO]: ::1 - - [24/Oct/2025:04:25:51 +0000] "GET /health HTTP/1.1" 200 124 "-" "-"
2025-10-24 04:26:21 [INFO]: ::1 - - [24/Oct/2025:04:26:21 +0000] "GET /health HTTP/1.1" 200 124 "-" "-"
2025-10-24 04:26:51 [INFO]: ::1 - - [24/Oct/2025:04:26:51 +0000] "GET /health HTTP/1.1" 200 124 "-" "-"
2025-10-24 04:27:21 [INFO]: ::1 - - [24/Oct/2025:04:27:21 +0000] "GET /health HTTP/1.1" 200 124 "-" "-"
2025-10-24 04:27:51 [INFO]: ::1 - - [24/Oct/2025:04:27:51 +0000] "GET /health HTTP/1.1" 200 124 "-" "-"
2025-10-24 04:28:21 [INFO]: ::1 - - [24/Oct/2025:04:28:21 +0000] "GET /health HTTP/1.1" 200 124 "-" "-"
2025-10-24 04:28:52 [INFO]: ::1 - - [24/Oct/2025:04:28:52 +0000] "GET /health HTTP/1.1" 200 124 "-" "-"
2025-10-24 04:29:22 [INFO]: ::1 - - [24/Oct/2025:04:29:22 +0000] "GET /health HTTP/1.1" 200 124 "-" "-"
2025-10-24 04:29:52 [INFO]: ::1 - - [24/Oct/2025:04:29:52 +0000] "GET /health HTTP/1.1" 200 124 "-" "-"
2025-10-24 04:30:22 [INFO]: ::1 - - [24/Oct/2025:04:30:22 +0000] "GET /health HTTP/1.1" 200 124 "-" "-"
2025-10-24 04:30:52 [INFO]: ::1 - - [24/Oct/2025:04:30:52 +0000] "GET /health HTTP/1.1" 200 123 "-" "-"
2025-10-24 04:31:22 [INFO]: ::1 - - [24/Oct/2025:04:31:22 +0000] "GET /health HTTP/1.1" 200 124 "-" "-"
2025-10-24 04:31:52 [INFO]: ::1 - - [24/Oct/2025:04:31:52 +0000] "GET /health HTTP/1.1" 200 124 "-" "-"
2025-10-24 04:32:22 [INFO]: ::1 - - [24/Oct/2025:04:32:22 +0000] "GET /health HTTP/1.1" 200 124 "-" "-"
2025-10-24 04:32:52 [INFO]: ::1 - - [24/Oct/2025:04:32:52 +0000] "GET /health HTTP/1.1" 200 124 "-" "-"
2025-10-24 04:33:22 [INFO]: ::1 - - [24/Oct/2025:04:33:22 +0000] "GET /health HTTP/1.1" 200 124 "-" "-"
2025-10-24 04:33:53 [INFO]: ::1 - - [24/Oct/2025:04:33:53 +0000] "GET /health HTTP/1.1" 200 124 "-" "-"
2025-10-24 04:34:23 [INFO]: ::1 - - [24/Oct/2025:04:34:23 +0000] "GET /health HTTP/1.1" 200 124 "-" "-"
2025-10-24 04:34:53 [INFO]: ::1 - - [24/Oct/2025:04:34:53 +0000] "GET /health HTTP/1.1" 200 124 "-" "-"
2025-10-24 04:35:23 [INFO]: ::1 - - [24/Oct/2025:04:35:23 +0000] "GET /health HTTP/1.1" 200 124 "-" "-"
2025-10-24 04:35:53 [INFO]: ::1 - - [24/Oct/2025:04:35:53 +0000] "GET /health HTTP/1.1" 200 124 "-" "-"
2025-10-24 04:36:23 [INFO]: ::1 - - [24/Oct/2025:04:36:23 +0000] "GET /health HTTP/1.1" 200 124 "-" "-"
2025-10-24 04:36:53 [INFO]: ::1 - - [24/Oct/2025:04:36:53 +0000] "GET /health HTTP/1.1" 200 124 "-" "-"
2025-10-24 04:37:23 [INFO]: ::1 - - [24/Oct/2025:04:37:23 +0000] "GET /health HTTP/1.1" 200 124 "-" "-"
2025-10-24 04:37:53 [INFO]: ::1 - - [24/Oct/2025:04:37:53 +0000] "GET /health HTTP/1.1" 200 124 "-" "-"
2025-10-24 04:38:23 [INFO]: ::1 - - [24/Oct/2025:04:38:23 +0000] "GET /health HTTP/1.1" 200 124 "-" "-"
2025-10-24 05:39:31 [INFO]: ::1 - - [24/Oct/2025:05:39:31 +0000] "GET /health HTTP/1.1" 200 124 "-" "-"
2025-10-24 05:40:01 [INFO]: ::1 - - [24/Oct/2025:05:40:01 +0000] "GET /health HTTP/1.1" 200 124 "-" "-"
2025-10-24 05:40:33 [INFO]: ::1 - - [24/Oct/2025:05:40:33 +0000] "GET /health HTTP/1.1" 200 124 "-" "-"
2025-10-24 05:41:03 [INFO]: ::1 - - [24/Oct/2025:05:41:03 +0000] "GET /health HTTP/1.1" 200 124 "-" "-"
2025-10-24 05:41:33 [INFO]: ::1 - - [24/Oct/2025:05:41:33 +0000] "GET /health HTTP/1.1" 200 124 "-" "-"
2025-10-24 06:06:39 [INFO]: ::1 - - [24/Oct/2025:06:06:39 +0000] "GET /health HTTP/1.1" 200 124 "-" "-"
2025-10-24 06:07:09 [INFO]: ::1 - - [24/Oct/2025:06:07:09 +0000] "GET /health HTTP/1.1" 200 124 "-" "-"
2025-10-24 06:07:40 [INFO]: ::1 - - [24/Oct/2025:06:07:40 +0000] "GET /health HTTP/1.1" 200 124 "-" "-"
2025-10-24 06:08:10 [INFO]: ::1 - - [24/Oct/2025:06:08:10 +0000] "GET /health HTTP/1.1" 200 124 "-" "-"
2025-10-24 06:08:40 [INFO]: ::1 - - [24/Oct/2025:06:08:40 +0000] "GET /health HTTP/1.1" 200 124 "-" "-"
2025-10-24 06:09:10 [INFO]: ::1 - - [24/Oct/2025:06:09:10 +0000] "GET /health HTTP/1.1" 200 124 "-" "-"
2025-10-24 06:09:40 [INFO]: ::1 - - [24/Oct/2025:06:09:40 +0000] "GET /health HTTP/1.1" 200 124 "-" "-"
2025-10-24 06:10:10 [INFO]: ::1 - - [24/Oct/2025:06:10:10 +0000] "GET /health HTTP/1.1" 200 124 "-" "-"
2025-10-24 06:10:40 [INFO]: ::1 - - [24/Oct/2025:06:10:40 +0000] "GET /health HTTP/1.1" 200 124 "-" "-"
2025-10-24 06:11:10 [INFO]: ::1 - - [24/Oct/2025:06:11:10 +0000] "GET /health HTTP/1.1" 200 124 "-" "-"
2025-10-24 06:11:40 [INFO]: ::1 - - [24/Oct/2025:06:11:40 +0000] "GET /health HTTP/1.1" 200 124 "-" "-"
2025-10-24 06:12:10 [INFO]: ::1 - - [24/Oct/2025:06:12:10 +0000] "GET /health HTTP/1.1" 200 124 "-" "-"
2025-10-24 06:12:40 [INFO]: ::1 - - [24/Oct/2025:06:12:40 +0000] "GET /health HTTP/1.1" 200 123 "-" "-"
2025-10-24 06:13:11 [INFO]: ::1 - - [24/Oct/2025:06:13:11 +0000] "GET /health HTTP/1.1" 200 124 "-" "-"
2025-10-24 06:13:41 [INFO]: ::1 - - [24/Oct/2025:06:13:41 +0000] "GET /health HTTP/1.1" 200 124 "-" "-"
2025-10-24 06:14:11 [INFO]: ::1 - - [24/Oct/2025:06:14:11 +0000] "GET /health HTTP/1.1" 200 124 "-" "-"
2025-10-24 06:14:41 [INFO]: ::1 - - [24/Oct/2025:06:14:41 +0000] "GET /health HTTP/1.1" 200 124 "-" "-"
2025-10-24 06:15:11 [INFO]: ::1 - - [24/Oct/2025:06:15:11 +0000] "GET /health HTTP/1.1" 200 124 "-" "-"
2025-10-24 06:15:41 [INFO]: ::1 - - [24/Oct/2025:06:15:41 +0000] "GET /health HTTP/1.1" 200 124 "-" "-"
2025-10-24 06:16:11 [INFO]: ::1 - - [24/Oct/2025:06:16:11 +0000] "GET /health HTTP/1.1" 200 124 "-" "-"
2025-10-24 06:16:41 [INFO]: ::1 - - [24/Oct/2025:06:16:41 +0000] "GET /health HTTP/1.1" 200 124 "-" "-"
2025-10-24 06:17:11 [INFO]: ::1 - - [24/Oct/2025:06:17:11 +0000] "GET /health HTTP/1.1" 200 124 "-" "-"
2025-10-24 06:36:51 [INFO]: ::1 - - [24/Oct/2025:06:36:51 +0000] "GET /health HTTP/1.1" 200 123 "-" "-"
2025-10-24 06:39:37 [INFO]: ::1 - - [24/Oct/2025:06:39:37 +0000] "GET /health HTTP/1.1" 200 123 "-" "-"
2025-10-24 06:40:07 [INFO]: ::1 - - [24/Oct/2025:06:40:07 +0000] "GET /health HTTP/1.1" 200 123 "-" "-"
2025-10-24 06:40:37 [INFO]: ::1 - - [24/Oct/2025:06:40:37 +0000] "GET /health HTTP/1.1" 200 123 "-" "-"
2025-10-24 06:41:07 [INFO]: ::1 - - [24/Oct/2025:06:41:07 +0000] "GET /health HTTP/1.1" 200 124 "-" "-"
2025-10-24 06:41:37 [INFO]: ::1 - - [24/Oct/2025:06:41:37 +0000] "GET /health HTTP/1.1" 200 124 "-" "-"
2025-10-24 06:42:07 [INFO]: ::1 - - [24/Oct/2025:06:42:07 +0000] "GET /health HTTP/1.1" 200 124 "-" "-"
2025-10-24 06:42:37 [INFO]: ::1 - - [24/Oct/2025:06:42:37 +0000] "GET /health HTTP/1.1" 200 124 "-" "-"
2025-10-24 06:43:08 [INFO]: ::1 - - [24/Oct/2025:06:43:08 +0000] "GET /health HTTP/1.1" 200 124 "-" "-"
2025-10-24 06:43:38 [INFO]: ::1 - - [24/Oct/2025:06:43:38 +0000] "GET /health HTTP/1.1" 200 124 "-" "-"
2025-10-24 06:44:08 [INFO]: ::1 - - [24/Oct/2025:06:44:08 +0000] "GET /health HTTP/1.1" 200 124 "-" "-"
2025-10-24 06:44:38 [INFO]: ::1 - - [24/Oct/2025:06:44:38 +0000] "GET /health HTTP/1.1" 200 124 "-" "-"
2025-10-24 06:45:08 [INFO]: ::1 - - [24/Oct/2025:06:45:08 +0000] "GET /health HTTP/1.1" 200 124 "-" "-"
2025-10-24 06:45:38 [INFO]: ::1 - - [24/Oct/2025:06:45:38 +0000] "GET /health HTTP/1.1" 200 124 "-" "-"
2025-10-24 06:46:08 [INFO]: ::1 - - [24/Oct/2025:06:46:08 +0000] "GET /health HTTP/1.1" 200 124 "-" "-"
2025-10-24 06:46:38 [INFO]: ::1 - - [24/Oct/2025:06:46:38 +0000] "GET /health HTTP/1.1" 200 124 "-" "-"
2025-10-24 06:47:08 [INFO]: ::1 - - [24/Oct/2025:06:47:08 +0000] "GET /health HTTP/1.1" 200 124 "-" "-"
2025-10-24 06:47:38 [INFO]: ::1 - - [24/Oct/2025:06:47:38 +0000] "GET /health HTTP/1.1" 200 124 "-" "-"
2025-10-24 06:48:09 [INFO]: ::1 - - [24/Oct/2025:06:48:09 +0000] "GET /health HTTP/1.1" 200 123 "-" "-"
2025-10-24 06:48:39 [INFO]: ::1 - - [24/Oct/2025:06:48:39 +0000] "GET /health HTTP/1.1" 200 124 "-" "-"
2025-10-24 06:49:09 [INFO]: ::1 - - [24/Oct/2025:06:49:09 +0000] "GET /health HTTP/1.1" 200 124 "-" "-"
2025-10-24 06:49:39 [INFO]: ::1 - - [24/Oct/2025:06:49:39 +0000] "GET /health HTTP/1.1" 200 124 "-" "-"
2025-10-24 06:50:09 [INFO]: ::1 - - [24/Oct/2025:06:50:09 +0000] "GET /health HTTP/1.1" 200 124 "-" "-"
2025-10-24 06:50:39 [INFO]: ::1 - - [24/Oct/2025:06:50:39 +0000] "GET /health HTTP/1.1" 200 124 "-" "-"
2025-10-24 06:51:09 [INFO]: ::1 - - [24/Oct/2025:06:51:09 +0000] "GET /health HTTP/1.1" 200 124 "-" "-"
2025-10-24 06:51:39 [INFO]: ::1 - - [24/Oct/2025:06:51:39 +0000] "GET /health HTTP/1.1" 200 124 "-" "-"
2025-10-24 06:52:09 [INFO]: ::1 - - [24/Oct/2025:06:52:09 +0000] "GET /health HTTP/1.1" 200 124 "-" "-"
2025-10-24 06:52:39 [INFO]: ::1 - - [24/Oct/2025:06:52:39 +0000] "GET /health HTTP/1.1" 200 124 "-" "-"
2025-10-24 06:53:10 [INFO]: ::1 - - [24/Oct/2025:06:53:10 +0000] "GET /health HTTP/1.1" 200 124 "-" "-"
2025-10-24 06:53:40 [INFO]: ::1 - - [24/Oct/2025:06:53:40 +0000] "GET /health HTTP/1.1" 200 124 "-" "-"
2025-10-24 06:54:10 [INFO]: ::1 - - [24/Oct/2025:06:54:10 +0000] "GET /health HTTP/1.1" 200 124 "-" "-"
2025-10-24 06:54:40 [INFO]: ::1 - - [24/Oct/2025:06:54:40 +0000] "GET /health HTTP/1.1" 200 123 "-" "-"
2025-10-24 06:55:10 [INFO]: ::1 - - [24/Oct/2025:06:55:10 +0000] "GET /health HTTP/1.1" 200 124 "-" "-"
2025-10-24 06:55:40 [INFO]: ::1 - - [24/Oct/2025:06:55:40 +0000] "GET /health HTTP/1.1" 200 124 "-" "-"
2025-10-24 06:56:10 [INFO]: ::1 - - [24/Oct/2025:06:56:10 +0000] "GET /health HTTP/1.1" 200 124 "-" "-"
2025-10-24 06:56:40 [INFO]: ::1 - - [24/Oct/2025:06:56:40 +0000] "GET /health HTTP/1.1" 200 124 "-" "-"
2025-10-24 06:57:10 [INFO]: ::1 - - [24/Oct/2025:06:57:10 +0000] "GET /health HTTP/1.1" 200 122 "-" "-"
2025-10-24 06:57:40 [INFO]: ::1 - - [24/Oct/2025:06:57:40 +0000] "GET /health HTTP/1.1" 200 124 "-" "-"
2025-10-24 06:58:10 [INFO]: ::1 - - [24/Oct/2025:06:58:10 +0000] "GET /health HTTP/1.1" 200 124 "-" "-"
2025-10-24 06:58:41 [INFO]: ::1 - - [24/Oct/2025:06:58:41 +0000] "GET /health HTTP/1.1" 200 124 "-" "-"
2025-10-24 06:59:11 [INFO]: ::1 - - [24/Oct/2025:06:59:11 +0000] "GET /health HTTP/1.1" 200 124 "-" "-"
2025-10-24 06:59:41 [INFO]: ::1 - - [24/Oct/2025:06:59:41 +0000] "GET /health HTTP/1.1" 200 123 "-" "-"
2025-10-24 07:00:11 [INFO]: ::1 - - [24/Oct/2025:07:00:11 +0000] "GET /health HTTP/1.1" 200 124 "-" "-"
2025-10-24 07:00:41 [INFO]: ::1 - - [24/Oct/2025:07:00:41 +0000] "GET /health HTTP/1.1" 200 123 "-" "-"
2025-10-24 07:01:11 [INFO]: ::1 - - [24/Oct/2025:07:01:11 +0000] "GET /health HTTP/1.1" 200 124 "-" "-"
2025-10-24 07:01:41 [INFO]: ::1 - - [24/Oct/2025:07:01:41 +0000] "GET /health HTTP/1.1" 200 124 "-" "-"
2025-10-24 07:02:11 [INFO]: ::1 - - [24/Oct/2025:07:02:11 +0000] "GET /health HTTP/1.1" 200 124 "-" "-"
2025-10-24 07:05:30 [INFO]: ::1 - - [24/Oct/2025:07:05:30 +0000] "GET /health HTTP/1.1" 200 124 "-" "-"
2025-10-24 07:06:00 [INFO]: ::1 - - [24/Oct/2025:07:06:00 +0000] "GET /health HTTP/1.1" 200 123 "-" "-"
2025-10-24 07:06:30 [INFO]: ::1 - - [24/Oct/2025:07:06:30 +0000] "GET /health HTTP/1.1" 200 124 "-" "-"
2025-10-24 07:07:00 [INFO]: ::1 - - [24/Oct/2025:07:07:00 +0000] "GET /health HTTP/1.1" 200 124 "-" "-"
2025-10-24 07:07:30 [INFO]: ::1 - - [24/Oct/2025:07:07:30 +0000] "GET /health HTTP/1.1" 200 124 "-" "-"
2025-10-24 07:08:01 [INFO]: ::1 - - [24/Oct/2025:07:08:01 +0000] "GET /health HTTP/1.1" 200 124 "-" "-"
2025-10-24 07:08:31 [INFO]: ::1 - - [24/Oct/2025:07:08:31 +0000] "GET /health HTTP/1.1" 200 123 "-" "-"
2025-10-24 07:09:01 [INFO]: ::1 - - [24/Oct/2025:07:09:01 +0000] "GET /health HTTP/1.1" 200 124 "-" "-"
2025-10-24 07:09:31 [INFO]: ::1 - - [24/Oct/2025:07:09:31 +0000] "GET /health HTTP/1.1" 200 124 "-" "-"
2025-10-24 07:10:01 [INFO]: ::1 - - [24/Oct/2025:07:10:01 +0000] "GET /health HTTP/1.1" 200 124 "-" "-"
2025-10-24 07:10:32 [INFO]: ::1 - - [24/Oct/2025:07:10:32 +0000] "GET /health HTTP/1.1" 200 123 "-" "-"
2025-10-24 07:11:02 [INFO]: ::1 - - [24/Oct/2025:07:11:02 +0000] "GET /health HTTP/1.1" 200 124 "-" "-"
2025-10-24 07:11:32 [INFO]: ::1 - - [24/Oct/2025:07:11:32 +0000] "GET /health HTTP/1.1" 200 124 "-" "-"
2025-10-24 07:12:02 [INFO]: ::1 - - [24/Oct/2025:07:12:02 +0000] "GET /health HTTP/1.1" 200 124 "-" "-"
2025-10-24 07:12:32 [INFO]: ::1 - - [24/Oct/2025:07:12:32 +0000] "GET /health HTTP/1.1" 200 124 "-" "-"
2025-10-24 07:13:02 [INFO]: ::1 - - [24/Oct/2025:07:13:02 +0000] "GET /health HTTP/1.1" 200 124 "-" "-"
2025-10-24 07:13:33 [INFO]: ::1 - - [24/Oct/2025:07:13:33 +0000] "GET /health HTTP/1.1" 200 124 "-" "-"
2025-10-24 07:14:03 [INFO]: ::1 - - [24/Oct/2025:07:14:03 +0000] "GET /health HTTP/1.1" 200 124 "-" "-"
2025-10-24 07:14:33 [INFO]: ::1 - - [24/Oct/2025:07:14:33 +0000] "GET /health HTTP/1.1" 200 124 "-" "-"
2025-10-24 07:15:03 [INFO]: ::1 - - [24/Oct/2025:07:15:03 +0000] "GET /health HTTP/1.1" 200 124 "-" "-"
2025-10-24 07:15:33 [INFO]: ::1 - - [24/Oct/2025:07:15:33 +0000] "GET /health HTTP/1.1" 200 124 "-" "-"
2025-10-24 07:16:03 [INFO]: ::1 - - [24/Oct/2025:07:16:03 +0000] "GET /health HTTP/1.1" 200 124 "-" "-"
2025-10-24 07:16:34 [INFO]: ::1 - - [24/Oct/2025:07:16:34 +0000] "GET /health HTTP/1.1" 200 122 "-" "-"
2025-10-24 07:17:04 [INFO]: ::1 - - [24/Oct/2025:07:17:04 +0000] "GET /health HTTP/1.1" 200 123 "-" "-"
2025-10-24 07:17:34 [INFO]: ::1 - - [24/Oct/2025:07:17:34 +0000] "GET /health HTTP/1.1" 200 124 "-" "-"
2025-10-24 07:18:04 [INFO]: ::1 - - [24/Oct/2025:07:18:04 +0000] "GET /health HTTP/1.1" 200 124 "-" "-"
2025-10-24 07:18:34 [INFO]: ::1 - - [24/Oct/2025:07:18:34 +0000] "GET /health HTTP/1.1" 200 124 "-" "-"
2025-10-24 07:19:05 [INFO]: ::1 - - [24/Oct/2025:07:19:05 +0000] "GET /health HTTP/1.1" 200 124 "-" "-"
2025-10-24 07:19:35 [INFO]: ::1 - - [24/Oct/2025:07:19:35 +0000] "GET /health HTTP/1.1" 200 124 "-" "-"
2025-10-24 07:20:05 [INFO]: ::1 - - [24/Oct/2025:07:20:05 +0000] "GET /health HTTP/1.1" 200 124 "-" "-"
2025-10-24 07:20:35 [INFO]: ::1 - - [24/Oct/2025:07:20:35 +0000] "GET /health HTTP/1.1" 200 123 "-" "-"
2025-10-24 07:21:05 [INFO]: ::1 - - [24/Oct/2025:07:21:05 +0000] "GET /health HTTP/1.1" 200 124 "-" "-"
2025-10-24 07:21:36 [INFO]: ::1 - - [24/Oct/2025:07:21:36 +0000] "GET /health HTTP/1.1" 200 124 "-" "-"
2025-10-24 07:22:06 [INFO]: ::1 - - [24/Oct/2025:07:22:06 +0000] "GET /health HTTP/1.1" 200 124 "-" "-"
2025-10-24 07:22:36 [INFO]: ::1 - - [24/Oct/2025:07:22:36 +0000] "GET /health HTTP/1.1" 200 124 "-" "-"
2025-10-24 07:23:06 [INFO]: ::1 - - [24/Oct/2025:07:23:06 +0000] "GET /health HTTP/1.1" 200 124 "-" "-"
2025-10-24 07:23:36 [INFO]: ::1 - - [24/Oct/2025:07:23:36 +0000] "GET /health HTTP/1.1" 200 124 "-" "-"
2025-10-24 07:24:06 [INFO]: ::1 - - [24/Oct/2025:07:24:06 +0000] "GET /health HTTP/1.1" 200 123 "-" "-"
2025-10-24 07:24:37 [INFO]: ::1 - - [24/Oct/2025:07:24:37 +0000] "GET /health HTTP/1.1" 200 124 "-" "-"
2025-10-24 07:25:07 [INFO]: ::1 - - [24/Oct/2025:07:25:07 +0000] "GET /health HTTP/1.1" 200 124 "-" "-"
2025-10-24 07:25:37 [INFO]: ::1 - - [24/Oct/2025:07:25:37 +0000] "GET /health HTTP/1.1" 200 124 "-" "-"
2025-10-24 07:26:07 [INFO]: ::1 - - [24/Oct/2025:07:26:07 +0000] "GET /health HTTP/1.1" 200 124 "-" "-"
2025-10-24 07:26:37 [INFO]: ::1 - - [24/Oct/2025:07:26:37 +0000] "GET /health HTTP/1.1" 200 124 "-" "-"
2025-10-24 07:27:07 [INFO]: ::1 - - [24/Oct/2025:07:27:07 +0000] "GET /health HTTP/1.1" 200 124 "-" "-"
2025-10-24 07:27:38 [INFO]: ::1 - - [24/Oct/2025:07:27:38 +0000] "GET /health HTTP/1.1" 200 124 "-" "-"
2025-10-24 07:28:08 [INFO]: ::1 - - [24/Oct/2025:07:28:08 +0000] "GET /health HTTP/1.1" 200 124 "-" "-"
2025-10-24 07:28:38 [INFO]: ::1 - - [24/Oct/2025:07:28:38 +0000] "GET /health HTTP/1.1" 200 124 "-" "-"
2025-10-24 07:29:08 [INFO]: ::1 - - [24/Oct/2025:07:29:08 +0000] "GET /health HTTP/1.1" 200 124 "-" "-"
2025-10-24 07:29:38 [INFO]: ::1 - - [24/Oct/2025:07:29:38 +0000] "GET /health HTTP/1.1" 200 124 "-" "-"
2025-10-24 07:30:08 [INFO]: ::1 - - [24/Oct/2025:07:30:08 +0000] "GET /health HTTP/1.1" 200 123 "-" "-"
2025-10-24 07:30:39 [INFO]: ::1 - - [24/Oct/2025:07:30:39 +0000] "GET /health HTTP/1.1" 200 124 "-" "-"
2025-10-24 07:31:09 [INFO]: ::1 - - [24/Oct/2025:07:31:09 +0000] "GET /health HTTP/1.1" 200 124 "-" "-"
2025-10-24 07:31:39 [INFO]: ::1 - - [24/Oct/2025:07:31:39 +0000] "GET /health HTTP/1.1" 200 123 "-" "-"
2025-10-24 07:32:09 [INFO]: ::1 - - [24/Oct/2025:07:32:09 +0000] "GET /health HTTP/1.1" 200 124 "-" "-"
2025-10-24 07:32:39 [INFO]: ::1 - - [24/Oct/2025:07:32:39 +0000] "GET /health HTTP/1.1" 200 124 "-" "-"
2025-10-24 07:33:10 [INFO]: ::1 - - [24/Oct/2025:07:33:10 +0000] "GET /health HTTP/1.1" 200 124 "-" "-"
2025-10-24 07:33:40 [INFO]: ::1 - - [24/Oct/2025:07:33:40 +0000] "GET /health HTTP/1.1" 200 124 "-" "-"
2025-10-24 07:34:10 [INFO]: ::1 - - [24/Oct/2025:07:34:10 +0000] "GET /health HTTP/1.1" 200 124 "-" "-"
2025-10-24 07:34:40 [INFO]: ::1 - - [24/Oct/2025:07:34:40 +0000] "GET /health HTTP/1.1" 200 124 "-" "-"
2025-10-24 07:35:10 [INFO]: ::1 - - [24/Oct/2025:07:35:10 +0000] "GET /health HTTP/1.1" 200 124 "-" "-"
2025-10-24 07:35:40 [INFO]: ::1 - - [24/Oct/2025:07:35:40 +0000] "GET /health HTTP/1.1" 200 124 "-" "-"
2025-10-24 07:36:11 [INFO]: ::1 - - [24/Oct/2025:07:36:11 +0000] "GET /health HTTP/1.1" 200 124 "-" "-"
2025-10-24 07:36:41 [INFO]: ::1 - - [24/Oct/2025:07:36:41 +0000] "GET /health HTTP/1.1" 200 124 "-" "-"
2025-10-24 07:37:11 [INFO]: ::1 - - [24/Oct/2025:07:37:11 +0000] "GET /health HTTP/1.1" 200 124 "-" "-"
2025-10-24 07:37:41 [INFO]: ::1 - - [24/Oct/2025:07:37:41 +0000] "GET /health HTTP/1.1" 200 124 "-" "-"
2025-10-24 07:38:11 [INFO]: ::1 - - [24/Oct/2025:07:38:11 +0000] "GET /health HTTP/1.1" 200 124 "-" "-"
2025-10-24 07:38:41 [INFO]: ::1 - - [24/Oct/2025:07:38:41 +0000] "GET /health HTTP/1.1" 200 124 "-" "-"
2025-10-24 07:39:12 [INFO]: ::1 - - [24/Oct/2025:07:39:12 +0000] "GET /health HTTP/1.1" 200 124 "-" "-"
2025-10-24 07:39:42 [INFO]: ::1 - - [24/Oct/2025:07:39:42 +0000] "GET /health HTTP/1.1" 200 124 "-" "-"
2025-10-24 07:40:12 [INFO]: ::1 - - [24/Oct/2025:07:40:12 +0000] "GET /health HTTP/1.1" 200 124 "-" "-"
2025-10-24 07:40:42 [INFO]: ::1 - - [24/Oct/2025:07:40:42 +0000] "GET /health HTTP/1.1" 200 124 "-" "-"
2025-10-24 07:41:12 [INFO]: ::1 - - [24/Oct/2025:07:41:12 +0000] "GET /health HTTP/1.1" 200 123 "-" "-"
2025-10-24 07:41:42 [INFO]: ::1 - - [24/Oct/2025:07:41:42 +0000] "GET /health HTTP/1.1" 200 124 "-" "-"
2025-10-24 07:42:13 [INFO]: ::1 - - [24/Oct/2025:07:42:13 +0000] "GET /health HTTP/1.1" 200 124 "-" "-"
2025-10-24 07:42:43 [INFO]: ::1 - - [24/Oct/2025:07:42:43 +0000] "GET /health HTTP/1.1" 200 124 "-" "-"
2025-10-24 07:43:13 [INFO]: ::1 - - [24/Oct/2025:07:43:13 +0000] "GET /health HTTP/1.1" 200 124 "-" "-"
2025-10-24 07:43:43 [INFO]: ::1 - - [24/Oct/2025:07:43:43 +0000] "GET /health HTTP/1.1" 200 124 "-" "-"
2025-10-24 07:44:13 [INFO]: ::1 - - [24/Oct/2025:07:44:13 +0000] "GET /health HTTP/1.1" 200 124 "-" "-"
2025-10-24 07:44:43 [INFO]: ::1 - - [24/Oct/2025:07:44:43 +0000] "GET /health HTTP/1.1" 200 124 "-" "-"
2025-10-24 07:45:14 [INFO]: ::1 - - [24/Oct/2025:07:45:14 +0000] "GET /health HTTP/1.1" 200 124 "-" "-"
2025-10-24 07:45:44 [INFO]: ::1 - - [24/Oct/2025:07:45:44 +0000] "GET /health HTTP/1.1" 200 124 "-" "-"
2025-10-24 07:46:14 [INFO]: ::1 - - [24/Oct/2025:07:46:14 +0000] "GET /health HTTP/1.1" 200 124 "-" "-"
2025-10-24 07:46:44 [INFO]: ::1 - - [24/Oct/2025:07:46:44 +0000] "GET /health HTTP/1.1" 200 124 "-" "-"
2025-10-24 07:47:14 [INFO]: ::1 - - [24/Oct/2025:07:47:14 +0000] "GET /health HTTP/1.1" 200 124 "-" "-"
2025-10-24 07:47:45 [INFO]: ::1 - - [24/Oct/2025:07:47:45 +0000] "GET /health HTTP/1.1" 200 124 "-" "-"
2025-10-24 07:48:15 [INFO]: ::1 - - [24/Oct/2025:07:48:15 +0000] "GET /health HTTP/1.1" 200 124 "-" "-"
2025-10-24 07:48:45 [INFO]: ::1 - - [24/Oct/2025:07:48:45 +0000] "GET /health HTTP/1.1" 200 124 "-" "-"
2025-10-24 07:49:15 [INFO]: ::1 - - [24/Oct/2025:07:49:15 +0000] "GET /health HTTP/1.1" 200 124 "-" "-"
2025-10-24 07:49:45 [INFO]: ::1 - - [24/Oct/2025:07:49:45 +0000] "GET /health HTTP/1.1" 200 124 "-" "-"
2025-10-24 07:50:16 [INFO]: ::1 - - [24/Oct/2025:07:50:16 +0000] "GET /health HTTP/1.1" 200 124 "-" "-"
2025-10-24 07:50:46 [INFO]: ::1 - - [24/Oct/2025:07:50:46 +0000] "GET /health HTTP/1.1" 200 124 "-" "-"
2025-10-24 07:51:16 [INFO]: ::1 - - [24/Oct/2025:07:51:16 +0000] "GET /health HTTP/1.1" 200 124 "-" "-"
2025-10-24 07:51:46 [INFO]: ::1 - - [24/Oct/2025:07:51:46 +0000] "GET /health HTTP/1.1" 200 124 "-" "-"
2025-10-24 07:52:17 [INFO]: ::1 - - [24/Oct/2025:07:52:17 +0000] "GET /health HTTP/1.1" 200 124 "-" "-"
2025-10-24 07:52:47 [INFO]: ::1 - - [24/Oct/2025:07:52:47 +0000] "GET /health HTTP/1.1" 200 124 "-" "-"
2025-10-24 07:53:17 [INFO]: ::1 - - [24/Oct/2025:07:53:17 +0000] "GET /health HTTP/1.1" 200 123 "-" "-"
2025-10-24 07:53:47 [INFO]: ::1 - - [24/Oct/2025:07:53:47 +0000] "GET /health HTTP/1.1" 200 124 "-" "-"
2025-10-24 07:54:17 [INFO]: ::1 - - [24/Oct/2025:07:54:17 +0000] "GET /health HTTP/1.1" 200 124 "-" "-"
2025-10-24 07:54:47 [INFO]: ::1 - - [24/Oct/2025:07:54:47 +0000] "GET /health HTTP/1.1" 200 124 "-" "-"
2025-10-24 07:55:18 [INFO]: ::1 - - [24/Oct/2025:07:55:18 +0000] "GET /health HTTP/1.1" 200 124 "-" "-"
2025-10-24 07:55:48 [INFO]: ::1 - - [24/Oct/2025:07:55:48 +0000] "GET /health HTTP/1.1" 200 124 "-" "-"
2025-10-24 07:56:18 [INFO]: ::1 - - [24/Oct/2025:07:56:18 +0000] "GET /health HTTP/1.1" 200 124 "-" "-"
2025-10-24 07:56:48 [INFO]: ::1 - - [24/Oct/2025:07:56:48 +0000] "GET /health HTTP/1.1" 200 122 "-" "-"
2025-10-24 07:57:18 [INFO]: ::1 - - [24/Oct/2025:07:57:18 +0000] "GET /health HTTP/1.1" 200 124 "-" "-"
2025-10-24 07:57:49 [INFO]: ::1 - - [24/Oct/2025:07:57:49 +0000] "GET /health HTTP/1.1" 200 124 "-" "-"
2025-10-24 07:58:19 [INFO]: ::1 - - [24/Oct/2025:07:58:19 +0000] "GET /health HTTP/1.1" 200 124 "-" "-"
2025-10-24 07:58:49 [INFO]: ::1 - - [24/Oct/2025:07:58:49 +0000] "GET /health HTTP/1.1" 200 124 "-" "-"
2025-10-24 07:59:19 [INFO]: ::1 - - [24/Oct/2025:07:59:19 +0000] "GET /health HTTP/1.1" 200 124 "-" "-"
2025-10-24 07:59:49 [INFO]: ::1 - - [24/Oct/2025:07:59:49 +0000] "GET /health HTTP/1.1" 200 124 "-" "-"
2025-10-24 08:00:19 [INFO]: ::1 - - [24/Oct/2025:08:00:19 +0000] "GET /health HTTP/1.1" 200 124 "-" "-"
2025-10-24 08:00:50 [INFO]: ::1 - - [24/Oct/2025:08:00:50 +0000] "GET /health HTTP/1.1" 200 124 "-" "-"
2025-10-24 08:01:20 [INFO]: ::1 - - [24/Oct/2025:08:01:20 +0000] "GET /health HTTP/1.1" 200 124 "-" "-"
2025-10-24 08:01:50 [INFO]: ::1 - - [24/Oct/2025:08:01:50 +0000] "GET /health HTTP/1.1" 200 124 "-" "-"
2025-10-24 08:02:20 [INFO]: ::1 - - [24/Oct/2025:08:02:20 +0000] "GET /health HTTP/1.1" 200 124 "-" "-"
2025-10-24 08:02:50 [INFO]: ::1 - - [24/Oct/2025:08:02:50 +0000] "GET /health HTTP/1.1" 200 123 "-" "-"
2025-10-24 08:03:20 [INFO]: ::1 - - [24/Oct/2025:08:03:20 +0000] "GET /health HTTP/1.1" 200 124 "-" "-"
2025-10-24 08:03:51 [INFO]: ::1 - - [24/Oct/2025:08:03:51 +0000] "GET /health HTTP/1.1" 200 124 "-" "-"
2025-10-24 08:04:21 [INFO]: ::1 - - [24/Oct/2025:08:04:21 +0000] "GET /health HTTP/1.1" 200 124 "-" "-"
2025-10-24 08:04:51 [INFO]: ::1 - - [24/Oct/2025:08:04:51 +0000] "GET /health HTTP/1.1" 200 124 "-" "-"
2025-10-24 08:05:21 [INFO]: ::1 - - [24/Oct/2025:08:05:21 +0000] "GET /health HTTP/1.1" 200 124 "-" "-"
2025-10-24 08:05:51 [INFO]: ::1 - - [24/Oct/2025:08:05:51 +0000] "GET /health HTTP/1.1" 200 124 "-" "-"
2025-10-24 08:06:21 [INFO]: ::1 - - [24/Oct/2025:08:06:21 +0000] "GET /health HTTP/1.1" 200 124 "-" "-"
2025-10-24 08:06:52 [INFO]: ::1 - - [24/Oct/2025:08:06:52 +0000] "GET /health HTTP/1.1" 200 124 "-" "-"
2025-10-24 08:07:22 [INFO]: ::1 - - [24/Oct/2025:08:07:22 +0000] "GET /health HTTP/1.1" 200 124 "-" "-"
2025-10-24 08:07:52 [INFO]: ::1 - - [24/Oct/2025:08:07:52 +0000] "GET /health HTTP/1.1" 200 124 "-" "-"
2025-10-24 08:08:22 [INFO]: ::1 - - [24/Oct/2025:08:08:22 +0000] "GET /health HTTP/1.1" 200 124 "-" "-"
2025-10-24 08:08:52 [INFO]: ::1 - - [24/Oct/2025:08:08:52 +0000] "GET /health HTTP/1.1" 200 124 "-" "-"
2025-10-24 08:09:23 [INFO]: ::1 - - [24/Oct/2025:08:09:23 +0000] "GET /health HTTP/1.1" 200 124 "-" "-"
2025-10-24 08:09:53 [INFO]: ::1 - - [24/Oct/2025:08:09:53 +0000] "GET /health HTTP/1.1" 200 123 "-" "-"
2025-10-24 08:10:23 [INFO]: ::1 - - [24/Oct/2025:08:10:23 +0000] "GET /health HTTP/1.1" 200 124 "-" "-"
2025-10-24 08:10:53 [INFO]: ::1 - - [24/Oct/2025:08:10:53 +0000] "GET /health HTTP/1.1" 200 124 "-" "-"
2025-10-24 08:11:23 [INFO]: ::1 - - [24/Oct/2025:08:11:23 +0000] "GET /health HTTP/1.1" 200 124 "-" "-"
2025-10-24 08:11:53 [INFO]: ::1 - - [24/Oct/2025:08:11:53 +0000] "GET /health HTTP/1.1" 200 124 "-" "-"
2025-10-24 08:12:23 [INFO]: ::1 - - [24/Oct/2025:08:12:23 +0000] "GET /health HTTP/1.1" 200 124 "-" "-"
2025-10-24 08:12:54 [INFO]: ::1 - - [24/Oct/2025:08:12:54 +0000] "GET /health HTTP/1.1" 200 124 "-" "-"
2025-10-24 08:13:24 [INFO]: ::1 - - [24/Oct/2025:08:13:24 +0000] "GET /health HTTP/1.1" 200 123 "-" "-"
2025-10-24 08:13:54 [INFO]: ::1 - - [24/Oct/2025:08:13:54 +0000] "GET /health HTTP/1.1" 200 124 "-" "-"
2025-10-24 08:14:24 [INFO]: ::1 - - [24/Oct/2025:08:14:24 +0000] "GET /health HTTP/1.1" 200 124 "-" "-"
2025-10-24 08:14:54 [INFO]: ::1 - - [24/Oct/2025:08:14:54 +0000] "GET /health HTTP/1.1" 200 124 "-" "-"
2025-10-24 08:15:25 [INFO]: ::1 - - [24/Oct/2025:08:15:25 +0000] "GET /health HTTP/1.1" 200 124 "-" "-"
2025-10-24 08:15:55 [INFO]: ::1 - - [24/Oct/2025:08:15:55 +0000] "GET /health HTTP/1.1" 200 124 "-" "-"
2025-10-24 08:16:25 [INFO]: ::1 - - [24/Oct/2025:08:16:25 +0000] "GET /health HTTP/1.1" 200 124 "-" "-"
2025-10-24 08:16:55 [INFO]: ::1 - - [24/Oct/2025:08:16:55 +0000] "GET /health HTTP/1.1" 200 124 "-" "-"
2025-10-24 08:17:25 [INFO]: ::1 - - [24/Oct/2025:08:17:25 +0000] "GET /health HTTP/1.1" 200 124 "-" "-"
2025-10-24 08:17:55 [INFO]: ::1 - - [24/Oct/2025:08:17:55 +0000] "GET /health HTTP/1.1" 200 124 "-" "-"
2025-10-24 08:18:26 [INFO]: ::1 - - [24/Oct/2025:08:18:26 +0000] "GET /health HTTP/1.1" 200 124 "-" "-"
2025-10-24 08:18:56 [INFO]: ::1 - - [24/Oct/2025:08:18:56 +0000] "GET /health HTTP/1.1" 200 124 "-" "-"
2025-10-24 08:19:26 [INFO]: ::1 - - [24/Oct/2025:08:19:26 +0000] "GET /health HTTP/1.1" 200 124 "-" "-"
2025-10-24 08:19:56 [INFO]: ::1 - - [24/Oct/2025:08:19:56 +0000] "GET /health HTTP/1.1" 200 124 "-" "-"
2025-10-24 08:20:26 [INFO]: ::1 - - [24/Oct/2025:08:20:26 +0000] "GET /health HTTP/1.1" 200 124 "-" "-"
2025-10-24 08:20:56 [INFO]: ::1 - - [24/Oct/2025:08:20:56 +0000] "GET /health HTTP/1.1" 200 124 "-" "-"
2025-10-24 08:21:27 [INFO]: ::1 - - [24/Oct/2025:08:21:27 +0000] "GET /health HTTP/1.1" 200 124 "-" "-"
2025-10-24 08:21:57 [INFO]: ::1 - - [24/Oct/2025:08:21:57 +0000] "GET /health HTTP/1.1" 200 124 "-" "-"
2025-10-24 08:22:27 [INFO]: ::1 - - [24/Oct/2025:08:22:27 +0000] "GET /health HTTP/1.1" 200 124 "-" "-"
2025-10-24 08:22:57 [INFO]: ::1 - - [24/Oct/2025:08:22:57 +0000] "GET /health HTTP/1.1" 200 124 "-" "-"
2025-10-24 08:23:27 [INFO]: ::1 - - [24/Oct/2025:08:23:27 +0000] "GET /health HTTP/1.1" 200 124 "-" "-"
2025-10-24 08:23:58 [INFO]: ::1 - - [24/Oct/2025:08:23:58 +0000] "GET /health HTTP/1.1" 200 122 "-" "-"
2025-10-24 08:24:28 [INFO]: ::1 - - [24/Oct/2025:08:24:28 +0000] "GET /health HTTP/1.1" 200 124 "-" "-"
2025-10-24 08:24:58 [INFO]: ::1 - - [24/Oct/2025:08:24:58 +0000] "GET /health HTTP/1.1" 200 124 "-" "-"
2025-10-24 08:25:28 [INFO]: ::1 - - [24/Oct/2025:08:25:28 +0000] "GET /health HTTP/1.1" 200 124 "-" "-"
2025-10-24 08:25:58 [INFO]: ::1 - - [24/Oct/2025:08:25:58 +0000] "GET /health HTTP/1.1" 200 124 "-" "-"
2025-10-24 08:26:28 [INFO]: ::1 - - [24/Oct/2025:08:26:28 +0000] "GET /health HTTP/1.1" 200 124 "-" "-"
2025-10-24 08:26:59 [INFO]: ::1 - - [24/Oct/2025:08:26:59 +0000] "GET /health HTTP/1.1" 200 124 "-" "-"
2025-10-24 08:27:29 [INFO]: ::1 - - [24/Oct/2025:08:27:29 +0000] "GET /health HTTP/1.1" 200 124 "-" "-"
2025-10-24 08:27:59 [INFO]: ::1 - - [24/Oct/2025:08:27:59 +0000] "GET /health HTTP/1.1" 200 124 "-" "-"
2025-10-24 08:28:29 [INFO]: ::1 - - [24/Oct/2025:08:28:29 +0000] "GET /health HTTP/1.1" 200 124 "-" "-"
2025-10-24 08:28:59 [INFO]: ::1 - - [24/Oct/2025:08:28:59 +0000] "GET /health HTTP/1.1" 200 124 "-" "-"
2025-10-24 08:29:29 [INFO]: ::1 - - [24/Oct/2025:08:29:29 +0000] "GET /health HTTP/1.1" 200 124 "-" "-"
2025-10-24 08:30:00 [INFO]: ::1 - - [24/Oct/2025:08:30:00 +0000] "GET /health HTTP/1.1" 200 124 "-" "-"
2025-10-24 08:30:30 [INFO]: ::1 - - [24/Oct/2025:08:30:30 +0000] "GET /health HTTP/1.1" 200 124 "-" "-"
2025-10-24 08:31:00 [INFO]: ::1 - - [24/Oct/2025:08:31:00 +0000] "GET /health HTTP/1.1" 200 124 "-" "-"
2025-10-24 08:31:30 [INFO]: ::1 - - [24/Oct/2025:08:31:30 +0000] "GET /health HTTP/1.1" 200 124 "-" "-"
2025-10-24 08:32:01 [INFO]: ::1 - - [24/Oct/2025:08:32:01 +0000] "GET /health HTTP/1.1" 200 124 "-" "-"
2025-10-24 08:32:31 [INFO]: ::1 - - [24/Oct/2025:08:32:31 +0000] "GET /health HTTP/1.1" 200 124 "-" "-"
2025-10-24 08:33:01 [INFO]: ::1 - - [24/Oct/2025:08:33:01 +0000] "GET /health HTTP/1.1" 200 124 "-" "-"
2025-10-24 08:33:31 [INFO]: ::1 - - [24/Oct/2025:08:33:31 +0000] "GET /health HTTP/1.1" 200 123 "-" "-"
2025-10-24 08:34:01 [INFO]: ::1 - - [24/Oct/2025:08:34:01 +0000] "GET /health HTTP/1.1" 200 124 "-" "-"
2025-10-24 08:34:32 [INFO]: ::1 - - [24/Oct/2025:08:34:32 +0000] "GET /health HTTP/1.1" 200 124 "-" "-"
2025-10-24 08:35:02 [INFO]: ::1 - - [24/Oct/2025:08:35:02 +0000] "GET /health HTTP/1.1" 200 123 "-" "-"
2025-10-24 08:35:32 [INFO]: ::1 - - [24/Oct/2025:08:35:32 +0000] "GET /health HTTP/1.1" 200 124 "-" "-"
2025-10-24 08:36:02 [INFO]: ::1 - - [24/Oct/2025:08:36:02 +0000] "GET /health HTTP/1.1" 200 124 "-" "-"
2025-10-24 08:36:32 [INFO]: ::1 - - [24/Oct/2025:08:36:32 +0000] "GET /health HTTP/1.1" 200 124 "-" "-"
2025-10-24 08:37:03 [INFO]: ::1 - - [24/Oct/2025:08:37:03 +0000] "GET /health HTTP/1.1" 200 124 "-" "-"
2025-10-24 08:37:33 [INFO]: ::1 - - [24/Oct/2025:08:37:33 +0000] "GET /health HTTP/1.1" 200 124 "-" "-"
2025-10-24 08:38:03 [INFO]: ::1 - - [24/Oct/2025:08:38:03 +0000] "GET /health HTTP/1.1" 200 124 "-" "-"
2025-10-24 08:38:33 [INFO]: ::1 - - [24/Oct/2025:08:38:33 +0000] "GET /health HTTP/1.1" 200 124 "-" "-"
2025-10-24 08:39:03 [INFO]: ::1 - - [24/Oct/2025:08:39:03 +0000] "GET /health HTTP/1.1" 200 124 "-" "-"
2025-10-24 08:39:34 [INFO]: ::1 - - [24/Oct/2025:08:39:34 +0000] "GET /health HTTP/1.1" 200 123 "-" "-"
2025-10-24 08:40:04 [INFO]: ::1 - - [24/Oct/2025:08:40:04 +0000] "GET /health HTTP/1.1" 200 124 "-" "-"
2025-10-24 08:40:34 [INFO]: ::1 - - [24/Oct/2025:08:40:34 +0000] "GET /health HTTP/1.1" 200 123 "-" "-"
2025-10-24 08:41:04 [INFO]: ::1 - - [24/Oct/2025:08:41:04 +0000] "GET /health HTTP/1.1" 200 124 "-" "-"
2025-10-24 08:41:35 [INFO]: ::1 - - [24/Oct/2025:08:41:35 +0000] "GET /health HTTP/1.1" 200 124 "-" "-"
2025-10-24 08:42:05 [INFO]: ::1 - - [24/Oct/2025:08:42:05 +0000] "GET /health HTTP/1.1" 200 124 "-" "-"
2025-10-24 08:42:35 [INFO]: ::1 - - [24/Oct/2025:08:42:35 +0000] "GET /health HTTP/1.1" 200 123 "-" "-"
2025-10-24 08:43:05 [INFO]: ::1 - - [24/Oct/2025:08:43:05 +0000] "GET /health HTTP/1.1" 200 124 "-" "-"
2025-10-24 08:43:35 [INFO]: ::1 - - [24/Oct/2025:08:43:35 +0000] "GET /health HTTP/1.1" 200 124 "-" "-"
2025-10-24 08:44:06 [INFO]: ::1 - - [24/Oct/2025:08:44:06 +0000] "GET /health HTTP/1.1" 200 124 "-" "-"
2025-10-24 08:44:36 [INFO]: ::1 - - [24/Oct/2025:08:44:36 +0000] "GET /health HTTP/1.1" 200 124 "-" "-"
2025-10-24 08:45:06 [INFO]: ::1 - - [24/Oct/2025:08:45:06 +0000] "GET /health HTTP/1.1" 200 124 "-" "-"
2025-10-24 08:45:36 [INFO]: ::1 - - [24/Oct/2025:08:45:36 +0000] "GET /health HTTP/1.1" 200 124 "-" "-"
2025-10-24 08:46:07 [INFO]: ::1 - - [24/Oct/2025:08:46:07 +0000] "GET /health HTTP/1.1" 200 124 "-" "-"
2025-10-24 08:46:37 [INFO]: ::1 - - [24/Oct/2025:08:46:37 +0000] "GET /health HTTP/1.1" 200 124 "-" "-"
2025-10-24 08:47:07 [INFO]: ::1 - - [24/Oct/2025:08:47:07 +0000] "GET /health HTTP/1.1" 200 124 "-" "-"
2025-10-24 08:47:37 [INFO]: ::1 - - [24/Oct/2025:08:47:37 +0000] "GET /health HTTP/1.1" 200 124 "-" "-"
2025-10-24 08:48:07 [INFO]: ::1 - - [24/Oct/2025:08:48:07 +0000] "GET /health HTTP/1.1" 200 124 "-" "-"
2025-10-24 08:48:41 [INFO]: ::1 - - [24/Oct/2025:08:48:41 +0000] "GET /health HTTP/1.1" 200 124 "-" "-"
2025-10-24 08:54:23 [INFO]: ::1 - - [24/Oct/2025:08:54:23 +0000] "GET /health HTTP/1.1" 200 124 "-" "-"
2025-10-24 08:56:55 [INFO]: ::1 - - [24/Oct/2025:08:56:55 +0000] "GET /health HTTP/1.1" 200 124 "-" "-"
2025-10-24 08:57:25 [INFO]: ::1 - - [24/Oct/2025:08:57:25 +0000] "GET /health HTTP/1.1" 200 124 "-" "-"
2025-10-24 08:57:56 [INFO]: ::1 - - [24/Oct/2025:08:57:56 +0000] "GET /health HTTP/1.1" 200 124 "-" "-"
2025-10-24 08:58:26 [INFO]: ::1 - - [24/Oct/2025:08:58:26 +0000] "GET /health HTTP/1.1" 200 124 "-" "-"
2025-10-24 08:58:56 [INFO]: ::1 - - [24/Oct/2025:08:58:56 +0000] "GET /health HTTP/1.1" 200 124 "-" "-"
2025-10-24 08:59:26 [INFO]: ::1 - - [24/Oct/2025:08:59:26 +0000] "GET /health HTTP/1.1" 200 124 "-" "-"
2025-10-24 08:59:56 [INFO]: ::1 - - [24/Oct/2025:08:59:56 +0000] "GET /health HTTP/1.1" 200 124 "-" "-"
2025-10-24 09:00:27 [INFO]: ::1 - - [24/Oct/2025:09:00:27 +0000] "GET /health HTTP/1.1" 200 124 "-" "-"
2025-10-24 09:00:57 [INFO]: ::1 - - [24/Oct/2025:09:00:57 +0000] "GET /health HTTP/1.1" 200 124 "-" "-"
2025-10-24 09:01:27 [INFO]: ::1 - - [24/Oct/2025:09:01:27 +0000] "GET /health HTTP/1.1" 200 124 "-" "-"
2025-10-24 09:01:57 [INFO]: ::1 - - [24/Oct/2025:09:01:57 +0000] "GET /health HTTP/1.1" 200 124 "-" "-"
2025-10-24 09:02:27 [INFO]: ::1 - - [24/Oct/2025:09:02:27 +0000] "GET /health HTTP/1.1" 200 124 "-" "-"
2025-10-24 09:02:58 [INFO]: ::1 - - [24/Oct/2025:09:02:58 +0000] "GET /health HTTP/1.1" 200 124 "-" "-"
2025-10-24 09:03:28 [INFO]: ::1 - - [24/Oct/2025:09:03:28 +0000] "GET /health HTTP/1.1" 200 124 "-" "-"
2025-10-24 09:03:58 [INFO]: ::1 - - [24/Oct/2025:09:03:58 +0000] "GET /health HTTP/1.1" 200 124 "-" "-"
2025-10-24 09:04:28 [INFO]: ::1 - - [24/Oct/2025:09:04:28 +0000] "GET /health HTTP/1.1" 200 124 "-" "-"
2025-10-24 09:04:58 [INFO]: ::1 - - [24/Oct/2025:09:04:58 +0000] "GET /health HTTP/1.1" 200 124 "-" "-"
2025-10-24 09:05:28 [INFO]: ::1 - - [24/Oct/2025:09:05:28 +0000] "GET /health HTTP/1.1" 200 124 "-" "-"
2025-10-24 09:05:59 [INFO]: ::1 - - [24/Oct/2025:09:05:59 +0000] "GET /health HTTP/1.1" 200 124 "-" "-"
2025-10-24 09:06:29 [INFO]: ::1 - - [24/Oct/2025:09:06:29 +0000] "GET /health HTTP/1.1" 200 124 "-" "-"
2025-10-24 09:06:59 [INFO]: ::1 - - [24/Oct/2025:09:06:59 +0000] "GET /health HTTP/1.1" 200 124 "-" "-"
2025-10-24 09:07:29 [INFO]: ::1 - - [24/Oct/2025:09:07:29 +0000] "GET /health HTTP/1.1" 200 124 "-" "-"
2025-10-24 09:07:59 [INFO]: ::1 - - [24/Oct/2025:09:07:59 +0000] "GET /health HTTP/1.1" 200 124 "-" "-"
2025-10-24 09:08:29 [INFO]: ::1 - - [24/Oct/2025:09:08:29 +0000] "GET /health HTTP/1.1" 200 124 "-" "-"
2025-10-24 09:09:00 [INFO]: ::1 - - [24/Oct/2025:09:09:00 +0000] "GET /health HTTP/1.1" 200 124 "-" "-"
2025-10-24 09:09:30 [INFO]: ::1 - - [24/Oct/2025:09:09:30 +0000] "GET /health HTTP/1.1" 200 124 "-" "-"
2025-10-24 09:10:00 [INFO]: ::1 - - [24/Oct/2025:09:10:00 +0000] "GET /health HTTP/1.1" 200 124 "-" "-"
2025-10-24 09:10:30 [INFO]: ::1 - - [24/Oct/2025:09:10:30 +0000] "GET /health HTTP/1.1" 200 124 "-" "-"
2025-10-24 09:11:00 [INFO]: ::1 - - [24/Oct/2025:09:11:00 +0000] "GET /health HTTP/1.1" 200 124 "-" "-"
2025-10-24 09:11:31 [INFO]: ::1 - - [24/Oct/2025:09:11:31 +0000] "GET /health HTTP/1.1" 200 124 "-" "-"
2025-10-24 09:12:01 [INFO]: ::1 - - [24/Oct/2025:09:12:01 +0000] "GET /health HTTP/1.1" 200 123 "-" "-"
2025-10-24 09:12:31 [INFO]: ::1 - - [24/Oct/2025:09:12:31 +0000] "GET /health HTTP/1.1" 200 124 "-" "-"
2025-10-24 09:13:01 [INFO]: ::1 - - [24/Oct/2025:09:13:01 +0000] "GET /health HTTP/1.1" 200 124 "-" "-"
2025-10-24 09:13:31 [INFO]: ::1 - - [24/Oct/2025:09:13:31 +0000] "GET /health HTTP/1.1" 200 124 "-" "-"
2025-10-24 09:14:01 [INFO]: ::1 - - [24/Oct/2025:09:14:01 +0000] "GET /health HTTP/1.1" 200 124 "-" "-"
2025-10-24 09:14:32 [INFO]: ::1 - - [24/Oct/2025:09:14:32 +0000] "GET /health HTTP/1.1" 200 124 "-" "-"
2025-10-24 09:15:02 [INFO]: ::1 - - [24/Oct/2025:09:15:02 +0000] "GET /health HTTP/1.1" 200 124 "-" "-"
2025-10-24 09:15:32 [INFO]: ::1 - - [24/Oct/2025:09:15:32 +0000] "GET /health HTTP/1.1" 200 123 "-" "-"
2025-10-24 09:16:02 [INFO]: ::1 - - [24/Oct/2025:09:16:02 +0000] "GET /health HTTP/1.1" 200 124 "-" "-"
2025-10-24 09:16:32 [INFO]: ::1 - - [24/Oct/2025:09:16:32 +0000] "GET /health HTTP/1.1" 200 124 "-" "-"
2025-10-24 09:17:02 [INFO]: ::1 - - [24/Oct/2025:09:17:02 +0000] "GET /health HTTP/1.1" 200 123 "-" "-"
2025-10-24 09:17:33 [INFO]: ::1 - - [24/Oct/2025:09:17:33 +0000] "GET /health HTTP/1.1" 200 124 "-" "-"
2025-10-24 09:18:03 [INFO]: ::1 - - [24/Oct/2025:09:18:03 +0000] "GET /health HTTP/1.1" 200 124 "-" "-"
2025-10-24 09:18:33 [INFO]: ::1 - - [24/Oct/2025:09:18:33 +0000] "GET /health HTTP/1.1" 200 124 "-" "-"
2025-10-24 09:19:03 [INFO]: ::1 - - [24/Oct/2025:09:19:03 +0000] "GET /health HTTP/1.1" 200 124 "-" "-"
2025-10-24 09:19:33 [INFO]: ::1 - - [24/Oct/2025:09:19:33 +0000] "GET /health HTTP/1.1" 200 124 "-" "-"
2025-10-24 09:20:04 [INFO]: ::1 - - [24/Oct/2025:09:20:04 +0000] "GET /health HTTP/1.1" 200 124 "-" "-"
2025-10-24 09:20:34 [INFO]: ::1 - - [24/Oct/2025:09:20:34 +0000] "GET /health HTTP/1.1" 200 123 "-" "-"
2025-10-24 09:21:04 [INFO]: ::1 - - [24/Oct/2025:09:21:04 +0000] "GET /health HTTP/1.1" 200 124 "-" "-"
2025-10-24 09:21:34 [INFO]: ::1 - - [24/Oct/2025:09:21:34 +0000] "GET /health HTTP/1.1" 200 124 "-" "-"
2025-10-24 09:22:04 [INFO]: ::1 - - [24/Oct/2025:09:22:04 +0000] "GET /health HTTP/1.1" 200 124 "-" "-"
2025-10-24 09:22:34 [INFO]: ::1 - - [24/Oct/2025:09:22:34 +0000] "GET /health HTTP/1.1" 200 124 "-" "-"
2025-10-24 09:23:05 [INFO]: ::1 - - [24/Oct/2025:09:23:05 +0000] "GET /health HTTP/1.1" 200 124 "-" "-"
2025-10-24 09:23:35 [INFO]: ::1 - - [24/Oct/2025:09:23:35 +0000] "GET /health HTTP/1.1" 200 124 "-" "-"
2025-10-24 09:24:05 [INFO]: ::1 - - [24/Oct/2025:09:24:05 +0000] "GET /health HTTP/1.1" 200 124 "-" "-"
2025-10-24 09:24:35 [INFO]: ::1 - - [24/Oct/2025:09:24:35 +0000] "GET /health HTTP/1.1" 200 124 "-" "-"
2025-10-24 09:25:06 [INFO]: ::1 - - [24/Oct/2025:09:25:06 +0000] "GET /health HTTP/1.1" 200 124 "-" "-"
2025-10-24 09:25:36 [INFO]: ::1 - - [24/Oct/2025:09:25:36 +0000] "GET /health HTTP/1.1" 200 122 "-" "-"
2025-10-24 09:26:06 [INFO]: ::1 - - [24/Oct/2025:09:26:06 +0000] "GET /health HTTP/1.1" 200 124 "-" "-"
2025-10-24 09:26:36 [INFO]: ::1 - - [24/Oct/2025:09:26:36 +0000] "GET /health HTTP/1.1" 200 124 "-" "-"
2025-10-24 09:27:06 [INFO]: ::1 - - [24/Oct/2025:09:27:06 +0000] "GET /health HTTP/1.1" 200 124 "-" "-"
2025-10-24 09:27:36 [INFO]: ::1 - - [24/Oct/2025:09:27:36 +0000] "GET /health HTTP/1.1" 200 123 "-" "-"
2025-10-24 09:28:07 [INFO]: ::1 - - [24/Oct/2025:09:28:07 +0000] "GET /health HTTP/1.1" 200 123 "-" "-"
2025-10-24 09:28:37 [INFO]: ::1 - - [24/Oct/2025:09:28:37 +0000] "GET /health HTTP/1.1" 200 124 "-" "-"
2025-10-24 09:29:07 [INFO]: ::1 - - [24/Oct/2025:09:29:07 +0000] "GET /health HTTP/1.1" 200 124 "-" "-"
2025-10-24 09:29:37 [INFO]: ::1 - - [24/Oct/2025:09:29:37 +0000] "GET /health HTTP/1.1" 200 124 "-" "-"
2025-10-24 09:30:07 [INFO]: ::1 - - [24/Oct/2025:09:30:07 +0000] "GET /health HTTP/1.1" 200 124 "-" "-"
2025-10-24 09:30:37 [INFO]: ::1 - - [24/Oct/2025:09:30:37 +0000] "GET /health HTTP/1.1" 200 124 "-" "-"
2025-10-24 09:31:08 [INFO]: ::1 - - [24/Oct/2025:09:31:08 +0000] "GET /health HTTP/1.1" 200 124 "-" "-"
2025-10-24 09:31:38 [INFO]: ::1 - - [24/Oct/2025:09:31:38 +0000] "GET /health HTTP/1.1" 200 124 "-" "-"
2025-10-24 09:32:08 [INFO]: ::1 - - [24/Oct/2025:09:32:08 +0000] "GET /health HTTP/1.1" 200 124 "-" "-"
2025-10-24 09:32:38 [INFO]: ::1 - - [24/Oct/2025:09:32:38 +0000] "GET /health HTTP/1.1" 200 123 "-" "-"
2025-10-24 09:33:08 [INFO]: ::1 - - [24/Oct/2025:09:33:08 +0000] "GET /health HTTP/1.1" 200 124 "-" "-"
2025-10-24 09:33:38 [INFO]: ::1 - - [24/Oct/2025:09:33:38 +0000] "GET /health HTTP/1.1" 200 124 "-" "-"
2025-10-24 09:34:09 [INFO]: ::1 - - [24/Oct/2025:09:34:09 +0000] "GET /health HTTP/1.1" 200 123 "-" "-"
2025-10-24 09:34:39 [INFO]: ::1 - - [24/Oct/2025:09:34:39 +0000] "GET /health HTTP/1.1" 200 124 "-" "-"
2025-10-24 09:35:09 [INFO]: ::1 - - [24/Oct/2025:09:35:09 +0000] "GET /health HTTP/1.1" 200 124 "-" "-"
2025-10-24 09:35:39 [INFO]: ::1 - - [24/Oct/2025:09:35:39 +0000] "GET /health HTTP/1.1" 200 124 "-" "-"
2025-10-24 09:36:09 [INFO]: ::1 - - [24/Oct/2025:09:36:09 +0000] "GET /health HTTP/1.1" 200 124 "-" "-"
2025-10-24 09:36:39 [INFO]: ::1 - - [24/Oct/2025:09:36:39 +0000] "GET /health HTTP/1.1" 200 124 "-" "-"
2025-10-24 09:37:10 [INFO]: ::1 - - [24/Oct/2025:09:37:10 +0000] "GET /health HTTP/1.1" 200 124 "-" "-"
2025-10-24 09:37:40 [INFO]: ::1 - - [24/Oct/2025:09:37:40 +0000] "GET /health HTTP/1.1" 200 124 "-" "-"
2025-10-24 09:38:10 [INFO]: ::1 - - [24/Oct/2025:09:38:10 +0000] "GET /health HTTP/1.1" 200 124 "-" "-"
2025-10-24 09:38:40 [INFO]: ::1 - - [24/Oct/2025:09:38:40 +0000] "GET /health HTTP/1.1" 200 124 "-" "-"
2025-10-24 09:39:10 [INFO]: ::1 - - [24/Oct/2025:09:39:10 +0000] "GET /health HTTP/1.1" 200 124 "-" "-"
2025-10-24 09:39:40 [INFO]: ::1 - - [24/Oct/2025:09:39:40 +0000] "GET /health HTTP/1.1" 200 123 "-" "-"
2025-10-24 09:40:11 [INFO]: ::1 - - [24/Oct/2025:09:40:11 +0000] "GET /health HTTP/1.1" 200 124 "-" "-"
2025-10-24 09:40:41 [INFO]: ::1 - - [24/Oct/2025:09:40:41 +0000] "GET /health HTTP/1.1" 200 124 "-" "-"
2025-10-24 09:41:11 [INFO]: ::1 - - [24/Oct/2025:09:41:11 +0000] "GET /health HTTP/1.1" 200 124 "-" "-"
2025-10-24 09:41:41 [INFO]: ::1 - - [24/Oct/2025:09:41:41 +0000] "GET /health HTTP/1.1" 200 124 "-" "-"
2025-10-24 09:42:11 [INFO]: ::1 - - [24/Oct/2025:09:42:11 +0000] "GET /health HTTP/1.1" 200 123 "-" "-"
2025-10-24 09:42:41 [INFO]: ::1 - - [24/Oct/2025:09:42:41 +0000] "GET /health HTTP/1.1" 200 124 "-" "-"
2025-10-24 09:43:11 [INFO]: ::1 - - [24/Oct/2025:09:43:11 +0000] "GET /health HTTP/1.1" 200 124 "-" "-"
2025-10-24 09:43:42 [INFO]: ::1 - - [24/Oct/2025:09:43:42 +0000] "GET /health HTTP/1.1" 200 123 "-" "-"
2025-10-24 09:44:12 [INFO]: ::1 - - [24/Oct/2025:09:44:12 +0000] "GET /health HTTP/1.1" 200 124 "-" "-"
2025-10-24 09:44:42 [INFO]: ::1 - - [24/Oct/2025:09:44:42 +0000] "GET /health HTTP/1.1" 200 124 "-" "-"
2025-10-24 09:45:12 [INFO]: ::1 - - [24/Oct/2025:09:45:12 +0000] "GET /health HTTP/1.1" 200 124 "-" "-"
2025-10-24 09:45:42 [INFO]: ::1 - - [24/Oct/2025:09:45:42 +0000] "GET /health HTTP/1.1" 200 124 "-" "-"
2025-10-24 09:46:12 [INFO]: ::1 - - [24/Oct/2025:09:46:12 +0000] "GET /health HTTP/1.1" 200 124 "-" "-"
2025-10-24 09:46:42 [INFO]: ::1 - - [24/Oct/2025:09:46:42 +0000] "GET /health HTTP/1.1" 200 124 "-" "-"
2025-10-24 09:47:12 [INFO]: ::1 - - [24/Oct/2025:09:47:12 +0000] "GET /health HTTP/1.1" 200 124 "-" "-"
2025-10-24 09:47:42 [INFO]: ::1 - - [24/Oct/2025:09:47:42 +0000] "GET /health HTTP/1.1" 200 124 "-" "-"
2025-10-24 09:48:13 [INFO]: ::1 - - [24/Oct/2025:09:48:13 +0000] "GET /health HTTP/1.1" 200 124 "-" "-"
2025-10-24 09:48:43 [INFO]: ::1 - - [24/Oct/2025:09:48:43 +0000] "GET /health HTTP/1.1" 200 123 "-" "-"
2025-10-24 09:49:13 [INFO]: ::1 - - [24/Oct/2025:09:49:13 +0000] "GET /health HTTP/1.1" 200 124 "-" "-"
2025-10-24 09:49:43 [INFO]: ::1 - - [24/Oct/2025:09:49:43 +0000] "GET /health HTTP/1.1" 200 124 "-" "-"
2025-10-24 09:50:13 [INFO]: ::1 - - [24/Oct/2025:09:50:13 +0000] "GET /health HTTP/1.1" 200 124 "-" "-"
2025-10-24 09:50:43 [INFO]: ::1 - - [24/Oct/2025:09:50:43 +0000] "GET /health HTTP/1.1" 200 124 "-" "-"
2025-10-24 09:51:13 [INFO]: ::1 - - [24/Oct/2025:09:51:13 +0000] "GET /health HTTP/1.1" 200 124 "-" "-"
2025-10-24 09:51:43 [INFO]: ::1 - - [24/Oct/2025:09:51:43 +0000] "GET /health HTTP/1.1" 200 124 "-" "-"
2025-10-24 09:52:13 [INFO]: ::1 - - [24/Oct/2025:09:52:13 +0000] "GET /health HTTP/1.1" 200 123 "-" "-"
2025-10-24 09:52:44 [INFO]: ::1 - - [24/Oct/2025:09:52:44 +0000] "GET /health HTTP/1.1" 200 124 "-" "-"
2025-10-24 09:53:14 [INFO]: ::1 - - [24/Oct/2025:09:53:14 +0000] "GET /health HTTP/1.1" 200 124 "-" "-"
2025-10-24 09:53:44 [INFO]: ::1 - - [24/Oct/2025:09:53:44 +0000] "GET /health HTTP/1.1" 200 124 "-" "-"
2025-10-24 09:54:14 [INFO]: ::1 - - [24/Oct/2025:09:54:14 +0000] "GET /health HTTP/1.1" 200 124 "-" "-"
2025-10-24 09:54:44 [INFO]: ::1 - - [24/Oct/2025:09:54:44 +0000] "GET /health HTTP/1.1" 200 124 "-" "-"
2025-10-24 09:55:14 [INFO]: ::1 - - [24/Oct/2025:09:55:14 +0000] "GET /health HTTP/1.1" 200 124 "-" "-"
2025-10-24 09:55:44 [INFO]: ::1 - - [24/Oct/2025:09:55:44 +0000] "GET /health HTTP/1.1" 200 124 "-" "-"
2025-10-24 09:56:14 [INFO]: ::1 - - [24/Oct/2025:09:56:14 +0000] "GET /health HTTP/1.1" 200 124 "-" "-"
2025-10-24 09:56:44 [INFO]: ::1 - - [24/Oct/2025:09:56:44 +0000] "GET /health HTTP/1.1" 200 124 "-" "-"
2025-10-24 09:57:14 [INFO]: ::1 - - [24/Oct/2025:09:57:14 +0000] "GET /health HTTP/1.1" 200 123 "-" "-"
2025-10-24 09:57:45 [INFO]: ::1 - - [24/Oct/2025:09:57:45 +0000] "GET /health HTTP/1.1" 200 124 "-" "-"
2025-10-24 09:58:15 [INFO]: ::1 - - [24/Oct/2025:09:58:15 +0000] "GET /health HTTP/1.1" 200 123 "-" "-"
2025-10-24 09:58:45 [INFO]: ::1 - - [24/Oct/2025:09:58:45 +0000] "GET /health HTTP/1.1" 200 124 "-" "-"
2025-10-24 09:59:15 [INFO]: ::1 - - [24/Oct/2025:09:59:15 +0000] "GET /health HTTP/1.1" 200 124 "-" "-"
2025-10-24 09:59:45 [INFO]: ::1 - - [24/Oct/2025:09:59:45 +0000] "GET /health HTTP/1.1" 200 124 "-" "-"
2025-10-24 10:00:15 [INFO]: ::1 - - [24/Oct/2025:10:00:15 +0000] "GET /health HTTP/1.1" 200 124 "-" "-"
2025-10-24 10:00:45 [INFO]: ::1 - - [24/Oct/2025:10:00:45 +0000] "GET /health HTTP/1.1" 200 124 "-" "-"
2025-10-24 10:01:15 [INFO]: ::1 - - [24/Oct/2025:10:01:15 +0000] "GET /health HTTP/1.1" 200 124 "-" "-"
2025-10-24 10:01:46 [INFO]: ::1 - - [24/Oct/2025:10:01:46 +0000] "GET /health HTTP/1.1" 200 124 "-" "-"
2025-10-24 10:02:16 [INFO]: ::1 - - [24/Oct/2025:10:02:16 +0000] "GET /health HTTP/1.1" 200 124 "-" "-"
2025-10-24 10:02:46 [INFO]: ::1 - - [24/Oct/2025:10:02:46 +0000] "GET /health HTTP/1.1" 200 124 "-" "-"
2025-10-24 10:03:16 [INFO]: ::1 - - [24/Oct/2025:10:03:16 +0000] "GET /health HTTP/1.1" 200 124 "-" "-"
2025-10-24 10:03:46 [INFO]: ::1 - - [24/Oct/2025:10:03:46 +0000] "GET /health HTTP/1.1" 200 124 "-" "-"
2025-10-24 10:04:16 [INFO]: ::1 - - [24/Oct/2025:10:04:16 +0000] "GET /health HTTP/1.1" 200 124 "-" "-"
2025-10-24 10:04:46 [INFO]: ::1 - - [24/Oct/2025:10:04:46 +0000] "GET /health HTTP/1.1" 200 124 "-" "-"
2025-10-24 10:05:16 [INFO]: ::1 - - [24/Oct/2025:10:05:16 +0000] "GET /health HTTP/1.1" 200 124 "-" "-"
2025-10-24 10:05:46 [INFO]: ::1 - - [24/Oct/2025:10:05:46 +0000] "GET /health HTTP/1.1" 200 124 "-" "-"
2025-10-24 10:06:17 [INFO]: ::1 - - [24/Oct/2025:10:06:17 +0000] "GET /health HTTP/1.1" 200 124 "-" "-"
2025-10-24 10:06:47 [INFO]: ::1 - - [24/Oct/2025:10:06:47 +0000] "GET /health HTTP/1.1" 200 124 "-" "-"
2025-10-24 10:07:17 [INFO]: ::1 - - [24/Oct/2025:10:07:17 +0000] "GET /health HTTP/1.1" 200 124 "-" "-"
2025-10-24 10:07:47 [INFO]: ::1 - - [24/Oct/2025:10:07:47 +0000] "GET /health HTTP/1.1" 200 124 "-" "-"
2025-10-24 10:08:17 [INFO]: ::1 - - [24/Oct/2025:10:08:17 +0000] "GET /health HTTP/1.1" 200 124 "-" "-"
2025-10-24 10:08:47 [INFO]: ::1 - - [24/Oct/2025:10:08:47 +0000] "GET /health HTTP/1.1" 200 124 "-" "-"
2025-10-24 10:09:17 [INFO]: ::1 - - [24/Oct/2025:10:09:17 +0000] "GET /health HTTP/1.1" 200 124 "-" "-"
2025-10-24 10:09:47 [INFO]: ::1 - - [24/Oct/2025:10:09:47 +0000] "GET /health HTTP/1.1" 200 124 "-" "-"
2025-10-24 10:10:17 [INFO]: ::1 - - [24/Oct/2025:10:10:17 +0000] "GET /health HTTP/1.1" 200 124 "-" "-"
2025-10-24 10:10:48 [INFO]: ::1 - - [24/Oct/2025:10:10:48 +0000] "GET /health HTTP/1.1" 200 124 "-" "-"
2025-10-24 10:11:18 [INFO]: ::1 - - [24/Oct/2025:10:11:18 +0000] "GET /health HTTP/1.1" 200 124 "-" "-"
2025-10-24 10:11:48 [INFO]: ::1 - - [24/Oct/2025:10:11:48 +0000] "GET /health HTTP/1.1" 200 123 "-" "-"
