2025-11-14 02:11:19 [ERROR]: Authentication error: Invalid or expired token
Error: Invalid or expired token
    at verifyAccessToken (/app/src/utils/token.js:37:11)
    at authenticate (/app/src/middleware/auth.js:23:21)
    at Layer.handle [as handle_request] (/app/node_modules/express/lib/router/layer.js:95:5)
    at next (/app/node_modules/express/lib/router/route.js:149:13)
    at Route.dispatch (/app/node_modules/express/lib/router/route.js:119:3)
    at Layer.handle [as handle_request] (/app/node_modules/express/lib/router/layer.js:95:5)
    at /app/node_modules/express/lib/router/index.js:284:15
    at Function.process_params (/app/node_modules/express/lib/router/index.js:346:12)
    at next (/app/node_modules/express/lib/router/index.js:280:10)
    at Function.handle (/app/node_modules/express/lib/router/index.js:175:3)
2025-11-14 02:16:13 [ERROR]: Error: Invalid credentials
Error: Invalid credentials
    at Object.login (/app/src/services/authService.js:112:11)
    at async /app/src/controllers/authController.js:30:18
2025-11-14 02:22:41 [ERROR]: Prisma Error: 
Invalid `prisma.$queryRawUnsafe()` invocation:


Raw query failed. Code: `23505`. Message: `Key (email)=(diva.exalanti@energi-up.com) already exists.`
2025-11-14 02:22:41 [ERROR]: Error: 
Invalid `prisma.$queryRawUnsafe()` invocation:


Raw query failed. Code: `23505`. Message: `Key (email)=(diva.exalanti@energi-up.com) already exists.`
PrismaClientKnownRequestError: 
Invalid `prisma.$queryRawUnsafe()` invocation:


Raw query failed. Code: `23505`. Message: `Key (email)=(diva.exalanti@energi-up.com) already exists.`
    at $n.handleRequestError (/app/node_modules/@prisma/client/runtime/library.js:121:7315)
    at $n.handleAndLogRequestError (/app/node_modules/@prisma/client/runtime/library.js:121:6623)
    at $n.request (/app/node_modules/@prisma/client/runtime/library.js:121:6307)
    at async l (/app/node_modules/@prisma/client/runtime/library.js:130:9633)
    at async Object.createUser (/app/src/services/adminUserService.js:72:18)
    at async /app/src/controllers/adminUserController.js:12:18
2025-11-14 02:33:31 [ERROR]: Authentication error: Invalid or expired token
Error: Invalid or expired token
    at verifyAccessToken (/app/src/utils/token.js:37:11)
    at authenticate (/app/src/middleware/auth.js:23:21)
    at Layer.handle [as handle_request] (/app/node_modules/express/lib/router/layer.js:95:5)
    at next (/app/node_modules/express/lib/router/route.js:149:13)
    at Route.dispatch (/app/node_modules/express/lib/router/route.js:119:3)
    at Layer.handle [as handle_request] (/app/node_modules/express/lib/router/layer.js:95:5)
    at /app/node_modules/express/lib/router/index.js:284:15
    at Function.process_params (/app/node_modules/express/lib/router/index.js:346:12)
    at next (/app/node_modules/express/lib/router/index.js:280:10)
    at Function.handle (/app/node_modules/express/lib/router/index.js:175:3)
2025-11-14 02:35:03 [ERROR]: Error: divisionValue is not defined
ReferenceError: divisionValue is not defined
    at Object.createCandidate (/app/src/services/candidateService.js:246:51)
    at async /app/src/routes/candidateRoutes.js:123:23
2025-11-14 02:36:27 [ERROR]: Error: Email already registered
Error: Email already registered
    at Object.createCandidate (/app/src/services/candidateService.js:74:11)
    at async /app/src/routes/candidateRoutes.js:123:23
2025-11-14 02:36:59 [ERROR]: Error: Email already registered
Error: Email already registered
    at Object.createCandidate (/app/src/services/candidateService.js:74:11)
    at async /app/src/routes/candidateRoutes.js:123:23
2025-11-14 02:41:14 [ERROR]: Error: divisionValue is not defined
ReferenceError: divisionValue is not defined
    at Object.createCandidate (/app/src/services/candidateService.js:246:51)
    at async /app/src/routes/candidateRoutes.js:123:23
2025-11-14 02:47:16 [ERROR]: Error: divisionValue is not defined
ReferenceError: divisionValue is not defined
    at Object.createCandidate (/app/src/services/candidateService.js:246:51)
    at async /app/src/routes/candidateRoutes.js:123:23
2025-11-14 03:06:00 [ERROR]: Authentication error: Invalid or expired token
Error: Invalid or expired token
    at verifyAccessToken (/app/src/utils/token.js:37:11)
    at authenticate (/app/src/middleware/auth.js:23:21)
    at Layer.handle [as handle_request] (/app/node_modules/express/lib/router/layer.js:95:5)
    at next (/app/node_modules/express/lib/router/route.js:149:13)
    at Route.dispatch (/app/node_modules/express/lib/router/route.js:119:3)
    at Layer.handle [as handle_request] (/app/node_modules/express/lib/router/layer.js:95:5)
    at /app/node_modules/express/lib/router/index.js:284:15
    at Function.process_params (/app/node_modules/express/lib/router/index.js:346:12)
    at next (/app/node_modules/express/lib/router/index.js:280:10)
    at Function.handle (/app/node_modules/express/lib/router/index.js:175:3)
2025-11-14 03:26:44 [ERROR]: Authentication error: Invalid or expired token
Error: Invalid or expired token
    at verifyAccessToken (/app/src/utils/token.js:37:11)
    at authenticate (/app/src/middleware/auth.js:23:21)
    at Layer.handle [as handle_request] (/app/node_modules/express/lib/router/layer.js:95:5)
    at next (/app/node_modules/express/lib/router/route.js:149:13)
    at Route.dispatch (/app/node_modules/express/lib/router/route.js:119:3)
    at Layer.handle [as handle_request] (/app/node_modules/express/lib/router/layer.js:95:5)
    at /app/node_modules/express/lib/router/index.js:284:15
    at Function.process_params (/app/node_modules/express/lib/router/index.js:346:12)
    at next (/app/node_modules/express/lib/router/index.js:280:10)
    at Function.handle (/app/node_modules/express/lib/router/index.js:175:3)
2025-11-14 03:26:44 [ERROR]: Authentication error: Invalid or expired token
Error: Invalid or expired token
    at verifyAccessToken (/app/src/utils/token.js:37:11)
    at authenticate (/app/src/middleware/auth.js:23:21)
    at Layer.handle [as handle_request] (/app/node_modules/express/lib/router/layer.js:95:5)
    at next (/app/node_modules/express/lib/router/route.js:149:13)
    at Route.dispatch (/app/node_modules/express/lib/router/route.js:119:3)
    at Layer.handle [as handle_request] (/app/node_modules/express/lib/router/layer.js:95:5)
    at /app/node_modules/express/lib/router/index.js:284:15
    at Function.process_params (/app/node_modules/express/lib/router/index.js:346:12)
    at next (/app/node_modules/express/lib/router/index.js:280:10)
    at Function.handle (/app/node_modules/express/lib/router/index.js:175:3)
2025-11-14 03:44:20 [ERROR]: Authentication error: Invalid or expired token
Error: Invalid or expired token
    at verifyAccessToken (/app/src/utils/token.js:37:11)
    at authenticate (/app/src/middleware/auth.js:23:21)
    at Layer.handle [as handle_request] (/app/node_modules/express/lib/router/layer.js:95:5)
    at next (/app/node_modules/express/lib/router/route.js:149:13)
    at Route.dispatch (/app/node_modules/express/lib/router/route.js:119:3)
    at Layer.handle [as handle_request] (/app/node_modules/express/lib/router/layer.js:95:5)
    at /app/node_modules/express/lib/router/index.js:284:15
    at Function.process_params (/app/node_modules/express/lib/router/index.js:346:12)
    at next (/app/node_modules/express/lib/router/index.js:280:10)
    at Function.handle (/app/node_modules/express/lib/router/index.js:175:3)
2025-11-14 04:51:18 [ERROR]: Authentication error: Invalid or expired token
Error: Invalid or expired token
    at verifyAccessToken (/app/src/utils/token.js:37:11)
    at authenticate (/app/src/middleware/auth.js:23:21)
    at Layer.handle [as handle_request] (/app/node_modules/express/lib/router/layer.js:95:5)
    at next (/app/node_modules/express/lib/router/route.js:149:13)
    at Route.dispatch (/app/node_modules/express/lib/router/route.js:119:3)
    at Layer.handle [as handle_request] (/app/node_modules/express/lib/router/layer.js:95:5)
    at /app/node_modules/express/lib/router/index.js:284:15
    at Function.process_params (/app/node_modules/express/lib/router/index.js:346:12)
    at next (/app/node_modules/express/lib/router/index.js:280:10)
    at Function.handle (/app/node_modules/express/lib/router/index.js:175:3)
2025-11-14 04:54:01 [ERROR]: Error: divisionValue is not defined
ReferenceError: divisionValue is not defined
    at Object.createCandidate (/app/src/services/candidateService.js:246:51)
    at async /app/src/routes/candidateRoutes.js:123:23
2025-11-14 14:05:02 [ERROR]: Prisma Error: 
Invalid `prisma.refreshToken.deleteMany()` invocation in
D:\Cursor\Talent Acquisition Management\backend\tests\functional\api.test.js:24:31

  21 describe('Functional Test Suite - Talent Acquisition System', () => {
  22   beforeAll(async () => {
  23     // Clean up test data
→ 24     await prisma.refreshToken.deleteMany(
Authentication failed against database server at `localhost`, the provided database credentials for `tas_user` are not valid.

Please make sure to provide valid database credentials for the database server at `localhost`.
2025-11-14 14:05:02 [ERROR]: Prisma Error: 
Invalid `prisma.user.create()` invocation in
D:\Cursor\Talent Acquisition Management\backend\tests\security\security.test.js:20:45

  17 const bcrypt = require('bcryptjs');
  18 const hashedPassword = await bcrypt.hash('TestPassword123!', 12);
  19 
→ 20 const candidateUser = await prisma.user.create(
Authentication failed against database server at `localhost`, the provided database credentials for `tas_user` are not valid.

Please make sure to provide valid database credentials for the database server at `localhost`.
2025-11-14 14:05:02 [ERROR]: Prisma Error: 
Invalid `prisma.user.create()` invocation in
D:\Cursor\Talent Acquisition Management\backend\tests\functional\api.test.js:154:40

  151 // Create TA user for testing
  152 const bcrypt = require('bcryptjs');
  153 const hashedPassword = await bcrypt.hash('TestPassword123!', 12);
→ 154 const taUser = await prisma.user.create(
Authentication failed against database server at `localhost`, the provided database credentials for `tas_user` are not valid.

Please make sure to provide valid database credentials for the database server at `localhost`.
2025-11-14 14:05:02 [ERROR]: Prisma Error: 
Invalid `prisma.user.deleteMany()` invocation in
D:\Cursor\Talent Acquisition Management\backend\tests\security\security.test.js:65:23

  62 });
  63 
  64 afterAll(async () => {
→ 65   await prisma.user.deleteMany(
Authentication failed against database server at `localhost`, the provided database credentials for `tas_user` are not valid.

Please make sure to provide valid database credentials for the database server at `localhost`.
2025-11-14 14:05:02 [ERROR]: Prisma Error: 
Invalid `prisma.user.findUnique()` invocation in
D:\Cursor\Talent Acquisition Management\backend\tests\functional\api.test.js:286:47

  283 describe('5. Application Management', () => {
  284   beforeAll(async () => {
  285     // Create candidate user and get token
→ 286     const candidateUser = await prisma.user.findUnique(
Authentication failed against database server at `localhost`, the provided database credentials for `tas_user` are not valid.

Please make sure to provide valid database credentials for the database server at `localhost`.
2025-11-14 07:28:07 [ERROR]: Error: Invalid credentials
Error: Invalid credentials
    at Object.login (/app/src/services/authService.js:112:11)
    at async /app/src/controllers/authController.js:30:18
2025-11-14 07:28:08 [ERROR]: Error: Invalid credentials
Error: Invalid credentials
    at Object.login (/app/src/services/authService.js:112:11)
    at async /app/src/controllers/authController.js:30:18
2025-11-14 07:28:49 [ERROR]: Error: Invalid credentials
Error: Invalid credentials
    at Object.login (/app/src/services/authService.js:112:11)
    at async /app/src/controllers/authController.js:30:18
2025-11-14 07:28:49 [ERROR]: Error: Division with this name and section already exists
Error: Division with this name and section already exists
    at Object.createDivision (/app/src/services/masterDivisionService.js:63:11)
    at async /app/src/routes/masterRoutes.js:66:22
2025-11-14 07:39:39 [ERROR]: Error: Invalid credentials
Error: Invalid credentials
    at Object.login (/app/src/services/authService.js:112:11)
    at async /app/src/controllers/authController.js:30:18
2025-11-14 07:39:39 [ERROR]: Error: Division with this name and section already exists
Error: Division with this name and section already exists
    at Object.createDivision (/app/src/services/masterDivisionService.js:63:11)
    at async /app/src/routes/masterRoutes.js:66:22
2025-11-14 07:39:39 [ERROR]: Error: Division with this name and section already exists
Error: Division with this name and section already exists
    at Object.createDivision (/app/src/services/masterDivisionService.js:63:11)
    at async /app/src/routes/masterRoutes.js:66:22
2025-11-14 07:39:55 [ERROR]: Error: Invalid credentials
Error: Invalid credentials
    at Object.login (/app/src/services/authService.js:112:11)
    at async /app/src/controllers/authController.js:30:18
2025-11-14 07:39:59 [ERROR]: Prisma Error: 
Invalid `prisma.fPTK.create()` invocation:

{
  data: {
    fptkNumber: null,
    pt: "PT Test",
    noFktk: null,
    division: "Test Division",
    section: "Test Section",
    position: "Test Position",
    positionTitle: "Test Position Title",
    department: "Test Department",
    location: "Test Location",
    employmentType: "Full-time",
    priority: "P1",
    priorityByMonthYear: null,
    isPriority: false,
    totalRequest: 1,
    currentStatus: "Raise FPTK",
    requestDate: new Date("2025-11-14T07:39:59.159Z"),
    numberOfPositions: NaN,
    filledPositions: 0,
    requiredSkills: [],
    jobDescription: "Test job description",
    status: "DRAFT",
    createdBy: "admin-001",
+   creator: {
+     create: UserCreateWithoutCreatedFPTKsInput | UserUncheckedCreateWithoutCreatedFPTKsInput,
+     connectOrCreate: UserCreateOrConnectWithoutCreatedFPTKsInput,
+     connect: UserWhereUniqueInput
+   }
  }
}

Argument `creator` is missing.
2025-11-14 07:39:59 [ERROR]: Error: 
Invalid `prisma.fPTK.create()` invocation:

{
  data: {
    fptkNumber: null,
    pt: "PT Test",
    noFktk: null,
    division: "Test Division",
    section: "Test Section",
    position: "Test Position",
    positionTitle: "Test Position Title",
    department: "Test Department",
    location: "Test Location",
    employmentType: "Full-time",
    priority: "P1",
    priorityByMonthYear: null,
    isPriority: false,
    totalRequest: 1,
    currentStatus: "Raise FPTK",
    requestDate: new Date("2025-11-14T07:39:59.159Z"),
    numberOfPositions: NaN,
    filledPositions: 0,
    requiredSkills: [],
    jobDescription: "Test job description",
    status: "DRAFT",
    createdBy: "admin-001",
+   creator: {
+     create: UserCreateWithoutCreatedFPTKsInput | UserUncheckedCreateWithoutCreatedFPTKsInput,
+     connectOrCreate: UserCreateOrConnectWithoutCreatedFPTKsInput,
+     connect: UserWhereUniqueInput
+   }
  }
}

Argument `creator` is missing.
PrismaClientValidationError: 
Invalid `prisma.fPTK.create()` invocation:

{
  data: {
    fptkNumber: null,
    pt: "PT Test",
    noFktk: null,
    division: "Test Division",
    section: "Test Section",
    position: "Test Position",
    positionTitle: "Test Position Title",
    department: "Test Department",
    location: "Test Location",
    employmentType: "Full-time",
    priority: "P1",
    priorityByMonthYear: null,
    isPriority: false,
    totalRequest: 1,
    currentStatus: "Raise FPTK",
    requestDate: new Date("2025-11-14T07:39:59.159Z"),
    numberOfPositions: NaN,
    filledPositions: 0,
    requiredSkills: [],
    jobDescription: "Test job description",
    status: "DRAFT",
    createdBy: "admin-001",
+   creator: {
+     create: UserCreateWithoutCreatedFPTKsInput | UserUncheckedCreateWithoutCreatedFPTKsInput,
+     connectOrCreate: UserCreateOrConnectWithoutCreatedFPTKsInput,
+     connect: UserWhereUniqueInput
+   }
  }
}

Argument `creator` is missing.
    at wn (/app/node_modules/@prisma/client/runtime/library.js:29:1363)
    at $n.handleRequestError (/app/node_modules/@prisma/client/runtime/library.js:121:6958)
    at $n.handleAndLogRequestError (/app/node_modules/@prisma/client/runtime/library.js:121:6623)
    at $n.request (/app/node_modules/@prisma/client/runtime/library.js:121:6307)
    at async l (/app/node_modules/@prisma/client/runtime/library.js:130:9633)
    at async /app/src/services/fptkService.js:286:18
    at async Proxy._transactionWithCallback (/app/node_modules/@prisma/client/runtime/library.js:130:8000)
    at async Object.createFPTK (/app/src/services/fptkService.js:285:23)
    at async /app/src/routes/fptkRoutes.js:20:18
2025-11-14 07:40:37 [ERROR]: Prisma Error: 
Invalid `prisma.fPTK.create()` invocation:

{
  data: {
    fptkNumber: null,
    pt: "PT Test",
    noFktk: null,
    division: "Test Division",
    section: "Test Section",
    position: "Test Position",
    positionTitle: "Test Position Title",
    department: "Test Department",
    location: "Test Location",
    employmentType: "Full-time",
    priority: "P1",
    priorityByMonthYear: null,
    isPriority: false,
    totalRequest: 1,
    currentStatus: "Raise FPTK",
    requestDate: new Date("2025-11-14T07:40:37.598Z"),
    numberOfPositions: NaN,
    filledPositions: 0,
    requiredSkills: [],
    jobDescription: "Test job description",
    status: "DRAFT",
    createdBy: "admin-001",
+   creator: {
+     create: UserCreateWithoutCreatedFPTKsInput | UserUncheckedCreateWithoutCreatedFPTKsInput,
+     connectOrCreate: UserCreateOrConnectWithoutCreatedFPTKsInput,
+     connect: UserWhereUniqueInput
+   }
  }
}

Argument `creator` is missing.
2025-11-14 07:40:37 [ERROR]: Error: 
Invalid `prisma.fPTK.create()` invocation:

{
  data: {
    fptkNumber: null,
    pt: "PT Test",
    noFktk: null,
    division: "Test Division",
    section: "Test Section",
    position: "Test Position",
    positionTitle: "Test Position Title",
    department: "Test Department",
    location: "Test Location",
    employmentType: "Full-time",
    priority: "P1",
    priorityByMonthYear: null,
    isPriority: false,
    totalRequest: 1,
    currentStatus: "Raise FPTK",
    requestDate: new Date("2025-11-14T07:40:37.598Z"),
    numberOfPositions: NaN,
    filledPositions: 0,
    requiredSkills: [],
    jobDescription: "Test job description",
    status: "DRAFT",
    createdBy: "admin-001",
+   creator: {
+     create: UserCreateWithoutCreatedFPTKsInput | UserUncheckedCreateWithoutCreatedFPTKsInput,
+     connectOrCreate: UserCreateOrConnectWithoutCreatedFPTKsInput,
+     connect: UserWhereUniqueInput
+   }
  }
}

Argument `creator` is missing.
PrismaClientValidationError: 
Invalid `prisma.fPTK.create()` invocation:

{
  data: {
    fptkNumber: null,
    pt: "PT Test",
    noFktk: null,
    division: "Test Division",
    section: "Test Section",
    position: "Test Position",
    positionTitle: "Test Position Title",
    department: "Test Department",
    location: "Test Location",
    employmentType: "Full-time",
    priority: "P1",
    priorityByMonthYear: null,
    isPriority: false,
    totalRequest: 1,
    currentStatus: "Raise FPTK",
    requestDate: new Date("2025-11-14T07:40:37.598Z"),
    numberOfPositions: NaN,
    filledPositions: 0,
    requiredSkills: [],
    jobDescription: "Test job description",
    status: "DRAFT",
    createdBy: "admin-001",
+   creator: {
+     create: UserCreateWithoutCreatedFPTKsInput | UserUncheckedCreateWithoutCreatedFPTKsInput,
+     connectOrCreate: UserCreateOrConnectWithoutCreatedFPTKsInput,
+     connect: UserWhereUniqueInput
+   }
  }
}

Argument `creator` is missing.
    at wn (/app/node_modules/@prisma/client/runtime/library.js:29:1363)
    at $n.handleRequestError (/app/node_modules/@prisma/client/runtime/library.js:121:6958)
    at $n.handleAndLogRequestError (/app/node_modules/@prisma/client/runtime/library.js:121:6623)
    at $n.request (/app/node_modules/@prisma/client/runtime/library.js:121:6307)
    at async l (/app/node_modules/@prisma/client/runtime/library.js:130:9633)
    at async /app/src/services/fptkService.js:286:18
    at async Proxy._transactionWithCallback (/app/node_modules/@prisma/client/runtime/library.js:130:8000)
    at async Object.createFPTK (/app/src/services/fptkService.js:285:23)
    at async /app/src/routes/fptkRoutes.js:20:18
2025-11-14 07:40:58 [ERROR]: Error: Invalid credentials
Error: Invalid credentials
    at Object.login (/app/src/services/authService.js:112:11)
    at async /app/src/controllers/authController.js:30:18
2025-11-14 07:41:40 [ERROR]: Error: Invalid credentials
Error: Invalid credentials
    at Object.login (/app/src/services/authService.js:112:11)
    at async /app/src/controllers/authController.js:30:18
2025-11-14 07:41:40 [ERROR]: Error: Division with this name and section already exists
Error: Division with this name and section already exists
    at Object.createDivision (/app/src/services/masterDivisionService.js:63:11)
    at async /app/src/routes/masterRoutes.js:66:22
2025-11-14 07:41:40 [ERROR]: Error: Division with this name and section already exists
Error: Division with this name and section already exists
    at Object.createDivision (/app/src/services/masterDivisionService.js:63:11)
    at async /app/src/routes/masterRoutes.js:66:22
2025-11-14 07:41:54 [ERROR]: Error: Invalid credentials
Error: Invalid credentials
    at Object.login (/app/src/services/authService.js:112:11)
    at async /app/src/controllers/authController.js:30:18
2025-11-14 07:42:42 [ERROR]: Error: Invalid credentials
Error: Invalid credentials
    at Object.login (/app/src/services/authService.js:112:11)
    at async /app/src/controllers/authController.js:30:18
2025-11-14 07:42:44 [ERROR]: Error: Invalid credentials
Error: Invalid credentials
    at Object.login (/app/src/services/authService.js:112:11)
    at async /app/src/controllers/authController.js:30:18
2025-11-14 07:42:45 [ERROR]: Error: Division with this name and section already exists
Error: Division with this name and section already exists
    at Object.createDivision (/app/src/services/masterDivisionService.js:63:11)
    at async /app/src/routes/masterRoutes.js:66:22
2025-11-14 07:42:45 [ERROR]: Error: Division with this name and section already exists
Error: Division with this name and section already exists
    at Object.createDivision (/app/src/services/masterDivisionService.js:63:11)
    at async /app/src/routes/masterRoutes.js:66:22
2025-11-14 07:43:25 [ERROR]: Error: Invalid credentials
Error: Invalid credentials
    at Object.login (/app/src/services/authService.js:112:11)
    at async /app/src/controllers/authController.js:30:18
2025-11-14 07:43:25 [ERROR]: Error: Division with this name and section already exists
Error: Division with this name and section already exists
    at Object.createDivision (/app/src/services/masterDivisionService.js:63:11)
    at async /app/src/routes/masterRoutes.js:66:22
2025-11-14 07:43:25 [ERROR]: Error: Division with this name and section already exists
Error: Division with this name and section already exists
    at Object.createDivision (/app/src/services/masterDivisionService.js:63:11)
    at async /app/src/routes/masterRoutes.js:66:22
2025-11-14 07:44:29 [ERROR]: Error: Invalid credentials
Error: Invalid credentials
    at Object.login (/app/src/services/authService.js:112:11)
    at async /app/src/controllers/authController.js:30:18
2025-11-14 07:44:29 [ERROR]: Error: Division with this name and section already exists
Error: Division with this name and section already exists
    at Object.createDivision (/app/src/services/masterDivisionService.js:63:11)
    at async /app/src/routes/masterRoutes.js:66:22
2025-11-14 07:44:29 [ERROR]: Error: Division with this name and section already exists
Error: Division with this name and section already exists
    at Object.createDivision (/app/src/services/masterDivisionService.js:63:11)
    at async /app/src/routes/masterRoutes.js:66:22
2025-11-14 07:46:24 [ERROR]: Error: Invalid credentials
Error: Invalid credentials
    at Object.login (/app/src/services/authService.js:112:11)
    at async /app/src/controllers/authController.js:30:18
2025-11-14 07:46:26 [ERROR]: Error: Invalid credentials
Error: Invalid credentials
    at Object.login (/app/src/services/authService.js:112:11)
    at async /app/src/controllers/authController.js:30:18
2025-11-14 07:46:26 [ERROR]: Error: Division with this name and section already exists
Error: Division with this name and section already exists
    at Object.createDivision (/app/src/services/masterDivisionService.js:63:11)
    at async /app/src/routes/masterRoutes.js:66:22
2025-11-14 07:46:26 [ERROR]: Error: Division with this name and section already exists
Error: Division with this name and section already exists
    at Object.createDivision (/app/src/services/masterDivisionService.js:63:11)
    at async /app/src/routes/masterRoutes.js:66:22
2025-11-14 07:46:29 [ERROR]: Prisma Error: 
Invalid `prisma.fPTK.create()` invocation:

{
  data: {
    fptkNumber: null,
    pt: "PT Test",
    noFktk: null,
    division: "Test Division",
    section: "Test Section",
    position: "Test Position",
    positionTitle: "Test Position Title",
    department: "Test Department",
    location: "Test Location",
    employmentType: "Full-time",
    priority: "P1",
    priorityByMonthYear: null,
    isPriority: false,
    totalRequest: 1,
    currentStatus: "Raise FPTK",
    requestDate: new Date("2025-11-14T07:46:29.074Z"),
    numberOfPositions: NaN,
    filledPositions: 0,
    requiredSkills: [],
    jobDescription: "Test job description",
    status: "DRAFT",
    createdBy: "admin-001",
+   creator: {
+     create: UserCreateWithoutCreatedFPTKsInput | UserUncheckedCreateWithoutCreatedFPTKsInput,
+     connectOrCreate: UserCreateOrConnectWithoutCreatedFPTKsInput,
+     connect: UserWhereUniqueInput
+   }
  }
}

Argument `creator` is missing.
2025-11-14 07:46:29 [ERROR]: Error: 
Invalid `prisma.fPTK.create()` invocation:

{
  data: {
    fptkNumber: null,
    pt: "PT Test",
    noFktk: null,
    division: "Test Division",
    section: "Test Section",
    position: "Test Position",
    positionTitle: "Test Position Title",
    department: "Test Department",
    location: "Test Location",
    employmentType: "Full-time",
    priority: "P1",
    priorityByMonthYear: null,
    isPriority: false,
    totalRequest: 1,
    currentStatus: "Raise FPTK",
    requestDate: new Date("2025-11-14T07:46:29.074Z"),
    numberOfPositions: NaN,
    filledPositions: 0,
    requiredSkills: [],
    jobDescription: "Test job description",
    status: "DRAFT",
    createdBy: "admin-001",
+   creator: {
+     create: UserCreateWithoutCreatedFPTKsInput | UserUncheckedCreateWithoutCreatedFPTKsInput,
+     connectOrCreate: UserCreateOrConnectWithoutCreatedFPTKsInput,
+     connect: UserWhereUniqueInput
+   }
  }
}

Argument `creator` is missing.
PrismaClientValidationError: 
Invalid `prisma.fPTK.create()` invocation:

{
  data: {
    fptkNumber: null,
    pt: "PT Test",
    noFktk: null,
    division: "Test Division",
    section: "Test Section",
    position: "Test Position",
    positionTitle: "Test Position Title",
    department: "Test Department",
    location: "Test Location",
    employmentType: "Full-time",
    priority: "P1",
    priorityByMonthYear: null,
    isPriority: false,
    totalRequest: 1,
    currentStatus: "Raise FPTK",
    requestDate: new Date("2025-11-14T07:46:29.074Z"),
    numberOfPositions: NaN,
    filledPositions: 0,
    requiredSkills: [],
    jobDescription: "Test job description",
    status: "DRAFT",
    createdBy: "admin-001",
+   creator: {
+     create: UserCreateWithoutCreatedFPTKsInput | UserUncheckedCreateWithoutCreatedFPTKsInput,
+     connectOrCreate: UserCreateOrConnectWithoutCreatedFPTKsInput,
+     connect: UserWhereUniqueInput
+   }
  }
}

Argument `creator` is missing.
    at wn (/app/node_modules/@prisma/client/runtime/library.js:29:1363)
    at $n.handleRequestError (/app/node_modules/@prisma/client/runtime/library.js:121:6958)
    at $n.handleAndLogRequestError (/app/node_modules/@prisma/client/runtime/library.js:121:6623)
    at $n.request (/app/node_modules/@prisma/client/runtime/library.js:121:6307)
    at async l (/app/node_modules/@prisma/client/runtime/library.js:130:9633)
    at async /app/src/services/fptkService.js:286:18
    at async Proxy._transactionWithCallback (/app/node_modules/@prisma/client/runtime/library.js:130:8000)
    at async Object.createFPTK (/app/src/services/fptkService.js:285:23)
    at async /app/src/routes/fptkRoutes.js:20:18
2025-11-14 07:47:46 [ERROR]: Error: Invalid credentials
Error: Invalid credentials
    at Object.login (/app/src/services/authService.js:112:11)
    at async /app/src/controllers/authController.js:30:18
2025-11-14 07:47:46 [ERROR]: Error: Division with this name and section already exists
Error: Division with this name and section already exists
    at Object.createDivision (/app/src/services/masterDivisionService.js:63:11)
    at async /app/src/routes/masterRoutes.js:66:22
2025-11-14 07:47:46 [ERROR]: Error: Division with this name and section already exists
Error: Division with this name and section already exists
    at Object.createDivision (/app/src/services/masterDivisionService.js:63:11)
    at async /app/src/routes/masterRoutes.js:66:22
2025-11-14 07:48:00 [ERROR]: Error: Invalid credentials
Error: Invalid credentials
    at Object.login (/app/src/services/authService.js:112:11)
    at async /app/src/controllers/authController.js:30:18
2025-11-14 07:48:02 [ERROR]: Prisma Error: 
Invalid `prisma.fPTK.create()` invocation:

{
  data: {
    fptkNumber: null,
    pt: "PT Test",
    noFktk: null,
    division: "Test Division",
    section: "Test Section",
    position: "Test Position",
    positionTitle: "Test Position Title",
    department: "Test Department",
    location: "Test Location",
    employmentType: "Full-time",
    priority: "P1",
    priorityByMonthYear: null,
    isPriority: false,
    totalRequest: 1,
    currentStatus: "Raise FPTK",
    requestDate: new Date("2025-11-14T07:48:02.948Z"),
    numberOfPositions: NaN,
    filledPositions: 0,
    requiredSkills: [],
    jobDescription: "Test job description",
    status: "DRAFT",
    createdBy: "admin-001",
+   creator: {
+     create: UserCreateWithoutCreatedFPTKsInput | UserUncheckedCreateWithoutCreatedFPTKsInput,
+     connectOrCreate: UserCreateOrConnectWithoutCreatedFPTKsInput,
+     connect: UserWhereUniqueInput
+   }
  }
}

Argument `creator` is missing.
2025-11-14 07:48:02 [ERROR]: Error: 
Invalid `prisma.fPTK.create()` invocation:

{
  data: {
    fptkNumber: null,
    pt: "PT Test",
    noFktk: null,
    division: "Test Division",
    section: "Test Section",
    position: "Test Position",
    positionTitle: "Test Position Title",
    department: "Test Department",
    location: "Test Location",
    employmentType: "Full-time",
    priority: "P1",
    priorityByMonthYear: null,
    isPriority: false,
    totalRequest: 1,
    currentStatus: "Raise FPTK",
    requestDate: new Date("2025-11-14T07:48:02.948Z"),
    numberOfPositions: NaN,
    filledPositions: 0,
    requiredSkills: [],
    jobDescription: "Test job description",
    status: "DRAFT",
    createdBy: "admin-001",
+   creator: {
+     create: UserCreateWithoutCreatedFPTKsInput | UserUncheckedCreateWithoutCreatedFPTKsInput,
+     connectOrCreate: UserCreateOrConnectWithoutCreatedFPTKsInput,
+     connect: UserWhereUniqueInput
+   }
  }
}

Argument `creator` is missing.
PrismaClientValidationError: 
Invalid `prisma.fPTK.create()` invocation:

{
  data: {
    fptkNumber: null,
    pt: "PT Test",
    noFktk: null,
    division: "Test Division",
    section: "Test Section",
    position: "Test Position",
    positionTitle: "Test Position Title",
    department: "Test Department",
    location: "Test Location",
    employmentType: "Full-time",
    priority: "P1",
    priorityByMonthYear: null,
    isPriority: false,
    totalRequest: 1,
    currentStatus: "Raise FPTK",
    requestDate: new Date("2025-11-14T07:48:02.948Z"),
    numberOfPositions: NaN,
    filledPositions: 0,
    requiredSkills: [],
    jobDescription: "Test job description",
    status: "DRAFT",
    createdBy: "admin-001",
+   creator: {
+     create: UserCreateWithoutCreatedFPTKsInput | UserUncheckedCreateWithoutCreatedFPTKsInput,
+     connectOrCreate: UserCreateOrConnectWithoutCreatedFPTKsInput,
+     connect: UserWhereUniqueInput
+   }
  }
}

Argument `creator` is missing.
    at wn (/app/node_modules/@prisma/client/runtime/library.js:29:1363)
    at $n.handleRequestError (/app/node_modules/@prisma/client/runtime/library.js:121:6958)
    at $n.handleAndLogRequestError (/app/node_modules/@prisma/client/runtime/library.js:121:6623)
    at $n.request (/app/node_modules/@prisma/client/runtime/library.js:121:6307)
    at async l (/app/node_modules/@prisma/client/runtime/library.js:130:9633)
    at async /app/src/services/fptkService.js:286:18
    at async Proxy._transactionWithCallback (/app/node_modules/@prisma/client/runtime/library.js:130:8000)
    at async Object.createFPTK (/app/src/services/fptkService.js:285:23)
    at async /app/src/routes/fptkRoutes.js:20:18
2025-11-14 07:48:31 [ERROR]: Error: Invalid credentials
Error: Invalid credentials
    at Object.login (/app/src/services/authService.js:112:11)
    at async /app/src/controllers/authController.js:30:18
2025-11-14 07:48:53 [ERROR]: Error: Invalid credentials
Error: Invalid credentials
    at Object.login (/app/src/services/authService.js:112:11)
    at async /app/src/controllers/authController.js:30:18
2025-11-14 07:48:54 [ERROR]: Error: Division with this name and section already exists
Error: Division with this name and section already exists
    at Object.createDivision (/app/src/services/masterDivisionService.js:63:11)
    at async /app/src/routes/masterRoutes.js:66:22
2025-11-14 07:48:54 [ERROR]: Error: Division with this name and section already exists
Error: Division with this name and section already exists
    at Object.createDivision (/app/src/services/masterDivisionService.js:63:11)
    at async /app/src/routes/masterRoutes.js:66:22
2025-11-14 07:49:06 [ERROR]: Error: Invalid credentials
Error: Invalid credentials
    at Object.login (/app/src/services/authService.js:112:11)
    at async /app/src/controllers/authController.js:30:18
2025-11-14 07:49:06 [ERROR]: Error: Division with this name and section already exists
Error: Division with this name and section already exists
    at Object.createDivision (/app/src/services/masterDivisionService.js:63:11)
    at async /app/src/routes/masterRoutes.js:66:22
2025-11-14 07:49:06 [ERROR]: Error: Division with this name and section already exists
Error: Division with this name and section already exists
    at Object.createDivision (/app/src/services/masterDivisionService.js:63:11)
    at async /app/src/routes/masterRoutes.js:66:22
2025-11-14 07:49:15 [ERROR]: Error: Invalid credentials
Error: Invalid credentials
    at Object.login (/app/src/services/authService.js:112:11)
    at async /app/src/controllers/authController.js:30:18
2025-11-14 07:49:52 [ERROR]: Error: Invalid credentials
Error: Invalid credentials
    at Object.login (/app/src/services/authService.js:112:11)
    at async /app/src/controllers/authController.js:30:18
2025-11-14 07:49:52 [ERROR]: Error: Division with this name and section already exists
Error: Division with this name and section already exists
    at Object.createDivision (/app/src/services/masterDivisionService.js:63:11)
    at async /app/src/routes/masterRoutes.js:66:22
2025-11-14 07:49:52 [ERROR]: Error: Division with this name and section already exists
Error: Division with this name and section already exists
    at Object.createDivision (/app/src/services/masterDivisionService.js:63:11)
    at async /app/src/routes/masterRoutes.js:66:22
2025-11-14 07:50:20 [ERROR]: Error: Invalid credentials
Error: Invalid credentials
    at Object.login (/app/src/services/authService.js:112:11)
    at async /app/src/controllers/authController.js:30:18
2025-11-14 07:50:20 [ERROR]: Error: Division with this name and section already exists
Error: Division with this name and section already exists
    at Object.createDivision (/app/src/services/masterDivisionService.js:63:11)
    at async /app/src/routes/masterRoutes.js:66:22
2025-11-14 07:50:20 [ERROR]: Error: Division with this name and section already exists
Error: Division with this name and section already exists
    at Object.createDivision (/app/src/services/masterDivisionService.js:63:11)
    at async /app/src/routes/masterRoutes.js:66:22
2025-11-14 07:50:44 [ERROR]: Error: Invalid credentials
Error: Invalid credentials
    at Object.login (/app/src/services/authService.js:112:11)
    at async /app/src/controllers/authController.js:30:18
2025-11-14 07:50:49 [ERROR]: Prisma Error: 
Invalid `prisma.fPTK.create()` invocation:

{
  data: {
    fptkNumber: null,
    pt: "PT Test",
    noFktk: null,
    division: "Test Division",
    section: "Test Section",
    position: "Test Position",
    positionTitle: "Test Position Title",
    department: "Test Department",
    location: "Test Location",
    employmentType: "Full-time",
    priority: "P1",
    priorityByMonthYear: null,
    isPriority: false,
    totalRequest: 1,
    currentStatus: "Raise FPTK",
    requestDate: new Date("2025-11-14T07:50:49.265Z"),
    numberOfPositions: NaN,
    filledPositions: 0,
    requiredSkills: [],
    jobDescription: "Test job description",
    status: "DRAFT",
    createdBy: "admin-001",
+   creator: {
+     create: UserCreateWithoutCreatedFPTKsInput | UserUncheckedCreateWithoutCreatedFPTKsInput,
+     connectOrCreate: UserCreateOrConnectWithoutCreatedFPTKsInput,
+     connect: UserWhereUniqueInput
+   }
  }
}

Argument `creator` is missing.
2025-11-14 07:50:49 [ERROR]: Error: 
Invalid `prisma.fPTK.create()` invocation:

{
  data: {
    fptkNumber: null,
    pt: "PT Test",
    noFktk: null,
    division: "Test Division",
    section: "Test Section",
    position: "Test Position",
    positionTitle: "Test Position Title",
    department: "Test Department",
    location: "Test Location",
    employmentType: "Full-time",
    priority: "P1",
    priorityByMonthYear: null,
    isPriority: false,
    totalRequest: 1,
    currentStatus: "Raise FPTK",
    requestDate: new Date("2025-11-14T07:50:49.265Z"),
    numberOfPositions: NaN,
    filledPositions: 0,
    requiredSkills: [],
    jobDescription: "Test job description",
    status: "DRAFT",
    createdBy: "admin-001",
+   creator: {
+     create: UserCreateWithoutCreatedFPTKsInput | UserUncheckedCreateWithoutCreatedFPTKsInput,
+     connectOrCreate: UserCreateOrConnectWithoutCreatedFPTKsInput,
+     connect: UserWhereUniqueInput
+   }
  }
}

Argument `creator` is missing.
PrismaClientValidationError: 
Invalid `prisma.fPTK.create()` invocation:

{
  data: {
    fptkNumber: null,
    pt: "PT Test",
    noFktk: null,
    division: "Test Division",
    section: "Test Section",
    position: "Test Position",
    positionTitle: "Test Position Title",
    department: "Test Department",
    location: "Test Location",
    employmentType: "Full-time",
    priority: "P1",
    priorityByMonthYear: null,
    isPriority: false,
    totalRequest: 1,
    currentStatus: "Raise FPTK",
    requestDate: new Date("2025-11-14T07:50:49.265Z"),
    numberOfPositions: NaN,
    filledPositions: 0,
    requiredSkills: [],
    jobDescription: "Test job description",
    status: "DRAFT",
    createdBy: "admin-001",
+   creator: {
+     create: UserCreateWithoutCreatedFPTKsInput | UserUncheckedCreateWithoutCreatedFPTKsInput,
+     connectOrCreate: UserCreateOrConnectWithoutCreatedFPTKsInput,
+     connect: UserWhereUniqueInput
+   }
  }
}

Argument `creator` is missing.
    at wn (/app/node_modules/@prisma/client/runtime/library.js:29:1363)
    at $n.handleRequestError (/app/node_modules/@prisma/client/runtime/library.js:121:6958)
    at $n.handleAndLogRequestError (/app/node_modules/@prisma/client/runtime/library.js:121:6623)
    at $n.request (/app/node_modules/@prisma/client/runtime/library.js:121:6307)
    at async l (/app/node_modules/@prisma/client/runtime/library.js:130:9633)
    at async /app/src/services/fptkService.js:286:18
    at async Proxy._transactionWithCallback (/app/node_modules/@prisma/client/runtime/library.js:130:8000)
    at async Object.createFPTK (/app/src/services/fptkService.js:285:23)
    at async /app/src/routes/fptkRoutes.js:20:18
2025-11-14 07:51:32 [ERROR]: Error: Invalid credentials
Error: Invalid credentials
    at Object.login (/app/src/services/authService.js:112:11)
    at async /app/src/controllers/authController.js:30:18
2025-11-14 07:52:05 [ERROR]: Error: Invalid credentials
Error: Invalid credentials
    at Object.login (/app/src/services/authService.js:112:11)
    at async /app/src/controllers/authController.js:30:18
2025-11-14 07:52:37 [ERROR]: Error: Invalid credentials
Error: Invalid credentials
    at Object.login (/app/src/services/authService.js:112:11)
    at async /app/src/controllers/authController.js:30:18
2025-11-14 07:52:37 [ERROR]: Error: Division with this name and section already exists
Error: Division with this name and section already exists
    at Object.createDivision (/app/src/services/masterDivisionService.js:63:11)
    at async /app/src/routes/masterRoutes.js:66:22
2025-11-14 07:52:37 [ERROR]: Error: Division with this name and section already exists
Error: Division with this name and section already exists
    at Object.createDivision (/app/src/services/masterDivisionService.js:63:11)
    at async /app/src/routes/masterRoutes.js:66:22
2025-11-14 07:54:49 [ERROR]: Error: Invalid credentials
Error: Invalid credentials
    at Object.login (/app/src/services/authService.js:112:11)
    at async /app/src/controllers/authController.js:30:18
2025-11-14 07:55:00 [ERROR]: Error: Invalid credentials
Error: Invalid credentials
    at [eval]:1:57
    at runScriptInThisContext (node:internal/vm:209:10)
    at node:internal/process/execution:446:12
    at [eval]-wrapper:6:24
    at runScriptInContext (node:internal/process/execution:444:60)
    at evalFunction (node:internal/process/execution:279:30)
    at evalTypeScript (node:internal/process/execution:291:3)
    at node:internal/main/eval_string:74:3
2025-11-14 07:55:24 [ERROR]: Error: Invalid credentials
Error: Invalid credentials
    at Object.login (/app/src/services/authService.js:112:11)
    at async /app/src/controllers/authController.js:30:18
2025-11-14 07:55:49 [ERROR]: Error: Invalid credentials
Error: Invalid credentials
    at Object.login (/app/src/services/authService.js:112:11)
    at async /app/src/controllers/authController.js:30:18
2025-11-14 07:56:11 [ERROR]: Error: Invalid credentials
Error: Invalid credentials
    at Object.login (/app/src/services/authService.js:112:11)
    at async /app/src/controllers/authController.js:30:18
2025-11-14 07:56:30 [ERROR]: Error: Account is locked. Try again in 15 minutes
Error: Account is locked. Try again in 15 minutes
    at Object.login (/app/src/services/authService.js:81:11)
    at async /app/src/controllers/authController.js:30:18
2025-11-14 07:56:49 [ERROR]: Error: Invalid credentials
Error: Invalid credentials
    at Object.login (/app/src/services/authService.js:112:11)
    at async /app/src/controllers/authController.js:30:18
2025-11-14 07:57:13 [ERROR]: Error: Invalid credentials
Error: Invalid credentials
    at Object.login (/app/src/services/authService.js:112:11)
    at async /app/src/controllers/authController.js:30:18
2025-11-14 07:57:40 [ERROR]: Error: Invalid credentials
Error: Invalid credentials
    at Object.login (/app/src/services/authService.js:112:11)
    at async /app/src/controllers/authController.js:30:18
2025-11-14 07:58:06 [ERROR]: Error: Invalid credentials
Error: Invalid credentials
    at Object.login (/app/src/services/authService.js:112:11)
    at async /app/src/controllers/authController.js:30:18
2025-11-14 07:58:19 [ERROR]: Error: Invalid credentials
Error: Invalid credentials
    at Object.login (/app/src/services/authService.js:112:11)
    at async /app/src/controllers/authController.js:30:18
2025-11-14 07:58:33 [ERROR]: Error: Invalid credentials
Error: Invalid credentials
    at Object.login (/app/src/services/authService.js:112:11)
    at async /app/src/controllers/authController.js:30:18
2025-11-14 07:59:08 [ERROR]: Error: Account is locked. Try again in 15 minutes
Error: Account is locked. Try again in 15 minutes
    at Object.login (/app/src/services/authService.js:81:11)
    at async /app/src/controllers/authController.js:30:18
2025-11-14 07:59:26 [ERROR]: [TEST] This is a test log
2025-11-14 07:59:45 [ERROR]: Error: Invalid credentials
Error: Invalid credentials
    at [eval]:1:69
    at runScriptInThisContext (node:internal/vm:209:10)
    at node:internal/process/execution:446:12
    at [eval]-wrapper:6:24
    at runScriptInContext (node:internal/process/execution:444:60)
    at evalFunction (node:internal/process/execution:279:30)
    at evalTypeScript (node:internal/process/execution:291:3)
    at node:internal/main/eval_string:74:3
2025-11-14 08:00:13 [ERROR]: Error: Account is locked. Try again in 14 minutes
Error: Account is locked. Try again in 14 minutes
    at Object.login (/app/src/services/authService.js:81:11)
    at async /app/src/controllers/authController.js:30:18
2025-11-14 08:00:47 [ERROR]: Error: Account is locked. Try again in 13 minutes
Error: Account is locked. Try again in 13 minutes
    at Object.login (/app/src/services/authService.js:81:11)
    at async /app/src/controllers/authController.js:30:18
2025-11-14 08:01:24 [ERROR]: Error: Account is locked. Try again in 13 minutes
Error: Account is locked. Try again in 13 minutes
    at Object.login (/app/src/services/authService.js:81:11)
    at async /app/src/controllers/authController.js:30:18
2025-11-14 08:01:52 [ERROR]: Error: Invalid credentials
Error: Invalid credentials
    at Object.login
2025-11-14 08:02:09 [ERROR]: Error: Invalid credentials
Error: Invalid credentials
    at [eval]:1:69
    at runScriptInThisContext (node:internal/vm:209:10)
    at node:internal/process/execution:446:12
    at [eval]-wrapper:6:24
    at runScriptInContext (node:internal/process/execution:444:60)
    at evalFunction (node:internal/process/execution:279:30)
    at evalTypeScript (node:internal/process/execution:291:3)
    at node:internal/main/eval_string:74:3
2025-11-14 08:02:33 [ERROR]: Error: Invalid credentials
Error: Invalid credentials
    at Object.login (/app/src/services/authService.js:112:11)
    at async /app/src/controllers/authController.js:30:18
2025-11-14 08:03:02 [ERROR]: Error: Invalid credentials
Error: Invalid credentials
    at Object.login (/app/src/services/authService.js:112:11)
    at async /app/src/controllers/authController.js:30:18
2025-11-14 08:03:36 [ERROR]: Error: Invalid credentials
Error: Invalid credentials
    at Object.login (/app/src/services/authService.js:112:11)
    at async /app/src/controllers/authController.js:30:18
2025-11-14 08:04:10 [ERROR]: Error: Invalid credentials
Error: Invalid credentials
    at Object.login (/app/src/services/authService.js:112:11)
    at async /app/src/controllers/authController.js:30:18
2025-11-14 08:04:10 [ERROR]: Error: Division with this name and section already exists
Error: Division with this name and section already exists
    at Object.createDivision (/app/src/services/masterDivisionService.js:63:11)
    at async /app/src/routes/masterRoutes.js:66:22
2025-11-14 08:04:10 [ERROR]: Error: Division with this name and section already exists
Error: Division with this name and section already exists
    at Object.createDivision (/app/src/services/masterDivisionService.js:63:11)
    at async /app/src/routes/masterRoutes.js:66:22
2025-11-14 08:04:49 [ERROR]: Error: Invalid credentials
Error: Invalid credentials
    at Object.login (/app/src/services/authService.js:112:11)
    at async /app/src/controllers/authController.js:30:18
2025-11-14 08:04:52 [ERROR]: Error: Invalid credentials
Error: Invalid credentials
    at Object.login (/app/src/services/authService.js:112:11)
    at async /app/src/controllers/authController.js:30:18
2025-11-14 08:04:52 [ERROR]: Error: Division with this name and section already exists
Error: Division with this name and section already exists
    at Object.createDivision (/app/src/services/masterDivisionService.js:63:11)
    at async /app/src/routes/masterRoutes.js:66:22
2025-11-14 08:04:52 [ERROR]: Error: Division with this name and section already exists
Error: Division with this name and section already exists
    at Object.createDivision (/app/src/services/masterDivisionService.js:63:11)
    at async /app/src/routes/masterRoutes.js:66:22
2025-11-14 08:05:29 [ERROR]: Error: Invalid credentials
Error: Invalid credentials
    at Object.login (/app/src/services/authService.js:112:11)
    at async /app/src/controllers/authController.js:30:18
2025-11-14 08:05:32 [ERROR]: Error: Invalid credentials
Error: Invalid credentials
    at Object.login (/app/src/services/authService.js:112:11)
    at async /app/src/controllers/authController.js:30:18
2025-11-14 08:05:32 [ERROR]: Error: Division with this name and section already exists
Error: Division with this name and section already exists
    at Object.createDivision (/app/src/services/masterDivisionService.js:63:11)
    at async /app/src/routes/masterRoutes.js:66:22
2025-11-14 08:05:32 [ERROR]: Error: Division with this name and section already exists
Error: Division with this name and section already exists
    at Object.createDivision (/app/src/services/masterDivisionService.js:63:11)
    at async /app/src/routes/masterRoutes.js:66:22
2025-11-14 08:05:58 [ERROR]: Error: Invalid credentials
Error: Invalid credentials
    at Object.login (/app/src/services/authService.js:112:11)
    at async /app/src/controllers/authController.js:30:18
2025-11-14 08:06:02 [ERROR]: Error: Invalid credentials
Error: Invalid credentials
    at Object.login (/app/src/services/authService.js:112:11)
    at async /app/src/controllers/authController.js:30:18
2025-11-14 08:06:02 [ERROR]: Error: Division with this name and section already exists
Error: Division with this name and section already exists
    at Object.createDivision (/app/src/services/masterDivisionService.js:63:11)
    at async /app/src/routes/masterRoutes.js:66:22
2025-11-14 08:06:02 [ERROR]: Error: Division with this name and section already exists
Error: Division with this name and section already exists
    at Object.createDivision (/app/src/services/masterDivisionService.js:63:11)
    at async /app/src/routes/masterRoutes.js:66:22
2025-11-14 08:06:15 [ERROR]: Error: Invalid credentials
Error: Invalid credentials
    at Object.login
2025-11-14 08:06:27 [ERROR]: Error: Invalid credentials
Error: Invalid credentials
    at Object.login
2025-11-14 08:06:49 [ERROR]: Error: Invalid credentials
Error: Invalid credentials
    at Object.login
2025-11-14 08:06:59 [ERROR]: Error: Invalid credentials
Error: Invalid credentials
    at Object.login
2025-11-14 08:07:26 [ERROR]: Error: Invalid credentials
Error: Invalid credentials
    at Object.login (/app/src/services/authService.js:112:11)
    at async /app/src/controllers/authController.js:30:18
2025-11-14 08:07:32 [ERROR]: Error: Invalid credentials
Error: Invalid credentials
    at Object.login (/app/src/services/authService.js:112:11)
    at async /app/src/controllers/authController.js:30:18
2025-11-14 08:07:32 [ERROR]: Error: Division with this name and section already exists
Error: Division with this name and section already exists
    at Object.createDivision (/app/src/services/masterDivisionService.js:63:11)
    at async /app/src/routes/masterRoutes.js:66:22
2025-11-14 08:07:32 [ERROR]: Error: Division with this name and section already exists
Error: Division with this name and section already exists
    at Object.createDivision (/app/src/services/masterDivisionService.js:63:11)
    at async /app/src/routes/masterRoutes.js:66:22
2025-11-14 08:07:53 [ERROR]: Error: Invalid credentials
Error: Invalid credentials
    at Object.login (/app/src/services/authService.js:112:11)
    at async /app/src/controllers/authController.js:30:18
2025-11-14 08:08:35 [ERROR]: Error: Invalid credentials
Error: Invalid credentials
    at Object.login (/app/src/services/authService.js:112:11)
    at async /app/src/controllers/authController.js:30:18
2025-11-14 08:08:40 [ERROR]: Error: Invalid credentials
Error: Invalid credentials
    at Object.login (/app/src/services/authService.js:112:11)
    at async /app/src/controllers/authController.js:30:18
2025-11-14 08:08:40 [ERROR]: Error: Division with this name and section already exists
Error: Division with this name and section already exists
    at Object.createDivision (/app/src/services/masterDivisionService.js:63:11)
    at async /app/src/routes/masterRoutes.js:66:22
2025-11-14 08:08:40 [ERROR]: Error: Division with this name and section already exists
Error: Division with this name and section already exists
    at Object.createDivision (/app/src/services/masterDivisionService.js:63:11)
    at async /app/src/routes/masterRoutes.js:66:22
2025-11-14 08:08:55 [ERROR]: Error: Invalid credentials
Error: Invalid credentials
    at [eval]:1:69
    at runScriptInThisContext (node:internal/vm:209:10)
    at node:internal/process/execution:446:12
    at [eval]-wrapper:6:24
    at runScriptInContext (node:internal/process/execution:444:60)
    at evalFunction (node:internal/process/execution:279:30)
    at evalTypeScript (node:internal/process/execution:291:3)
    at node:internal/main/eval_string:74:3
2025-11-14 08:09:17 [ERROR]: Error: Invalid credentials
Error: Invalid credentials
    at Object.login (/app/src/services/authService.js:112:11)
    at async /app/src/controllers/authController.js:30:18
2025-11-14 08:09:21 [ERROR]: Error: Invalid credentials
Error: Invalid credentials
    at Object.login (/app/src/services/authService.js:112:11)
    at async /app/src/controllers/authController.js:30:18
2025-11-14 08:09:21 [ERROR]: Error: Division with this name and section already exists
Error: Division with this name and section already exists
    at Object.createDivision (/app/src/services/masterDivisionService.js:63:11)
    at async /app/src/routes/masterRoutes.js:66:22
2025-11-14 08:09:21 [ERROR]: Error: Division with this name and section already exists
Error: Division with this name and section already exists
    at Object.createDivision (/app/src/services/masterDivisionService.js:63:11)
    at async /app/src/routes/masterRoutes.js:66:22
2025-11-14 08:09:53 [ERROR]: Error: Invalid credentials
Error: Invalid credentials
    at Object.login (/app/src/services/authService.js:112:11)
    at async /app/src/controllers/authController.js:30:18
2025-11-14 08:09:58 [ERROR]: Error: Invalid credentials
Error: Invalid credentials
    at Object.login (/app/src/services/authService.js:112:11)
    at async /app/src/controllers/authController.js:30:18
2025-11-14 08:09:58 [ERROR]: Error: Division with this name and section already exists
Error: Division with this name and section already exists
    at Object.createDivision (/app/src/services/masterDivisionService.js:63:11)
    at async /app/src/routes/masterRoutes.js:66:22
2025-11-14 08:09:58 [ERROR]: Error: Division with this name and section already exists
Error: Division with this name and section already exists
    at Object.createDivision (/app/src/services/masterDivisionService.js:63:11)
    at async /app/src/routes/masterRoutes.js:66:22
2025-11-14 08:10:40 [ERROR]: Error: Invalid credentials
Error: Invalid credentials
    at Object.login (/app/src/services/authService.js:112:11)
    at async /app/src/controllers/authController.js:30:18
2025-11-14 08:10:45 [ERROR]: Error: Invalid credentials
Error: Invalid credentials
    at Object.login (/app/src/services/authService.js:112:11)
    at async /app/src/controllers/authController.js:30:18
2025-11-14 08:10:46 [ERROR]: Error: Division with this name and section already exists
Error: Division with this name and section already exists
    at Object.createDivision (/app/src/services/masterDivisionService.js:63:11)
    at async /app/src/routes/masterRoutes.js:66:22
2025-11-14 08:10:46 [ERROR]: Error: Division with this name and section already exists
Error: Division with this name and section already exists
    at Object.createDivision (/app/src/services/masterDivisionService.js:63:11)
    at async /app/src/routes/masterRoutes.js:66:22
2025-11-14 08:17:13 [ERROR]: Error: Invalid credentials
Error: Invalid credentials
    at Object.login (/app/src/services/authService.js:112:11)
    at async /app/src/controllers/authController.js:30:18
2025-11-14 08:17:13 [ERROR]: Error: Division with this name and section already exists
Error: Division with this name and section already exists
    at Object.createDivision (/app/src/services/masterDivisionService.js:63:11)
    at async /app/src/routes/masterRoutes.js:66:22
2025-11-14 08:17:13 [ERROR]: Error: Division with this name and section already exists
Error: Division with this name and section already exists
    at Object.createDivision (/app/src/services/masterDivisionService.js:63:11)
    at async /app/src/routes/masterRoutes.js:66:22
2025-11-14 08:17:54 [ERROR]: Error: Invalid credentials
Error: Invalid credentials
    at Object.login (/app/src/services/authService.js:112:11)
    at async /app/src/controllers/authController.js:30:18
2025-11-14 08:17:54 [ERROR]: Error: Division with this name and section already exists
Error: Division with this name and section already exists
    at Object.createDivision (/app/src/services/masterDivisionService.js:63:11)
    at async /app/src/routes/masterRoutes.js:66:22
2025-11-14 08:17:55 [ERROR]: Error: Division with this name and section already exists
Error: Division with this name and section already exists
    at Object.createDivision (/app/src/services/masterDivisionService.js:63:11)
    at async /app/src/routes/masterRoutes.js:66:22
2025-11-14 08:18:07 [ERROR]: Authentication error: Invalid or expired token
Error: Invalid or expired token
    at verifyAccessToken (/app/src/utils/token.js:37:11)
    at authenticate (/app/src/middleware/auth.js:23:21)
    at Layer.handle [as handle_request] (/app/node_modules/express/lib/router/layer.js:95:5)
    at next (/app/node_modules/express/lib/router/route.js:149:13)
    at Route.dispatch (/app/node_modules/express/lib/router/route.js:119:3)
    at Layer.handle [as handle_request] (/app/node_modules/express/lib/router/layer.js:95:5)
    at /app/node_modules/express/lib/router/index.js:284:15
    at Function.process_params (/app/node_modules/express/lib/router/index.js:346:12)
    at next (/app/node_modules/express/lib/router/index.js:280:10)
    at Function.handle (/app/node_modules/express/lib/router/index.js:175:3)
2025-11-14 08:18:21 [ERROR]: Error: Invalid credentials
Error: Invalid credentials
    at Object.login (/app/src/services/authService.js:112:11)
    at async /app/src/controllers/authController.js:30:18
2025-11-14 08:18:21 [ERROR]: Error: Division with this name and section already exists
Error: Division with this name and section already exists
    at Object.createDivision (/app/src/services/masterDivisionService.js:63:11)
    at async /app/src/routes/masterRoutes.js:66:22
2025-11-14 08:18:21 [ERROR]: Error: Division with this name and section already exists
Error: Division with this name and section already exists
    at Object.createDivision (/app/src/services/masterDivisionService.js:63:11)
    at async /app/src/routes/masterRoutes.js:66:22
2025-11-14 08:18:54 [ERROR]: Prisma Error: 
Invalid `prisma.fPTK.create()` invocation:

{
  data: {
    fptkNumber: null,
    pt: "PT Test",
    noFktk: null,
    division: "Test Division",
    section: "Test Section",
    position: "Test Position",
    positionTitle: "Test Position Title",
    department: "Test Department",
    location: "Test Location",
    employmentType: "Full-time",
    priority: "P1",
    priorityByMonthYear: null,
    isPriority: false,
    totalRequest: 1,
    currentStatus: "Raise FPTK",
    requestDate: new Date("2025-11-14T08:18:54.450Z"),
    numberOfPositions: NaN,
    filledPositions: 0,
    requiredSkills: [],
    jobDescription: "Test job description",
    status: "DRAFT",
    createdBy: "admin-001",
+   creator: {
+     create: UserCreateWithoutCreatedFPTKsInput | UserUncheckedCreateWithoutCreatedFPTKsInput,
+     connectOrCreate: UserCreateOrConnectWithoutCreatedFPTKsInput,
+     connect: UserWhereUniqueInput
+   }
  }
}

Argument `creator` is missing.
2025-11-14 08:18:54 [ERROR]: Error: 
Invalid `prisma.fPTK.create()` invocation:

{
  data: {
    fptkNumber: null,
    pt: "PT Test",
    noFktk: null,
    division: "Test Division",
    section: "Test Section",
    position: "Test Position",
    positionTitle: "Test Position Title",
    department: "Test Department",
    location: "Test Location",
    employmentType: "Full-time",
    priority: "P1",
    priorityByMonthYear: null,
    isPriority: false,
    totalRequest: 1,
    currentStatus: "Raise FPTK",
    requestDate: new Date("2025-11-14T08:18:54.450Z"),
    numberOfPositions: NaN,
    filledPositions: 0,
    requiredSkills: [],
    jobDescription: "Test job description",
    status: "DRAFT",
    createdBy: "admin-001",
+   creator: {
+     create: UserCreateWithoutCreatedFPTKsInput | UserUncheckedCreateWithoutCreatedFPTKsInput,
+     connectOrCreate: UserCreateOrConnectWithoutCreatedFPTKsInput,
+     connect: UserWhereUniqueInput
+   }
  }
}

Argument `creator` is missing.
PrismaClientValidationError: 
Invalid `prisma.fPTK.create()` invocation:

{
  data: {
    fptkNumber: null,
    pt: "PT Test",
    noFktk: null,
    division: "Test Division",
    section: "Test Section",
    position: "Test Position",
    positionTitle: "Test Position Title",
    department: "Test Department",
    location: "Test Location",
    employmentType: "Full-time",
    priority: "P1",
    priorityByMonthYear: null,
    isPriority: false,
    totalRequest: 1,
    currentStatus: "Raise FPTK",
    requestDate: new Date("2025-11-14T08:18:54.450Z"),
    numberOfPositions: NaN,
    filledPositions: 0,
    requiredSkills: [],
    jobDescription: "Test job description",
    status: "DRAFT",
    createdBy: "admin-001",
+   creator: {
+     create: UserCreateWithoutCreatedFPTKsInput | UserUncheckedCreateWithoutCreatedFPTKsInput,
+     connectOrCreate: UserCreateOrConnectWithoutCreatedFPTKsInput,
+     connect: UserWhereUniqueInput
+   }
  }
}

Argument `creator` is missing.
    at wn (/app/node_modules/@prisma/client/runtime/library.js:29:1363)
    at $n.handleRequestError (/app/node_modules/@prisma/client/runtime/library.js:121:6958)
    at $n.handleAndLogRequestError (/app/node_modules/@prisma/client/runtime/library.js:121:6623)
    at $n.request (/app/node_modules/@prisma/client/runtime/library.js:121:6307)
    at async l (/app/node_modules/@prisma/client/runtime/library.js:130:9633)
    at async /app/src/services/fptkService.js:286:18
    at async Proxy._transactionWithCallback (/app/node_modules/@prisma/client/runtime/library.js:130:8000)
    at async Object.createFPTK (/app/src/services/fptkService.js:285:23)
    at async /app/src/routes/fptkRoutes.js:20:18
2025-11-14 08:19:40 [ERROR]: Error: Invalid credentials
Error: Invalid credentials
    at Object.login (/app/src/services/authService.js:112:11)
    at async /app/src/controllers/authController.js:30:18
2025-11-14 08:19:40 [ERROR]: Error: Division with this name and section already exists
Error: Division with this name and section already exists
    at Object.createDivision (/app/src/services/masterDivisionService.js:63:11)
    at async /app/src/routes/masterRoutes.js:66:22
2025-11-14 08:19:40 [ERROR]: Error: Division with this name and section already exists
Error: Division with this name and section already exists
    at Object.createDivision (/app/src/services/masterDivisionService.js:63:11)
    at async /app/src/routes/masterRoutes.js:66:22
2025-11-14 08:20:04 [ERROR]: Prisma Error: 
Invalid `prisma.fPTK.create()` invocation:

{
  data: {
    fptkNumber: null,
    pt: "PT Test",
    noFktk: null,
    division: "Test Division",
    section: "Test Section",
    position: "Test Position",
    positionTitle: "Test Position Title",
    department: "Test Department",
    location: "Test Location",
    employmentType: "Full-time",
    priority: "P1",
    priorityByMonthYear: null,
    isPriority: false,
    totalRequest: 1,
    currentStatus: "Raise FPTK",
    requestDate: new Date("2025-11-14T08:20:04.357Z"),
    numberOfPositions: NaN,
    filledPositions: 0,
    requiredSkills: [],
    jobDescription: "Test job description",
    status: "DRAFT",
    createdBy: "admin-001",
+   creator: {
+     create: UserCreateWithoutCreatedFPTKsInput | UserUncheckedCreateWithoutCreatedFPTKsInput,
+     connectOrCreate: UserCreateOrConnectWithoutCreatedFPTKsInput,
+     connect: UserWhereUniqueInput
+   }
  }
}

Argument `creator` is missing.
2025-11-14 08:20:04 [ERROR]: Error: 
Invalid `prisma.fPTK.create()` invocation:

{
  data: {
    fptkNumber: null,
    pt: "PT Test",
    noFktk: null,
    division: "Test Division",
    section: "Test Section",
    position: "Test Position",
    positionTitle: "Test Position Title",
    department: "Test Department",
    location: "Test Location",
    employmentType: "Full-time",
    priority: "P1",
    priorityByMonthYear: null,
    isPriority: false,
    totalRequest: 1,
    currentStatus: "Raise FPTK",
    requestDate: new Date("2025-11-14T08:20:04.357Z"),
    numberOfPositions: NaN,
    filledPositions: 0,
    requiredSkills: [],
    jobDescription: "Test job description",
    status: "DRAFT",
    createdBy: "admin-001",
+   creator: {
+     create: UserCreateWithoutCreatedFPTKsInput | UserUncheckedCreateWithoutCreatedFPTKsInput,
+     connectOrCreate: UserCreateOrConnectWithoutCreatedFPTKsInput,
+     connect: UserWhereUniqueInput
+   }
  }
}

Argument `creator` is missing.
PrismaClientValidationError: 
Invalid `prisma.fPTK.create()` invocation:

{
  data: {
    fptkNumber: null,
    pt: "PT Test",
    noFktk: null,
    division: "Test Division",
    section: "Test Section",
    position: "Test Position",
    positionTitle: "Test Position Title",
    department: "Test Department",
    location: "Test Location",
    employmentType: "Full-time",
    priority: "P1",
    priorityByMonthYear: null,
    isPriority: false,
    totalRequest: 1,
    currentStatus: "Raise FPTK",
    requestDate: new Date("2025-11-14T08:20:04.357Z"),
    numberOfPositions: NaN,
    filledPositions: 0,
    requiredSkills: [],
    jobDescription: "Test job description",
    status: "DRAFT",
    createdBy: "admin-001",
+   creator: {
+     create: UserCreateWithoutCreatedFPTKsInput | UserUncheckedCreateWithoutCreatedFPTKsInput,
+     connectOrCreate: UserCreateOrConnectWithoutCreatedFPTKsInput,
+     connect: UserWhereUniqueInput
+   }
  }
}

Argument `creator` is missing.
    at wn (/app/node_modules/@prisma/client/runtime/library.js:29:1363)
    at $n.handleRequestError (/app/node_modules/@prisma/client/runtime/library.js:121:6958)
    at $n.handleAndLogRequestError (/app/node_modules/@prisma/client/runtime/library.js:121:6623)
    at $n.request (/app/node_modules/@prisma/client/runtime/library.js:121:6307)
    at async l (/app/node_modules/@prisma/client/runtime/library.js:130:9633)
    at async /app/src/services/fptkService.js:286:18
    at async Proxy._transactionWithCallback (/app/node_modules/@prisma/client/runtime/library.js:130:8000)
    at async Object.createFPTK (/app/src/services/fptkService.js:285:23)
    at async /app/src/routes/fptkRoutes.js:20:18
2025-11-14 08:20:40 [ERROR]: Error: Invalid credentials
Error: Invalid credentials
    at Object.login (/app/src/services/authService.js:112:11)
    at async /app/src/controllers/authController.js:30:18
2025-11-14 08:20:40 [ERROR]: Error: Division with this name and section already exists
Error: Division with this name and section already exists
    at Object.createDivision (/app/src/services/masterDivisionService.js:63:11)
    at async /app/src/routes/masterRoutes.js:66:22
2025-11-14 08:20:40 [ERROR]: Error: Division with this name and section already exists
Error: Division with this name and section already exists
    at Object.createDivision (/app/src/services/masterDivisionService.js:63:11)
    at async /app/src/routes/masterRoutes.js:66:22
2025-11-14 08:21:08 [ERROR]: Error: Invalid credentials
Error: Invalid credentials
    at Object.login (/app/src/services/authService.js:112:11)
    at async /app/src/controllers/authController.js:30:18
2025-11-14 08:21:08 [ERROR]: Error: Division with this name and section already exists
Error: Division with this name and section already exists
    at Object.createDivision (/app/src/services/masterDivisionService.js:63:11)
    at async /app/src/routes/masterRoutes.js:66:22
2025-11-14 08:21:08 [ERROR]: Error: Division with this name and section already exists
Error: Division with this name and section already exists
    at Object.createDivision (/app/src/services/masterDivisionService.js:63:11)
    at async /app/src/routes/masterRoutes.js:66:22
2025-11-14 08:21:34 [ERROR]: Error: Invalid credentials
Error: Invalid credentials
    at Object.login (/app/src/services/authService.js:112:11)
    at async /app/src/controllers/authController.js:30:18
2025-11-14 08:21:34 [ERROR]: Error: Division with this name and section already exists
Error: Division with this name and section already exists
    at Object.createDivision (/app/src/services/masterDivisionService.js:63:11)
    at async /app/src/routes/masterRoutes.js:66:22
2025-11-14 08:21:34 [ERROR]: Error: Division with this name and section already exists
Error: Division with this name and section already exists
    at Object.createDivision (/app/src/services/masterDivisionService.js:63:11)
    at async /app/src/routes/masterRoutes.js:66:22
2025-11-14 08:22:02 [ERROR]: Prisma Error: 
Invalid `prisma.fPTK.create()` invocation:

{
  data: {
    fptkNumber: null,
    pt: "PT Test",
    noFktk: null,
    division: "Test Division",
    section: "Test Section",
    position: "Test Position",
    positionTitle: "Test Position Title",
    department: "Test Department",
    location: "Test Location",
    employmentType: "Full-time",
    priority: "P1",
    priorityByMonthYear: null,
    isPriority: false,
    totalRequest: 1,
    currentStatus: "Raise FPTK",
    requestDate: new Date("2025-11-14T08:22:02.482Z"),
    numberOfPositions: NaN,
    filledPositions: 0,
    requiredSkills: [],
    jobDescription: "Test job description",
    status: "DRAFT",
    createdBy: "admin-001",
+   creator: {
+     create: UserCreateWithoutCreatedFPTKsInput | UserUncheckedCreateWithoutCreatedFPTKsInput,
+     connectOrCreate: UserCreateOrConnectWithoutCreatedFPTKsInput,
+     connect: UserWhereUniqueInput
+   }
  }
}

Argument `creator` is missing.
2025-11-14 08:22:02 [ERROR]: Error: 
Invalid `prisma.fPTK.create()` invocation:

{
  data: {
    fptkNumber: null,
    pt: "PT Test",
    noFktk: null,
    division: "Test Division",
    section: "Test Section",
    position: "Test Position",
    positionTitle: "Test Position Title",
    department: "Test Department",
    location: "Test Location",
    employmentType: "Full-time",
    priority: "P1",
    priorityByMonthYear: null,
    isPriority: false,
    totalRequest: 1,
    currentStatus: "Raise FPTK",
    requestDate: new Date("2025-11-14T08:22:02.482Z"),
    numberOfPositions: NaN,
    filledPositions: 0,
    requiredSkills: [],
    jobDescription: "Test job description",
    status: "DRAFT",
    createdBy: "admin-001",
+   creator: {
+     create: UserCreateWithoutCreatedFPTKsInput | UserUncheckedCreateWithoutCreatedFPTKsInput,
+     connectOrCreate: UserCreateOrConnectWithoutCreatedFPTKsInput,
+     connect: UserWhereUniqueInput
+   }
  }
}

Argument `creator` is missing.
PrismaClientValidationError: 
Invalid `prisma.fPTK.create()` invocation:

{
  data: {
    fptkNumber: null,
    pt: "PT Test",
    noFktk: null,
    division: "Test Division",
    section: "Test Section",
    position: "Test Position",
    positionTitle: "Test Position Title",
    department: "Test Department",
    location: "Test Location",
    employmentType: "Full-time",
    priority: "P1",
    priorityByMonthYear: null,
    isPriority: false,
    totalRequest: 1,
    currentStatus: "Raise FPTK",
    requestDate: new Date("2025-11-14T08:22:02.482Z"),
    numberOfPositions: NaN,
    filledPositions: 0,
    requiredSkills: [],
    jobDescription: "Test job description",
    status: "DRAFT",
    createdBy: "admin-001",
+   creator: {
+     create: UserCreateWithoutCreatedFPTKsInput | UserUncheckedCreateWithoutCreatedFPTKsInput,
+     connectOrCreate: UserCreateOrConnectWithoutCreatedFPTKsInput,
+     connect: UserWhereUniqueInput
+   }
  }
}

Argument `creator` is missing.
    at wn (/app/node_modules/@prisma/client/runtime/library.js:29:1363)
    at $n.handleRequestError (/app/node_modules/@prisma/client/runtime/library.js:121:6958)
    at $n.handleAndLogRequestError (/app/node_modules/@prisma/client/runtime/library.js:121:6623)
    at $n.request (/app/node_modules/@prisma/client/runtime/library.js:121:6307)
    at async l (/app/node_modules/@prisma/client/runtime/library.js:130:9633)
    at async /app/src/services/fptkService.js:286:18
    at async Proxy._transactionWithCallback (/app/node_modules/@prisma/client/runtime/library.js:130:8000)
    at async Object.createFPTK (/app/src/services/fptkService.js:285:23)
    at async /app/src/routes/fptkRoutes.js:20:18
2025-11-14 08:22:51 [ERROR]: Error: Invalid credentials
Error: Invalid credentials
    at Object.login (/app/src/services/authService.js:112:11)
    at async /app/src/controllers/authController.js:30:18
2025-11-14 08:22:51 [ERROR]: Error: Division with this name and section already exists
Error: Division with this name and section already exists
    at Object.createDivision (/app/src/services/masterDivisionService.js:63:11)
    at async /app/src/routes/masterRoutes.js:66:22
2025-11-14 08:22:51 [ERROR]: Error: Division with this name and section already exists
Error: Division with this name and section already exists
    at Object.createDivision (/app/src/services/masterDivisionService.js:63:11)
    at async /app/src/routes/masterRoutes.js:66:22
2025-11-14 08:52:40 [ERROR]: Error: Invalid credentials
Error: Invalid credentials
    at Object.login (/app/src/services/authService.js:112:11)
    at async /app/src/controllers/authController.js:30:18
2025-11-14 08:54:21 [ERROR]: Error: Invalid credentials
Error: Invalid credentials
    at Object.login (/app/src/services/authService.js:112:11)
    at async /app/src/controllers/authController.js:30:18
2025-11-14 08:55:01 [ERROR]: Error: Invalid credentials
Error: Invalid credentials
    at Object.login (/app/src/services/authService.js:112:11)
    at async /app/src/controllers/authController.js:30:18
2025-11-14 08:55:34 [ERROR]: Error: Invalid credentials
Error: Invalid credentials
    at Object.login (/app/src/services/authService.js:112:11)
    at async /app/src/controllers/authController.js:30:18
2025-11-14 08:56:29 [ERROR]: Error: Invalid credentials
Error: Invalid credentials
    at Object.login (/app/src/services/authService.js:112:11)
    at async /app/src/controllers/authController.js:30:18
2025-11-14 08:56:44 [ERROR]: Error: Invalid credentials
Error: Invalid credentials
    at [eval]:1:69
    at runScriptInThisContext (node:internal/vm:209:10)
    at node:internal/process/execution:446:12
    at [eval]-wrapper:6:24
    at runScriptInContext (node:internal/process/execution:444:60)
    at evalFunction (node:internal/process/execution:279:30)
    at evalTypeScript (node:internal/process/execution:291:3)
    at node:internal/main/eval_string:74:3
2025-11-14 08:57:16 [ERROR]: Error: Account is locked. Try again in 15 minutes
Error: Account is locked. Try again in 15 minutes
    at Object.login (/app/src/services/authService.js:81:11)
    at async /app/src/controllers/authController.js:30:18
2025-11-14 08:57:18 [ERROR]: Error: Account is locked. Try again in 15 minutes
Error: Account is locked. Try again in 15 minutes
    at Object.login (/app/src/services/authService.js:81:11)
    at async /app/src/controllers/authController.js:30:18
2025-11-14 08:57:18 [ERROR]: Error: Account is locked. Try again in 15 minutes
Error: Account is locked. Try again in 15 minutes
    at Object.login (/app/src/services/authService.js:81:11)
    at async /app/src/controllers/authController.js:30:18
2025-11-14 08:57:31 [ERROR]: Error: Invalid credentials
Error: Invalid credentials
    at [eval]:1:69
    at runScriptInThisContext (node:internal/vm:209:10)
    at node:internal/process/execution:446:12
    at [eval]-wrapper:6:24
    at runScriptInContext (node:internal/process/execution:444:60)
    at evalFunction (node:internal/process/execution:279:30)
    at evalTypeScript (node:internal/process/execution:291:3)
    at node:internal/main/eval_string:74:3
2025-11-14 08:58:04 [ERROR]: Error: Account is locked. Try again in 14 minutes
Error: Account is locked. Try again in 14 minutes
    at Object.login (/app/src/services/authService.js:81:11)
    at async /app/src/controllers/authController.js:30:18
2025-11-14 08:58:06 [ERROR]: Error: Account is locked. Try again in 14 minutes
Error: Account is locked. Try again in 14 minutes
    at Object.login (/app/src/services/authService.js:81:11)
    at async /app/src/controllers/authController.js:30:18
2025-11-14 08:58:06 [ERROR]: Error: Account is locked. Try again in 14 minutes
Error: Account is locked. Try again in 14 minutes
    at Object.login (/app/src/services/authService.js:81:11)
    at async /app/src/controllers/authController.js:30:18
2025-11-14 08:58:44 [ERROR]: Error: Account is locked. Try again in 13 minutes
Error: Account is locked. Try again in 13 minutes
    at Object.login (/app/src/services/authService.js:81:11)
    at async /app/src/controllers/authController.js:30:18
2025-11-14 08:58:47 [ERROR]: Error: Account is locked. Try again in 13 minutes
Error: Account is locked. Try again in 13 minutes
    at Object.login (/app/src/services/authService.js:81:11)
    at async /app/src/controllers/authController.js:30:18
2025-11-14 08:58:47 [ERROR]: Error: Account is locked. Try again in 13 minutes
Error: Account is locked. Try again in 13 minutes
    at Object.login (/app/src/services/authService.js:81:11)
    at async /app/src/controllers/authController.js:30:18
2025-11-14 08:59:39 [ERROR]: Error: Account is locked. Try again in 12 minutes
Error: Account is locked. Try again in 12 minutes
    at Object.login (/app/src/services/authService.js:81:11)
    at async /app/src/controllers/authController.js:30:18
2025-11-14 08:59:42 [ERROR]: Error: Account is locked. Try again in 12 minutes
Error: Account is locked. Try again in 12 minutes
    at Object.login (/app/src/services/authService.js:81:11)
    at async /app/src/controllers/authController.js:30:18
2025-11-14 08:59:42 [ERROR]: Error: Account is locked. Try again in 12 minutes
Error: Account is locked. Try again in 12 minutes
    at Object.login (/app/src/services/authService.js:81:11)
    at async /app/src/controllers/authController.js:30:18
2025-11-14 09:00:25 [ERROR]: Error: Account is locked. Try again in 12 minutes
Error: Account is locked. Try again in 12 minutes
    at Object.login (/app/src/services/authService.js:81:11)
    at async /app/src/controllers/authController.js:30:18
2025-11-14 09:00:29 [ERROR]: Error: Account is locked. Try again in 12 minutes
Error: Account is locked. Try again in 12 minutes
    at Object.login (/app/src/services/authService.js:81:11)
    at async /app/src/controllers/authController.js:30:18
2025-11-14 09:00:29 [ERROR]: Error: Account is locked. Try again in 12 minutes
Error: Account is locked. Try again in 12 minutes
    at Object.login (/app/src/services/authService.js:81:11)
    at async /app/src/controllers/authController.js:30:18
2025-11-14 09:00:57 [ERROR]: Error: Invalid credentials
Error: Invalid credentials
    at [eval]:1:69
    at runScriptInThisContext (node:internal/vm:209:10)
    at node:internal/process/execution:446:12
    at [eval]-wrapper:6:24
    at runScriptInContext (node:internal/process/execution:444:60)
    at evalFunction (node:internal/process/execution:279:30)
    at evalTypeScript (node:internal/process/execution:291:3)
    at node:internal/main/eval_string:74:3
2025-11-14 09:01:23 [ERROR]: Error: Account is locked. Try again in 11 minutes
Error: Account is locked. Try again in 11 minutes
    at Object.login (/app/src/services/authService.js:81:11)
    at async /app/src/controllers/authController.js:30:18
2025-11-14 09:01:40 [ERROR]: Error: Invalid credentials
Error: Invalid credentials
    at [eval]:1:69
    at runScriptInThisContext (node:internal/vm:209:10)
    at node:internal/process/execution:446:12
    at [eval]-wrapper:6:24
    at runScriptInContext (node:internal/process/execution:444:60)
    at evalFunction (node:internal/process/execution:279:30)
    at evalTypeScript (node:internal/process/execution:291:3)
    at node:internal/main/eval_string:74:3
2025-11-14 09:01:56 [ERROR]: Error: Account is locked. Try again in 10 minutes
Error: Account is locked. Try again in 10 minutes
    at Object.login (/app/src/services/authService.js:81:11)
    at async /app/src/controllers/authController.js:30:18
2025-11-14 09:02:22 [ERROR]: Error: Invalid credentials
Error: Invalid credentials
    at [eval]:1:69
    at runScriptInThisContext (node:internal/vm:209:10)
    at node:internal/process/execution:446:12
    at [eval]-wrapper:6:24
    at runScriptInContext (node:internal/process/execution:444:60)
    at evalFunction (node:internal/process/execution:279:30)
    at evalTypeScript (node:internal/process/execution:291:3)
    at node:internal/main/eval_string:74:3
2025-11-14 09:02:50 [ERROR]: Error: Account is locked. Try again in 9 minutes
Error: Account is locked. Try again in 9 minutes
    at Object.login (/app/src/services/authService.js:81:11)
    at async /app/src/controllers/authController.js:30:18
2025-11-14 09:02:51 [ERROR]: Error: Account is locked. Try again in 9 minutes
Error: Account is locked. Try again in 9 minutes
    at Object.login (/app/src/services/authService.js:81:11)
    at async /app/src/controllers/authController.js:30:18
2025-11-14 09:02:51 [ERROR]: Error: Account is locked. Try again in 9 minutes
Error: Account is locked. Try again in 9 minutes
    at Object.login (/app/src/services/authService.js:81:11)
    at async /app/src/controllers/authController.js:30:18
2025-11-14 09:03:18 [ERROR]: Error: Invalid credentials
Error: Invalid credentials
    at [eval]:1:69
    at runScriptInThisContext (node:internal/vm:209:10)
    at node:internal/process/execution:446:12
    at [eval]-wrapper:6:24
    at runScriptInContext (node:internal/process/execution:444:60)
    at evalFunction (node:internal/process/execution:279:30)
    at evalTypeScript (node:internal/process/execution:291:3)
    at node:internal/main/eval_string:74:3
2025-11-14 09:03:28 [ERROR]: Error: Invalid credentials
Error: Invalid credentials
    at [eval]:1:69
    at runScriptInThisContext (node:internal/vm:209:10)
    at node:internal/process/execution:446:12
    at [eval]-wrapper:6:24
    at runScriptInContext (node:internal/process/execution:444:60)
    at evalFunction (node:internal/process/execution:279:30)
    at evalTypeScript (node:internal/process/execution:291:3)
    at node:internal/main/eval_string:74:3
2025-11-14 09:04:14 [ERROR]: Error: Account is locked. Try again in 8 minutes
Error: Account is locked. Try again in 8 minutes
    at Object.login (/app/src/services/authService.js:81:11)
    at async /app/src/controllers/authController.js:30:18
2025-11-14 09:04:18 [ERROR]: Error: Account is locked. Try again in 8 minutes
Error: Account is locked. Try again in 8 minutes
    at Object.login (/app/src/services/authService.js:81:11)
    at async /app/src/controllers/authController.js:30:18
2025-11-14 09:04:18 [ERROR]: Error: Account is locked. Try again in 8 minutes
Error: Account is locked. Try again in 8 minutes
    at Object.login (/app/src/services/authService.js:81:11)
    at async /app/src/controllers/authController.js:30:18
2025-11-14 09:04:29 [ERROR]: Error: Invalid credentials
Error: Invalid credentials
    at [eval]:1:69
    at runScriptInThisContext (node:internal/vm:209:10)
    at node:internal/process/execution:446:12
    at [eval]-wrapper:6:24
    at runScriptInContext (node:internal/process/execution:444:60)
    at evalFunction (node:internal/process/execution:279:30)
    at evalTypeScript (node:internal/process/execution:291:3)
    at node:internal/main/eval_string:74:3
2025-11-14 09:04:41 [ERROR]: Error: Invalid credentials
Error: Invalid credentials
    at [eval]:1:69
    at runScriptInThisContext (node:internal/vm:209:10)
    at node:internal/process/execution:446:12
    at [eval]-wrapper:6:24
    at runScriptInContext (node:internal/process/execution:444:60)
    at evalFunction (node:internal/process/execution:279:30)
    at evalTypeScript (node:internal/process/execution:291:3)
    at node:internal/main/eval_string:74:3
2025-11-14 09:04:52 [ERROR]: Error: Invalid credentials
Error: Invalid credentials
    at [eval]:1:69
    at runScriptInThisContext (node:internal/vm:209:10)
    at node:internal/process/execution:446:12
    at [eval]-wrapper:6:24
    at runScriptInContext (node:internal/process/execution:444:60)
    at evalFunction (node:internal/process/execution:279:30)
    at evalTypeScript (node:internal/process/execution:291:3)
    at node:internal/main/eval_string:74:3
2025-11-14 09:05:24 [ERROR]: Error: Invalid credentials
Error: Invalid credentials
    at [eval]:1:69
    at runScriptInThisContext (node:internal/vm:209:10)
    at node:internal/process/execution:446:12
    at [eval]-wrapper:6:24
    at runScriptInContext (node:internal/process/execution:444:60)
    at evalFunction (node:internal/process/execution:279:30)
    at evalTypeScript (node:internal/process/execution:291:3)
    at node:internal/main/eval_string:74:3
2025-11-14 09:06:01 [ERROR]: Error: Account is locked. Try again in 6 minutes
Error: Account is locked. Try again in 6 minutes
    at Object.login (/app/src/services/authService.js:81:11)
    at async /app/src/controllers/authController.js:30:18
2025-11-14 09:06:05 [ERROR]: Error: Account is locked. Try again in 6 minutes
Error: Account is locked. Try again in 6 minutes
    at Object.login (/app/src/services/authService.js:81:11)
    at async /app/src/controllers/authController.js:30:18
2025-11-14 09:06:05 [ERROR]: Error: Account is locked. Try again in 6 minutes
Error: Account is locked. Try again in 6 minutes
    at Object.login (/app/src/services/authService.js:81:11)
    at async /app/src/controllers/authController.js:30:18
2025-11-14 09:06:20 [ERROR]: Error: Invalid credentials
Error: Invalid credentials
    at Object.login (/app/src/services/authService.js:112:11)
    at async /app/src/controllers/authController.js:30:18
2025-11-14 09:07:13 [ERROR]: Error: divisionValue is not defined
ReferenceError: divisionValue is not defined
    at Object.createCandidate (/app/src/services/candidateService.js:246:51)
    at async /app/src/routes/candidateRoutes.js:123:23
2025-11-14 09:11:17 [ERROR]: Error: divisionValue is not defined
ReferenceError: divisionValue is not defined
    at Object.createCandidate (/app/src/services/candidateService.js:246:51)
    at async /app/src/routes/candidateRoutes.js:123:23
