2025-11-05 02:48:43 [ERROR]: Authentication error: Invalid or expired token
Error: Invalid or expired token
    at verifyAccessToken (/app/src/utils/token.js:37:11)
    at authenticate (/app/src/middleware/auth.js:23:21)
    at Layer.handle [as handle_request] (/app/node_modules/express/lib/router/layer.js:95:5)
    at next (/app/node_modules/express/lib/router/route.js:149:13)
    at Route.dispatch (/app/node_modules/express/lib/router/route.js:119:3)
    at Layer.handle [as handle_request] (/app/node_modules/express/lib/router/layer.js:95:5)
    at /app/node_modules/express/lib/router/index.js:284:15
    at Function.process_params (/app/node_modules/express/lib/router/index.js:346:12)
    at next (/app/node_modules/express/lib/router/index.js:280:10)
    at Function.handle (/app/node_modules/express/lib/router/index.js:175:3)
2025-11-05 03:39:46 [ERROR]: Authentication error: Invalid or expired token
Error: Invalid or expired token
    at verifyAccessToken (/app/src/utils/token.js:37:11)
    at authenticate (/app/src/middleware/auth.js:23:21)
    at Layer.handle [as handle_request] (/app/node_modules/express/lib/router/layer.js:95:5)
    at next (/app/node_modules/express/lib/router/route.js:149:13)
    at Route.dispatch (/app/node_modules/express/lib/router/route.js:119:3)
    at Layer.handle [as handle_request] (/app/node_modules/express/lib/router/layer.js:95:5)
    at /app/node_modules/express/lib/router/index.js:284:15
    at Function.process_params (/app/node_modules/express/lib/router/index.js:346:12)
    at next (/app/node_modules/express/lib/router/index.js:280:10)
    at Function.handle (/app/node_modules/express/lib/router/index.js:175:3)
2025-11-05 05:47:30 [ERROR]: Authentication error: Invalid or expired token
Error: Invalid or expired token
    at verifyAccessToken (/app/src/utils/token.js:37:11)
    at authenticate (/app/src/middleware/auth.js:23:21)
    at Layer.handle [as handle_request] (/app/node_modules/express/lib/router/layer.js:95:5)
    at next (/app/node_modules/express/lib/router/route.js:149:13)
    at Route.dispatch (/app/node_modules/express/lib/router/route.js:119:3)
    at Layer.handle [as handle_request] (/app/node_modules/express/lib/router/layer.js:95:5)
    at /app/node_modules/express/lib/router/index.js:284:15
    at Function.process_params (/app/node_modules/express/lib/router/index.js:346:12)
    at next (/app/node_modules/express/lib/router/index.js:280:10)
    at Function.handle (/app/node_modules/express/lib/router/index.js:175:3)
2025-11-05 06:12:38 [ERROR]: Authentication error: Invalid or expired token
Error: Invalid or expired token
    at verifyAccessToken (/app/src/utils/token.js:37:11)
    at authenticate (/app/src/middleware/auth.js:23:21)
    at Layer.handle [as handle_request] (/app/node_modules/express/lib/router/layer.js:95:5)
    at next (/app/node_modules/express/lib/router/route.js:149:13)
    at Route.dispatch (/app/node_modules/express/lib/router/route.js:119:3)
    at Layer.handle [as handle_request] (/app/node_modules/express/lib/router/layer.js:95:5)
    at /app/node_modules/express/lib/router/index.js:284:15
    at Function.process_params (/app/node_modules/express/lib/router/index.js:346:12)
    at next (/app/node_modules/express/lib/router/index.js:280:10)
    at Function.handle (/app/node_modules/express/lib/router/index.js:175:3)
2025-11-05 06:50:05 [ERROR]: Authentication error: Invalid or expired token
Error: Invalid or expired token
    at verifyAccessToken (/app/src/utils/token.js:37:11)
    at authenticate (/app/src/middleware/auth.js:23:21)
    at Layer.handle [as handle_request] (/app/node_modules/express/lib/router/layer.js:95:5)
    at next (/app/node_modules/express/lib/router/route.js:149:13)
    at Route.dispatch (/app/node_modules/express/lib/router/route.js:119:3)
    at Layer.handle [as handle_request] (/app/node_modules/express/lib/router/layer.js:95:5)
    at /app/node_modules/express/lib/router/index.js:284:15
    at Function.process_params (/app/node_modules/express/lib/router/index.js:346:12)
    at next (/app/node_modules/express/lib/router/index.js:280:10)
    at Function.handle (/app/node_modules/express/lib/router/index.js:175:3)
2025-11-05 08:24:47 [ERROR]: Authentication error: Invalid or expired token
Error: Invalid or expired token
    at verifyAccessToken (/app/src/utils/token.js:37:11)
    at authenticate (/app/src/middleware/auth.js:23:21)
    at Layer.handle [as handle_request] (/app/node_modules/express/lib/router/layer.js:95:5)
    at next (/app/node_modules/express/lib/router/route.js:149:13)
    at Route.dispatch (/app/node_modules/express/lib/router/route.js:119:3)
    at Layer.handle [as handle_request] (/app/node_modules/express/lib/router/layer.js:95:5)
    at /app/node_modules/express/lib/router/index.js:284:15
    at Function.process_params (/app/node_modules/express/lib/router/index.js:346:12)
    at next (/app/node_modules/express/lib/router/index.js:280:10)
    at Function.handle (/app/node_modules/express/lib/router/index.js:175:3)
2025-11-05 08:54:05 [ERROR]: Error: Invalid credentials
Error: Invalid credentials
    at Object.login (/app/src/services/authService.js:75:11)
    at async /app/src/controllers/authController.js:30:18
2025-11-05 08:54:11 [ERROR]: Error: Invalid credentials
Error: Invalid credentials
    at Object.login (/app/src/services/authService.js:75:11)
    at async /app/src/controllers/authController.js:30:18
2025-11-05 08:54:13 [ERROR]: Error: Invalid credentials
Error: Invalid credentials
    at Object.login (/app/src/services/authService.js:75:11)
    at async /app/src/controllers/authController.js:30:18
2025-11-05 08:54:13 [ERROR]: Error: Invalid credentials
Error: Invalid credentials
    at Object.login (/app/src/services/authService.js:75:11)
    at async /app/src/controllers/authController.js:30:18
2025-11-05 08:54:13 [ERROR]: Error: Invalid credentials
Error: Invalid credentials
    at Object.login (/app/src/services/authService.js:75:11)
    at async /app/src/controllers/authController.js:30:18
2025-11-05 08:55:04 [ERROR]: Error: Invalid credentials
Error: Invalid credentials
    at Object.login (/app/src/services/authService.js:75:11)
    at async /app/src/controllers/authController.js:30:18
2025-11-05 08:55:05 [ERROR]: Error: Invalid credentials
Error: Invalid credentials
    at Object.login (/app/src/services/authService.js:75:11)
    at async /app/src/controllers/authController.js:30:18
2025-11-05 09:24:47 [ERROR]: Error: Invalid credentials
Error: Invalid credentials
    at Object.login (/app/src/services/authService.js:75:11)
    at async /app/src/controllers/authController.js:30:18
2025-11-05 09:28:24 [ERROR]: Error: Invalid credentials
Error: Invalid credentials
    at Object.login (/app/src/services/authService.js:75:11)
    at async /app/src/controllers/authController.js:30:18
2025-11-05 09:50:18 [ERROR]: Prisma Error: 
Invalid `prisma.user.update()` invocation:


Error occurred during query execution:
ConnectorError(ConnectorError { user_facing_error: None, kind: QueryError(PostgresError { code: "42704", message: "type \"public.UserRole\" does not exist", severity: "ERROR", detail: None, column: None, hint: None }), transient: false })
2025-11-05 09:50:18 [ERROR]: Error: 
Invalid `prisma.user.update()` invocation:


Error occurred during query execution:
ConnectorError(ConnectorError { user_facing_error: None, kind: QueryError(PostgresError { code: "42704", message: "type \"public.UserRole\" does not exist", severity: "ERROR", detail: None, column: None, hint: None }), transient: false })
PrismaClientUnknownRequestError: 
Invalid `prisma.user.update()` invocation:


Error occurred during query execution:
ConnectorError(ConnectorError { user_facing_error: None, kind: QueryError(PostgresError { code: "42704", message: "type \"public.UserRole\" does not exist", severity: "ERROR", detail: None, column: None, hint: None }), transient: false })
    at $n.handleRequestError (/app/node_modules/@prisma/client/runtime/library.js:121:7505)
    at $n.handleAndLogRequestError (/app/node_modules/@prisma/client/runtime/library.js:121:6623)
    at $n.request (/app/node_modules/@prisma/client/runtime/library.js:121:6307)
    at async l (/app/node_modules/@prisma/client/runtime/library.js:130:9633)
    at async Object.updateUser (/app/src/services/adminUserService.js:67:16)
    at async /app/src/controllers/adminUserController.js:19:18
2025-11-05 09:50:19 [ERROR]: Prisma Error: 
Invalid `prisma.user.update()` invocation:


Error occurred during query execution:
ConnectorError(ConnectorError { user_facing_error: None, kind: QueryError(PostgresError { code: "42704", message: "type \"public.UserRole\" does not exist", severity: "ERROR", detail: None, column: None, hint: None }), transient: false })
2025-11-05 09:50:19 [ERROR]: Error: 
Invalid `prisma.user.update()` invocation:


Error occurred during query execution:
ConnectorError(ConnectorError { user_facing_error: None, kind: QueryError(PostgresError { code: "42704", message: "type \"public.UserRole\" does not exist", severity: "ERROR", detail: None, column: None, hint: None }), transient: false })
PrismaClientUnknownRequestError: 
Invalid `prisma.user.update()` invocation:


Error occurred during query execution:
ConnectorError(ConnectorError { user_facing_error: None, kind: QueryError(PostgresError { code: "42704", message: "type \"public.UserRole\" does not exist", severity: "ERROR", detail: None, column: None, hint: None }), transient: false })
    at $n.handleRequestError (/app/node_modules/@prisma/client/runtime/library.js:121:7505)
    at $n.handleAndLogRequestError (/app/node_modules/@prisma/client/runtime/library.js:121:6623)
    at $n.request (/app/node_modules/@prisma/client/runtime/library.js:121:6307)
    at async l (/app/node_modules/@prisma/client/runtime/library.js:130:9633)
    at async Object.updateUser (/app/src/services/adminUserService.js:67:16)
    at async /app/src/controllers/adminUserController.js:19:18
2025-11-05 09:50:20 [ERROR]: Prisma Error: 
Invalid `prisma.user.update()` invocation:


Error occurred during query execution:
ConnectorError(ConnectorError { user_facing_error: None, kind: QueryError(PostgresError { code: "42704", message: "type \"public.UserRole\" does not exist", severity: "ERROR", detail: None, column: None, hint: None }), transient: false })
2025-11-05 09:50:20 [ERROR]: Error: 
Invalid `prisma.user.update()` invocation:


Error occurred during query execution:
ConnectorError(ConnectorError { user_facing_error: None, kind: QueryError(PostgresError { code: "42704", message: "type \"public.UserRole\" does not exist", severity: "ERROR", detail: None, column: None, hint: None }), transient: false })
PrismaClientUnknownRequestError: 
Invalid `prisma.user.update()` invocation:


Error occurred during query execution:
ConnectorError(ConnectorError { user_facing_error: None, kind: QueryError(PostgresError { code: "42704", message: "type \"public.UserRole\" does not exist", severity: "ERROR", detail: None, column: None, hint: None }), transient: false })
    at $n.handleRequestError (/app/node_modules/@prisma/client/runtime/library.js:121:7505)
    at $n.handleAndLogRequestError (/app/node_modules/@prisma/client/runtime/library.js:121:6623)
    at $n.request (/app/node_modules/@prisma/client/runtime/library.js:121:6307)
    at async l (/app/node_modules/@prisma/client/runtime/library.js:130:9633)
    at async Object.updateUser (/app/src/services/adminUserService.js:67:16)
    at async /app/src/controllers/adminUserController.js:19:18
2025-11-05 09:50:20 [ERROR]: Prisma Error: 
Invalid `prisma.user.update()` invocation:


Error occurred during query execution:
ConnectorError(ConnectorError { user_facing_error: None, kind: QueryError(PostgresError { code: "42704", message: "type \"public.UserRole\" does not exist", severity: "ERROR", detail: None, column: None, hint: None }), transient: false })
2025-11-05 09:50:20 [ERROR]: Error: 
Invalid `prisma.user.update()` invocation:


Error occurred during query execution:
ConnectorError(ConnectorError { user_facing_error: None, kind: QueryError(PostgresError { code: "42704", message: "type \"public.UserRole\" does not exist", severity: "ERROR", detail: None, column: None, hint: None }), transient: false })
PrismaClientUnknownRequestError: 
Invalid `prisma.user.update()` invocation:


Error occurred during query execution:
ConnectorError(ConnectorError { user_facing_error: None, kind: QueryError(PostgresError { code: "42704", message: "type \"public.UserRole\" does not exist", severity: "ERROR", detail: None, column: None, hint: None }), transient: false })
    at $n.handleRequestError (/app/node_modules/@prisma/client/runtime/library.js:121:7505)
    at $n.handleAndLogRequestError (/app/node_modules/@prisma/client/runtime/library.js:121:6623)
    at $n.request (/app/node_modules/@prisma/client/runtime/library.js:121:6307)
    at async l (/app/node_modules/@prisma/client/runtime/library.js:130:9633)
    at async Object.updateUser (/app/src/services/adminUserService.js:67:16)
    at async /app/src/controllers/adminUserController.js:19:18
2025-11-05 09:50:20 [ERROR]: Prisma Error: 
Invalid `prisma.user.update()` invocation:


Error occurred during query execution:
ConnectorError(ConnectorError { user_facing_error: None, kind: QueryError(PostgresError { code: "42704", message: "type \"public.UserRole\" does not exist", severity: "ERROR", detail: None, column: None, hint: None }), transient: false })
2025-11-05 09:50:20 [ERROR]: Error: 
Invalid `prisma.user.update()` invocation:


Error occurred during query execution:
ConnectorError(ConnectorError { user_facing_error: None, kind: QueryError(PostgresError { code: "42704", message: "type \"public.UserRole\" does not exist", severity: "ERROR", detail: None, column: None, hint: None }), transient: false })
PrismaClientUnknownRequestError: 
Invalid `prisma.user.update()` invocation:


Error occurred during query execution:
ConnectorError(ConnectorError { user_facing_error: None, kind: QueryError(PostgresError { code: "42704", message: "type \"public.UserRole\" does not exist", severity: "ERROR", detail: None, column: None, hint: None }), transient: false })
    at $n.handleRequestError (/app/node_modules/@prisma/client/runtime/library.js:121:7505)
    at $n.handleAndLogRequestError (/app/node_modules/@prisma/client/runtime/library.js:121:6623)
    at $n.request (/app/node_modules/@prisma/client/runtime/library.js:121:6307)
    at async l (/app/node_modules/@prisma/client/runtime/library.js:130:9633)
    at async Object.updateUser (/app/src/services/adminUserService.js:67:16)
    at async /app/src/controllers/adminUserController.js:19:18
2025-11-05 09:50:21 [ERROR]: Prisma Error: 
Invalid `prisma.user.update()` invocation:


Error occurred during query execution:
ConnectorError(ConnectorError { user_facing_error: None, kind: QueryError(PostgresError { code: "42704", message: "type \"public.UserRole\" does not exist", severity: "ERROR", detail: None, column: None, hint: None }), transient: false })
2025-11-05 09:50:21 [ERROR]: Error: 
Invalid `prisma.user.update()` invocation:


Error occurred during query execution:
ConnectorError(ConnectorError { user_facing_error: None, kind: QueryError(PostgresError { code: "42704", message: "type \"public.UserRole\" does not exist", severity: "ERROR", detail: None, column: None, hint: None }), transient: false })
PrismaClientUnknownRequestError: 
Invalid `prisma.user.update()` invocation:


Error occurred during query execution:
ConnectorError(ConnectorError { user_facing_error: None, kind: QueryError(PostgresError { code: "42704", message: "type \"public.UserRole\" does not exist", severity: "ERROR", detail: None, column: None, hint: None }), transient: false })
    at $n.handleRequestError (/app/node_modules/@prisma/client/runtime/library.js:121:7505)
    at $n.handleAndLogRequestError (/app/node_modules/@prisma/client/runtime/library.js:121:6623)
    at $n.request (/app/node_modules/@prisma/client/runtime/library.js:121:6307)
    at async l (/app/node_modules/@prisma/client/runtime/library.js:130:9633)
    at async Object.updateUser (/app/src/services/adminUserService.js:67:16)
    at async /app/src/controllers/adminUserController.js:19:18
