2025-11-06 01:21:25 [ERROR]: Authentication error: Invalid or expired token
Error: Invalid or expired token
    at verifyAccessToken (/app/src/utils/token.js:37:11)
    at authenticate (/app/src/middleware/auth.js:23:21)
    at Layer.handle [as handle_request] (/app/node_modules/express/lib/router/layer.js:95:5)
    at next (/app/node_modules/express/lib/router/route.js:149:13)
    at Route.dispatch (/app/node_modules/express/lib/router/route.js:119:3)
    at Layer.handle [as handle_request] (/app/node_modules/express/lib/router/layer.js:95:5)
    at /app/node_modules/express/lib/router/index.js:284:15
    at Function.process_params (/app/node_modules/express/lib/router/index.js:346:12)
    at next (/app/node_modules/express/lib/router/index.js:280:10)
    at Function.handle (/app/node_modules/express/lib/router/index.js:175:3)
2025-11-06 04:08:51 [ERROR]: Authentication error: Invalid or expired token
Error: Invalid or expired token
    at verifyAccessToken (/app/src/utils/token.js:37:11)
    at authenticate (/app/src/middleware/auth.js:23:21)
    at Layer.handle [as handle_request] (/app/node_modules/express/lib/router/layer.js:95:5)
    at next (/app/node_modules/express/lib/router/route.js:149:13)
    at Route.dispatch (/app/node_modules/express/lib/router/route.js:119:3)
    at Layer.handle [as handle_request] (/app/node_modules/express/lib/router/layer.js:95:5)
    at /app/node_modules/express/lib/router/index.js:284:15
    at Function.process_params (/app/node_modules/express/lib/router/index.js:346:12)
    at next (/app/node_modules/express/lib/router/index.js:280:10)
    at Function.handle (/app/node_modules/express/lib/router/index.js:175:3)
2025-11-06 05:53:06 [ERROR]: Authentication error: Invalid or expired token
Error: Invalid or expired token
    at verifyAccessToken (/app/src/utils/token.js:37:11)
    at authenticate (/app/src/middleware/auth.js:23:21)
    at Layer.handle [as handle_request] (/app/node_modules/express/lib/router/layer.js:95:5)
    at next (/app/node_modules/express/lib/router/route.js:149:13)
    at Route.dispatch (/app/node_modules/express/lib/router/route.js:119:3)
    at Layer.handle [as handle_request] (/app/node_modules/express/lib/router/layer.js:95:5)
    at /app/node_modules/express/lib/router/index.js:284:15
    at Function.process_params (/app/node_modules/express/lib/router/index.js:346:12)
    at next (/app/node_modules/express/lib/router/index.js:280:10)
    at Function.handle (/app/node_modules/express/lib/router/index.js:175:3)
2025-11-06 06:11:45 [ERROR]: Authentication error: Invalid or expired token
Error: Invalid or expired token
    at verifyAccessToken (/app/src/utils/token.js:37:11)
    at authenticate (/app/src/middleware/auth.js:23:21)
    at Layer.handle [as handle_request] (/app/node_modules/express/lib/router/layer.js:95:5)
    at trim_prefix (/app/node_modules/express/lib/router/index.js:328:13)
    at /app/node_modules/express/lib/router/index.js:286:9
    at Function.process_params (/app/node_modules/express/lib/router/index.js:346:12)
    at next (/app/node_modules/express/lib/router/index.js:280:10)
    at Function.handle (/app/node_modules/express/lib/router/index.js:175:3)
    at router (/app/node_modules/express/lib/router/index.js:47:12)
    at Layer.handle [as handle_request] (/app/node_modules/express/lib/router/layer.js:95:5)
2025-11-06 06:11:56 [ERROR]: Error: Invalid credentials
Error: Invalid credentials
    at Object.login (/app/src/services/authService.js:75:11)
    at async /app/src/controllers/authController.js:30:18
2025-11-06 06:39:49 [ERROR]: Error: Invalid credentials
Error: Invalid credentials
    at Object.login (/app/src/services/authService.js:112:11)
    at async /app/src/controllers/authController.js:30:18
2025-11-06 06:39:49 [ERROR]: Error: Invalid credentials
Error: Invalid credentials
    at Object.login (/app/src/services/authService.js:112:11)
    at async /app/src/controllers/authController.js:30:18
2025-11-06 06:48:05 [ERROR]: Error: Invalid credentials
Error: Invalid credentials
    at Object.login (/app/src/services/authService.js:112:11)
    at async /app/src/controllers/authController.js:30:18
2025-11-06 06:48:06 [ERROR]: Error: Invalid credentials
Error: Invalid credentials
    at Object.login (/app/src/services/authService.js:112:11)
    at async /app/src/controllers/authController.js:30:18
2025-11-06 06:48:13 [ERROR]: Error: Invalid credentials
Error: Invalid credentials
    at Object.login (/app/src/services/authService.js:112:11)
    at async /app/src/controllers/authController.js:30:18
2025-11-06 06:51:50 [ERROR]: Error: Invalid credentials
Error: Invalid credentials
    at Object.login (/app/src/services/authService.js:75:11)
    at async /app/src/controllers/authController.js:30:18
2025-11-06 06:51:56 [ERROR]: Error: Account is locked. Try again in 12 minutes
Error: Account is locked. Try again in 12 minutes
    at Object.login (/app/src/services/authService.js:81:11)
    at async /app/src/controllers/authController.js:30:18
2025-11-06 06:51:58 [ERROR]: Error: Account is locked. Try again in 12 minutes
Error: Account is locked. Try again in 12 minutes
    at Object.login (/app/src/services/authService.js:81:11)
    at async /app/src/controllers/authController.js:30:18
2025-11-06 06:51:58 [ERROR]: Error: Account is locked. Try again in 12 minutes
Error: Account is locked. Try again in 12 minutes
    at Object.login (/app/src/services/authService.js:81:11)
    at async /app/src/controllers/authController.js:30:18
2025-11-06 07:24:51 [ERROR]: Prisma Error: 
Invalid `prisma.user.update()` invocation:


Error occurred during query execution:
ConnectorError(ConnectorError { user_facing_error: None, kind: QueryError(PostgresError { code: "42704", message: "type \"public.UserRole\" does not exist", severity: "ERROR", detail: None, column: None, hint: None }), transient: false })
2025-11-06 07:24:51 [ERROR]: Error: 
Invalid `prisma.user.update()` invocation:


Error occurred during query execution:
ConnectorError(ConnectorError { user_facing_error: None, kind: QueryError(PostgresError { code: "42704", message: "type \"public.UserRole\" does not exist", severity: "ERROR", detail: None, column: None, hint: None }), transient: false })
PrismaClientUnknownRequestError: 
Invalid `prisma.user.update()` invocation:


Error occurred during query execution:
ConnectorError(ConnectorError { user_facing_error: None, kind: QueryError(PostgresError { code: "42704", message: "type \"public.UserRole\" does not exist", severity: "ERROR", detail: None, column: None, hint: None }), transient: false })
    at $n.handleRequestError (/app/node_modules/@prisma/client/runtime/library.js:121:7505)
    at $n.handleAndLogRequestError (/app/node_modules/@prisma/client/runtime/library.js:121:6623)
    at $n.request (/app/node_modules/@prisma/client/runtime/library.js:121:6307)
    at async l (/app/node_modules/@prisma/client/runtime/library.js:130:9633)
    at async Object.updateUser (/app/src/services/adminUserService.js:67:16)
    at async /app/src/controllers/adminUserController.js:19:18
2025-11-06 07:24:52 [ERROR]: Prisma Error: 
Invalid `prisma.user.update()` invocation:


Error occurred during query execution:
ConnectorError(ConnectorError { user_facing_error: None, kind: QueryError(PostgresError { code: "42704", message: "type \"public.UserRole\" does not exist", severity: "ERROR", detail: None, column: None, hint: None }), transient: false })
2025-11-06 07:24:52 [ERROR]: Error: 
Invalid `prisma.user.update()` invocation:


Error occurred during query execution:
ConnectorError(ConnectorError { user_facing_error: None, kind: QueryError(PostgresError { code: "42704", message: "type \"public.UserRole\" does not exist", severity: "ERROR", detail: None, column: None, hint: None }), transient: false })
PrismaClientUnknownRequestError: 
Invalid `prisma.user.update()` invocation:


Error occurred during query execution:
ConnectorError(ConnectorError { user_facing_error: None, kind: QueryError(PostgresError { code: "42704", message: "type \"public.UserRole\" does not exist", severity: "ERROR", detail: None, column: None, hint: None }), transient: false })
    at $n.handleRequestError (/app/node_modules/@prisma/client/runtime/library.js:121:7505)
    at $n.handleAndLogRequestError (/app/node_modules/@prisma/client/runtime/library.js:121:6623)
    at $n.request (/app/node_modules/@prisma/client/runtime/library.js:121:6307)
    at async l (/app/node_modules/@prisma/client/runtime/library.js:130:9633)
    at async Object.updateUser (/app/src/services/adminUserService.js:67:16)
    at async /app/src/controllers/adminUserController.js:19:18
2025-11-06 07:24:52 [ERROR]: Prisma Error: 
Invalid `prisma.user.update()` invocation:


Error occurred during query execution:
ConnectorError(ConnectorError { user_facing_error: None, kind: QueryError(PostgresError { code: "42704", message: "type \"public.UserRole\" does not exist", severity: "ERROR", detail: None, column: None, hint: None }), transient: false })
2025-11-06 07:24:52 [ERROR]: Error: 
Invalid `prisma.user.update()` invocation:


Error occurred during query execution:
ConnectorError(ConnectorError { user_facing_error: None, kind: QueryError(PostgresError { code: "42704", message: "type \"public.UserRole\" does not exist", severity: "ERROR", detail: None, column: None, hint: None }), transient: false })
PrismaClientUnknownRequestError: 
Invalid `prisma.user.update()` invocation:


Error occurred during query execution:
ConnectorError(ConnectorError { user_facing_error: None, kind: QueryError(PostgresError { code: "42704", message: "type \"public.UserRole\" does not exist", severity: "ERROR", detail: None, column: None, hint: None }), transient: false })
    at $n.handleRequestError (/app/node_modules/@prisma/client/runtime/library.js:121:7505)
    at $n.handleAndLogRequestError (/app/node_modules/@prisma/client/runtime/library.js:121:6623)
    at $n.request (/app/node_modules/@prisma/client/runtime/library.js:121:6307)
    at async l (/app/node_modules/@prisma/client/runtime/library.js:130:9633)
    at async Object.updateUser (/app/src/services/adminUserService.js:67:16)
    at async /app/src/controllers/adminUserController.js:19:18
2025-11-06 07:24:56 [ERROR]: Prisma Error: 
Invalid `prisma.user.update()` invocation:


Error occurred during query execution:
ConnectorError(ConnectorError { user_facing_error: None, kind: QueryError(PostgresError { code: "42704", message: "type \"public.UserRole\" does not exist", severity: "ERROR", detail: None, column: None, hint: None }), transient: false })
2025-11-06 07:24:56 [ERROR]: Error: 
Invalid `prisma.user.update()` invocation:


Error occurred during query execution:
ConnectorError(ConnectorError { user_facing_error: None, kind: QueryError(PostgresError { code: "42704", message: "type \"public.UserRole\" does not exist", severity: "ERROR", detail: None, column: None, hint: None }), transient: false })
PrismaClientUnknownRequestError: 
Invalid `prisma.user.update()` invocation:


Error occurred during query execution:
ConnectorError(ConnectorError { user_facing_error: None, kind: QueryError(PostgresError { code: "42704", message: "type \"public.UserRole\" does not exist", severity: "ERROR", detail: None, column: None, hint: None }), transient: false })
    at $n.handleRequestError (/app/node_modules/@prisma/client/runtime/library.js:121:7505)
    at $n.handleAndLogRequestError (/app/node_modules/@prisma/client/runtime/library.js:121:6623)
    at $n.request (/app/node_modules/@prisma/client/runtime/library.js:121:6307)
    at async l (/app/node_modules/@prisma/client/runtime/library.js:130:9633)
    at async Object.updateUser (/app/src/services/adminUserService.js:67:16)
    at async /app/src/controllers/adminUserController.js:19:18
2025-11-06 07:24:57 [ERROR]: Prisma Error: 
Invalid `prisma.user.update()` invocation:


Error occurred during query execution:
ConnectorError(ConnectorError { user_facing_error: None, kind: QueryError(PostgresError { code: "42704", message: "type \"public.UserRole\" does not exist", severity: "ERROR", detail: None, column: None, hint: None }), transient: false })
2025-11-06 07:24:57 [ERROR]: Error: 
Invalid `prisma.user.update()` invocation:


Error occurred during query execution:
ConnectorError(ConnectorError { user_facing_error: None, kind: QueryError(PostgresError { code: "42704", message: "type \"public.UserRole\" does not exist", severity: "ERROR", detail: None, column: None, hint: None }), transient: false })
PrismaClientUnknownRequestError: 
Invalid `prisma.user.update()` invocation:


Error occurred during query execution:
ConnectorError(ConnectorError { user_facing_error: None, kind: QueryError(PostgresError { code: "42704", message: "type \"public.UserRole\" does not exist", severity: "ERROR", detail: None, column: None, hint: None }), transient: false })
    at $n.handleRequestError (/app/node_modules/@prisma/client/runtime/library.js:121:7505)
    at $n.handleAndLogRequestError (/app/node_modules/@prisma/client/runtime/library.js:121:6623)
    at $n.request (/app/node_modules/@prisma/client/runtime/library.js:121:6307)
    at async l (/app/node_modules/@prisma/client/runtime/library.js:130:9633)
    at async Object.updateUser (/app/src/services/adminUserService.js:67:16)
    at async /app/src/controllers/adminUserController.js:19:18
2025-11-06 07:24:57 [ERROR]: Prisma Error: 
Invalid `prisma.user.update()` invocation:


Error occurred during query execution:
ConnectorError(ConnectorError { user_facing_error: None, kind: QueryError(PostgresError { code: "42704", message: "type \"public.UserRole\" does not exist", severity: "ERROR", detail: None, column: None, hint: None }), transient: false })
2025-11-06 07:24:57 [ERROR]: Error: 
Invalid `prisma.user.update()` invocation:


Error occurred during query execution:
ConnectorError(ConnectorError { user_facing_error: None, kind: QueryError(PostgresError { code: "42704", message: "type \"public.UserRole\" does not exist", severity: "ERROR", detail: None, column: None, hint: None }), transient: false })
PrismaClientUnknownRequestError: 
Invalid `prisma.user.update()` invocation:


Error occurred during query execution:
ConnectorError(ConnectorError { user_facing_error: None, kind: QueryError(PostgresError { code: "42704", message: "type \"public.UserRole\" does not exist", severity: "ERROR", detail: None, column: None, hint: None }), transient: false })
    at $n.handleRequestError (/app/node_modules/@prisma/client/runtime/library.js:121:7505)
    at $n.handleAndLogRequestError (/app/node_modules/@prisma/client/runtime/library.js:121:6623)
    at $n.request (/app/node_modules/@prisma/client/runtime/library.js:121:6307)
    at async l (/app/node_modules/@prisma/client/runtime/library.js:130:9633)
    at async Object.updateUser (/app/src/services/adminUserService.js:67:16)
    at async /app/src/controllers/adminUserController.js:19:18
2025-11-06 07:25:05 [ERROR]: Prisma Error: 
Invalid `prisma.user.update()` invocation:


Error occurred during query execution:
ConnectorError(ConnectorError { user_facing_error: None, kind: QueryError(PostgresError { code: "42704", message: "type \"public.UserRole\" does not exist", severity: "ERROR", detail: None, column: None, hint: None }), transient: false })
2025-11-06 07:25:05 [ERROR]: Error: 
Invalid `prisma.user.update()` invocation:


Error occurred during query execution:
ConnectorError(ConnectorError { user_facing_error: None, kind: QueryError(PostgresError { code: "42704", message: "type \"public.UserRole\" does not exist", severity: "ERROR", detail: None, column: None, hint: None }), transient: false })
PrismaClientUnknownRequestError: 
Invalid `prisma.user.update()` invocation:


Error occurred during query execution:
ConnectorError(ConnectorError { user_facing_error: None, kind: QueryError(PostgresError { code: "42704", message: "type \"public.UserRole\" does not exist", severity: "ERROR", detail: None, column: None, hint: None }), transient: false })
    at $n.handleRequestError (/app/node_modules/@prisma/client/runtime/library.js:121:7505)
    at $n.handleAndLogRequestError (/app/node_modules/@prisma/client/runtime/library.js:121:6623)
    at $n.request (/app/node_modules/@prisma/client/runtime/library.js:121:6307)
    at async l (/app/node_modules/@prisma/client/runtime/library.js:130:9633)
    at async Object.updateUser (/app/src/services/adminUserService.js:67:16)
    at async /app/src/controllers/adminUserController.js:19:18
2025-11-06 07:25:05 [ERROR]: Prisma Error: 
Invalid `prisma.user.update()` invocation:


Error occurred during query execution:
ConnectorError(ConnectorError { user_facing_error: None, kind: QueryError(PostgresError { code: "42704", message: "type \"public.UserRole\" does not exist", severity: "ERROR", detail: None, column: None, hint: None }), transient: false })
2025-11-06 07:25:05 [ERROR]: Error: 
Invalid `prisma.user.update()` invocation:


Error occurred during query execution:
ConnectorError(ConnectorError { user_facing_error: None, kind: QueryError(PostgresError { code: "42704", message: "type \"public.UserRole\" does not exist", severity: "ERROR", detail: None, column: None, hint: None }), transient: false })
PrismaClientUnknownRequestError: 
Invalid `prisma.user.update()` invocation:


Error occurred during query execution:
ConnectorError(ConnectorError { user_facing_error: None, kind: QueryError(PostgresError { code: "42704", message: "type \"public.UserRole\" does not exist", severity: "ERROR", detail: None, column: None, hint: None }), transient: false })
    at $n.handleRequestError (/app/node_modules/@prisma/client/runtime/library.js:121:7505)
    at $n.handleAndLogRequestError (/app/node_modules/@prisma/client/runtime/library.js:121:6623)
    at $n.request (/app/node_modules/@prisma/client/runtime/library.js:121:6307)
    at async l (/app/node_modules/@prisma/client/runtime/library.js:130:9633)
    at async Object.updateUser (/app/src/services/adminUserService.js:67:16)
    at async /app/src/controllers/adminUserController.js:19:18
2025-11-06 07:25:05 [ERROR]: Prisma Error: 
Invalid `prisma.user.update()` invocation:


Error occurred during query execution:
ConnectorError(ConnectorError { user_facing_error: None, kind: QueryError(PostgresError { code: "42704", message: "type \"public.UserRole\" does not exist", severity: "ERROR", detail: None, column: None, hint: None }), transient: false })
2025-11-06 07:25:05 [ERROR]: Error: 
Invalid `prisma.user.update()` invocation:


Error occurred during query execution:
ConnectorError(ConnectorError { user_facing_error: None, kind: QueryError(PostgresError { code: "42704", message: "type \"public.UserRole\" does not exist", severity: "ERROR", detail: None, column: None, hint: None }), transient: false })
PrismaClientUnknownRequestError: 
Invalid `prisma.user.update()` invocation:


Error occurred during query execution:
ConnectorError(ConnectorError { user_facing_error: None, kind: QueryError(PostgresError { code: "42704", message: "type \"public.UserRole\" does not exist", severity: "ERROR", detail: None, column: None, hint: None }), transient: false })
    at $n.handleRequestError (/app/node_modules/@prisma/client/runtime/library.js:121:7505)
    at $n.handleAndLogRequestError (/app/node_modules/@prisma/client/runtime/library.js:121:6623)
    at $n.request (/app/node_modules/@prisma/client/runtime/library.js:121:6307)
    at async l (/app/node_modules/@prisma/client/runtime/library.js:130:9633)
    at async Object.updateUser (/app/src/services/adminUserService.js:67:16)
    at async /app/src/controllers/adminUserController.js:19:18
2025-11-06 07:25:05 [ERROR]: Prisma Error: 
Invalid `prisma.user.update()` invocation:


Error occurred during query execution:
ConnectorError(ConnectorError { user_facing_error: None, kind: QueryError(PostgresError { code: "42704", message: "type \"public.UserRole\" does not exist", severity: "ERROR", detail: None, column: None, hint: None }), transient: false })
2025-11-06 07:25:05 [ERROR]: Error: 
Invalid `prisma.user.update()` invocation:


Error occurred during query execution:
ConnectorError(ConnectorError { user_facing_error: None, kind: QueryError(PostgresError { code: "42704", message: "type \"public.UserRole\" does not exist", severity: "ERROR", detail: None, column: None, hint: None }), transient: false })
PrismaClientUnknownRequestError: 
Invalid `prisma.user.update()` invocation:


Error occurred during query execution:
ConnectorError(ConnectorError { user_facing_error: None, kind: QueryError(PostgresError { code: "42704", message: "type \"public.UserRole\" does not exist", severity: "ERROR", detail: None, column: None, hint: None }), transient: false })
    at $n.handleRequestError (/app/node_modules/@prisma/client/runtime/library.js:121:7505)
    at $n.handleAndLogRequestError (/app/node_modules/@prisma/client/runtime/library.js:121:6623)
    at $n.request (/app/node_modules/@prisma/client/runtime/library.js:121:6307)
    at async l (/app/node_modules/@prisma/client/runtime/library.js:130:9633)
    at async Object.updateUser (/app/src/services/adminUserService.js:67:16)
    at async /app/src/controllers/adminUserController.js:19:18
2025-11-06 07:25:05 [ERROR]: Prisma Error: 
Invalid `prisma.user.update()` invocation:


Error occurred during query execution:
ConnectorError(ConnectorError { user_facing_error: None, kind: QueryError(PostgresError { code: "42704", message: "type \"public.UserRole\" does not exist", severity: "ERROR", detail: None, column: None, hint: None }), transient: false })
2025-11-06 07:25:05 [ERROR]: Error: 
Invalid `prisma.user.update()` invocation:


Error occurred during query execution:
ConnectorError(ConnectorError { user_facing_error: None, kind: QueryError(PostgresError { code: "42704", message: "type \"public.UserRole\" does not exist", severity: "ERROR", detail: None, column: None, hint: None }), transient: false })
PrismaClientUnknownRequestError: 
Invalid `prisma.user.update()` invocation:


Error occurred during query execution:
ConnectorError(ConnectorError { user_facing_error: None, kind: QueryError(PostgresError { code: "42704", message: "type \"public.UserRole\" does not exist", severity: "ERROR", detail: None, column: None, hint: None }), transient: false })
    at $n.handleRequestError (/app/node_modules/@prisma/client/runtime/library.js:121:7505)
    at $n.handleAndLogRequestError (/app/node_modules/@prisma/client/runtime/library.js:121:6623)
    at $n.request (/app/node_modules/@prisma/client/runtime/library.js:121:6307)
    at async l (/app/node_modules/@prisma/client/runtime/library.js:130:9633)
    at async Object.updateUser (/app/src/services/adminUserService.js:67:16)
    at async /app/src/controllers/adminUserController.js:19:18
2025-11-06 07:25:06 [ERROR]: Prisma Error: 
Invalid `prisma.user.update()` invocation:


Error occurred during query execution:
ConnectorError(ConnectorError { user_facing_error: None, kind: QueryError(PostgresError { code: "42704", message: "type \"public.UserRole\" does not exist", severity: "ERROR", detail: None, column: None, hint: None }), transient: false })
2025-11-06 07:25:06 [ERROR]: Error: 
Invalid `prisma.user.update()` invocation:


Error occurred during query execution:
ConnectorError(ConnectorError { user_facing_error: None, kind: QueryError(PostgresError { code: "42704", message: "type \"public.UserRole\" does not exist", severity: "ERROR", detail: None, column: None, hint: None }), transient: false })
PrismaClientUnknownRequestError: 
Invalid `prisma.user.update()` invocation:


Error occurred during query execution:
ConnectorError(ConnectorError { user_facing_error: None, kind: QueryError(PostgresError { code: "42704", message: "type \"public.UserRole\" does not exist", severity: "ERROR", detail: None, column: None, hint: None }), transient: false })
    at $n.handleRequestError (/app/node_modules/@prisma/client/runtime/library.js:121:7505)
    at $n.handleAndLogRequestError (/app/node_modules/@prisma/client/runtime/library.js:121:6623)
    at $n.request (/app/node_modules/@prisma/client/runtime/library.js:121:6307)
    at async l (/app/node_modules/@prisma/client/runtime/library.js:130:9633)
    at async Object.updateUser (/app/src/services/adminUserService.js:67:16)
    at async /app/src/controllers/adminUserController.js:19:18
2025-11-06 07:25:06 [ERROR]: Prisma Error: 
Invalid `prisma.user.update()` invocation:


Error occurred during query execution:
ConnectorError(ConnectorError { user_facing_error: None, kind: QueryError(PostgresError { code: "42704", message: "type \"public.UserRole\" does not exist", severity: "ERROR", detail: None, column: None, hint: None }), transient: false })
2025-11-06 07:25:06 [ERROR]: Error: 
Invalid `prisma.user.update()` invocation:


Error occurred during query execution:
ConnectorError(ConnectorError { user_facing_error: None, kind: QueryError(PostgresError { code: "42704", message: "type \"public.UserRole\" does not exist", severity: "ERROR", detail: None, column: None, hint: None }), transient: false })
PrismaClientUnknownRequestError: 
Invalid `prisma.user.update()` invocation:


Error occurred during query execution:
ConnectorError(ConnectorError { user_facing_error: None, kind: QueryError(PostgresError { code: "42704", message: "type \"public.UserRole\" does not exist", severity: "ERROR", detail: None, column: None, hint: None }), transient: false })
    at $n.handleRequestError (/app/node_modules/@prisma/client/runtime/library.js:121:7505)
    at $n.handleAndLogRequestError (/app/node_modules/@prisma/client/runtime/library.js:121:6623)
    at $n.request (/app/node_modules/@prisma/client/runtime/library.js:121:6307)
    at async l (/app/node_modules/@prisma/client/runtime/library.js:130:9633)
    at async Object.updateUser (/app/src/services/adminUserService.js:67:16)
    at async /app/src/controllers/adminUserController.js:19:18
2025-11-06 07:25:06 [ERROR]: Prisma Error: 
Invalid `prisma.user.update()` invocation:


Error occurred during query execution:
ConnectorError(ConnectorError { user_facing_error: None, kind: QueryError(PostgresError { code: "42704", message: "type \"public.UserRole\" does not exist", severity: "ERROR", detail: None, column: None, hint: None }), transient: false })
2025-11-06 07:25:06 [ERROR]: Error: 
Invalid `prisma.user.update()` invocation:


Error occurred during query execution:
ConnectorError(ConnectorError { user_facing_error: None, kind: QueryError(PostgresError { code: "42704", message: "type \"public.UserRole\" does not exist", severity: "ERROR", detail: None, column: None, hint: None }), transient: false })
PrismaClientUnknownRequestError: 
Invalid `prisma.user.update()` invocation:


Error occurred during query execution:
ConnectorError(ConnectorError { user_facing_error: None, kind: QueryError(PostgresError { code: "42704", message: "type \"public.UserRole\" does not exist", severity: "ERROR", detail: None, column: None, hint: None }), transient: false })
    at $n.handleRequestError (/app/node_modules/@prisma/client/runtime/library.js:121:7505)
    at $n.handleAndLogRequestError (/app/node_modules/@prisma/client/runtime/library.js:121:6623)
    at $n.request (/app/node_modules/@prisma/client/runtime/library.js:121:6307)
    at async l (/app/node_modules/@prisma/client/runtime/library.js:130:9633)
    at async Object.updateUser (/app/src/services/adminUserService.js:67:16)
    at async /app/src/controllers/adminUserController.js:19:18
2025-11-06 07:25:06 [ERROR]: Prisma Error: 
Invalid `prisma.user.update()` invocation:


Error occurred during query execution:
ConnectorError(ConnectorError { user_facing_error: None, kind: QueryError(PostgresError { code: "42704", message: "type \"public.UserRole\" does not exist", severity: "ERROR", detail: None, column: None, hint: None }), transient: false })
2025-11-06 07:25:06 [ERROR]: Error: 
Invalid `prisma.user.update()` invocation:


Error occurred during query execution:
ConnectorError(ConnectorError { user_facing_error: None, kind: QueryError(PostgresError { code: "42704", message: "type \"public.UserRole\" does not exist", severity: "ERROR", detail: None, column: None, hint: None }), transient: false })
PrismaClientUnknownRequestError: 
Invalid `prisma.user.update()` invocation:


Error occurred during query execution:
ConnectorError(ConnectorError { user_facing_error: None, kind: QueryError(PostgresError { code: "42704", message: "type \"public.UserRole\" does not exist", severity: "ERROR", detail: None, column: None, hint: None }), transient: false })
    at $n.handleRequestError (/app/node_modules/@prisma/client/runtime/library.js:121:7505)
    at $n.handleAndLogRequestError (/app/node_modules/@prisma/client/runtime/library.js:121:6623)
    at $n.request (/app/node_modules/@prisma/client/runtime/library.js:121:6307)
    at async l (/app/node_modules/@prisma/client/runtime/library.js:130:9633)
    at async Object.updateUser (/app/src/services/adminUserService.js:67:16)
    at async /app/src/controllers/adminUserController.js:19:18
2025-11-06 07:25:06 [ERROR]: Prisma Error: 
Invalid `prisma.user.update()` invocation:


Error occurred during query execution:
ConnectorError(ConnectorError { user_facing_error: None, kind: QueryError(PostgresError { code: "42704", message: "type \"public.UserRole\" does not exist", severity: "ERROR", detail: None, column: None, hint: None }), transient: false })
2025-11-06 07:25:06 [ERROR]: Error: 
Invalid `prisma.user.update()` invocation:


Error occurred during query execution:
ConnectorError(ConnectorError { user_facing_error: None, kind: QueryError(PostgresError { code: "42704", message: "type \"public.UserRole\" does not exist", severity: "ERROR", detail: None, column: None, hint: None }), transient: false })
PrismaClientUnknownRequestError: 
Invalid `prisma.user.update()` invocation:


Error occurred during query execution:
ConnectorError(ConnectorError { user_facing_error: None, kind: QueryError(PostgresError { code: "42704", message: "type \"public.UserRole\" does not exist", severity: "ERROR", detail: None, column: None, hint: None }), transient: false })
    at $n.handleRequestError (/app/node_modules/@prisma/client/runtime/library.js:121:7505)
    at $n.handleAndLogRequestError (/app/node_modules/@prisma/client/runtime/library.js:121:6623)
    at $n.request (/app/node_modules/@prisma/client/runtime/library.js:121:6307)
    at async l (/app/node_modules/@prisma/client/runtime/library.js:130:9633)
    at async Object.updateUser (/app/src/services/adminUserService.js:67:16)
    at async /app/src/controllers/adminUserController.js:19:18
2025-11-06 07:25:07 [ERROR]: Prisma Error: 
Invalid `prisma.user.update()` invocation:


Error occurred during query execution:
ConnectorError(ConnectorError { user_facing_error: None, kind: QueryError(PostgresError { code: "42704", message: "type \"public.UserRole\" does not exist", severity: "ERROR", detail: None, column: None, hint: None }), transient: false })
2025-11-06 07:25:07 [ERROR]: Error: 
Invalid `prisma.user.update()` invocation:


Error occurred during query execution:
ConnectorError(ConnectorError { user_facing_error: None, kind: QueryError(PostgresError { code: "42704", message: "type \"public.UserRole\" does not exist", severity: "ERROR", detail: None, column: None, hint: None }), transient: false })
PrismaClientUnknownRequestError: 
Invalid `prisma.user.update()` invocation:


Error occurred during query execution:
ConnectorError(ConnectorError { user_facing_error: None, kind: QueryError(PostgresError { code: "42704", message: "type \"public.UserRole\" does not exist", severity: "ERROR", detail: None, column: None, hint: None }), transient: false })
    at $n.handleRequestError (/app/node_modules/@prisma/client/runtime/library.js:121:7505)
    at $n.handleAndLogRequestError (/app/node_modules/@prisma/client/runtime/library.js:121:6623)
    at $n.request (/app/node_modules/@prisma/client/runtime/library.js:121:6307)
    at async l (/app/node_modules/@prisma/client/runtime/library.js:130:9633)
    at async Object.updateUser (/app/src/services/adminUserService.js:67:16)
    at async /app/src/controllers/adminUserController.js:19:18
2025-11-06 07:25:07 [ERROR]: Prisma Error: 
Invalid `prisma.user.update()` invocation:


Error occurred during query execution:
ConnectorError(ConnectorError { user_facing_error: None, kind: QueryError(PostgresError { code: "42704", message: "type \"public.UserRole\" does not exist", severity: "ERROR", detail: None, column: None, hint: None }), transient: false })
2025-11-06 07:25:07 [ERROR]: Error: 
Invalid `prisma.user.update()` invocation:


Error occurred during query execution:
ConnectorError(ConnectorError { user_facing_error: None, kind: QueryError(PostgresError { code: "42704", message: "type \"public.UserRole\" does not exist", severity: "ERROR", detail: None, column: None, hint: None }), transient: false })
PrismaClientUnknownRequestError: 
Invalid `prisma.user.update()` invocation:


Error occurred during query execution:
ConnectorError(ConnectorError { user_facing_error: None, kind: QueryError(PostgresError { code: "42704", message: "type \"public.UserRole\" does not exist", severity: "ERROR", detail: None, column: None, hint: None }), transient: false })
    at $n.handleRequestError (/app/node_modules/@prisma/client/runtime/library.js:121:7505)
    at $n.handleAndLogRequestError (/app/node_modules/@prisma/client/runtime/library.js:121:6623)
    at $n.request (/app/node_modules/@prisma/client/runtime/library.js:121:6307)
    at async l (/app/node_modules/@prisma/client/runtime/library.js:130:9633)
    at async Object.updateUser (/app/src/services/adminUserService.js:67:16)
    at async /app/src/controllers/adminUserController.js:19:18
2025-11-06 07:25:07 [ERROR]: Prisma Error: 
Invalid `prisma.user.update()` invocation:


Error occurred during query execution:
ConnectorError(ConnectorError { user_facing_error: None, kind: QueryError(PostgresError { code: "42704", message: "type \"public.UserRole\" does not exist", severity: "ERROR", detail: None, column: None, hint: None }), transient: false })
2025-11-06 07:25:07 [ERROR]: Error: 
Invalid `prisma.user.update()` invocation:


Error occurred during query execution:
ConnectorError(ConnectorError { user_facing_error: None, kind: QueryError(PostgresError { code: "42704", message: "type \"public.UserRole\" does not exist", severity: "ERROR", detail: None, column: None, hint: None }), transient: false })
PrismaClientUnknownRequestError: 
Invalid `prisma.user.update()` invocation:


Error occurred during query execution:
ConnectorError(ConnectorError { user_facing_error: None, kind: QueryError(PostgresError { code: "42704", message: "type \"public.UserRole\" does not exist", severity: "ERROR", detail: None, column: None, hint: None }), transient: false })
    at $n.handleRequestError (/app/node_modules/@prisma/client/runtime/library.js:121:7505)
    at $n.handleAndLogRequestError (/app/node_modules/@prisma/client/runtime/library.js:121:6623)
    at $n.request (/app/node_modules/@prisma/client/runtime/library.js:121:6307)
    at async l (/app/node_modules/@prisma/client/runtime/library.js:130:9633)
    at async Object.updateUser (/app/src/services/adminUserService.js:67:16)
    at async /app/src/controllers/adminUserController.js:19:18
2025-11-06 07:25:07 [ERROR]: Prisma Error: 
Invalid `prisma.user.update()` invocation:


Error occurred during query execution:
ConnectorError(ConnectorError { user_facing_error: None, kind: QueryError(PostgresError { code: "42704", message: "type \"public.UserRole\" does not exist", severity: "ERROR", detail: None, column: None, hint: None }), transient: false })
2025-11-06 07:25:07 [ERROR]: Error: 
Invalid `prisma.user.update()` invocation:


Error occurred during query execution:
ConnectorError(ConnectorError { user_facing_error: None, kind: QueryError(PostgresError { code: "42704", message: "type \"public.UserRole\" does not exist", severity: "ERROR", detail: None, column: None, hint: None }), transient: false })
PrismaClientUnknownRequestError: 
Invalid `prisma.user.update()` invocation:


Error occurred during query execution:
ConnectorError(ConnectorError { user_facing_error: None, kind: QueryError(PostgresError { code: "42704", message: "type \"public.UserRole\" does not exist", severity: "ERROR", detail: None, column: None, hint: None }), transient: false })
    at $n.handleRequestError (/app/node_modules/@prisma/client/runtime/library.js:121:7505)
    at $n.handleAndLogRequestError (/app/node_modules/@prisma/client/runtime/library.js:121:6623)
    at $n.request (/app/node_modules/@prisma/client/runtime/library.js:121:6307)
    at async l (/app/node_modules/@prisma/client/runtime/library.js:130:9633)
    at async Object.updateUser (/app/src/services/adminUserService.js:67:16)
    at async /app/src/controllers/adminUserController.js:19:18
2025-11-06 07:25:23 [ERROR]: Prisma Error: 
Invalid `prisma.user.update()` invocation:


Error occurred during query execution:
ConnectorError(ConnectorError { user_facing_error: None, kind: QueryError(PostgresError { code: "42704", message: "type \"public.UserRole\" does not exist", severity: "ERROR", detail: None, column: None, hint: None }), transient: false })
2025-11-06 07:25:23 [ERROR]: Error: 
Invalid `prisma.user.update()` invocation:


Error occurred during query execution:
ConnectorError(ConnectorError { user_facing_error: None, kind: QueryError(PostgresError { code: "42704", message: "type \"public.UserRole\" does not exist", severity: "ERROR", detail: None, column: None, hint: None }), transient: false })
PrismaClientUnknownRequestError: 
Invalid `prisma.user.update()` invocation:


Error occurred during query execution:
ConnectorError(ConnectorError { user_facing_error: None, kind: QueryError(PostgresError { code: "42704", message: "type \"public.UserRole\" does not exist", severity: "ERROR", detail: None, column: None, hint: None }), transient: false })
    at $n.handleRequestError (/app/node_modules/@prisma/client/runtime/library.js:121:7505)
    at $n.handleAndLogRequestError (/app/node_modules/@prisma/client/runtime/library.js:121:6623)
    at $n.request (/app/node_modules/@prisma/client/runtime/library.js:121:6307)
    at async l (/app/node_modules/@prisma/client/runtime/library.js:130:9633)
    at async Object.updateUser (/app/src/services/adminUserService.js:67:16)
    at async /app/src/controllers/adminUserController.js:19:18
2025-11-06 07:25:23 [ERROR]: Prisma Error: 
Invalid `prisma.user.update()` invocation:


Error occurred during query execution:
ConnectorError(ConnectorError { user_facing_error: None, kind: QueryError(PostgresError { code: "42704", message: "type \"public.UserRole\" does not exist", severity: "ERROR", detail: None, column: None, hint: None }), transient: false })
2025-11-06 07:25:23 [ERROR]: Error: 
Invalid `prisma.user.update()` invocation:


Error occurred during query execution:
ConnectorError(ConnectorError { user_facing_error: None, kind: QueryError(PostgresError { code: "42704", message: "type \"public.UserRole\" does not exist", severity: "ERROR", detail: None, column: None, hint: None }), transient: false })
PrismaClientUnknownRequestError: 
Invalid `prisma.user.update()` invocation:


Error occurred during query execution:
ConnectorError(ConnectorError { user_facing_error: None, kind: QueryError(PostgresError { code: "42704", message: "type \"public.UserRole\" does not exist", severity: "ERROR", detail: None, column: None, hint: None }), transient: false })
    at $n.handleRequestError (/app/node_modules/@prisma/client/runtime/library.js:121:7505)
    at $n.handleAndLogRequestError (/app/node_modules/@prisma/client/runtime/library.js:121:6623)
    at $n.request (/app/node_modules/@prisma/client/runtime/library.js:121:6307)
    at async l (/app/node_modules/@prisma/client/runtime/library.js:130:9633)
    at async Object.updateUser (/app/src/services/adminUserService.js:67:16)
    at async /app/src/controllers/adminUserController.js:19:18
2025-11-06 07:25:23 [ERROR]: Prisma Error: 
Invalid `prisma.user.update()` invocation:


Error occurred during query execution:
ConnectorError(ConnectorError { user_facing_error: None, kind: QueryError(PostgresError { code: "42704", message: "type \"public.UserRole\" does not exist", severity: "ERROR", detail: None, column: None, hint: None }), transient: false })
2025-11-06 07:25:23 [ERROR]: Error: 
Invalid `prisma.user.update()` invocation:


Error occurred during query execution:
ConnectorError(ConnectorError { user_facing_error: None, kind: QueryError(PostgresError { code: "42704", message: "type \"public.UserRole\" does not exist", severity: "ERROR", detail: None, column: None, hint: None }), transient: false })
PrismaClientUnknownRequestError: 
Invalid `prisma.user.update()` invocation:


Error occurred during query execution:
ConnectorError(ConnectorError { user_facing_error: None, kind: QueryError(PostgresError { code: "42704", message: "type \"public.UserRole\" does not exist", severity: "ERROR", detail: None, column: None, hint: None }), transient: false })
    at $n.handleRequestError (/app/node_modules/@prisma/client/runtime/library.js:121:7505)
    at $n.handleAndLogRequestError (/app/node_modules/@prisma/client/runtime/library.js:121:6623)
    at $n.request (/app/node_modules/@prisma/client/runtime/library.js:121:6307)
    at async l (/app/node_modules/@prisma/client/runtime/library.js:130:9633)
    at async Object.updateUser (/app/src/services/adminUserService.js:67:16)
    at async /app/src/controllers/adminUserController.js:19:18
2025-11-06 07:25:23 [ERROR]: Prisma Error: 
Invalid `prisma.user.update()` invocation:


Error occurred during query execution:
ConnectorError(ConnectorError { user_facing_error: None, kind: QueryError(PostgresError { code: "42704", message: "type \"public.UserRole\" does not exist", severity: "ERROR", detail: None, column: None, hint: None }), transient: false })
2025-11-06 07:25:23 [ERROR]: Error: 
Invalid `prisma.user.update()` invocation:


Error occurred during query execution:
ConnectorError(ConnectorError { user_facing_error: None, kind: QueryError(PostgresError { code: "42704", message: "type \"public.UserRole\" does not exist", severity: "ERROR", detail: None, column: None, hint: None }), transient: false })
PrismaClientUnknownRequestError: 
Invalid `prisma.user.update()` invocation:


Error occurred during query execution:
ConnectorError(ConnectorError { user_facing_error: None, kind: QueryError(PostgresError { code: "42704", message: "type \"public.UserRole\" does not exist", severity: "ERROR", detail: None, column: None, hint: None }), transient: false })
    at $n.handleRequestError (/app/node_modules/@prisma/client/runtime/library.js:121:7505)
    at $n.handleAndLogRequestError (/app/node_modules/@prisma/client/runtime/library.js:121:6623)
    at $n.request (/app/node_modules/@prisma/client/runtime/library.js:121:6307)
    at async l (/app/node_modules/@prisma/client/runtime/library.js:130:9633)
    at async Object.updateUser (/app/src/services/adminUserService.js:67:16)
    at async /app/src/controllers/adminUserController.js:19:18
2025-11-06 07:38:41 [ERROR]: Prisma Error: 
Invalid `prisma.user.update()` invocation:


Error occurred during query execution:
ConnectorError(ConnectorError { user_facing_error: None, kind: QueryError(PostgresError { code: "42704", message: "type \"public.UserRole\" does not exist", severity: "ERROR", detail: None, column: None, hint: None }), transient: false })
2025-11-06 07:38:41 [ERROR]: Error: 
Invalid `prisma.user.update()` invocation:


Error occurred during query execution:
ConnectorError(ConnectorError { user_facing_error: None, kind: QueryError(PostgresError { code: "42704", message: "type \"public.UserRole\" does not exist", severity: "ERROR", detail: None, column: None, hint: None }), transient: false })
PrismaClientUnknownRequestError: 
Invalid `prisma.user.update()` invocation:


Error occurred during query execution:
ConnectorError(ConnectorError { user_facing_error: None, kind: QueryError(PostgresError { code: "42704", message: "type \"public.UserRole\" does not exist", severity: "ERROR", detail: None, column: None, hint: None }), transient: false })
    at $n.handleRequestError (/app/node_modules/@prisma/client/runtime/library.js:121:7505)
    at $n.handleAndLogRequestError (/app/node_modules/@prisma/client/runtime/library.js:121:6623)
    at $n.request (/app/node_modules/@prisma/client/runtime/library.js:121:6307)
    at async l (/app/node_modules/@prisma/client/runtime/library.js:130:9633)
    at async Object.updateUser (/app/src/services/adminUserService.js:67:16)
    at async /app/src/controllers/adminUserController.js:19:18
2025-11-06 07:38:41 [ERROR]: Prisma Error: 
Invalid `prisma.user.update()` invocation:


Error occurred during query execution:
ConnectorError(ConnectorError { user_facing_error: None, kind: QueryError(PostgresError { code: "42704", message: "type \"public.UserRole\" does not exist", severity: "ERROR", detail: None, column: None, hint: None }), transient: false })
2025-11-06 07:38:41 [ERROR]: Error: 
Invalid `prisma.user.update()` invocation:


Error occurred during query execution:
ConnectorError(ConnectorError { user_facing_error: None, kind: QueryError(PostgresError { code: "42704", message: "type \"public.UserRole\" does not exist", severity: "ERROR", detail: None, column: None, hint: None }), transient: false })
PrismaClientUnknownRequestError: 
Invalid `prisma.user.update()` invocation:


Error occurred during query execution:
ConnectorError(ConnectorError { user_facing_error: None, kind: QueryError(PostgresError { code: "42704", message: "type \"public.UserRole\" does not exist", severity: "ERROR", detail: None, column: None, hint: None }), transient: false })
    at $n.handleRequestError (/app/node_modules/@prisma/client/runtime/library.js:121:7505)
    at $n.handleAndLogRequestError (/app/node_modules/@prisma/client/runtime/library.js:121:6623)
    at $n.request (/app/node_modules/@prisma/client/runtime/library.js:121:6307)
    at async l (/app/node_modules/@prisma/client/runtime/library.js:130:9633)
    at async Object.updateUser (/app/src/services/adminUserService.js:67:16)
    at async /app/src/controllers/adminUserController.js:19:18
2025-11-06 07:38:46 [ERROR]: Prisma Error: 
Invalid `prisma.user.update()` invocation:


Error occurred during query execution:
ConnectorError(ConnectorError { user_facing_error: None, kind: QueryError(PostgresError { code: "42704", message: "type \"public.UserRole\" does not exist", severity: "ERROR", detail: None, column: None, hint: None }), transient: false })
2025-11-06 07:38:46 [ERROR]: Error: 
Invalid `prisma.user.update()` invocation:


Error occurred during query execution:
ConnectorError(ConnectorError { user_facing_error: None, kind: QueryError(PostgresError { code: "42704", message: "type \"public.UserRole\" does not exist", severity: "ERROR", detail: None, column: None, hint: None }), transient: false })
PrismaClientUnknownRequestError: 
Invalid `prisma.user.update()` invocation:


Error occurred during query execution:
ConnectorError(ConnectorError { user_facing_error: None, kind: QueryError(PostgresError { code: "42704", message: "type \"public.UserRole\" does not exist", severity: "ERROR", detail: None, column: None, hint: None }), transient: false })
    at $n.handleRequestError (/app/node_modules/@prisma/client/runtime/library.js:121:7505)
    at $n.handleAndLogRequestError (/app/node_modules/@prisma/client/runtime/library.js:121:6623)
    at $n.request (/app/node_modules/@prisma/client/runtime/library.js:121:6307)
    at async l (/app/node_modules/@prisma/client/runtime/library.js:130:9633)
    at async Object.updateUser (/app/src/services/adminUserService.js:67:16)
    at async /app/src/controllers/adminUserController.js:19:18
2025-11-06 07:38:48 [ERROR]: Prisma Error: 
Invalid `prisma.user.update()` invocation:


Error occurred during query execution:
ConnectorError(ConnectorError { user_facing_error: None, kind: QueryError(PostgresError { code: "42704", message: "type \"public.UserRole\" does not exist", severity: "ERROR", detail: None, column: None, hint: None }), transient: false })
2025-11-06 07:38:48 [ERROR]: Error: 
Invalid `prisma.user.update()` invocation:


Error occurred during query execution:
ConnectorError(ConnectorError { user_facing_error: None, kind: QueryError(PostgresError { code: "42704", message: "type \"public.UserRole\" does not exist", severity: "ERROR", detail: None, column: None, hint: None }), transient: false })
PrismaClientUnknownRequestError: 
Invalid `prisma.user.update()` invocation:


Error occurred during query execution:
ConnectorError(ConnectorError { user_facing_error: None, kind: QueryError(PostgresError { code: "42704", message: "type \"public.UserRole\" does not exist", severity: "ERROR", detail: None, column: None, hint: None }), transient: false })
    at $n.handleRequestError (/app/node_modules/@prisma/client/runtime/library.js:121:7505)
    at $n.handleAndLogRequestError (/app/node_modules/@prisma/client/runtime/library.js:121:6623)
    at $n.request (/app/node_modules/@prisma/client/runtime/library.js:121:6307)
    at async l (/app/node_modules/@prisma/client/runtime/library.js:130:9633)
    at async Object.updateUser (/app/src/services/adminUserService.js:67:16)
    at async /app/src/controllers/adminUserController.js:19:18
2025-11-06 07:38:48 [ERROR]: Prisma Error: 
Invalid `prisma.user.update()` invocation:


Error occurred during query execution:
ConnectorError(ConnectorError { user_facing_error: None, kind: QueryError(PostgresError { code: "42704", message: "type \"public.UserRole\" does not exist", severity: "ERROR", detail: None, column: None, hint: None }), transient: false })
2025-11-06 07:38:48 [ERROR]: Error: 
Invalid `prisma.user.update()` invocation:


Error occurred during query execution:
ConnectorError(ConnectorError { user_facing_error: None, kind: QueryError(PostgresError { code: "42704", message: "type \"public.UserRole\" does not exist", severity: "ERROR", detail: None, column: None, hint: None }), transient: false })
PrismaClientUnknownRequestError: 
Invalid `prisma.user.update()` invocation:


Error occurred during query execution:
ConnectorError(ConnectorError { user_facing_error: None, kind: QueryError(PostgresError { code: "42704", message: "type \"public.UserRole\" does not exist", severity: "ERROR", detail: None, column: None, hint: None }), transient: false })
    at $n.handleRequestError (/app/node_modules/@prisma/client/runtime/library.js:121:7505)
    at $n.handleAndLogRequestError (/app/node_modules/@prisma/client/runtime/library.js:121:6623)
    at $n.request (/app/node_modules/@prisma/client/runtime/library.js:121:6307)
    at async l (/app/node_modules/@prisma/client/runtime/library.js:130:9633)
    at async Object.updateUser (/app/src/services/adminUserService.js:67:16)
    at async /app/src/controllers/adminUserController.js:19:18
2025-11-06 07:38:48 [ERROR]: Prisma Error: 
Invalid `prisma.user.update()` invocation:


Error occurred during query execution:
ConnectorError(ConnectorError { user_facing_error: None, kind: QueryError(PostgresError { code: "42704", message: "type \"public.UserRole\" does not exist", severity: "ERROR", detail: None, column: None, hint: None }), transient: false })
2025-11-06 07:38:48 [ERROR]: Error: 
Invalid `prisma.user.update()` invocation:


Error occurred during query execution:
ConnectorError(ConnectorError { user_facing_error: None, kind: QueryError(PostgresError { code: "42704", message: "type \"public.UserRole\" does not exist", severity: "ERROR", detail: None, column: None, hint: None }), transient: false })
PrismaClientUnknownRequestError: 
Invalid `prisma.user.update()` invocation:


Error occurred during query execution:
ConnectorError(ConnectorError { user_facing_error: None, kind: QueryError(PostgresError { code: "42704", message: "type \"public.UserRole\" does not exist", severity: "ERROR", detail: None, column: None, hint: None }), transient: false })
    at $n.handleRequestError (/app/node_modules/@prisma/client/runtime/library.js:121:7505)
    at $n.handleAndLogRequestError (/app/node_modules/@prisma/client/runtime/library.js:121:6623)
    at $n.request (/app/node_modules/@prisma/client/runtime/library.js:121:6307)
    at async l (/app/node_modules/@prisma/client/runtime/library.js:130:9633)
    at async Object.updateUser (/app/src/services/adminUserService.js:67:16)
    at async /app/src/controllers/adminUserController.js:19:18
2025-11-06 07:38:49 [ERROR]: Prisma Error: 
Invalid `prisma.user.update()` invocation:


Error occurred during query execution:
ConnectorError(ConnectorError { user_facing_error: None, kind: QueryError(PostgresError { code: "42704", message: "type \"public.UserRole\" does not exist", severity: "ERROR", detail: None, column: None, hint: None }), transient: false })
2025-11-06 07:38:49 [ERROR]: Error: 
Invalid `prisma.user.update()` invocation:


Error occurred during query execution:
ConnectorError(ConnectorError { user_facing_error: None, kind: QueryError(PostgresError { code: "42704", message: "type \"public.UserRole\" does not exist", severity: "ERROR", detail: None, column: None, hint: None }), transient: false })
PrismaClientUnknownRequestError: 
Invalid `prisma.user.update()` invocation:


Error occurred during query execution:
ConnectorError(ConnectorError { user_facing_error: None, kind: QueryError(PostgresError { code: "42704", message: "type \"public.UserRole\" does not exist", severity: "ERROR", detail: None, column: None, hint: None }), transient: false })
    at $n.handleRequestError (/app/node_modules/@prisma/client/runtime/library.js:121:7505)
    at $n.handleAndLogRequestError (/app/node_modules/@prisma/client/runtime/library.js:121:6623)
    at $n.request (/app/node_modules/@prisma/client/runtime/library.js:121:6307)
    at async l (/app/node_modules/@prisma/client/runtime/library.js:130:9633)
    at async Object.updateUser (/app/src/services/adminUserService.js:67:16)
    at async /app/src/controllers/adminUserController.js:19:18
2025-11-06 07:38:49 [ERROR]: Prisma Error: 
Invalid `prisma.user.update()` invocation:


Error occurred during query execution:
ConnectorError(ConnectorError { user_facing_error: None, kind: QueryError(PostgresError { code: "42704", message: "type \"public.UserRole\" does not exist", severity: "ERROR", detail: None, column: None, hint: None }), transient: false })
2025-11-06 07:38:49 [ERROR]: Error: 
Invalid `prisma.user.update()` invocation:


Error occurred during query execution:
ConnectorError(ConnectorError { user_facing_error: None, kind: QueryError(PostgresError { code: "42704", message: "type \"public.UserRole\" does not exist", severity: "ERROR", detail: None, column: None, hint: None }), transient: false })
PrismaClientUnknownRequestError: 
Invalid `prisma.user.update()` invocation:


Error occurred during query execution:
ConnectorError(ConnectorError { user_facing_error: None, kind: QueryError(PostgresError { code: "42704", message: "type \"public.UserRole\" does not exist", severity: "ERROR", detail: None, column: None, hint: None }), transient: false })
    at $n.handleRequestError (/app/node_modules/@prisma/client/runtime/library.js:121:7505)
    at $n.handleAndLogRequestError (/app/node_modules/@prisma/client/runtime/library.js:121:6623)
    at $n.request (/app/node_modules/@prisma/client/runtime/library.js:121:6307)
    at async l (/app/node_modules/@prisma/client/runtime/library.js:130:9633)
    at async Object.updateUser (/app/src/services/adminUserService.js:67:16)
    at async /app/src/controllers/adminUserController.js:19:18
2025-11-06 07:40:46 [ERROR]: Prisma Error: 
Invalid `prisma.user.update()` invocation:


Error occurred during query execution:
ConnectorError(ConnectorError { user_facing_error: None, kind: QueryError(PostgresError { code: "42704", message: "type \"public.UserRole\" does not exist", severity: "ERROR", detail: None, column: None, hint: None }), transient: false })
2025-11-06 07:40:46 [ERROR]: Error: 
Invalid `prisma.user.update()` invocation:


Error occurred during query execution:
ConnectorError(ConnectorError { user_facing_error: None, kind: QueryError(PostgresError { code: "42704", message: "type \"public.UserRole\" does not exist", severity: "ERROR", detail: None, column: None, hint: None }), transient: false })
PrismaClientUnknownRequestError: 
Invalid `prisma.user.update()` invocation:


Error occurred during query execution:
ConnectorError(ConnectorError { user_facing_error: None, kind: QueryError(PostgresError { code: "42704", message: "type \"public.UserRole\" does not exist", severity: "ERROR", detail: None, column: None, hint: None }), transient: false })
    at $n.handleRequestError (/app/node_modules/@prisma/client/runtime/library.js:121:7505)
    at $n.handleAndLogRequestError (/app/node_modules/@prisma/client/runtime/library.js:121:6623)
    at $n.request (/app/node_modules/@prisma/client/runtime/library.js:121:6307)
    at async l (/app/node_modules/@prisma/client/runtime/library.js:130:9633)
    at async Object.updateUser (/app/src/services/adminUserService.js:67:16)
    at async /app/src/controllers/adminUserController.js:19:18
2025-11-06 07:40:46 [ERROR]: Prisma Error: 
Invalid `prisma.user.update()` invocation:


Error occurred during query execution:
ConnectorError(ConnectorError { user_facing_error: None, kind: QueryError(PostgresError { code: "42704", message: "type \"public.UserRole\" does not exist", severity: "ERROR", detail: None, column: None, hint: None }), transient: false })
2025-11-06 07:40:46 [ERROR]: Error: 
Invalid `prisma.user.update()` invocation:


Error occurred during query execution:
ConnectorError(ConnectorError { user_facing_error: None, kind: QueryError(PostgresError { code: "42704", message: "type \"public.UserRole\" does not exist", severity: "ERROR", detail: None, column: None, hint: None }), transient: false })
PrismaClientUnknownRequestError: 
Invalid `prisma.user.update()` invocation:


Error occurred during query execution:
ConnectorError(ConnectorError { user_facing_error: None, kind: QueryError(PostgresError { code: "42704", message: "type \"public.UserRole\" does not exist", severity: "ERROR", detail: None, column: None, hint: None }), transient: false })
    at $n.handleRequestError (/app/node_modules/@prisma/client/runtime/library.js:121:7505)
    at $n.handleAndLogRequestError (/app/node_modules/@prisma/client/runtime/library.js:121:6623)
    at $n.request (/app/node_modules/@prisma/client/runtime/library.js:121:6307)
    at async l (/app/node_modules/@prisma/client/runtime/library.js:130:9633)
    at async Object.updateUser (/app/src/services/adminUserService.js:67:16)
    at async /app/src/controllers/adminUserController.js:19:18
2025-11-06 07:40:46 [ERROR]: Prisma Error: 
Invalid `prisma.user.update()` invocation:


Error occurred during query execution:
ConnectorError(ConnectorError { user_facing_error: None, kind: QueryError(PostgresError { code: "42704", message: "type \"public.UserRole\" does not exist", severity: "ERROR", detail: None, column: None, hint: None }), transient: false })
2025-11-06 07:40:46 [ERROR]: Error: 
Invalid `prisma.user.update()` invocation:


Error occurred during query execution:
ConnectorError(ConnectorError { user_facing_error: None, kind: QueryError(PostgresError { code: "42704", message: "type \"public.UserRole\" does not exist", severity: "ERROR", detail: None, column: None, hint: None }), transient: false })
PrismaClientUnknownRequestError: 
Invalid `prisma.user.update()` invocation:


Error occurred during query execution:
ConnectorError(ConnectorError { user_facing_error: None, kind: QueryError(PostgresError { code: "42704", message: "type \"public.UserRole\" does not exist", severity: "ERROR", detail: None, column: None, hint: None }), transient: false })
    at $n.handleRequestError (/app/node_modules/@prisma/client/runtime/library.js:121:7505)
    at $n.handleAndLogRequestError (/app/node_modules/@prisma/client/runtime/library.js:121:6623)
    at $n.request (/app/node_modules/@prisma/client/runtime/library.js:121:6307)
    at async l (/app/node_modules/@prisma/client/runtime/library.js:130:9633)
    at async Object.updateUser (/app/src/services/adminUserService.js:67:16)
    at async /app/src/controllers/adminUserController.js:19:18
2025-11-06 07:40:46 [ERROR]: Prisma Error: 
Invalid `prisma.user.update()` invocation:


Error occurred during query execution:
ConnectorError(ConnectorError { user_facing_error: None, kind: QueryError(PostgresError { code: "42704", message: "type \"public.UserRole\" does not exist", severity: "ERROR", detail: None, column: None, hint: None }), transient: false })
2025-11-06 07:40:46 [ERROR]: Error: 
Invalid `prisma.user.update()` invocation:


Error occurred during query execution:
ConnectorError(ConnectorError { user_facing_error: None, kind: QueryError(PostgresError { code: "42704", message: "type \"public.UserRole\" does not exist", severity: "ERROR", detail: None, column: None, hint: None }), transient: false })
PrismaClientUnknownRequestError: 
Invalid `prisma.user.update()` invocation:


Error occurred during query execution:
ConnectorError(ConnectorError { user_facing_error: None, kind: QueryError(PostgresError { code: "42704", message: "type \"public.UserRole\" does not exist", severity: "ERROR", detail: None, column: None, hint: None }), transient: false })
    at $n.handleRequestError (/app/node_modules/@prisma/client/runtime/library.js:121:7505)
    at $n.handleAndLogRequestError (/app/node_modules/@prisma/client/runtime/library.js:121:6623)
    at $n.request (/app/node_modules/@prisma/client/runtime/library.js:121:6307)
    at async l (/app/node_modules/@prisma/client/runtime/library.js:130:9633)
    at async Object.updateUser (/app/src/services/adminUserService.js:67:16)
    at async /app/src/controllers/adminUserController.js:19:18
2025-11-06 07:40:49 [ERROR]: Prisma Error: 
Invalid `prisma.user.update()` invocation:


Error occurred during query execution:
ConnectorError(ConnectorError { user_facing_error: None, kind: QueryError(PostgresError { code: "42704", message: "type \"public.UserRole\" does not exist", severity: "ERROR", detail: None, column: None, hint: None }), transient: false })
2025-11-06 07:40:49 [ERROR]: Error: 
Invalid `prisma.user.update()` invocation:


Error occurred during query execution:
ConnectorError(ConnectorError { user_facing_error: None, kind: QueryError(PostgresError { code: "42704", message: "type \"public.UserRole\" does not exist", severity: "ERROR", detail: None, column: None, hint: None }), transient: false })
PrismaClientUnknownRequestError: 
Invalid `prisma.user.update()` invocation:


Error occurred during query execution:
ConnectorError(ConnectorError { user_facing_error: None, kind: QueryError(PostgresError { code: "42704", message: "type \"public.UserRole\" does not exist", severity: "ERROR", detail: None, column: None, hint: None }), transient: false })
    at $n.handleRequestError (/app/node_modules/@prisma/client/runtime/library.js:121:7505)
    at $n.handleAndLogRequestError (/app/node_modules/@prisma/client/runtime/library.js:121:6623)
    at $n.request (/app/node_modules/@prisma/client/runtime/library.js:121:6307)
    at async l (/app/node_modules/@prisma/client/runtime/library.js:130:9633)
    at async Object.updateUser (/app/src/services/adminUserService.js:67:16)
    at async /app/src/controllers/adminUserController.js:19:18
2025-11-06 07:40:49 [ERROR]: Prisma Error: 
Invalid `prisma.user.update()` invocation:


Error occurred during query execution:
ConnectorError(ConnectorError { user_facing_error: None, kind: QueryError(PostgresError { code: "42704", message: "type \"public.UserRole\" does not exist", severity: "ERROR", detail: None, column: None, hint: None }), transient: false })
2025-11-06 07:40:49 [ERROR]: Error: 
Invalid `prisma.user.update()` invocation:


Error occurred during query execution:
ConnectorError(ConnectorError { user_facing_error: None, kind: QueryError(PostgresError { code: "42704", message: "type \"public.UserRole\" does not exist", severity: "ERROR", detail: None, column: None, hint: None }), transient: false })
PrismaClientUnknownRequestError: 
Invalid `prisma.user.update()` invocation:


Error occurred during query execution:
ConnectorError(ConnectorError { user_facing_error: None, kind: QueryError(PostgresError { code: "42704", message: "type \"public.UserRole\" does not exist", severity: "ERROR", detail: None, column: None, hint: None }), transient: false })
    at $n.handleRequestError (/app/node_modules/@prisma/client/runtime/library.js:121:7505)
    at $n.handleAndLogRequestError (/app/node_modules/@prisma/client/runtime/library.js:121:6623)
    at $n.request (/app/node_modules/@prisma/client/runtime/library.js:121:6307)
    at async l (/app/node_modules/@prisma/client/runtime/library.js:130:9633)
    at async Object.updateUser (/app/src/services/adminUserService.js:67:16)
    at async /app/src/controllers/adminUserController.js:19:18
2025-11-06 07:40:49 [ERROR]: Prisma Error: 
Invalid `prisma.user.update()` invocation:


Error occurred during query execution:
ConnectorError(ConnectorError { user_facing_error: None, kind: QueryError(PostgresError { code: "42704", message: "type \"public.UserRole\" does not exist", severity: "ERROR", detail: None, column: None, hint: None }), transient: false })
2025-11-06 07:40:49 [ERROR]: Error: 
Invalid `prisma.user.update()` invocation:


Error occurred during query execution:
ConnectorError(ConnectorError { user_facing_error: None, kind: QueryError(PostgresError { code: "42704", message: "type \"public.UserRole\" does not exist", severity: "ERROR", detail: None, column: None, hint: None }), transient: false })
PrismaClientUnknownRequestError: 
Invalid `prisma.user.update()` invocation:


Error occurred during query execution:
ConnectorError(ConnectorError { user_facing_error: None, kind: QueryError(PostgresError { code: "42704", message: "type \"public.UserRole\" does not exist", severity: "ERROR", detail: None, column: None, hint: None }), transient: false })
    at $n.handleRequestError (/app/node_modules/@prisma/client/runtime/library.js:121:7505)
    at $n.handleAndLogRequestError (/app/node_modules/@prisma/client/runtime/library.js:121:6623)
    at $n.request (/app/node_modules/@prisma/client/runtime/library.js:121:6307)
    at async l (/app/node_modules/@prisma/client/runtime/library.js:130:9633)
    at async Object.updateUser (/app/src/services/adminUserService.js:67:16)
    at async /app/src/controllers/adminUserController.js:19:18
2025-11-06 07:40:49 [ERROR]: Prisma Error: 
Invalid `prisma.user.update()` invocation:


Error occurred during query execution:
ConnectorError(ConnectorError { user_facing_error: None, kind: QueryError(PostgresError { code: "42704", message: "type \"public.UserRole\" does not exist", severity: "ERROR", detail: None, column: None, hint: None }), transient: false })
2025-11-06 07:40:49 [ERROR]: Error: 
Invalid `prisma.user.update()` invocation:


Error occurred during query execution:
ConnectorError(ConnectorError { user_facing_error: None, kind: QueryError(PostgresError { code: "42704", message: "type \"public.UserRole\" does not exist", severity: "ERROR", detail: None, column: None, hint: None }), transient: false })
PrismaClientUnknownRequestError: 
Invalid `prisma.user.update()` invocation:


Error occurred during query execution:
ConnectorError(ConnectorError { user_facing_error: None, kind: QueryError(PostgresError { code: "42704", message: "type \"public.UserRole\" does not exist", severity: "ERROR", detail: None, column: None, hint: None }), transient: false })
    at $n.handleRequestError (/app/node_modules/@prisma/client/runtime/library.js:121:7505)
    at $n.handleAndLogRequestError (/app/node_modules/@prisma/client/runtime/library.js:121:6623)
    at $n.request (/app/node_modules/@prisma/client/runtime/library.js:121:6307)
    at async l (/app/node_modules/@prisma/client/runtime/library.js:130:9633)
    at async Object.updateUser (/app/src/services/adminUserService.js:67:16)
    at async /app/src/controllers/adminUserController.js:19:18
2025-11-06 07:40:49 [ERROR]: Prisma Error: 
Invalid `prisma.user.update()` invocation:


Error occurred during query execution:
ConnectorError(ConnectorError { user_facing_error: None, kind: QueryError(PostgresError { code: "42704", message: "type \"public.UserRole\" does not exist", severity: "ERROR", detail: None, column: None, hint: None }), transient: false })
2025-11-06 07:40:49 [ERROR]: Error: 
Invalid `prisma.user.update()` invocation:


Error occurred during query execution:
ConnectorError(ConnectorError { user_facing_error: None, kind: QueryError(PostgresError { code: "42704", message: "type \"public.UserRole\" does not exist", severity: "ERROR", detail: None, column: None, hint: None }), transient: false })
PrismaClientUnknownRequestError: 
Invalid `prisma.user.update()` invocation:


Error occurred during query execution:
ConnectorError(ConnectorError { user_facing_error: None, kind: QueryError(PostgresError { code: "42704", message: "type \"public.UserRole\" does not exist", severity: "ERROR", detail: None, column: None, hint: None }), transient: false })
    at $n.handleRequestError (/app/node_modules/@prisma/client/runtime/library.js:121:7505)
    at $n.handleAndLogRequestError (/app/node_modules/@prisma/client/runtime/library.js:121:6623)
    at $n.request (/app/node_modules/@prisma/client/runtime/library.js:121:6307)
    at async l (/app/node_modules/@prisma/client/runtime/library.js:130:9633)
    at async Object.updateUser (/app/src/services/adminUserService.js:67:16)
    at async /app/src/controllers/adminUserController.js:19:18
2025-11-06 07:41:15 [ERROR]: Prisma Error: 
Invalid `prisma.user.create()` invocation:


Error occurred during query execution:
ConnectorError(ConnectorError { user_facing_error: None, kind: QueryError(PostgresError { code: "42704", message: "type \"public.UserRole\" does not exist", severity: "ERROR", detail: None, column: None, hint: None }), transient: false })
2025-11-06 07:41:15 [ERROR]: Error: 
Invalid `prisma.user.create()` invocation:


Error occurred during query execution:
ConnectorError(ConnectorError { user_facing_error: None, kind: QueryError(PostgresError { code: "42704", message: "type \"public.UserRole\" does not exist", severity: "ERROR", detail: None, column: None, hint: None }), transient: false })
PrismaClientUnknownRequestError: 
Invalid `prisma.user.create()` invocation:


Error occurred during query execution:
ConnectorError(ConnectorError { user_facing_error: None, kind: QueryError(PostgresError { code: "42704", message: "type \"public.UserRole\" does not exist", severity: "ERROR", detail: None, column: None, hint: None }), transient: false })
    at $n.handleRequestError (/app/node_modules/@prisma/client/runtime/library.js:121:7505)
    at $n.handleAndLogRequestError (/app/node_modules/@prisma/client/runtime/library.js:121:6623)
    at $n.request (/app/node_modules/@prisma/client/runtime/library.js:121:6307)
    at async l (/app/node_modules/@prisma/client/runtime/library.js:130:9633)
    at async Object.createUser (/app/src/services/adminUserService.js:48:16)
    at async /app/src/controllers/adminUserController.js:12:18
2025-11-06 07:41:16 [ERROR]: Prisma Error: 
Invalid `prisma.user.create()` invocation:


Error occurred during query execution:
ConnectorError(ConnectorError { user_facing_error: None, kind: QueryError(PostgresError { code: "42704", message: "type \"public.UserRole\" does not exist", severity: "ERROR", detail: None, column: None, hint: None }), transient: false })
2025-11-06 07:41:16 [ERROR]: Error: 
Invalid `prisma.user.create()` invocation:


Error occurred during query execution:
ConnectorError(ConnectorError { user_facing_error: None, kind: QueryError(PostgresError { code: "42704", message: "type \"public.UserRole\" does not exist", severity: "ERROR", detail: None, column: None, hint: None }), transient: false })
PrismaClientUnknownRequestError: 
Invalid `prisma.user.create()` invocation:


Error occurred during query execution:
ConnectorError(ConnectorError { user_facing_error: None, kind: QueryError(PostgresError { code: "42704", message: "type \"public.UserRole\" does not exist", severity: "ERROR", detail: None, column: None, hint: None }), transient: false })
    at $n.handleRequestError (/app/node_modules/@prisma/client/runtime/library.js:121:7505)
    at $n.handleAndLogRequestError (/app/node_modules/@prisma/client/runtime/library.js:121:6623)
    at $n.request (/app/node_modules/@prisma/client/runtime/library.js:121:6307)
    at async l (/app/node_modules/@prisma/client/runtime/library.js:130:9633)
    at async Object.createUser (/app/src/services/adminUserService.js:48:16)
    at async /app/src/controllers/adminUserController.js:12:18
2025-11-06 07:41:16 [ERROR]: Prisma Error: 
Invalid `prisma.user.create()` invocation:


Error occurred during query execution:
ConnectorError(ConnectorError { user_facing_error: None, kind: QueryError(PostgresError { code: "42704", message: "type \"public.UserRole\" does not exist", severity: "ERROR", detail: None, column: None, hint: None }), transient: false })
2025-11-06 07:41:16 [ERROR]: Error: 
Invalid `prisma.user.create()` invocation:


Error occurred during query execution:
ConnectorError(ConnectorError { user_facing_error: None, kind: QueryError(PostgresError { code: "42704", message: "type \"public.UserRole\" does not exist", severity: "ERROR", detail: None, column: None, hint: None }), transient: false })
PrismaClientUnknownRequestError: 
Invalid `prisma.user.create()` invocation:


Error occurred during query execution:
ConnectorError(ConnectorError { user_facing_error: None, kind: QueryError(PostgresError { code: "42704", message: "type \"public.UserRole\" does not exist", severity: "ERROR", detail: None, column: None, hint: None }), transient: false })
    at $n.handleRequestError (/app/node_modules/@prisma/client/runtime/library.js:121:7505)
    at $n.handleAndLogRequestError (/app/node_modules/@prisma/client/runtime/library.js:121:6623)
    at $n.request (/app/node_modules/@prisma/client/runtime/library.js:121:6307)
    at async l (/app/node_modules/@prisma/client/runtime/library.js:130:9633)
    at async Object.createUser (/app/src/services/adminUserService.js:48:16)
    at async /app/src/controllers/adminUserController.js:12:18
2025-11-06 07:41:16 [ERROR]: Prisma Error: 
Invalid `prisma.user.create()` invocation:


Error occurred during query execution:
ConnectorError(ConnectorError { user_facing_error: None, kind: QueryError(PostgresError { code: "42704", message: "type \"public.UserRole\" does not exist", severity: "ERROR", detail: None, column: None, hint: None }), transient: false })
2025-11-06 07:41:16 [ERROR]: Error: 
Invalid `prisma.user.create()` invocation:


Error occurred during query execution:
ConnectorError(ConnectorError { user_facing_error: None, kind: QueryError(PostgresError { code: "42704", message: "type \"public.UserRole\" does not exist", severity: "ERROR", detail: None, column: None, hint: None }), transient: false })
PrismaClientUnknownRequestError: 
Invalid `prisma.user.create()` invocation:


Error occurred during query execution:
ConnectorError(ConnectorError { user_facing_error: None, kind: QueryError(PostgresError { code: "42704", message: "type \"public.UserRole\" does not exist", severity: "ERROR", detail: None, column: None, hint: None }), transient: false })
    at $n.handleRequestError (/app/node_modules/@prisma/client/runtime/library.js:121:7505)
    at $n.handleAndLogRequestError (/app/node_modules/@prisma/client/runtime/library.js:121:6623)
    at $n.request (/app/node_modules/@prisma/client/runtime/library.js:121:6307)
    at async l (/app/node_modules/@prisma/client/runtime/library.js:130:9633)
    at async Object.createUser (/app/src/services/adminUserService.js:48:16)
    at async /app/src/controllers/adminUserController.js:12:18
2025-11-06 07:41:17 [ERROR]: Prisma Error: 
Invalid `prisma.user.create()` invocation:


Error occurred during query execution:
ConnectorError(ConnectorError { user_facing_error: None, kind: QueryError(PostgresError { code: "42704", message: "type \"public.UserRole\" does not exist", severity: "ERROR", detail: None, column: None, hint: None }), transient: false })
2025-11-06 07:41:17 [ERROR]: Error: 
Invalid `prisma.user.create()` invocation:


Error occurred during query execution:
ConnectorError(ConnectorError { user_facing_error: None, kind: QueryError(PostgresError { code: "42704", message: "type \"public.UserRole\" does not exist", severity: "ERROR", detail: None, column: None, hint: None }), transient: false })
PrismaClientUnknownRequestError: 
Invalid `prisma.user.create()` invocation:


Error occurred during query execution:
ConnectorError(ConnectorError { user_facing_error: None, kind: QueryError(PostgresError { code: "42704", message: "type \"public.UserRole\" does not exist", severity: "ERROR", detail: None, column: None, hint: None }), transient: false })
    at $n.handleRequestError (/app/node_modules/@prisma/client/runtime/library.js:121:7505)
    at $n.handleAndLogRequestError (/app/node_modules/@prisma/client/runtime/library.js:121:6623)
    at $n.request (/app/node_modules/@prisma/client/runtime/library.js:121:6307)
    at async l (/app/node_modules/@prisma/client/runtime/library.js:130:9633)
    at async Object.createUser (/app/src/services/adminUserService.js:48:16)
    at async /app/src/controllers/adminUserController.js:12:18
2025-11-06 07:41:17 [ERROR]: Prisma Error: 
Invalid `prisma.user.create()` invocation:


Error occurred during query execution:
ConnectorError(ConnectorError { user_facing_error: None, kind: QueryError(PostgresError { code: "42704", message: "type \"public.UserRole\" does not exist", severity: "ERROR", detail: None, column: None, hint: None }), transient: false })
2025-11-06 07:41:17 [ERROR]: Error: 
Invalid `prisma.user.create()` invocation:


Error occurred during query execution:
ConnectorError(ConnectorError { user_facing_error: None, kind: QueryError(PostgresError { code: "42704", message: "type \"public.UserRole\" does not exist", severity: "ERROR", detail: None, column: None, hint: None }), transient: false })
PrismaClientUnknownRequestError: 
Invalid `prisma.user.create()` invocation:


Error occurred during query execution:
ConnectorError(ConnectorError { user_facing_error: None, kind: QueryError(PostgresError { code: "42704", message: "type \"public.UserRole\" does not exist", severity: "ERROR", detail: None, column: None, hint: None }), transient: false })
    at $n.handleRequestError (/app/node_modules/@prisma/client/runtime/library.js:121:7505)
    at $n.handleAndLogRequestError (/app/node_modules/@prisma/client/runtime/library.js:121:6623)
    at $n.request (/app/node_modules/@prisma/client/runtime/library.js:121:6307)
    at async l (/app/node_modules/@prisma/client/runtime/library.js:130:9633)
    at async Object.createUser (/app/src/services/adminUserService.js:48:16)
    at async /app/src/controllers/adminUserController.js:12:18
2025-11-06 07:41:33 [ERROR]: Prisma Error: 
Invalid `prisma.user.create()` invocation:


Error occurred during query execution:
ConnectorError(ConnectorError { user_facing_error: None, kind: QueryError(PostgresError { code: "42704", message: "type \"public.UserRole\" does not exist", severity: "ERROR", detail: None, column: None, hint: None }), transient: false })
2025-11-06 07:41:33 [ERROR]: Error: 
Invalid `prisma.user.create()` invocation:


Error occurred during query execution:
ConnectorError(ConnectorError { user_facing_error: None, kind: QueryError(PostgresError { code: "42704", message: "type \"public.UserRole\" does not exist", severity: "ERROR", detail: None, column: None, hint: None }), transient: false })
PrismaClientUnknownRequestError: 
Invalid `prisma.user.create()` invocation:


Error occurred during query execution:
ConnectorError(ConnectorError { user_facing_error: None, kind: QueryError(PostgresError { code: "42704", message: "type \"public.UserRole\" does not exist", severity: "ERROR", detail: None, column: None, hint: None }), transient: false })
    at $n.handleRequestError (/app/node_modules/@prisma/client/runtime/library.js:121:7505)
    at $n.handleAndLogRequestError (/app/node_modules/@prisma/client/runtime/library.js:121:6623)
    at $n.request (/app/node_modules/@prisma/client/runtime/library.js:121:6307)
    at async l (/app/node_modules/@prisma/client/runtime/library.js:130:9633)
    at async Object.createUser (/app/src/services/adminUserService.js:48:16)
    at async /app/src/controllers/adminUserController.js:12:18
2025-11-06 07:41:33 [ERROR]: Prisma Error: 
Invalid `prisma.user.create()` invocation:


Error occurred during query execution:
ConnectorError(ConnectorError { user_facing_error: None, kind: QueryError(PostgresError { code: "42704", message: "type \"public.UserRole\" does not exist", severity: "ERROR", detail: None, column: None, hint: None }), transient: false })
2025-11-06 07:41:33 [ERROR]: Error: 
Invalid `prisma.user.create()` invocation:


Error occurred during query execution:
ConnectorError(ConnectorError { user_facing_error: None, kind: QueryError(PostgresError { code: "42704", message: "type \"public.UserRole\" does not exist", severity: "ERROR", detail: None, column: None, hint: None }), transient: false })
PrismaClientUnknownRequestError: 
Invalid `prisma.user.create()` invocation:


Error occurred during query execution:
ConnectorError(ConnectorError { user_facing_error: None, kind: QueryError(PostgresError { code: "42704", message: "type \"public.UserRole\" does not exist", severity: "ERROR", detail: None, column: None, hint: None }), transient: false })
    at $n.handleRequestError (/app/node_modules/@prisma/client/runtime/library.js:121:7505)
    at $n.handleAndLogRequestError (/app/node_modules/@prisma/client/runtime/library.js:121:6623)
    at $n.request (/app/node_modules/@prisma/client/runtime/library.js:121:6307)
    at async l (/app/node_modules/@prisma/client/runtime/library.js:130:9633)
    at async Object.createUser (/app/src/services/adminUserService.js:48:16)
    at async /app/src/controllers/adminUserController.js:12:18
2025-11-06 07:41:33 [ERROR]: Prisma Error: 
Invalid `prisma.user.create()` invocation:


Error occurred during query execution:
ConnectorError(ConnectorError { user_facing_error: None, kind: QueryError(PostgresError { code: "42704", message: "type \"public.UserRole\" does not exist", severity: "ERROR", detail: None, column: None, hint: None }), transient: false })
2025-11-06 07:41:33 [ERROR]: Error: 
Invalid `prisma.user.create()` invocation:


Error occurred during query execution:
ConnectorError(ConnectorError { user_facing_error: None, kind: QueryError(PostgresError { code: "42704", message: "type \"public.UserRole\" does not exist", severity: "ERROR", detail: None, column: None, hint: None }), transient: false })
PrismaClientUnknownRequestError: 
Invalid `prisma.user.create()` invocation:


Error occurred during query execution:
ConnectorError(ConnectorError { user_facing_error: None, kind: QueryError(PostgresError { code: "42704", message: "type \"public.UserRole\" does not exist", severity: "ERROR", detail: None, column: None, hint: None }), transient: false })
    at $n.handleRequestError (/app/node_modules/@prisma/client/runtime/library.js:121:7505)
    at $n.handleAndLogRequestError (/app/node_modules/@prisma/client/runtime/library.js:121:6623)
    at $n.request (/app/node_modules/@prisma/client/runtime/library.js:121:6307)
    at async l (/app/node_modules/@prisma/client/runtime/library.js:130:9633)
    at async Object.createUser (/app/src/services/adminUserService.js:48:16)
    at async /app/src/controllers/adminUserController.js:12:18
2025-11-06 07:41:34 [ERROR]: Prisma Error: 
Invalid `prisma.user.create()` invocation:


Error occurred during query execution:
ConnectorError(ConnectorError { user_facing_error: None, kind: QueryError(PostgresError { code: "42704", message: "type \"public.UserRole\" does not exist", severity: "ERROR", detail: None, column: None, hint: None }), transient: false })
2025-11-06 07:41:34 [ERROR]: Error: 
Invalid `prisma.user.create()` invocation:


Error occurred during query execution:
ConnectorError(ConnectorError { user_facing_error: None, kind: QueryError(PostgresError { code: "42704", message: "type \"public.UserRole\" does not exist", severity: "ERROR", detail: None, column: None, hint: None }), transient: false })
PrismaClientUnknownRequestError: 
Invalid `prisma.user.create()` invocation:


Error occurred during query execution:
ConnectorError(ConnectorError { user_facing_error: None, kind: QueryError(PostgresError { code: "42704", message: "type \"public.UserRole\" does not exist", severity: "ERROR", detail: None, column: None, hint: None }), transient: false })
    at $n.handleRequestError (/app/node_modules/@prisma/client/runtime/library.js:121:7505)
    at $n.handleAndLogRequestError (/app/node_modules/@prisma/client/runtime/library.js:121:6623)
    at $n.request (/app/node_modules/@prisma/client/runtime/library.js:121:6307)
    at async l (/app/node_modules/@prisma/client/runtime/library.js:130:9633)
    at async Object.createUser (/app/src/services/adminUserService.js:48:16)
    at async /app/src/controllers/adminUserController.js:12:18
2025-11-06 07:41:34 [ERROR]: Prisma Error: 
Invalid `prisma.user.create()` invocation:


Error occurred during query execution:
ConnectorError(ConnectorError { user_facing_error: None, kind: QueryError(PostgresError { code: "42704", message: "type \"public.UserRole\" does not exist", severity: "ERROR", detail: None, column: None, hint: None }), transient: false })
2025-11-06 07:41:34 [ERROR]: Error: 
Invalid `prisma.user.create()` invocation:


Error occurred during query execution:
ConnectorError(ConnectorError { user_facing_error: None, kind: QueryError(PostgresError { code: "42704", message: "type \"public.UserRole\" does not exist", severity: "ERROR", detail: None, column: None, hint: None }), transient: false })
PrismaClientUnknownRequestError: 
Invalid `prisma.user.create()` invocation:


Error occurred during query execution:
ConnectorError(ConnectorError { user_facing_error: None, kind: QueryError(PostgresError { code: "42704", message: "type \"public.UserRole\" does not exist", severity: "ERROR", detail: None, column: None, hint: None }), transient: false })
    at $n.handleRequestError (/app/node_modules/@prisma/client/runtime/library.js:121:7505)
    at $n.handleAndLogRequestError (/app/node_modules/@prisma/client/runtime/library.js:121:6623)
    at $n.request (/app/node_modules/@prisma/client/runtime/library.js:121:6307)
    at async l (/app/node_modules/@prisma/client/runtime/library.js:130:9633)
    at async Object.createUser (/app/src/services/adminUserService.js:48:16)
    at async /app/src/controllers/adminUserController.js:12:18
2025-11-06 07:46:08 [ERROR]: Prisma Error: 
Invalid `prisma.user.create()` invocation:


Error occurred during query execution:
ConnectorError(ConnectorError { user_facing_error: None, kind: QueryError(PostgresError { code: "42704", message: "type \"public.UserRole\" does not exist", severity: "ERROR", detail: None, column: None, hint: None }), transient: false })
2025-11-06 07:46:08 [ERROR]: Error: 
Invalid `prisma.user.create()` invocation:


Error occurred during query execution:
ConnectorError(ConnectorError { user_facing_error: None, kind: QueryError(PostgresError { code: "42704", message: "type \"public.UserRole\" does not exist", severity: "ERROR", detail: None, column: None, hint: None }), transient: false })
PrismaClientUnknownRequestError: 
Invalid `prisma.user.create()` invocation:


Error occurred during query execution:
ConnectorError(ConnectorError { user_facing_error: None, kind: QueryError(PostgresError { code: "42704", message: "type \"public.UserRole\" does not exist", severity: "ERROR", detail: None, column: None, hint: None }), transient: false })
    at $n.handleRequestError (/app/node_modules/@prisma/client/runtime/library.js:121:7505)
    at $n.handleAndLogRequestError (/app/node_modules/@prisma/client/runtime/library.js:121:6623)
    at $n.request (/app/node_modules/@prisma/client/runtime/library.js:121:6307)
    at async l (/app/node_modules/@prisma/client/runtime/library.js:130:9633)
    at async Object.createUser (/app/src/services/adminUserService.js:48:16)
    at async /app/src/controllers/adminUserController.js:12:18
2025-11-06 07:46:13 [ERROR]: Error: Invalid credentials
Error: Invalid credentials
    at Object.login (/app/src/services/authService.js:75:11)
    at async /app/src/controllers/authController.js:30:18
2025-11-06 07:46:53 [ERROR]: Prisma Error: 
Invalid `prisma.user.create()` invocation:


Error occurred during query execution:
ConnectorError(ConnectorError { user_facing_error: None, kind: QueryError(PostgresError { code: "42704", message: "type \"public.UserRole\" does not exist", severity: "ERROR", detail: None, column: None, hint: None }), transient: false })
2025-11-06 07:46:53 [ERROR]: Error: 
Invalid `prisma.user.create()` invocation:


Error occurred during query execution:
ConnectorError(ConnectorError { user_facing_error: None, kind: QueryError(PostgresError { code: "42704", message: "type \"public.UserRole\" does not exist", severity: "ERROR", detail: None, column: None, hint: None }), transient: false })
PrismaClientUnknownRequestError: 
Invalid `prisma.user.create()` invocation:


Error occurred during query execution:
ConnectorError(ConnectorError { user_facing_error: None, kind: QueryError(PostgresError { code: "42704", message: "type \"public.UserRole\" does not exist", severity: "ERROR", detail: None, column: None, hint: None }), transient: false })
    at $n.handleRequestError (/app/node_modules/@prisma/client/runtime/library.js:121:7505)
    at $n.handleAndLogRequestError (/app/node_modules/@prisma/client/runtime/library.js:121:6623)
    at $n.request (/app/node_modules/@prisma/client/runtime/library.js:121:6307)
    at async l (/app/node_modules/@prisma/client/runtime/library.js:130:9633)
    at async Object.createUser (/app/src/services/adminUserService.js:48:16)
    at async /app/src/controllers/adminUserController.js:12:18
2025-11-06 09:40:27 [ERROR]: Authentication error: Invalid or expired token
Error: Invalid or expired token
    at verifyAccessToken (/app/src/utils/token.js:37:11)
    at authenticate (/app/src/middleware/auth.js:23:21)
    at Layer.handle [as handle_request] (/app/node_modules/express/lib/router/layer.js:95:5)
    at next (/app/node_modules/express/lib/router/route.js:149:13)
    at Route.dispatch (/app/node_modules/express/lib/router/route.js:119:3)
    at Layer.handle [as handle_request] (/app/node_modules/express/lib/router/layer.js:95:5)
    at /app/node_modules/express/lib/router/index.js:284:15
    at Function.process_params (/app/node_modules/express/lib/router/index.js:346:12)
    at next (/app/node_modules/express/lib/router/index.js:280:10)
    at Function.handle (/app/node_modules/express/lib/router/index.js:175:3)
2025-11-06 10:39:19 [ERROR]: Authentication error: Invalid or expired token
Error: Invalid or expired token
    at verifyAccessToken (/app/src/utils/token.js:37:11)
    at authenticate (/app/src/middleware/auth.js:23:21)
    at Layer.handle [as handle_request] (/app/node_modules/express/lib/router/layer.js:95:5)
    at next (/app/node_modules/express/lib/router/route.js:149:13)
    at Route.dispatch (/app/node_modules/express/lib/router/route.js:119:3)
    at Layer.handle [as handle_request] (/app/node_modules/express/lib/router/layer.js:95:5)
    at /app/node_modules/express/lib/router/index.js:284:15
    at Function.process_params (/app/node_modules/express/lib/router/index.js:346:12)
    at next (/app/node_modules/express/lib/router/index.js:280:10)
    at Function.handle (/app/node_modules/express/lib/router/index.js:175:3)
2025-11-06 10:57:21 [ERROR]: Authentication error: Invalid or expired token
Error: Invalid or expired token
    at verifyAccessToken (/app/src/utils/token.js:37:11)
    at authenticate (/app/src/middleware/auth.js:23:21)
    at Layer.handle [as handle_request] (/app/node_modules/express/lib/router/layer.js:95:5)
    at next (/app/node_modules/express/lib/router/route.js:149:13)
    at Route.dispatch (/app/node_modules/express/lib/router/route.js:119:3)
    at Layer.handle [as handle_request] (/app/node_modules/express/lib/router/layer.js:95:5)
    at /app/node_modules/express/lib/router/index.js:284:15
    at Function.process_params (/app/node_modules/express/lib/router/index.js:346:12)
    at next (/app/node_modules/express/lib/router/index.js:280:10)
    at Function.handle (/app/node_modules/express/lib/router/index.js:175:3)
2025-11-06 10:57:21 [ERROR]: Authentication error: Invalid or expired token
Error: Invalid or expired token
    at verifyAccessToken (/app/src/utils/token.js:37:11)
    at authenticate (/app/src/middleware/auth.js:23:21)
    at Layer.handle [as handle_request] (/app/node_modules/express/lib/router/layer.js:95:5)
    at next (/app/node_modules/express/lib/router/route.js:149:13)
    at Route.dispatch (/app/node_modules/express/lib/router/route.js:119:3)
    at Layer.handle [as handle_request] (/app/node_modules/express/lib/router/layer.js:95:5)
    at /app/node_modules/express/lib/router/index.js:284:15
    at Function.process_params (/app/node_modules/express/lib/router/index.js:346:12)
    at next (/app/node_modules/express/lib/router/index.js:280:10)
    at Function.handle (/app/node_modules/express/lib/router/index.js:175:3)
