2025-11-20 01:25:26 [ERROR]: Authentication error: Invalid or expired token
Error: Invalid or expired token
    at verifyAccessToken (/app/src/utils/token.js:37:11)
    at authenticate (/app/src/middleware/auth.js:23:21)
    at Layer.handle [as handle_request] (/app/node_modules/express/lib/router/layer.js:95:5)
    at next (/app/node_modules/express/lib/router/route.js:149:13)
    at Route.dispatch (/app/node_modules/express/lib/router/route.js:119:3)
    at Layer.handle [as handle_request] (/app/node_modules/express/lib/router/layer.js:95:5)
    at /app/node_modules/express/lib/router/index.js:284:15
    at Function.process_params (/app/node_modules/express/lib/router/index.js:346:12)
    at next (/app/node_modules/express/lib/router/index.js:280:10)
    at Function.handle (/app/node_modules/express/lib/router/index.js:175:3)
2025-11-20 02:01:10 [ERROR]: Prisma Error: 
Invalid `prisma.user.findMany()` invocation:


Error occurred during query execution:
ConnectorError(ConnectorError { user_facing_error: None, kind: QueryError(PostgresError { code: "42704", message: "type \"public.UserRole\" does not exist", severity: "ERROR", detail: None, column: None, hint: None }), transient: false })
2025-11-20 02:01:10 [ERROR]: Error: 
Invalid `prisma.user.findMany()` invocation:


Error occurred during query execution:
ConnectorError(ConnectorError { user_facing_error: None, kind: QueryError(PostgresError { code: "42704", message: "type \"public.UserRole\" does not exist", severity: "ERROR", detail: None, column: None, hint: None }), transient: false })
PrismaClientUnknownRequestError: 
Invalid `prisma.user.findMany()` invocation:


Error occurred during query execution:
ConnectorError(ConnectorError { user_facing_error: None, kind: QueryError(PostgresError { code: "42704", message: "type \"public.UserRole\" does not exist", severity: "ERROR", detail: None, column: None, hint: None }), transient: false })
    at $n.handleRequestError (/app/node_modules/@prisma/client/runtime/library.js:121:7505)
    at $n.handleAndLogRequestError (/app/node_modules/@prisma/client/runtime/library.js:121:6623)
    at $n.request (/app/node_modules/@prisma/client/runtime/library.js:121:6307)
    at async l (/app/node_modules/@prisma/client/runtime/library.js:130:9633)
    at async Object.listUsers (/app/src/services/adminUserService.js:37:17)
    at async /app/src/controllers/adminUserController.js:7:17
2025-11-20 02:01:10 [ERROR]: Prisma Error: 
Invalid `prisma.user.findMany()` invocation:


Error occurred during query execution:
ConnectorError(ConnectorError { user_facing_error: None, kind: QueryError(PostgresError { code: "42704", message: "type \"public.UserRole\" does not exist", severity: "ERROR", detail: None, column: None, hint: None }), transient: false })
2025-11-20 02:01:10 [ERROR]: Error: 
Invalid `prisma.user.findMany()` invocation:


Error occurred during query execution:
ConnectorError(ConnectorError { user_facing_error: None, kind: QueryError(PostgresError { code: "42704", message: "type \"public.UserRole\" does not exist", severity: "ERROR", detail: None, column: None, hint: None }), transient: false })
PrismaClientUnknownRequestError: 
Invalid `prisma.user.findMany()` invocation:


Error occurred during query execution:
ConnectorError(ConnectorError { user_facing_error: None, kind: QueryError(PostgresError { code: "42704", message: "type \"public.UserRole\" does not exist", severity: "ERROR", detail: None, column: None, hint: None }), transient: false })
    at $n.handleRequestError (/app/node_modules/@prisma/client/runtime/library.js:121:7505)
    at $n.handleAndLogRequestError (/app/node_modules/@prisma/client/runtime/library.js:121:6623)
    at $n.request (/app/node_modules/@prisma/client/runtime/library.js:121:6307)
    at async l (/app/node_modules/@prisma/client/runtime/library.js:130:9633)
    at async Object.listUsers (/app/src/services/adminUserService.js:37:17)
    at async /app/src/controllers/adminUserController.js:7:17
2025-11-20 02:01:15 [ERROR]: Prisma Error: 
Invalid `prisma.user.findMany()` invocation:

{
  where: {
    role: "Head of Division"
          ~~~~~~~~~~~~~~~~~~
  },
  orderBy: {
    createdAt: "desc"
  }
}

Invalid value for argument `role`. Expected UserRole.
2025-11-20 02:01:15 [ERROR]: Error: 
Invalid `prisma.user.findMany()` invocation:

{
  where: {
    role: "Head of Division"
          ~~~~~~~~~~~~~~~~~~
  },
  orderBy: {
    createdAt: "desc"
  }
}

Invalid value for argument `role`. Expected UserRole.
PrismaClientValidationError: 
Invalid `prisma.user.findMany()` invocation:

{
  where: {
    role: "Head of Division"
          ~~~~~~~~~~~~~~~~~~
  },
  orderBy: {
    createdAt: "desc"
  }
}

Invalid value for argument `role`. Expected UserRole.
    at wn (/app/node_modules/@prisma/client/runtime/library.js:29:1363)
    at $n.handleRequestError (/app/node_modules/@prisma/client/runtime/library.js:121:6958)
    at $n.handleAndLogRequestError (/app/node_modules/@prisma/client/runtime/library.js:121:6623)
    at $n.request (/app/node_modules/@prisma/client/runtime/library.js:121:6307)
    at async l (/app/node_modules/@prisma/client/runtime/library.js:130:9633)
    at async Object.listUsers (/app/src/services/adminUserService.js:37:17)
    at async /app/src/controllers/adminUserController.js:7:17
2025-11-20 02:02:12 [ERROR]: Prisma Error: 
Invalid `prisma.$queryRawUnsafe()` invocation:


Raw query failed. Code: `22P02`. Message: `ERROR: invalid input value for enum userrole: "Head of Division"`
2025-11-20 02:02:12 [ERROR]: Error: 
Invalid `prisma.$queryRawUnsafe()` invocation:


Raw query failed. Code: `22P02`. Message: `ERROR: invalid input value for enum userrole: "Head of Division"`
PrismaClientKnownRequestError: 
Invalid `prisma.$queryRawUnsafe()` invocation:


Raw query failed. Code: `22P02`. Message: `ERROR: invalid input value for enum userrole: "Head of Division"`
    at $n.handleRequestError (/app/node_modules/@prisma/client/runtime/library.js:121:7315)
    at $n.handleAndLogRequestError (/app/node_modules/@prisma/client/runtime/library.js:121:6623)
    at $n.request (/app/node_modules/@prisma/client/runtime/library.js:121:6307)
    at async l (/app/node_modules/@prisma/client/runtime/library.js:130:9633)
    at async Object.createUser (/app/src/services/adminUserService.js:87:18)
    at async /app/src/controllers/adminUserController.js:13:18
2025-11-20 02:02:18 [ERROR]: Prisma Error: 
Invalid `prisma.$queryRawUnsafe()` invocation:


Raw query failed. Code: `22P02`. Message: `ERROR: invalid input value for enum userrole: "Head of Division"`
2025-11-20 02:02:18 [ERROR]: Error: 
Invalid `prisma.$queryRawUnsafe()` invocation:


Raw query failed. Code: `22P02`. Message: `ERROR: invalid input value for enum userrole: "Head of Division"`
PrismaClientKnownRequestError: 
Invalid `prisma.$queryRawUnsafe()` invocation:


Raw query failed. Code: `22P02`. Message: `ERROR: invalid input value for enum userrole: "Head of Division"`
    at $n.handleRequestError (/app/node_modules/@prisma/client/runtime/library.js:121:7315)
    at $n.handleAndLogRequestError (/app/node_modules/@prisma/client/runtime/library.js:121:6623)
    at $n.request (/app/node_modules/@prisma/client/runtime/library.js:121:6307)
    at async l (/app/node_modules/@prisma/client/runtime/library.js:130:9633)
    at async Object.createUser (/app/src/services/adminUserService.js:87:18)
    at async /app/src/controllers/adminUserController.js:13:18
2025-11-20 02:02:24 [ERROR]: Prisma Error: 
Invalid `prisma.$queryRawUnsafe()` invocation:


Raw query failed. Code: `22P02`. Message: `ERROR: invalid input value for enum userrole: "Head of Division"`
2025-11-20 02:02:24 [ERROR]: Error: 
Invalid `prisma.$queryRawUnsafe()` invocation:


Raw query failed. Code: `22P02`. Message: `ERROR: invalid input value for enum userrole: "Head of Division"`
PrismaClientKnownRequestError: 
Invalid `prisma.$queryRawUnsafe()` invocation:


Raw query failed. Code: `22P02`. Message: `ERROR: invalid input value for enum userrole: "Head of Division"`
    at $n.handleRequestError (/app/node_modules/@prisma/client/runtime/library.js:121:7315)
    at $n.handleAndLogRequestError (/app/node_modules/@prisma/client/runtime/library.js:121:6623)
    at $n.request (/app/node_modules/@prisma/client/runtime/library.js:121:6307)
    at async l (/app/node_modules/@prisma/client/runtime/library.js:130:9633)
    at async Object.createUser (/app/src/services/adminUserService.js:87:18)
    at async /app/src/controllers/adminUserController.js:13:18
2025-11-20 02:11:19 [ERROR]: Prisma Error: 
Invalid `prisma.$queryRawUnsafe()` invocation:


Raw query failed. Code: `22P02`. Message: `ERROR: invalid input value for enum userrole: "Head of Division"`
2025-11-20 02:11:19 [ERROR]: Error: 
Invalid `prisma.$queryRawUnsafe()` invocation:


Raw query failed. Code: `22P02`. Message: `ERROR: invalid input value for enum userrole: "Head of Division"`
PrismaClientKnownRequestError: 
Invalid `prisma.$queryRawUnsafe()` invocation:


Raw query failed. Code: `22P02`. Message: `ERROR: invalid input value for enum userrole: "Head of Division"`
    at $n.handleRequestError (/app/node_modules/@prisma/client/runtime/library.js:121:7315)
    at $n.handleAndLogRequestError (/app/node_modules/@prisma/client/runtime/library.js:121:6623)
    at $n.request (/app/node_modules/@prisma/client/runtime/library.js:121:6307)
    at async l (/app/node_modules/@prisma/client/runtime/library.js:130:9633)
    at async Object.createUser (/app/src/services/adminUserService.js:87:18)
    at async /app/src/controllers/adminUserController.js:13:18
2025-11-20 02:24:09 [ERROR]: Prisma Error: 
Invalid `prisma.$queryRawUnsafe()` invocation:


Raw query failed. Code: `22P02`. Message: `ERROR: invalid input value for enum userrole: "Head of Division"`
2025-11-20 02:24:09 [ERROR]: Error: 
Invalid `prisma.$queryRawUnsafe()` invocation:


Raw query failed. Code: `22P02`. Message: `ERROR: invalid input value for enum userrole: "Head of Division"`
PrismaClientKnownRequestError: 
Invalid `prisma.$queryRawUnsafe()` invocation:


Raw query failed. Code: `22P02`. Message: `ERROR: invalid input value for enum userrole: "Head of Division"`
    at $n.handleRequestError (/app/node_modules/@prisma/client/runtime/library.js:121:7315)
    at $n.handleAndLogRequestError (/app/node_modules/@prisma/client/runtime/library.js:121:6623)
    at $n.request (/app/node_modules/@prisma/client/runtime/library.js:121:6307)
    at async l (/app/node_modules/@prisma/client/runtime/library.js:130:9633)
    at async Object.createUser (/app/src/services/adminUserService.js:87:18)
    at async /app/src/controllers/adminUserController.js:13:18
2025-11-20 02:24:38 [ERROR]: Prisma Error: 
Invalid `prisma.$queryRawUnsafe()` invocation:


Raw query failed. Code: `22P02`. Message: `ERROR: invalid input value for enum userrole: "Head of Division"`
2025-11-20 02:24:38 [ERROR]: Error: 
Invalid `prisma.$queryRawUnsafe()` invocation:


Raw query failed. Code: `22P02`. Message: `ERROR: invalid input value for enum userrole: "Head of Division"`
PrismaClientKnownRequestError: 
Invalid `prisma.$queryRawUnsafe()` invocation:


Raw query failed. Code: `22P02`. Message: `ERROR: invalid input value for enum userrole: "Head of Division"`
    at $n.handleRequestError (/app/node_modules/@prisma/client/runtime/library.js:121:7315)
    at $n.handleAndLogRequestError (/app/node_modules/@prisma/client/runtime/library.js:121:6623)
    at $n.request (/app/node_modules/@prisma/client/runtime/library.js:121:6307)
    at async l (/app/node_modules/@prisma/client/runtime/library.js:130:9633)
    at async Object.createUser (/app/src/services/adminUserService.js:87:18)
    at async /app/src/controllers/adminUserController.js:13:18
2025-11-20 02:31:10 [ERROR]: Prisma Error: 
Invalid `prisma.user.findMany()` invocation:


Error occurred during query execution:
ConnectorError(ConnectorError { user_facing_error: None, kind: QueryError(PostgresError { code: "42704", message: "type \"public.UserRole\" does not exist", severity: "ERROR", detail: None, column: None, hint: None }), transient: false })
2025-11-20 02:31:10 [ERROR]: Error: 
Invalid `prisma.user.findMany()` invocation:


Error occurred during query execution:
ConnectorError(ConnectorError { user_facing_error: None, kind: QueryError(PostgresError { code: "42704", message: "type \"public.UserRole\" does not exist", severity: "ERROR", detail: None, column: None, hint: None }), transient: false })
PrismaClientUnknownRequestError: 
Invalid `prisma.user.findMany()` invocation:


Error occurred during query execution:
ConnectorError(ConnectorError { user_facing_error: None, kind: QueryError(PostgresError { code: "42704", message: "type \"public.UserRole\" does not exist", severity: "ERROR", detail: None, column: None, hint: None }), transient: false })
    at $n.handleRequestError (/app/node_modules/@prisma/client/runtime/library.js:121:7505)
    at $n.handleAndLogRequestError (/app/node_modules/@prisma/client/runtime/library.js:121:6623)
    at $n.request (/app/node_modules/@prisma/client/runtime/library.js:121:6307)
    at async l (/app/node_modules/@prisma/client/runtime/library.js:130:9633)
    at async Object.listUsers (/app/src/services/adminUserService.js:75:17)
    at async /app/src/controllers/adminUserController.js:7:17
2025-11-20 02:31:20 [ERROR]: Prisma Error: 
Invalid `prisma.user.findMany()` invocation:


Error occurred during query execution:
ConnectorError(ConnectorError { user_facing_error: None, kind: QueryError(PostgresError { code: "42704", message: "type \"public.UserRole\" does not exist", severity: "ERROR", detail: None, column: None, hint: None }), transient: false })
2025-11-20 02:31:20 [ERROR]: Error: 
Invalid `prisma.user.findMany()` invocation:


Error occurred during query execution:
ConnectorError(ConnectorError { user_facing_error: None, kind: QueryError(PostgresError { code: "42704", message: "type \"public.UserRole\" does not exist", severity: "ERROR", detail: None, column: None, hint: None }), transient: false })
PrismaClientUnknownRequestError: 
Invalid `prisma.user.findMany()` invocation:


Error occurred during query execution:
ConnectorError(ConnectorError { user_facing_error: None, kind: QueryError(PostgresError { code: "42704", message: "type \"public.UserRole\" does not exist", severity: "ERROR", detail: None, column: None, hint: None }), transient: false })
    at $n.handleRequestError (/app/node_modules/@prisma/client/runtime/library.js:121:7505)
    at $n.handleAndLogRequestError (/app/node_modules/@prisma/client/runtime/library.js:121:6623)
    at $n.request (/app/node_modules/@prisma/client/runtime/library.js:121:6307)
    at async l (/app/node_modules/@prisma/client/runtime/library.js:130:9633)
    at async Object.listUsers (/app/src/services/adminUserService.js:75:17)
    at async /app/src/controllers/adminUserController.js:7:17
2025-11-20 02:31:30 [ERROR]: Prisma Error: 
Invalid `prisma.user.findMany()` invocation:


Error occurred during query execution:
ConnectorError(ConnectorError { user_facing_error: None, kind: QueryError(PostgresError { code: "42704", message: "type \"public.UserRole\" does not exist", severity: "ERROR", detail: None, column: None, hint: None }), transient: false })
2025-11-20 02:31:30 [ERROR]: Error: 
Invalid `prisma.user.findMany()` invocation:


Error occurred during query execution:
ConnectorError(ConnectorError { user_facing_error: None, kind: QueryError(PostgresError { code: "42704", message: "type \"public.UserRole\" does not exist", severity: "ERROR", detail: None, column: None, hint: None }), transient: false })
PrismaClientUnknownRequestError: 
Invalid `prisma.user.findMany()` invocation:


Error occurred during query execution:
ConnectorError(ConnectorError { user_facing_error: None, kind: QueryError(PostgresError { code: "42704", message: "type \"public.UserRole\" does not exist", severity: "ERROR", detail: None, column: None, hint: None }), transient: false })
    at $n.handleRequestError (/app/node_modules/@prisma/client/runtime/library.js:121:7505)
    at $n.handleAndLogRequestError (/app/node_modules/@prisma/client/runtime/library.js:121:6623)
    at $n.request (/app/node_modules/@prisma/client/runtime/library.js:121:6307)
    at async l (/app/node_modules/@prisma/client/runtime/library.js:130:9633)
    at async Object.listUsers (/app/src/services/adminUserService.js:75:17)
    at async /app/src/controllers/adminUserController.js:7:17
2025-11-20 03:38:12 [ERROR]: Authentication error: Invalid or expired token
Error: Invalid or expired token
    at verifyAccessToken (/app/src/utils/token.js:37:11)
    at authenticate (/app/src/middleware/auth.js:23:21)
    at Layer.handle [as handle_request] (/app/node_modules/express/lib/router/layer.js:95:5)
    at next (/app/node_modules/express/lib/router/route.js:149:13)
    at Route.dispatch (/app/node_modules/express/lib/router/route.js:119:3)
    at Layer.handle [as handle_request] (/app/node_modules/express/lib/router/layer.js:95:5)
    at /app/node_modules/express/lib/router/index.js:284:15
    at Function.process_params (/app/node_modules/express/lib/router/index.js:346:12)
    at next (/app/node_modules/express/lib/router/index.js:280:10)
    at Function.handle (/app/node_modules/express/lib/router/index.js:175:3)
2025-11-20 03:55:50 [ERROR]: Prisma Error: 
Invalid `prisma.user.findMany()` invocation:


Error occurred during query execution:
ConnectorError(ConnectorError { user_facing_error: None, kind: QueryError(PostgresError { code: "42704", message: "type \"public.UserRole\" does not exist", severity: "ERROR", detail: None, column: None, hint: None }), transient: false })
2025-11-20 03:55:50 [ERROR]: Error: 
Invalid `prisma.user.findMany()` invocation:


Error occurred during query execution:
ConnectorError(ConnectorError { user_facing_error: None, kind: QueryError(PostgresError { code: "42704", message: "type \"public.UserRole\" does not exist", severity: "ERROR", detail: None, column: None, hint: None }), transient: false })
PrismaClientUnknownRequestError: 
Invalid `prisma.user.findMany()` invocation:


Error occurred during query execution:
ConnectorError(ConnectorError { user_facing_error: None, kind: QueryError(PostgresError { code: "42704", message: "type \"public.UserRole\" does not exist", severity: "ERROR", detail: None, column: None, hint: None }), transient: false })
    at $n.handleRequestError (/app/node_modules/@prisma/client/runtime/library.js:121:7505)
    at $n.handleAndLogRequestError (/app/node_modules/@prisma/client/runtime/library.js:121:6623)
    at $n.request (/app/node_modules/@prisma/client/runtime/library.js:121:6307)
    at async l (/app/node_modules/@prisma/client/runtime/library.js:130:9633)
    at async Object.listUsers (/app/src/services/adminUserService.js:75:17)
    at async /app/src/controllers/adminUserController.js:7:17
2025-11-20 03:55:50 [ERROR]: Prisma Error: 
Invalid `prisma.user.findMany()` invocation:


Error occurred during query execution:
ConnectorError(ConnectorError { user_facing_error: None, kind: QueryError(PostgresError { code: "42704", message: "type \"public.UserRole\" does not exist", severity: "ERROR", detail: None, column: None, hint: None }), transient: false })
2025-11-20 03:55:50 [ERROR]: Error: 
Invalid `prisma.user.findMany()` invocation:


Error occurred during query execution:
ConnectorError(ConnectorError { user_facing_error: None, kind: QueryError(PostgresError { code: "42704", message: "type \"public.UserRole\" does not exist", severity: "ERROR", detail: None, column: None, hint: None }), transient: false })
PrismaClientUnknownRequestError: 
Invalid `prisma.user.findMany()` invocation:


Error occurred during query execution:
ConnectorError(ConnectorError { user_facing_error: None, kind: QueryError(PostgresError { code: "42704", message: "type \"public.UserRole\" does not exist", severity: "ERROR", detail: None, column: None, hint: None }), transient: false })
    at $n.handleRequestError (/app/node_modules/@prisma/client/runtime/library.js:121:7505)
    at $n.handleAndLogRequestError (/app/node_modules/@prisma/client/runtime/library.js:121:6623)
    at $n.request (/app/node_modules/@prisma/client/runtime/library.js:121:6307)
    at async l (/app/node_modules/@prisma/client/runtime/library.js:130:9633)
    at async Object.listUsers (/app/src/services/adminUserService.js:75:17)
    at async /app/src/controllers/adminUserController.js:7:17
2025-11-20 05:24:57 [ERROR]: Prisma Error: 
Invalid `prisma.user.findMany()` invocation:


Error occurred during query execution:
ConnectorError(ConnectorError { user_facing_error: None, kind: QueryError(PostgresError { code: "42704", message: "type \"public.UserRole\" does not exist", severity: "ERROR", detail: None, column: None, hint: None }), transient: false })
2025-11-20 05:24:57 [ERROR]: Error: 
Invalid `prisma.user.findMany()` invocation:


Error occurred during query execution:
ConnectorError(ConnectorError { user_facing_error: None, kind: QueryError(PostgresError { code: "42704", message: "type \"public.UserRole\" does not exist", severity: "ERROR", detail: None, column: None, hint: None }), transient: false })
PrismaClientUnknownRequestError: 
Invalid `prisma.user.findMany()` invocation:


Error occurred during query execution:
ConnectorError(ConnectorError { user_facing_error: None, kind: QueryError(PostgresError { code: "42704", message: "type \"public.UserRole\" does not exist", severity: "ERROR", detail: None, column: None, hint: None }), transient: false })
    at $n.handleRequestError (/app/node_modules/@prisma/client/runtime/library.js:121:7505)
    at $n.handleAndLogRequestError (/app/node_modules/@prisma/client/runtime/library.js:121:6623)
    at $n.request (/app/node_modules/@prisma/client/runtime/library.js:121:6307)
    at async l (/app/node_modules/@prisma/client/runtime/library.js:130:9633)
    at async Object.listUsers (/app/src/services/adminUserService.js:75:17)
    at async /app/src/controllers/adminUserController.js:7:17
2025-11-20 05:24:57 [ERROR]: Prisma Error: 
Invalid `prisma.user.findMany()` invocation:


Error occurred during query execution:
ConnectorError(ConnectorError { user_facing_error: None, kind: QueryError(PostgresError { code: "42704", message: "type \"public.UserRole\" does not exist", severity: "ERROR", detail: None, column: None, hint: None }), transient: false })
2025-11-20 05:24:57 [ERROR]: Error: 
Invalid `prisma.user.findMany()` invocation:


Error occurred during query execution:
ConnectorError(ConnectorError { user_facing_error: None, kind: QueryError(PostgresError { code: "42704", message: "type \"public.UserRole\" does not exist", severity: "ERROR", detail: None, column: None, hint: None }), transient: false })
PrismaClientUnknownRequestError: 
Invalid `prisma.user.findMany()` invocation:


Error occurred during query execution:
ConnectorError(ConnectorError { user_facing_error: None, kind: QueryError(PostgresError { code: "42704", message: "type \"public.UserRole\" does not exist", severity: "ERROR", detail: None, column: None, hint: None }), transient: false })
    at $n.handleRequestError (/app/node_modules/@prisma/client/runtime/library.js:121:7505)
    at $n.handleAndLogRequestError (/app/node_modules/@prisma/client/runtime/library.js:121:6623)
    at $n.request (/app/node_modules/@prisma/client/runtime/library.js:121:6307)
    at async l (/app/node_modules/@prisma/client/runtime/library.js:130:9633)
    at async Object.listUsers (/app/src/services/adminUserService.js:75:17)
    at async /app/src/controllers/adminUserController.js:7:17
2025-11-20 05:25:12 [ERROR]: Prisma Error: 
Invalid `prisma.user.findMany()` invocation:


Error occurred during query execution:
ConnectorError(ConnectorError { user_facing_error: None, kind: QueryError(PostgresError { code: "42704", message: "type \"public.UserRole\" does not exist", severity: "ERROR", detail: None, column: None, hint: None }), transient: false })
2025-11-20 05:25:12 [ERROR]: Error: 
Invalid `prisma.user.findMany()` invocation:


Error occurred during query execution:
ConnectorError(ConnectorError { user_facing_error: None, kind: QueryError(PostgresError { code: "42704", message: "type \"public.UserRole\" does not exist", severity: "ERROR", detail: None, column: None, hint: None }), transient: false })
PrismaClientUnknownRequestError: 
Invalid `prisma.user.findMany()` invocation:


Error occurred during query execution:
ConnectorError(ConnectorError { user_facing_error: None, kind: QueryError(PostgresError { code: "42704", message: "type \"public.UserRole\" does not exist", severity: "ERROR", detail: None, column: None, hint: None }), transient: false })
    at $n.handleRequestError (/app/node_modules/@prisma/client/runtime/library.js:121:7505)
    at $n.handleAndLogRequestError (/app/node_modules/@prisma/client/runtime/library.js:121:6623)
    at $n.request (/app/node_modules/@prisma/client/runtime/library.js:121:6307)
    at async l (/app/node_modules/@prisma/client/runtime/library.js:130:9633)
    at async Object.listUsers (/app/src/services/adminUserService.js:75:17)
    at async /app/src/controllers/adminUserController.js:7:17
2025-11-20 05:25:12 [ERROR]: Prisma Error: 
Invalid `prisma.user.findMany()` invocation:


Error occurred during query execution:
ConnectorError(ConnectorError { user_facing_error: None, kind: QueryError(PostgresError { code: "42704", message: "type \"public.UserRole\" does not exist", severity: "ERROR", detail: None, column: None, hint: None }), transient: false })
2025-11-20 05:25:12 [ERROR]: Error: 
Invalid `prisma.user.findMany()` invocation:


Error occurred during query execution:
ConnectorError(ConnectorError { user_facing_error: None, kind: QueryError(PostgresError { code: "42704", message: "type \"public.UserRole\" does not exist", severity: "ERROR", detail: None, column: None, hint: None }), transient: false })
PrismaClientUnknownRequestError: 
Invalid `prisma.user.findMany()` invocation:


Error occurred during query execution:
ConnectorError(ConnectorError { user_facing_error: None, kind: QueryError(PostgresError { code: "42704", message: "type \"public.UserRole\" does not exist", severity: "ERROR", detail: None, column: None, hint: None }), transient: false })
    at $n.handleRequestError (/app/node_modules/@prisma/client/runtime/library.js:121:7505)
    at $n.handleAndLogRequestError (/app/node_modules/@prisma/client/runtime/library.js:121:6623)
    at $n.request (/app/node_modules/@prisma/client/runtime/library.js:121:6307)
    at async l (/app/node_modules/@prisma/client/runtime/library.js:130:9633)
    at async Object.listUsers (/app/src/services/adminUserService.js:75:17)
    at async /app/src/controllers/adminUserController.js:7:17
2025-11-20 05:25:37 [ERROR]: Prisma Error: 
Invalid `prisma.user.findMany()` invocation:


Error occurred during query execution:
ConnectorError(ConnectorError { user_facing_error: None, kind: QueryError(PostgresError { code: "42704", message: "type \"public.UserRole\" does not exist", severity: "ERROR", detail: None, column: None, hint: None }), transient: false })
2025-11-20 05:25:37 [ERROR]: Error: 
Invalid `prisma.user.findMany()` invocation:


Error occurred during query execution:
ConnectorError(ConnectorError { user_facing_error: None, kind: QueryError(PostgresError { code: "42704", message: "type \"public.UserRole\" does not exist", severity: "ERROR", detail: None, column: None, hint: None }), transient: false })
PrismaClientUnknownRequestError: 
Invalid `prisma.user.findMany()` invocation:


Error occurred during query execution:
ConnectorError(ConnectorError { user_facing_error: None, kind: QueryError(PostgresError { code: "42704", message: "type \"public.UserRole\" does not exist", severity: "ERROR", detail: None, column: None, hint: None }), transient: false })
    at $n.handleRequestError (/app/node_modules/@prisma/client/runtime/library.js:121:7505)
    at $n.handleAndLogRequestError (/app/node_modules/@prisma/client/runtime/library.js:121:6623)
    at $n.request (/app/node_modules/@prisma/client/runtime/library.js:121:6307)
    at async l (/app/node_modules/@prisma/client/runtime/library.js:130:9633)
    at async Object.listUsers (/app/src/services/adminUserService.js:75:17)
    at async /app/src/controllers/adminUserController.js:7:17
2025-11-20 05:25:37 [ERROR]: Prisma Error: 
Invalid `prisma.user.findMany()` invocation:


Error occurred during query execution:
ConnectorError(ConnectorError { user_facing_error: None, kind: QueryError(PostgresError { code: "42704", message: "type \"public.UserRole\" does not exist", severity: "ERROR", detail: None, column: None, hint: None }), transient: false })
2025-11-20 05:25:37 [ERROR]: Error: 
Invalid `prisma.user.findMany()` invocation:


Error occurred during query execution:
ConnectorError(ConnectorError { user_facing_error: None, kind: QueryError(PostgresError { code: "42704", message: "type \"public.UserRole\" does not exist", severity: "ERROR", detail: None, column: None, hint: None }), transient: false })
PrismaClientUnknownRequestError: 
Invalid `prisma.user.findMany()` invocation:


Error occurred during query execution:
ConnectorError(ConnectorError { user_facing_error: None, kind: QueryError(PostgresError { code: "42704", message: "type \"public.UserRole\" does not exist", severity: "ERROR", detail: None, column: None, hint: None }), transient: false })
    at $n.handleRequestError (/app/node_modules/@prisma/client/runtime/library.js:121:7505)
    at $n.handleAndLogRequestError (/app/node_modules/@prisma/client/runtime/library.js:121:6623)
    at $n.request (/app/node_modules/@prisma/client/runtime/library.js:121:6307)
    at async l (/app/node_modules/@prisma/client/runtime/library.js:130:9633)
    at async Object.listUsers (/app/src/services/adminUserService.js:75:17)
    at async /app/src/controllers/adminUserController.js:7:17
2025-11-20 05:33:17 [ERROR]: Prisma Error: 
Invalid `prisma.user.findMany()` invocation:


Error occurred during query execution:
ConnectorError(ConnectorError { user_facing_error: None, kind: QueryError(PostgresError { code: "42704", message: "type \"public.UserRole\" does not exist", severity: "ERROR", detail: None, column: None, hint: None }), transient: false })
2025-11-20 05:33:17 [ERROR]: Error: 
Invalid `prisma.user.findMany()` invocation:


Error occurred during query execution:
ConnectorError(ConnectorError { user_facing_error: None, kind: QueryError(PostgresError { code: "42704", message: "type \"public.UserRole\" does not exist", severity: "ERROR", detail: None, column: None, hint: None }), transient: false })
PrismaClientUnknownRequestError: 
Invalid `prisma.user.findMany()` invocation:


Error occurred during query execution:
ConnectorError(ConnectorError { user_facing_error: None, kind: QueryError(PostgresError { code: "42704", message: "type \"public.UserRole\" does not exist", severity: "ERROR", detail: None, column: None, hint: None }), transient: false })
    at $n.handleRequestError (/app/node_modules/@prisma/client/runtime/library.js:121:7505)
    at $n.handleAndLogRequestError (/app/node_modules/@prisma/client/runtime/library.js:121:6623)
    at $n.request (/app/node_modules/@prisma/client/runtime/library.js:121:6307)
    at async l (/app/node_modules/@prisma/client/runtime/library.js:130:9633)
    at async Object.listUsers (/app/src/services/adminUserService.js:75:17)
    at async /app/src/controllers/adminUserController.js:7:17
2025-11-20 05:33:17 [ERROR]: Prisma Error: 
Invalid `prisma.user.findMany()` invocation:


Error occurred during query execution:
ConnectorError(ConnectorError { user_facing_error: None, kind: QueryError(PostgresError { code: "42704", message: "type \"public.UserRole\" does not exist", severity: "ERROR", detail: None, column: None, hint: None }), transient: false })
2025-11-20 05:33:17 [ERROR]: Error: 
Invalid `prisma.user.findMany()` invocation:


Error occurred during query execution:
ConnectorError(ConnectorError { user_facing_error: None, kind: QueryError(PostgresError { code: "42704", message: "type \"public.UserRole\" does not exist", severity: "ERROR", detail: None, column: None, hint: None }), transient: false })
PrismaClientUnknownRequestError: 
Invalid `prisma.user.findMany()` invocation:


Error occurred during query execution:
ConnectorError(ConnectorError { user_facing_error: None, kind: QueryError(PostgresError { code: "42704", message: "type \"public.UserRole\" does not exist", severity: "ERROR", detail: None, column: None, hint: None }), transient: false })
    at $n.handleRequestError (/app/node_modules/@prisma/client/runtime/library.js:121:7505)
    at $n.handleAndLogRequestError (/app/node_modules/@prisma/client/runtime/library.js:121:6623)
    at $n.request (/app/node_modules/@prisma/client/runtime/library.js:121:6307)
    at async l (/app/node_modules/@prisma/client/runtime/library.js:130:9633)
    at async Object.listUsers (/app/src/services/adminUserService.js:75:17)
    at async /app/src/controllers/adminUserController.js:7:17
2025-11-20 05:33:34 [ERROR]: Prisma Error: 
Invalid `prisma.user.findMany()` invocation:


Error occurred during query execution:
ConnectorError(ConnectorError { user_facing_error: None, kind: QueryError(PostgresError { code: "42704", message: "type \"public.UserRole\" does not exist", severity: "ERROR", detail: None, column: None, hint: None }), transient: false })
2025-11-20 05:33:34 [ERROR]: Error: 
Invalid `prisma.user.findMany()` invocation:


Error occurred during query execution:
ConnectorError(ConnectorError { user_facing_error: None, kind: QueryError(PostgresError { code: "42704", message: "type \"public.UserRole\" does not exist", severity: "ERROR", detail: None, column: None, hint: None }), transient: false })
PrismaClientUnknownRequestError: 
Invalid `prisma.user.findMany()` invocation:


Error occurred during query execution:
ConnectorError(ConnectorError { user_facing_error: None, kind: QueryError(PostgresError { code: "42704", message: "type \"public.UserRole\" does not exist", severity: "ERROR", detail: None, column: None, hint: None }), transient: false })
    at $n.handleRequestError (/app/node_modules/@prisma/client/runtime/library.js:121:7505)
    at $n.handleAndLogRequestError (/app/node_modules/@prisma/client/runtime/library.js:121:6623)
    at $n.request (/app/node_modules/@prisma/client/runtime/library.js:121:6307)
    at async l (/app/node_modules/@prisma/client/runtime/library.js:130:9633)
    at async Object.listUsers (/app/src/services/adminUserService.js:75:17)
    at async /app/src/controllers/adminUserController.js:7:17
2025-11-20 05:33:34 [ERROR]: Prisma Error: 
Invalid `prisma.user.findMany()` invocation:


Error occurred during query execution:
ConnectorError(ConnectorError { user_facing_error: None, kind: QueryError(PostgresError { code: "42704", message: "type \"public.UserRole\" does not exist", severity: "ERROR", detail: None, column: None, hint: None }), transient: false })
2025-11-20 05:33:34 [ERROR]: Error: 
Invalid `prisma.user.findMany()` invocation:


Error occurred during query execution:
ConnectorError(ConnectorError { user_facing_error: None, kind: QueryError(PostgresError { code: "42704", message: "type \"public.UserRole\" does not exist", severity: "ERROR", detail: None, column: None, hint: None }), transient: false })
PrismaClientUnknownRequestError: 
Invalid `prisma.user.findMany()` invocation:


Error occurred during query execution:
ConnectorError(ConnectorError { user_facing_error: None, kind: QueryError(PostgresError { code: "42704", message: "type \"public.UserRole\" does not exist", severity: "ERROR", detail: None, column: None, hint: None }), transient: false })
    at $n.handleRequestError (/app/node_modules/@prisma/client/runtime/library.js:121:7505)
    at $n.handleAndLogRequestError (/app/node_modules/@prisma/client/runtime/library.js:121:6623)
    at $n.request (/app/node_modules/@prisma/client/runtime/library.js:121:6307)
    at async l (/app/node_modules/@prisma/client/runtime/library.js:130:9633)
    at async Object.listUsers (/app/src/services/adminUserService.js:75:17)
    at async /app/src/controllers/adminUserController.js:7:17
2025-11-20 05:34:11 [ERROR]: Prisma Error: 
Invalid `prisma.user.findMany()` invocation:


Error occurred during query execution:
ConnectorError(ConnectorError { user_facing_error: None, kind: QueryError(PostgresError { code: "42704", message: "type \"public.UserRole\" does not exist", severity: "ERROR", detail: None, column: None, hint: None }), transient: false })
2025-11-20 05:34:11 [ERROR]: Error: 
Invalid `prisma.user.findMany()` invocation:


Error occurred during query execution:
ConnectorError(ConnectorError { user_facing_error: None, kind: QueryError(PostgresError { code: "42704", message: "type \"public.UserRole\" does not exist", severity: "ERROR", detail: None, column: None, hint: None }), transient: false })
PrismaClientUnknownRequestError: 
Invalid `prisma.user.findMany()` invocation:


Error occurred during query execution:
ConnectorError(ConnectorError { user_facing_error: None, kind: QueryError(PostgresError { code: "42704", message: "type \"public.UserRole\" does not exist", severity: "ERROR", detail: None, column: None, hint: None }), transient: false })
    at $n.handleRequestError (/app/node_modules/@prisma/client/runtime/library.js:121:7505)
    at $n.handleAndLogRequestError (/app/node_modules/@prisma/client/runtime/library.js:121:6623)
    at $n.request (/app/node_modules/@prisma/client/runtime/library.js:121:6307)
    at async l (/app/node_modules/@prisma/client/runtime/library.js:130:9633)
    at async Object.listUsers (/app/src/services/adminUserService.js:75:17)
    at async /app/src/controllers/adminUserController.js:7:17
2025-11-20 05:34:11 [ERROR]: Prisma Error: 
Invalid `prisma.user.findMany()` invocation:


Error occurred during query execution:
ConnectorError(ConnectorError { user_facing_error: None, kind: QueryError(PostgresError { code: "42704", message: "type \"public.UserRole\" does not exist", severity: "ERROR", detail: None, column: None, hint: None }), transient: false })
2025-11-20 05:34:11 [ERROR]: Error: 
Invalid `prisma.user.findMany()` invocation:


Error occurred during query execution:
ConnectorError(ConnectorError { user_facing_error: None, kind: QueryError(PostgresError { code: "42704", message: "type \"public.UserRole\" does not exist", severity: "ERROR", detail: None, column: None, hint: None }), transient: false })
PrismaClientUnknownRequestError: 
Invalid `prisma.user.findMany()` invocation:


Error occurred during query execution:
ConnectorError(ConnectorError { user_facing_error: None, kind: QueryError(PostgresError { code: "42704", message: "type \"public.UserRole\" does not exist", severity: "ERROR", detail: None, column: None, hint: None }), transient: false })
    at $n.handleRequestError (/app/node_modules/@prisma/client/runtime/library.js:121:7505)
    at $n.handleAndLogRequestError (/app/node_modules/@prisma/client/runtime/library.js:121:6623)
    at $n.request (/app/node_modules/@prisma/client/runtime/library.js:121:6307)
    at async l (/app/node_modules/@prisma/client/runtime/library.js:130:9633)
    at async Object.listUsers (/app/src/services/adminUserService.js:75:17)
    at async /app/src/controllers/adminUserController.js:7:17
2025-11-20 05:47:04 [ERROR]: Prisma Error: 
Invalid `prisma.user.findMany()` invocation:


Error occurred during query execution:
ConnectorError(ConnectorError { user_facing_error: None, kind: QueryError(PostgresError { code: "42704", message: "type \"public.UserRole\" does not exist", severity: "ERROR", detail: None, column: None, hint: None }), transient: false })
2025-11-20 05:47:04 [ERROR]: Error: 
Invalid `prisma.user.findMany()` invocation:


Error occurred during query execution:
ConnectorError(ConnectorError { user_facing_error: None, kind: QueryError(PostgresError { code: "42704", message: "type \"public.UserRole\" does not exist", severity: "ERROR", detail: None, column: None, hint: None }), transient: false })
PrismaClientUnknownRequestError: 
Invalid `prisma.user.findMany()` invocation:


Error occurred during query execution:
ConnectorError(ConnectorError { user_facing_error: None, kind: QueryError(PostgresError { code: "42704", message: "type \"public.UserRole\" does not exist", severity: "ERROR", detail: None, column: None, hint: None }), transient: false })
    at $n.handleRequestError (/app/node_modules/@prisma/client/runtime/library.js:121:7505)
    at $n.handleAndLogRequestError (/app/node_modules/@prisma/client/runtime/library.js:121:6623)
    at $n.request (/app/node_modules/@prisma/client/runtime/library.js:121:6307)
    at async l (/app/node_modules/@prisma/client/runtime/library.js:130:9633)
    at async Object.listUsers (/app/src/services/adminUserService.js:75:17)
    at async /app/src/controllers/adminUserController.js:7:17
2025-11-20 05:47:04 [ERROR]: Prisma Error: 
Invalid `prisma.user.findMany()` invocation:


Error occurred during query execution:
ConnectorError(ConnectorError { user_facing_error: None, kind: QueryError(PostgresError { code: "42704", message: "type \"public.UserRole\" does not exist", severity: "ERROR", detail: None, column: None, hint: None }), transient: false })
2025-11-20 05:47:04 [ERROR]: Error: 
Invalid `prisma.user.findMany()` invocation:


Error occurred during query execution:
ConnectorError(ConnectorError { user_facing_error: None, kind: QueryError(PostgresError { code: "42704", message: "type \"public.UserRole\" does not exist", severity: "ERROR", detail: None, column: None, hint: None }), transient: false })
PrismaClientUnknownRequestError: 
Invalid `prisma.user.findMany()` invocation:


Error occurred during query execution:
ConnectorError(ConnectorError { user_facing_error: None, kind: QueryError(PostgresError { code: "42704", message: "type \"public.UserRole\" does not exist", severity: "ERROR", detail: None, column: None, hint: None }), transient: false })
    at $n.handleRequestError (/app/node_modules/@prisma/client/runtime/library.js:121:7505)
    at $n.handleAndLogRequestError (/app/node_modules/@prisma/client/runtime/library.js:121:6623)
    at $n.request (/app/node_modules/@prisma/client/runtime/library.js:121:6307)
    at async l (/app/node_modules/@prisma/client/runtime/library.js:130:9633)
    at async Object.listUsers (/app/src/services/adminUserService.js:75:17)
    at async /app/src/controllers/adminUserController.js:7:17
2025-11-20 05:47:47 [ERROR]: Prisma Error: 
Invalid `prisma.user.findMany()` invocation:


Error occurred during query execution:
ConnectorError(ConnectorError { user_facing_error: None, kind: QueryError(PostgresError { code: "42704", message: "type \"public.UserRole\" does not exist", severity: "ERROR", detail: None, column: None, hint: None }), transient: false })
2025-11-20 05:47:47 [ERROR]: Error: 
Invalid `prisma.user.findMany()` invocation:


Error occurred during query execution:
ConnectorError(ConnectorError { user_facing_error: None, kind: QueryError(PostgresError { code: "42704", message: "type \"public.UserRole\" does not exist", severity: "ERROR", detail: None, column: None, hint: None }), transient: false })
PrismaClientUnknownRequestError: 
Invalid `prisma.user.findMany()` invocation:


Error occurred during query execution:
ConnectorError(ConnectorError { user_facing_error: None, kind: QueryError(PostgresError { code: "42704", message: "type \"public.UserRole\" does not exist", severity: "ERROR", detail: None, column: None, hint: None }), transient: false })
    at $n.handleRequestError (/app/node_modules/@prisma/client/runtime/library.js:121:7505)
    at $n.handleAndLogRequestError (/app/node_modules/@prisma/client/runtime/library.js:121:6623)
    at $n.request (/app/node_modules/@prisma/client/runtime/library.js:121:6307)
    at async l (/app/node_modules/@prisma/client/runtime/library.js:130:9633)
    at async Object.listUsers (/app/src/services/adminUserService.js:75:17)
    at async /app/src/controllers/adminUserController.js:7:17
2025-11-20 05:47:47 [ERROR]: Prisma Error: 
Invalid `prisma.user.findMany()` invocation:


Error occurred during query execution:
ConnectorError(ConnectorError { user_facing_error: None, kind: QueryError(PostgresError { code: "42704", message: "type \"public.UserRole\" does not exist", severity: "ERROR", detail: None, column: None, hint: None }), transient: false })
2025-11-20 05:47:47 [ERROR]: Error: 
Invalid `prisma.user.findMany()` invocation:


Error occurred during query execution:
ConnectorError(ConnectorError { user_facing_error: None, kind: QueryError(PostgresError { code: "42704", message: "type \"public.UserRole\" does not exist", severity: "ERROR", detail: None, column: None, hint: None }), transient: false })
PrismaClientUnknownRequestError: 
Invalid `prisma.user.findMany()` invocation:


Error occurred during query execution:
ConnectorError(ConnectorError { user_facing_error: None, kind: QueryError(PostgresError { code: "42704", message: "type \"public.UserRole\" does not exist", severity: "ERROR", detail: None, column: None, hint: None }), transient: false })
    at $n.handleRequestError (/app/node_modules/@prisma/client/runtime/library.js:121:7505)
    at $n.handleAndLogRequestError (/app/node_modules/@prisma/client/runtime/library.js:121:6623)
    at $n.request (/app/node_modules/@prisma/client/runtime/library.js:121:6307)
    at async l (/app/node_modules/@prisma/client/runtime/library.js:130:9633)
    at async Object.listUsers (/app/src/services/adminUserService.js:75:17)
    at async /app/src/controllers/adminUserController.js:7:17
2025-11-20 06:24:34 [ERROR]: Authentication error: Invalid or expired token
Error: Invalid or expired token
    at verifyAccessToken (/app/src/utils/token.js:37:11)
    at authenticate (/app/src/middleware/auth.js:23:21)
    at Layer.handle [as handle_request] (/app/node_modules/express/lib/router/layer.js:95:5)
    at next (/app/node_modules/express/lib/router/route.js:149:13)
    at Route.dispatch (/app/node_modules/express/lib/router/route.js:119:3)
    at Layer.handle [as handle_request] (/app/node_modules/express/lib/router/layer.js:95:5)
    at /app/node_modules/express/lib/router/index.js:284:15
    at Function.process_params (/app/node_modules/express/lib/router/index.js:346:12)
    at next (/app/node_modules/express/lib/router/index.js:280:10)
    at Function.handle (/app/node_modules/express/lib/router/index.js:175:3)
2025-11-20 06:34:29 [ERROR]: Prisma Error: 
Invalid `prisma.user.findMany()` invocation:


Error occurred during query execution:
ConnectorError(ConnectorError { user_facing_error: None, kind: QueryError(PostgresError { code: "42704", message: "type \"public.UserRole\" does not exist", severity: "ERROR", detail: None, column: None, hint: None }), transient: false })
2025-11-20 06:34:29 [ERROR]: Error: 
Invalid `prisma.user.findMany()` invocation:


Error occurred during query execution:
ConnectorError(ConnectorError { user_facing_error: None, kind: QueryError(PostgresError { code: "42704", message: "type \"public.UserRole\" does not exist", severity: "ERROR", detail: None, column: None, hint: None }), transient: false })
PrismaClientUnknownRequestError: 
Invalid `prisma.user.findMany()` invocation:


Error occurred during query execution:
ConnectorError(ConnectorError { user_facing_error: None, kind: QueryError(PostgresError { code: "42704", message: "type \"public.UserRole\" does not exist", severity: "ERROR", detail: None, column: None, hint: None }), transient: false })
    at $n.handleRequestError (/app/node_modules/@prisma/client/runtime/library.js:121:7505)
    at $n.handleAndLogRequestError (/app/node_modules/@prisma/client/runtime/library.js:121:6623)
    at $n.request (/app/node_modules/@prisma/client/runtime/library.js:121:6307)
    at async l (/app/node_modules/@prisma/client/runtime/library.js:130:9633)
    at async Object.listUsers (/app/src/services/adminUserService.js:75:17)
    at async /app/src/controllers/adminUserController.js:7:17
2025-11-20 06:34:29 [ERROR]: Prisma Error: 
Invalid `prisma.user.findMany()` invocation:


Error occurred during query execution:
ConnectorError(ConnectorError { user_facing_error: None, kind: QueryError(PostgresError { code: "42704", message: "type \"public.UserRole\" does not exist", severity: "ERROR", detail: None, column: None, hint: None }), transient: false })
2025-11-20 06:34:29 [ERROR]: Error: 
Invalid `prisma.user.findMany()` invocation:


Error occurred during query execution:
ConnectorError(ConnectorError { user_facing_error: None, kind: QueryError(PostgresError { code: "42704", message: "type \"public.UserRole\" does not exist", severity: "ERROR", detail: None, column: None, hint: None }), transient: false })
PrismaClientUnknownRequestError: 
Invalid `prisma.user.findMany()` invocation:


Error occurred during query execution:
ConnectorError(ConnectorError { user_facing_error: None, kind: QueryError(PostgresError { code: "42704", message: "type \"public.UserRole\" does not exist", severity: "ERROR", detail: None, column: None, hint: None }), transient: false })
    at $n.handleRequestError (/app/node_modules/@prisma/client/runtime/library.js:121:7505)
    at $n.handleAndLogRequestError (/app/node_modules/@prisma/client/runtime/library.js:121:6623)
    at $n.request (/app/node_modules/@prisma/client/runtime/library.js:121:6307)
    at async l (/app/node_modules/@prisma/client/runtime/library.js:130:9633)
    at async Object.listUsers (/app/src/services/adminUserService.js:75:17)
    at async /app/src/controllers/adminUserController.js:7:17
2025-11-20 06:35:54 [ERROR]: Prisma Error: 
Invalid `prisma.user.findMany()` invocation:


Error occurred during query execution:
ConnectorError(ConnectorError { user_facing_error: None, kind: QueryError(PostgresError { code: "42704", message: "type \"public.UserRole\" does not exist", severity: "ERROR", detail: None, column: None, hint: None }), transient: false })
2025-11-20 06:35:54 [ERROR]: Error: 
Invalid `prisma.user.findMany()` invocation:


Error occurred during query execution:
ConnectorError(ConnectorError { user_facing_error: None, kind: QueryError(PostgresError { code: "42704", message: "type \"public.UserRole\" does not exist", severity: "ERROR", detail: None, column: None, hint: None }), transient: false })
PrismaClientUnknownRequestError: 
Invalid `prisma.user.findMany()` invocation:


Error occurred during query execution:
ConnectorError(ConnectorError { user_facing_error: None, kind: QueryError(PostgresError { code: "42704", message: "type \"public.UserRole\" does not exist", severity: "ERROR", detail: None, column: None, hint: None }), transient: false })
    at $n.handleRequestError (/app/node_modules/@prisma/client/runtime/library.js:121:7505)
    at $n.handleAndLogRequestError (/app/node_modules/@prisma/client/runtime/library.js:121:6623)
    at $n.request (/app/node_modules/@prisma/client/runtime/library.js:121:6307)
    at async l (/app/node_modules/@prisma/client/runtime/library.js:130:9633)
    at async Object.listUsers (/app/src/services/adminUserService.js:75:17)
    at async /app/src/controllers/adminUserController.js:7:17
2025-11-20 06:35:54 [ERROR]: Prisma Error: 
Invalid `prisma.user.findMany()` invocation:


Error occurred during query execution:
ConnectorError(ConnectorError { user_facing_error: None, kind: QueryError(PostgresError { code: "42704", message: "type \"public.UserRole\" does not exist", severity: "ERROR", detail: None, column: None, hint: None }), transient: false })
2025-11-20 06:35:54 [ERROR]: Error: 
Invalid `prisma.user.findMany()` invocation:


Error occurred during query execution:
ConnectorError(ConnectorError { user_facing_error: None, kind: QueryError(PostgresError { code: "42704", message: "type \"public.UserRole\" does not exist", severity: "ERROR", detail: None, column: None, hint: None }), transient: false })
PrismaClientUnknownRequestError: 
Invalid `prisma.user.findMany()` invocation:


Error occurred during query execution:
ConnectorError(ConnectorError { user_facing_error: None, kind: QueryError(PostgresError { code: "42704", message: "type \"public.UserRole\" does not exist", severity: "ERROR", detail: None, column: None, hint: None }), transient: false })
    at $n.handleRequestError (/app/node_modules/@prisma/client/runtime/library.js:121:7505)
    at $n.handleAndLogRequestError (/app/node_modules/@prisma/client/runtime/library.js:121:6623)
    at $n.request (/app/node_modules/@prisma/client/runtime/library.js:121:6307)
    at async l (/app/node_modules/@prisma/client/runtime/library.js:130:9633)
    at async Object.listUsers (/app/src/services/adminUserService.js:75:17)
    at async /app/src/controllers/adminUserController.js:7:17
2025-11-20 06:37:33 [ERROR]: Prisma Error: 
Invalid `prisma.user.findMany()` invocation:


Error occurred during query execution:
ConnectorError(ConnectorError { user_facing_error: None, kind: QueryError(PostgresError { code: "42704", message: "type \"public.UserRole\" does not exist", severity: "ERROR", detail: None, column: None, hint: None }), transient: false })
2025-11-20 06:37:33 [ERROR]: Error: 
Invalid `prisma.user.findMany()` invocation:


Error occurred during query execution:
ConnectorError(ConnectorError { user_facing_error: None, kind: QueryError(PostgresError { code: "42704", message: "type \"public.UserRole\" does not exist", severity: "ERROR", detail: None, column: None, hint: None }), transient: false })
PrismaClientUnknownRequestError: 
Invalid `prisma.user.findMany()` invocation:


Error occurred during query execution:
ConnectorError(ConnectorError { user_facing_error: None, kind: QueryError(PostgresError { code: "42704", message: "type \"public.UserRole\" does not exist", severity: "ERROR", detail: None, column: None, hint: None }), transient: false })
    at $n.handleRequestError (/app/node_modules/@prisma/client/runtime/library.js:121:7505)
    at $n.handleAndLogRequestError (/app/node_modules/@prisma/client/runtime/library.js:121:6623)
    at $n.request (/app/node_modules/@prisma/client/runtime/library.js:121:6307)
    at async l (/app/node_modules/@prisma/client/runtime/library.js:130:9633)
    at async Object.listUsers (/app/src/services/adminUserService.js:75:17)
    at async /app/src/controllers/adminUserController.js:7:17
2025-11-20 06:37:33 [ERROR]: Prisma Error: 
Invalid `prisma.user.findMany()` invocation:


Error occurred during query execution:
ConnectorError(ConnectorError { user_facing_error: None, kind: QueryError(PostgresError { code: "42704", message: "type \"public.UserRole\" does not exist", severity: "ERROR", detail: None, column: None, hint: None }), transient: false })
2025-11-20 06:37:33 [ERROR]: Error: 
Invalid `prisma.user.findMany()` invocation:


Error occurred during query execution:
ConnectorError(ConnectorError { user_facing_error: None, kind: QueryError(PostgresError { code: "42704", message: "type \"public.UserRole\" does not exist", severity: "ERROR", detail: None, column: None, hint: None }), transient: false })
PrismaClientUnknownRequestError: 
Invalid `prisma.user.findMany()` invocation:


Error occurred during query execution:
ConnectorError(ConnectorError { user_facing_error: None, kind: QueryError(PostgresError { code: "42704", message: "type \"public.UserRole\" does not exist", severity: "ERROR", detail: None, column: None, hint: None }), transient: false })
    at $n.handleRequestError (/app/node_modules/@prisma/client/runtime/library.js:121:7505)
    at $n.handleAndLogRequestError (/app/node_modules/@prisma/client/runtime/library.js:121:6623)
    at $n.request (/app/node_modules/@prisma/client/runtime/library.js:121:6307)
    at async l (/app/node_modules/@prisma/client/runtime/library.js:130:9633)
    at async Object.listUsers (/app/src/services/adminUserService.js:75:17)
    at async /app/src/controllers/adminUserController.js:7:17
